[0.375s] Invoking command in '/home/zmy/Desktop/ros2_learn/lesson3/topic_practice_ws/src/status_publisher': PYTHONPATH=/home/zmy/Desktop/ros2_learn/lesson3/topic_practice_ws/build/status_publisher/prefix_override:/usr/lib/python3/dist-packages/colcon_core/task/python/colcon_distutils_commands:/home/zmy/Desktop/ros2_learn/lesson3/topic_practice_ws/install/status_publisher/lib/python3.10/site-packages:${PYTHONPATH} /usr/bin/python3 -W ignore:setup.py install is deprecated -W ignore:easy_install command is deprecated setup.py egg_info --egg-base ../../build/status_publisher build --build-base /home/zmy/Desktop/ros2_learn/lesson3/topic_practice_ws/build/status_publisher/build install --record /home/zmy/Desktop/ros2_learn/lesson3/topic_practice_ws/build/status_publisher/install.log --single-version-externally-managed install_data
[0.491s] running egg_info
[0.492s] writing ../../build/status_publisher/status_publisher.egg-info/PKG-INFO
[0.492s] writing dependency_links to ../../build/status_publisher/status_publisher.egg-info/dependency_links.txt
[0.492s] writing entry points to ../../build/status_publisher/status_publisher.egg-info/entry_points.txt
[0.492s] writing requirements to ../../build/status_publisher/status_publisher.egg-info/requires.txt
[0.492s] writing top-level names to ../../build/status_publisher/status_publisher.egg-info/top_level.txt
[0.493s] reading manifest file '../../build/status_publisher/status_publisher.egg-info/SOURCES.txt'
[0.493s] adding license file 'LICENSE'
[0.494s] writing manifest file '../../build/status_publisher/status_publisher.egg-info/SOURCES.txt'
[0.494s] running build
[0.494s] running build_py
[0.494s] running install
[0.494s] running install_lib
[0.495s] running install_data
[0.495s] running install_egg_info
[0.496s] removing '/home/zmy/Desktop/ros2_learn/lesson3/topic_practice_ws/install/status_publisher/lib/python3.10/site-packages/status_publisher-0.0.0-py3.10.egg-info' (and everything under it)
[0.497s] Copying ../../build/status_publisher/status_publisher.egg-info to /home/zmy/Desktop/ros2_learn/lesson3/topic_practice_ws/install/status_publisher/lib/python3.10/site-packages/status_publisher-0.0.0-py3.10.egg-info
[0.497s] running install_scripts
[0.509s] Installing sys_status_pub script to /home/zmy/Desktop/ros2_learn/lesson3/topic_practice_ws/install/status_publisher/lib/status_publisher
[0.511s] writing list of installed files to '/home/zmy/Desktop/ros2_learn/lesson3/topic_practice_ws/build/status_publisher/install.log'
[0.526s] Invoked command in '/home/zmy/Desktop/ros2_learn/lesson3/topic_practice_ws/src/status_publisher' returned '0': PYTHONPATH=/home/zmy/Desktop/ros2_learn/lesson3/topic_practice_ws/build/status_publisher/prefix_override:/usr/lib/python3/dist-packages/colcon_core/task/python/colcon_distutils_commands:/home/zmy/Desktop/ros2_learn/lesson3/topic_practice_ws/install/status_publisher/lib/python3.10/site-packages:${PYTHONPATH} /usr/bin/python3 -W ignore:setup.py install is deprecated -W ignore:easy_install command is deprecated setup.py egg_info --egg-base ../../build/status_publisher build --build-base /home/zmy/Desktop/ros2_learn/lesson3/topic_practice_ws/build/status_publisher/build install --record /home/zmy/Desktop/ros2_learn/lesson3/topic_practice_ws/build/status_publisher/install.log --single-version-externally-managed install_data
