[0.696s] Invoking command in '/home/zmy/Desktop/ros2_learn/chapt2_ws/src/demo_python_pkg': AMENT_PREFIX_PATH=/home/zmy/Desktop/ros2_learn/chapt2_ws/src/install/demo_cpp_pkg:${AMENT_PREFIX_PATH} CMAKE_PREFIX_PATH=/home/zmy/Desktop/ros2_learn/chapt2_ws/src/install/demo_cpp_pkg:${CMAKE_PREFIX_PATH} PYTHONPATH=/home/zmy/Desktop/ros2_learn/chapt2_ws/src/build/demo_python_pkg/prefix_override:/usr/lib/python3/dist-packages/colcon_core/task/python/colcon_distutils_commands:/home/zmy/Desktop/ros2_learn/chapt2_ws/src/install/demo_python_pkg/lib/python3.10/site-packages:${PYTHONPATH} /usr/bin/python3 -W ignore:setup.py install is deprecated -W ignore:easy_install command is deprecated setup.py egg_info --egg-base ../build/demo_python_pkg build --build-base /home/zmy/Desktop/ros2_learn/chapt2_ws/src/build/demo_python_pkg/build install --record /home/zmy/Desktop/ros2_learn/chapt2_ws/src/build/demo_python_pkg/install.log --single-version-externally-managed install_data
[0.968s] running egg_info
[0.969s] creating ../build/demo_python_pkg/demo_python_pkg.egg-info
[0.969s] writing ../build/demo_python_pkg/demo_python_pkg.egg-info/PKG-INFO
[0.970s] writing dependency_links to ../build/demo_python_pkg/demo_python_pkg.egg-info/dependency_links.txt
[0.970s] writing entry points to ../build/demo_python_pkg/demo_python_pkg.egg-info/entry_points.txt
[0.970s] writing requirements to ../build/demo_python_pkg/demo_python_pkg.egg-info/requires.txt
[0.970s] writing top-level names to ../build/demo_python_pkg/demo_python_pkg.egg-info/top_level.txt
[0.970s] writing manifest file '../build/demo_python_pkg/demo_python_pkg.egg-info/SOURCES.txt'
[0.972s] reading manifest file '../build/demo_python_pkg/demo_python_pkg.egg-info/SOURCES.txt'
[0.972s] adding license file 'LICENSE'
[0.973s] writing manifest file '../build/demo_python_pkg/demo_python_pkg.egg-info/SOURCES.txt'
[0.973s] running build
[0.973s] running build_py
[0.974s] creating /home/zmy/Desktop/ros2_learn/chapt2_ws/src/build/demo_python_pkg/build
[0.974s] creating /home/zmy/Desktop/ros2_learn/chapt2_ws/src/build/demo_python_pkg/build/lib
[0.974s] creating /home/zmy/Desktop/ros2_learn/chapt2_ws/src/build/demo_python_pkg/build/lib/demo_python_pkg
[0.974s] copying demo_python_pkg/person_node.py -> /home/zmy/Desktop/ros2_learn/chapt2_ws/src/build/demo_python_pkg/build/lib/demo_python_pkg
[0.974s] copying demo_python_pkg/writer_node.py -> /home/zmy/Desktop/ros2_learn/chapt2_ws/src/build/demo_python_pkg/build/lib/demo_python_pkg
[0.974s] copying demo_python_pkg/__init__.py -> /home/zmy/Desktop/ros2_learn/chapt2_ws/src/build/demo_python_pkg/build/lib/demo_python_pkg
[0.975s] copying demo_python_pkg/python_node.py -> /home/zmy/Desktop/ros2_learn/chapt2_ws/src/build/demo_python_pkg/build/lib/demo_python_pkg
[0.975s] running install
[0.975s] running install_lib
[0.976s] creating /home/zmy/Desktop/ros2_learn/chapt2_ws/src/install/demo_python_pkg/lib/python3.10/site-packages/demo_python_pkg
[0.976s] copying /home/zmy/Desktop/ros2_learn/chapt2_ws/src/build/demo_python_pkg/build/lib/demo_python_pkg/person_node.py -> /home/zmy/Desktop/ros2_learn/chapt2_ws/src/install/demo_python_pkg/lib/python3.10/site-packages/demo_python_pkg
[0.976s] copying /home/zmy/Desktop/ros2_learn/chapt2_ws/src/build/demo_python_pkg/build/lib/demo_python_pkg/writer_node.py -> /home/zmy/Desktop/ros2_learn/chapt2_ws/src/install/demo_python_pkg/lib/python3.10/site-packages/demo_python_pkg
[0.976s] copying /home/zmy/Desktop/ros2_learn/chapt2_ws/src/build/demo_python_pkg/build/lib/demo_python_pkg/__init__.py -> /home/zmy/Desktop/ros2_learn/chapt2_ws/src/install/demo_python_pkg/lib/python3.10/site-packages/demo_python_pkg
[0.976s] copying /home/zmy/Desktop/ros2_learn/chapt2_ws/src/build/demo_python_pkg/build/lib/demo_python_pkg/python_node.py -> /home/zmy/Desktop/ros2_learn/chapt2_ws/src/install/demo_python_pkg/lib/python3.10/site-packages/demo_python_pkg
[0.977s] byte-compiling /home/zmy/Desktop/ros2_learn/chapt2_ws/src/install/demo_python_pkg/lib/python3.10/site-packages/demo_python_pkg/person_node.py to person_node.cpython-310.pyc
[0.978s] byte-compiling /home/zmy/Desktop/ros2_learn/chapt2_ws/src/install/demo_python_pkg/lib/python3.10/site-packages/demo_python_pkg/writer_node.py to writer_node.cpython-310.pyc
[0.978s] byte-compiling /home/zmy/Desktop/ros2_learn/chapt2_ws/src/install/demo_python_pkg/lib/python3.10/site-packages/demo_python_pkg/__init__.py to __init__.cpython-310.pyc
[0.978s] byte-compiling /home/zmy/Desktop/ros2_learn/chapt2_ws/src/install/demo_python_pkg/lib/python3.10/site-packages/demo_python_pkg/python_node.py to python_node.cpython-310.pyc
[0.979s] running install_data
[0.979s] creating /home/zmy/Desktop/ros2_learn/chapt2_ws/src/install/demo_python_pkg/share/ament_index
[0.979s] creating /home/zmy/Desktop/ros2_learn/chapt2_ws/src/install/demo_python_pkg/share/ament_index/resource_index
[0.980s] creating /home/zmy/Desktop/ros2_learn/chapt2_ws/src/install/demo_python_pkg/share/ament_index/resource_index/packages
[0.980s] copying resource/demo_python_pkg -> /home/zmy/Desktop/ros2_learn/chapt2_ws/src/install/demo_python_pkg/share/ament_index/resource_index/packages
[0.980s] copying package.xml -> /home/zmy/Desktop/ros2_learn/chapt2_ws/src/install/demo_python_pkg/share/demo_python_pkg
[0.980s] running install_egg_info
[0.981s] Copying ../build/demo_python_pkg/demo_python_pkg.egg-info to /home/zmy/Desktop/ros2_learn/chapt2_ws/src/install/demo_python_pkg/lib/python3.10/site-packages/demo_python_pkg-0.0.0-py3.10.egg-info
[0.983s] running install_scripts
[1.006s] Installing person_node script to /home/zmy/Desktop/ros2_learn/chapt2_ws/src/install/demo_python_pkg/lib/demo_python_pkg
[1.006s] Installing python_node script to /home/zmy/Desktop/ros2_learn/chapt2_ws/src/install/demo_python_pkg/lib/demo_python_pkg
[1.007s] Installing writer_node script to /home/zmy/Desktop/ros2_learn/chapt2_ws/src/install/demo_python_pkg/lib/demo_python_pkg
[1.008s] writing list of installed files to '/home/zmy/Desktop/ros2_learn/chapt2_ws/src/build/demo_python_pkg/install.log'
[1.030s] Invoked command in '/home/zmy/Desktop/ros2_learn/chapt2_ws/src/demo_python_pkg' returned '0': AMENT_PREFIX_PATH=/home/zmy/Desktop/ros2_learn/chapt2_ws/src/install/demo_cpp_pkg:${AMENT_PREFIX_PATH} CMAKE_PREFIX_PATH=/home/zmy/Desktop/ros2_learn/chapt2_ws/src/install/demo_cpp_pkg:${CMAKE_PREFIX_PATH} PYTHONPATH=/home/zmy/Desktop/ros2_learn/chapt2_ws/src/build/demo_python_pkg/prefix_override:/usr/lib/python3/dist-packages/colcon_core/task/python/colcon_distutils_commands:/home/zmy/Desktop/ros2_learn/chapt2_ws/src/install/demo_python_pkg/lib/python3.10/site-packages:${PYTHONPATH} /usr/bin/python3 -W ignore:setup.py install is deprecated -W ignore:easy_install command is deprecated setup.py egg_info --egg-base ../build/demo_python_pkg build --build-base /home/zmy/Desktop/ros2_learn/chapt2_ws/src/build/demo_python_pkg/build install --record /home/zmy/Desktop/ros2_learn/chapt2_ws/src/build/demo_python_pkg/install.log --single-version-externally-managed install_data
