[0.354s] Invoking command in '/home/zmy/Desktop/ros2_learn/lesson3/src/demo_python_topic': PYTHONPATH=/home/zmy/Desktop/ros2_learn/lesson3/build/demo_python_topic/prefix_override:/usr/lib/python3/dist-packages/colcon_core/task/python/colcon_distutils_commands:/home/zmy/Desktop/ros2_learn/lesson3/install/demo_python_topic/lib/python3.10/site-packages:${PYTHONPATH} /usr/bin/python3 -W ignore:setup.py install is deprecated -W ignore:easy_install command is deprecated setup.py egg_info --egg-base ../../build/demo_python_topic build --build-base /home/zmy/Desktop/ros2_learn/lesson3/build/demo_python_topic/build install --record /home/zmy/Desktop/ros2_learn/lesson3/build/demo_python_topic/install.log --single-version-externally-managed install_data
[0.473s] running egg_info
[0.474s] creating ../../build/demo_python_topic/demo_python_topic.egg-info
[0.474s] writing ../../build/demo_python_topic/demo_python_topic.egg-info/PKG-INFO
[0.474s] writing dependency_links to ../../build/demo_python_topic/demo_python_topic.egg-info/dependency_links.txt
[0.474s] writing entry points to ../../build/demo_python_topic/demo_python_topic.egg-info/entry_points.txt
[0.474s] writing requirements to ../../build/demo_python_topic/demo_python_topic.egg-info/requires.txt
[0.474s] writing top-level names to ../../build/demo_python_topic/demo_python_topic.egg-info/top_level.txt
[0.474s] writing manifest file '../../build/demo_python_topic/demo_python_topic.egg-info/SOURCES.txt'
[0.475s] reading manifest file '../../build/demo_python_topic/demo_python_topic.egg-info/SOURCES.txt'
[0.475s] adding license file 'LICENSE'
[0.475s] writing manifest file '../../build/demo_python_topic/demo_python_topic.egg-info/SOURCES.txt'
[0.476s] running build
[0.476s] running build_py
[0.476s] creating /home/zmy/Desktop/ros2_learn/lesson3/build/demo_python_topic/build
[0.476s] creating /home/zmy/Desktop/ros2_learn/lesson3/build/demo_python_topic/build/lib
[0.476s] creating /home/zmy/Desktop/ros2_learn/lesson3/build/demo_python_topic/build/lib/demo_python_topic
[0.476s] copying demo_python_topic/__init__.py -> /home/zmy/Desktop/ros2_learn/lesson3/build/demo_python_topic/build/lib/demo_python_topic
[0.476s] running install
[0.476s] running install_lib
[0.476s] creating /home/zmy/Desktop/ros2_learn/lesson3/install/demo_python_topic/lib/python3.10/site-packages/demo_python_topic
[0.477s] copying /home/zmy/Desktop/ros2_learn/lesson3/build/demo_python_topic/build/lib/demo_python_topic/__init__.py -> /home/zmy/Desktop/ros2_learn/lesson3/install/demo_python_topic/lib/python3.10/site-packages/demo_python_topic
[0.477s] byte-compiling /home/zmy/Desktop/ros2_learn/lesson3/install/demo_python_topic/lib/python3.10/site-packages/demo_python_topic/__init__.py to __init__.cpython-310.pyc
[0.477s] running install_data
[0.477s] creating /home/zmy/Desktop/ros2_learn/lesson3/install/demo_python_topic/share/ament_index
[0.477s] creating /home/zmy/Desktop/ros2_learn/lesson3/install/demo_python_topic/share/ament_index/resource_index
[0.477s] creating /home/zmy/Desktop/ros2_learn/lesson3/install/demo_python_topic/share/ament_index/resource_index/packages
[0.478s] copying resource/demo_python_topic -> /home/zmy/Desktop/ros2_learn/lesson3/install/demo_python_topic/share/ament_index/resource_index/packages
[0.478s] copying package.xml -> /home/zmy/Desktop/ros2_learn/lesson3/install/demo_python_topic/share/demo_python_topic
[0.478s] running install_egg_info
[0.478s] Copying ../../build/demo_python_topic/demo_python_topic.egg-info to /home/zmy/Desktop/ros2_learn/lesson3/install/demo_python_topic/lib/python3.10/site-packages/demo_python_topic-0.0.0-py3.10.egg-info
[0.479s] running install_scripts
[0.493s] writing list of installed files to '/home/zmy/Desktop/ros2_learn/lesson3/build/demo_python_topic/install.log'
[0.512s] Invoked command in '/home/zmy/Desktop/ros2_learn/lesson3/src/demo_python_topic' returned '0': PYTHONPATH=/home/zmy/Desktop/ros2_learn/lesson3/build/demo_python_topic/prefix_override:/usr/lib/python3/dist-packages/colcon_core/task/python/colcon_distutils_commands:/home/zmy/Desktop/ros2_learn/lesson3/install/demo_python_topic/lib/python3.10/site-packages:${PYTHONPATH} /usr/bin/python3 -W ignore:setup.py install is deprecated -W ignore:easy_install command is deprecated setup.py egg_info --egg-base ../../build/demo_python_topic build --build-base /home/zmy/Desktop/ros2_learn/lesson3/build/demo_python_topic/build install --record /home/zmy/Desktop/ros2_learn/lesson3/build/demo_python_topic/install.log --single-version-externally-managed install_data
