[0.033s] Invoking command in '/home/zmy/Desktop/ros2_learn/lesson3/topic_practice_ws/build/status_interfaces': CMAKE_PREFIX_PATH=/opt/ros/humble /usr/bin/cmake /home/zmy/Desktop/ros2_learn/lesson3/topic_practice_ws/src/status_interfaces -DCMAKE_INSTALL_PREFIX=/home/zmy/Desktop/ros2_learn/lesson3/topic_practice_ws/install/status_interfaces
[0.063s] -- Found ament_cmake: 1.3.12 (/opt/ros/humble/share/ament_cmake/cmake)
[0.234s] -- Found builtin_interfaces: 1.2.2 (/opt/ros/humble/share/builtin_interfaces/cmake)
[0.265s] -- Found rosidl_generator_c: 3.1.7 (/opt/ros/humble/share/rosidl_generator_c/cmake)
[0.269s] -- Found rosidl_adapter: 3.1.7 (/opt/ros/humble/share/rosidl_adapter/cmake)
[0.278s] -- Found rosidl_generator_cpp: 3.1.7 (/opt/ros/humble/share/rosidl_generator_cpp/cmake)
[0.293s] -- Using all available rosidl_typesupport_c: rosidl_typesupport_fastrtps_c;rosidl_typesupport_introspection_c
[0.312s] -- Using all available rosidl_typesupport_cpp: rosidl_typesupport_fastrtps_cpp;rosidl_typesupport_introspection_cpp
[0.329s] -- Found rosidl_default_generators: 1.2.0 (/opt/ros/humble/share/rosidl_default_generators/cmake)
[0.575s] [31mCMake Error at /opt/ros/humble/share/rosidl_cmake/cmake/rosidl_generate_interfaces.cmake:229 (message):
[0.575s]   Packages installing interfaces must include
[0.575s]   '<member_of_group>rosidl_interface_packages</member_of_group>' in their
[0.575s]   package.xml
[0.575s] Call Stack (most recent call first):
[0.575s]   CMakeLists.txt:13 (rosidl_generate_interfaces)
[0.575s] 
[0.575s] [0m
[0.575s] -- Configuring incomplete, errors occurred!
[0.576s] See also "/home/zmy/Desktop/ros2_learn/lesson3/topic_practice_ws/build/status_interfaces/CMakeFiles/CMakeOutput.log".
[0.588s] Invoked command in '/home/zmy/Desktop/ros2_learn/lesson3/topic_practice_ws/build/status_interfaces' returned '1': CMAKE_PREFIX_PATH=/opt/ros/humble /usr/bin/cmake /home/zmy/Desktop/ros2_learn/lesson3/topic_practice_ws/src/status_interfaces -DCMAKE_INSTALL_PREFIX=/home/zmy/Desktop/ros2_learn/lesson3/topic_practice_ws/install/status_interfaces
