[0.029s] Invoking command in '/home/zmy/Desktop/ros2_learn/lesson3/topic_practice_ws/build/status_display': CMAKE_PREFIX_PATH=/home/zmy/Desktop/ros2_learn/lesson3/topic_practice_ws/install/status_interfaces:/home/zmy/Desktop/ros2_learn/lesson3/topic_practice_ws/install/status_display:/home/zmy/Desktop/ros2_learn/lesson3/topic_practice_ws/install/status_publisher:/opt/ros/humble LD_LIBRARY_PATH=/home/zmy/Desktop/ros2_learn/lesson3/topic_practice_ws/install/status_interfaces/lib:/opt/MVS/lib/64:/opt/MVS/lib/32:/opt/ros/humble/opt/rviz_ogre_vendor/lib:/opt/ros/humble/lib/x86_64-linux-gnu:/opt/ros/humble/lib:/opt/MVS/lib/64:/opt/MVS/lib/32:/opt/MVS/lib/64:/opt/MVS/lib/32:/opt/MVS/lib/64:/opt/MVS/lib/32 /usr/bin/cmake --build /home/zmy/Desktop/ros2_learn/lesson3/topic_practice_ws/build/status_display -- -j8 -l8
[0.093s] -- Found ament_cmake: 1.3.12 (/opt/ros/humble/share/ament_cmake/cmake)
[0.288s] -- Found rclcpp: 16.0.15 (/opt/ros/humble/share/rclcpp/cmake)
[0.332s] -- Found rosidl_generator_c: 3.1.7 (/opt/ros/humble/share/rosidl_generator_c/cmake)
[0.337s] -- Found rosidl_adapter: 3.1.7 (/opt/ros/humble/share/rosidl_adapter/cmake)
[0.349s] -- Found rosidl_generator_cpp: 3.1.7 (/opt/ros/humble/share/rosidl_generator_cpp/cmake)
[0.367s] -- Using all available rosidl_typesupport_c: rosidl_typesupport_fastrtps_c;rosidl_typesupport_introspection_c
[0.386s] -- Using all available rosidl_typesupport_cpp: rosidl_typesupport_fastrtps_cpp;rosidl_typesupport_introspection_cpp
[0.430s] -- Found rmw_implementation_cmake: 6.1.2 (/opt/ros/humble/share/rmw_implementation_cmake/cmake)
[0.432s] -- Found rmw_fastrtps_cpp: 6.2.8 (/opt/ros/humble/share/rmw_fastrtps_cpp/cmake)
[0.583s] -- Using RMW implementation 'rmw_fastrtps_cpp' as default
[0.637s] -- Found status_interfaces: 0.0.0 (/home/zmy/Desktop/ros2_learn/lesson3/topic_practice_ws/install/status_interfaces/share/status_interfaces/cmake)
[0.663s] -- Found ament_lint_auto: 0.12.14 (/opt/ros/humble/share/ament_lint_auto/cmake)
[0.760s] -- Added test 'cppcheck' to perform static code analysis on C / C++ code
[0.760s] -- Configured cppcheck include dirs: 
[0.760s] -- Configured cppcheck exclude dirs and/or files: 
[0.761s] -- Added test 'lint_cmake' to check CMake code style
[0.764s] -- Added test 'uncrustify' to check C / C++ code style
[0.764s] -- Configured uncrustify additional arguments: 
[0.764s] -- Added test 'xmllint' to check XML markup files
[0.766s] -- Configuring done
[0.777s] [31mCMake Error at CMakeLists.txt:15 (add_executable):
[0.777s]   Cannot find source file:
[0.777s] 
[0.777s]     src/status_display.cpp
[0.777s] 
[0.778s]   Tried extensions .c .C .c++ .cc .cpp .cxx .cu .mpp .m .M .mm .ixx .cppm .h
[0.778s]   .hh .h++ .hm .hpp .hxx .in .txx .f .F .for .f77 .f90 .f95 .f03 .hip .ispc
[0.778s] 
[0.778s] [0m
[0.779s] [31mCMake Error at CMakeLists.txt:15 (add_executable):
[0.779s]   No SOURCES given to target: sys_status_display
[0.779s] 
[0.779s] [0m
[0.779s] [0mCMake Generate step failed.  Build files cannot be regenerated correctly.[0m
[0.794s] gmake: *** [Makefile:267: cmake_check_build_system] Error 1
[0.799s] Invoked command in '/home/zmy/Desktop/ros2_learn/lesson3/topic_practice_ws/build/status_display' returned '2': CMAKE_PREFIX_PATH=/home/zmy/Desktop/ros2_learn/lesson3/topic_practice_ws/install/status_interfaces:/home/zmy/Desktop/ros2_learn/lesson3/topic_practice_ws/install/status_display:/home/zmy/Desktop/ros2_learn/lesson3/topic_practice_ws/install/status_publisher:/opt/ros/humble LD_LIBRARY_PATH=/home/zmy/Desktop/ros2_learn/lesson3/topic_practice_ws/install/status_interfaces/lib:/opt/MVS/lib/64:/opt/MVS/lib/32:/opt/ros/humble/opt/rviz_ogre_vendor/lib:/opt/ros/humble/lib/x86_64-linux-gnu:/opt/ros/humble/lib:/opt/MVS/lib/64:/opt/MVS/lib/32:/opt/MVS/lib/64:/opt/MVS/lib/32:/opt/MVS/lib/64:/opt/MVS/lib/32 /usr/bin/cmake --build /home/zmy/Desktop/ros2_learn/lesson3/topic_practice_ws/build/status_display -- -j8 -l8
