[0.029s] Invoking command in '/home/zmy/Desktop/ros2_learn/chapt2_ws/build/demo_cpp_pkg': CMAKE_PREFIX_PATH=/opt/ros/humble /usr/bin/cmake /home/zmy/Desktop/ros2_learn/chapt2_ws/demo_cpp_pkg -DCMAKE_INSTALL_PREFIX=/home/zmy/Desktop/ros2_learn/chapt2_ws/install/demo_cpp_pkg
[0.189s] -- The C compiler identification is GNU 11.4.0
[0.299s] -- The CXX compiler identification is GNU 11.4.0
[0.309s] -- Detecting C compiler ABI info
[0.437s] -- Detecting C compiler ABI info - done
[0.443s] -- Check for working C compiler: /usr/bin/cc - skipped
[0.444s] -- Detecting C compile features
[0.444s] -- Detecting C compile features - done
[0.447s] -- Detecting CXX compiler ABI info
[0.584s] -- Detecting CXX compiler ABI info - done
[0.591s] -- Check for working CXX compiler: /usr/bin/c++ - skipped
[0.591s] -- Detecting CXX compile features
[0.592s] -- Detecting CXX compile features - done
[0.594s] -- Found ament_cmake: 1.3.12 (/opt/ros/humble/share/ament_cmake/cmake)
[0.803s] -- Found Python3: /usr/bin/python3 (found version "3.10.12") found components: Interpreter 
[0.907s] -- Found rclcpp: 16.0.15 (/opt/ros/humble/share/rclcpp/cmake)
[0.944s] -- Found rosidl_generator_c: 3.1.7 (/opt/ros/humble/share/rosidl_generator_c/cmake)
[0.947s] -- Found rosidl_adapter: 3.1.7 (/opt/ros/humble/share/rosidl_adapter/cmake)
[0.954s] -- Found rosidl_generator_cpp: 3.1.7 (/opt/ros/humble/share/rosidl_generator_cpp/cmake)
[0.963s] -- Using all available rosidl_typesupport_c: rosidl_typesupport_fastrtps_c;rosidl_typesupport_introspection_c
[0.975s] -- Using all available rosidl_typesupport_cpp: rosidl_typesupport_fastrtps_cpp;rosidl_typesupport_introspection_cpp
[1.022s] -- Found rmw_implementation_cmake: 6.1.2 (/opt/ros/humble/share/rmw_implementation_cmake/cmake)
[1.025s] -- Found rmw_fastrtps_cpp: 6.2.8 (/opt/ros/humble/share/rmw_fastrtps_cpp/cmake)
[1.151s] -- Found OpenSSL: /usr/lib/x86_64-linux-gnu/libcrypto.so (found version "3.0.2")  
[1.183s] -- Found FastRTPS: /opt/ros/humble/include  
[1.233s] -- Using RMW implementation 'rmw_fastrtps_cpp' as default
[1.240s] -- Looking for pthread.h
[1.371s] -- Looking for pthread.h - found
[1.372s] -- Performing Test CMAKE_HAVE_LIBC_PTHREAD
[1.517s] -- Performing Test CMAKE_HAVE_LIBC_PTHREAD - Success
[1.518s] -- Found Threads: TRUE  
[1.571s] -- Found ament_lint_auto: 0.12.14 (/opt/ros/humble/share/ament_lint_auto/cmake)
[1.678s] -- Added test 'cppcheck' to perform static code analysis on C / C++ code
[1.678s] -- Configured cppcheck include dirs: 
[1.678s] -- Configured cppcheck exclude dirs and/or files: 
[1.680s] -- Added test 'flake8' to check Python code syntax and style conventions
[1.684s] -- Added test 'lint_cmake' to check CMake code style
[1.686s] -- Added test 'pep257' to check Python code against some of the docstring style conventions in PEP 257
[1.701s] -- Added test 'uncrustify' to check C / C++ code style
[1.701s] -- Configured uncrustify additional arguments: 
[1.703s] -- Added test 'xmllint' to check XML markup files
[1.705s] -- Configuring done
[1.725s] -- Generating done
[1.725s] -- Build files have been written to: /home/zmy/Desktop/ros2_learn/chapt2_ws/build/demo_cpp_pkg
[1.744s] Invoked command in '/home/zmy/Desktop/ros2_learn/chapt2_ws/build/demo_cpp_pkg' returned '0': CMAKE_PREFIX_PATH=/opt/ros/humble /usr/bin/cmake /home/zmy/Desktop/ros2_learn/chapt2_ws/demo_cpp_pkg -DCMAKE_INSTALL_PREFIX=/home/zmy/Desktop/ros2_learn/chapt2_ws/install/demo_cpp_pkg
[1.745s] Invoking command in '/home/zmy/Desktop/ros2_learn/chapt2_ws/build/demo_cpp_pkg': CMAKE_PREFIX_PATH=/opt/ros/humble /usr/bin/cmake --build /home/zmy/Desktop/ros2_learn/chapt2_ws/build/demo_cpp_pkg -- -j8 -l8
[1.850s] [ 50%] [32mBuilding CXX object CMakeFiles/cpp_node.dir/src/cpp_node.cpp.o[0m
[5.836s] [100%] [32m[1mLinking CXX executable cpp_node[0m
[6.019s] [100%] Built target cpp_node
[6.038s] Invoked command in '/home/zmy/Desktop/ros2_learn/chapt2_ws/build/demo_cpp_pkg' returned '0': CMAKE_PREFIX_PATH=/opt/ros/humble /usr/bin/cmake --build /home/zmy/Desktop/ros2_learn/chapt2_ws/build/demo_cpp_pkg -- -j8 -l8
[6.066s] Invoking command in '/home/zmy/Desktop/ros2_learn/chapt2_ws/build/demo_cpp_pkg': CMAKE_PREFIX_PATH=/opt/ros/humble /usr/bin/cmake --install /home/zmy/Desktop/ros2_learn/chapt2_ws/build/demo_cpp_pkg
[6.073s] -- Install configuration: ""
[6.073s] -- Installing: /home/zmy/Desktop/ros2_learn/chapt2_ws/install/demo_cpp_pkg/lib/demo_cpp_pkg/cpp_node
[6.074s] -- Set runtime path of "/home/zmy/Desktop/ros2_learn/chapt2_ws/install/demo_cpp_pkg/lib/demo_cpp_pkg/cpp_node" to ""
[6.074s] -- Installing: /home/zmy/Desktop/ros2_learn/chapt2_ws/install/demo_cpp_pkg/share/ament_index/resource_index/package_run_dependencies/demo_cpp_pkg
[6.075s] -- Installing: /home/zmy/Desktop/ros2_learn/chapt2_ws/install/demo_cpp_pkg/share/ament_index/resource_index/parent_prefix_path/demo_cpp_pkg
[6.075s] -- Installing: /home/zmy/Desktop/ros2_learn/chapt2_ws/install/demo_cpp_pkg/share/demo_cpp_pkg/environment/ament_prefix_path.sh
[6.075s] -- Installing: /home/zmy/Desktop/ros2_learn/chapt2_ws/install/demo_cpp_pkg/share/demo_cpp_pkg/environment/ament_prefix_path.dsv
[6.075s] -- Installing: /home/zmy/Desktop/ros2_learn/chapt2_ws/install/demo_cpp_pkg/share/demo_cpp_pkg/environment/path.sh
[6.076s] -- Installing: /home/zmy/Desktop/ros2_learn/chapt2_ws/install/demo_cpp_pkg/share/demo_cpp_pkg/environment/path.dsv
[6.076s] -- Installing: /home/zmy/Desktop/ros2_learn/chapt2_ws/install/demo_cpp_pkg/share/demo_cpp_pkg/local_setup.bash
[6.076s] -- Installing: /home/zmy/Desktop/ros2_learn/chapt2_ws/install/demo_cpp_pkg/share/demo_cpp_pkg/local_setup.sh
[6.076s] -- Installing: /home/zmy/Desktop/ros2_learn/chapt2_ws/install/demo_cpp_pkg/share/demo_cpp_pkg/local_setup.zsh
[6.097s] -- Installing: /home/zmy/Desktop/ros2_learn/chapt2_ws/install/demo_cpp_pkg/share/demo_cpp_pkg/local_setup.dsv
[6.098s] -- Installing: /home/zmy/Desktop/ros2_learn/chapt2_ws/install/demo_cpp_pkg/share/demo_cpp_pkg/package.dsv
[6.098s] -- Installing: /home/zmy/Desktop/ros2_learn/chapt2_ws/install/demo_cpp_pkg/share/ament_index/resource_index/packages/demo_cpp_pkg
[6.098s] -- Installing: /home/zmy/Desktop/ros2_learn/chapt2_ws/install/demo_cpp_pkg/share/demo_cpp_pkg/cmake/demo_cpp_pkgConfig.cmake
[6.098s] -- Installing: /home/zmy/Desktop/ros2_learn/chapt2_ws/install/demo_cpp_pkg/share/demo_cpp_pkg/cmake/demo_cpp_pkgConfig-version.cmake
[6.098s] -- Installing: /home/zmy/Desktop/ros2_learn/chapt2_ws/install/demo_cpp_pkg/share/demo_cpp_pkg/package.xml
[6.098s] Invoked command in '/home/zmy/Desktop/ros2_learn/chapt2_ws/build/demo_cpp_pkg' returned '0': CMAKE_PREFIX_PATH=/opt/ros/humble /usr/bin/cmake --install /home/zmy/Desktop/ros2_learn/chapt2_ws/build/demo_cpp_pkg
