[0.030s] Invoking command in '/home/zmy/Desktop/ros2_learn/lesson3/topic_practice_ws/build/status_interfaces': CMAKE_PREFIX_PATH=/opt/ros/humble /usr/bin/cmake --build /home/zmy/Desktop/ros2_learn/lesson3/topic_practice_ws/build/status_interfaces -- -j8 -l8
[0.085s] -- Found ament_cmake: 1.3.12 (/opt/ros/humble/share/ament_cmake/cmake)
[0.253s] -- Found builtin_interfaces: 1.2.2 (/opt/ros/humble/share/builtin_interfaces/cmake)
[0.283s] -- Found rosidl_generator_c: 3.1.7 (/opt/ros/humble/share/rosidl_generator_c/cmake)
[0.288s] -- Found rosidl_adapter: 3.1.7 (/opt/ros/humble/share/rosidl_adapter/cmake)
[0.297s] -- Found rosidl_generator_cpp: 3.1.7 (/opt/ros/humble/share/rosidl_generator_cpp/cmake)
[0.311s] -- Using all available rosidl_typesupport_c: rosidl_typesupport_fastrtps_c;rosidl_typesupport_introspection_c
[0.329s] -- Using all available rosidl_typesupport_cpp: rosidl_typesupport_fastrtps_cpp;rosidl_typesupport_introspection_cpp
[0.346s] -- Found rosidl_default_generators: 1.2.0 (/opt/ros/humble/share/rosidl_default_generators/cmake)
[0.686s] -- Found ament_cmake_ros: 0.10.0 (/opt/ros/humble/share/ament_cmake_ros/cmake)
[1.143s] -- Using all available rosidl_typesupport_c: rosidl_typesupport_fastrtps_c;rosidl_typesupport_introspection_c
[1.320s] -- Using all available rosidl_typesupport_cpp: rosidl_typesupport_fastrtps_cpp;rosidl_typesupport_introspection_cpp
[1.356s] -- Found python_cmake_module: 0.10.0 (/opt/ros/humble/share/python_cmake_module/cmake)
[1.389s] -- Using PYTHON_EXECUTABLE: /usr/bin/python3
[1.390s] -- Using PYTHON_INCLUDE_DIRS: /usr/include/python3.10
[1.390s] -- Using PYTHON_LIBRARIES: /usr/lib/x86_64-linux-gnu/libpython3.10.so
[1.407s] -- Found ament_lint_auto: 0.12.14 (/opt/ros/humble/share/ament_lint_auto/cmake)
[1.427s] -- Added test 'lint_cmake' to check CMake code style
[1.429s] -- Added test 'xmllint' to check XML markup files
[1.432s] -- Configuring done
[1.511s] -- Generating done
[1.528s] -- Build files have been written to: /home/zmy/Desktop/ros2_learn/lesson3/topic_practice_ws/build/status_interfaces
[1.596s] [  3%] [34m[1mGenerating C code for ROS interfaces[0m
[1.627s] [  6%] [34m[1mGenerating C++ code for ROS interfaces[0m
[1.654s] [  6%] Built target ament_cmake_python_copy_status_interfaces
[1.887s] [  9%] [32mBuilding C object CMakeFiles/status_interfaces__rosidl_generator_c.dir/rosidl_generator_c/status_interfaces/msg/detail/system_status__functions.c.o[0m
[1.887s] [  9%] Built target status_interfaces__cpp
[1.934s] [ 12%] [34m[1mGenerating C++ type support dispatch for ROS interfaces[0m
[1.938s] [ 16%] [34m[1mGenerating C++ introspection for ROS interfaces[0m
[1.949s] [ 19%] [34m[1mGenerating C++ type support for eProsima Fast-RTPS[0m
[2.057s] running egg_info
[2.057s] writing status_interfaces.egg-info/PKG-INFO
[2.057s] writing dependency_links to status_interfaces.egg-info/dependency_links.txt
[2.058s] writing top-level names to status_interfaces.egg-info/top_level.txt
[2.059s] reading manifest file 'status_interfaces.egg-info/SOURCES.txt'
[2.061s] writing manifest file 'status_interfaces.egg-info/SOURCES.txt'
[2.109s] [ 22%] [32m[1mLinking C shared library libstatus_interfaces__rosidl_generator_c.so[0m
[2.117s] [ 22%] Built target ament_cmake_python_build_status_interfaces_egg
[2.202s] [ 25%] [32mBuilding CXX object CMakeFiles/status_interfaces__rosidl_typesupport_cpp.dir/rosidl_typesupport_cpp/status_interfaces/msg/system_status__type_support.cpp.o[0m
[2.229s] [ 25%] Built target status_interfaces__rosidl_generator_c
[2.241s] [ 29%] [32mBuilding CXX object CMakeFiles/status_interfaces__rosidl_typesupport_introspection_cpp.dir/rosidl_typesupport_introspection_cpp/status_interfaces/msg/detail/system_status__type_support.cpp.o[0m
[2.261s] [ 32%] [32mBuilding CXX object CMakeFiles/status_interfaces__rosidl_typesupport_fastrtps_cpp.dir/rosidl_typesupport_fastrtps_cpp/status_interfaces/msg/detail/dds_fastrtps/system_status__type_support.cpp.o[0m
[2.270s] [ 35%] [34m[1mGenerating C type support dispatch for ROS interfaces[0m
[2.274s] [ 38%] [34m[1mGenerating C type support for eProsima Fast-RTPS[0m
[2.296s] [ 41%] [34m[1mGenerating C introspection for ROS interfaces[0m
[2.643s] [ 45%] [32mBuilding CXX object CMakeFiles/status_interfaces__rosidl_typesupport_c.dir/rosidl_typesupport_c/status_interfaces/msg/system_status__type_support.cpp.o[0m
[2.667s] [ 48%] [32mBuilding C object CMakeFiles/status_interfaces__rosidl_typesupport_introspection_c.dir/rosidl_typesupport_introspection_c/status_interfaces/msg/detail/system_status__type_support.c.o[0m
[2.684s] [ 51%] [32mBuilding CXX object CMakeFiles/status_interfaces__rosidl_typesupport_fastrtps_c.dir/rosidl_typesupport_fastrtps_c/status_interfaces/msg/detail/system_status__type_support_c.cpp.o[0m
[2.747s] [ 54%] [32m[1mLinking CXX shared library libstatus_interfaces__rosidl_typesupport_cpp.so[0m
[2.766s] [ 58%] [32m[1mLinking CXX shared library libstatus_interfaces__rosidl_typesupport_c.so[0m
[2.825s] [ 61%] [32m[1mLinking C shared library libstatus_interfaces__rosidl_typesupport_introspection_c.so[0m
[2.921s] [ 64%] [32m[1mLinking CXX shared library libstatus_interfaces__rosidl_typesupport_introspection_cpp.so[0m
[2.953s] [ 64%] Built target status_interfaces__rosidl_typesupport_c
[2.957s] [ 64%] Built target status_interfaces__rosidl_typesupport_introspection_c
[2.963s] [ 64%] Built target status_interfaces__rosidl_typesupport_cpp
[2.981s] [ 67%] [32m[1mLinking CXX shared library libstatus_interfaces__rosidl_typesupport_fastrtps_cpp.so[0m
[3.110s] [ 67%] Built target status_interfaces__rosidl_typesupport_introspection_cpp
[3.160s] [ 67%] Built target status_interfaces__rosidl_typesupport_fastrtps_cpp
[3.300s] [ 70%] [32m[1mLinking CXX shared library libstatus_interfaces__rosidl_typesupport_fastrtps_c.so[0m
[3.471s] [ 70%] Built target status_interfaces__rosidl_typesupport_fastrtps_c
[3.532s] [ 70%] Built target status_interfaces
[3.600s] [ 74%] [34m[1mGenerating Python code for ROS interfaces[0m
[3.877s] [ 74%] Built target status_interfaces__py
[3.938s] [ 77%] [32mBuilding C object CMakeFiles/status_interfaces__rosidl_generator_py.dir/rosidl_generator_py/status_interfaces/msg/_system_status_s.c.o[0m
[4.258s] [ 80%] [32m[1mLinking C shared library rosidl_generator_py/status_interfaces/libstatus_interfaces__rosidl_generator_py.so[0m
[4.368s] [ 80%] Built target status_interfaces__rosidl_generator_py
[4.438s] [ 83%] [32mBuilding C object CMakeFiles/status_interfaces__rosidl_typesupport_fastrtps_c__pyext.dir/rosidl_generator_py/status_interfaces/_status_interfaces_s.ep.rosidl_typesupport_fastrtps_c.c.o[0m
[4.443s] [ 87%] [32mBuilding C object CMakeFiles/status_interfaces__rosidl_typesupport_c__pyext.dir/rosidl_generator_py/status_interfaces/_status_interfaces_s.ep.rosidl_typesupport_c.c.o[0m
[4.443s] [ 90%] [32mBuilding C object CMakeFiles/status_interfaces__rosidl_typesupport_introspection_c__pyext.dir/rosidl_generator_py/status_interfaces/_status_interfaces_s.ep.rosidl_typesupport_introspection_c.c.o[0m
[4.675s] [ 96%] [32m[1mLinking C shared library rosidl_generator_py/status_interfaces/status_interfaces_s__rosidl_typesupport_introspection_c.cpython-310-x86_64-linux-gnu.so[0m
[4.678s] [ 96%] [32m[1mLinking C shared library rosidl_generator_py/status_interfaces/status_interfaces_s__rosidl_typesupport_fastrtps_c.cpython-310-x86_64-linux-gnu.so[0m
[4.678s] [100%] [32m[1mLinking C shared library rosidl_generator_py/status_interfaces/status_interfaces_s__rosidl_typesupport_c.cpython-310-x86_64-linux-gnu.so[0m
[4.794s] [100%] Built target status_interfaces__rosidl_typesupport_introspection_c__pyext
[4.794s] [100%] Built target status_interfaces__rosidl_typesupport_fastrtps_c__pyext
[4.795s] [100%] Built target status_interfaces__rosidl_typesupport_c__pyext
[4.824s] Invoked command in '/home/zmy/Desktop/ros2_learn/lesson3/topic_practice_ws/build/status_interfaces' returned '0': CMAKE_PREFIX_PATH=/opt/ros/humble /usr/bin/cmake --build /home/zmy/Desktop/ros2_learn/lesson3/topic_practice_ws/build/status_interfaces -- -j8 -l8
[4.848s] Invoking command in '/home/zmy/Desktop/ros2_learn/lesson3/topic_practice_ws/build/status_interfaces': CMAKE_PREFIX_PATH=/opt/ros/humble /usr/bin/cmake --install /home/zmy/Desktop/ros2_learn/lesson3/topic_practice_ws/build/status_interfaces
[4.870s] -- Install configuration: ""
[4.870s] -- Installing: /home/zmy/Desktop/ros2_learn/lesson3/topic_practice_ws/install/status_interfaces/share/ament_index/resource_index/rosidl_interfaces/status_interfaces
[4.871s] -- Installing: /home/zmy/Desktop/ros2_learn/lesson3/topic_practice_ws/install/status_interfaces/include/status_interfaces/status_interfaces
[4.871s] -- Installing: /home/zmy/Desktop/ros2_learn/lesson3/topic_practice_ws/install/status_interfaces/include/status_interfaces/status_interfaces/msg
[4.873s] -- Installing: /home/zmy/Desktop/ros2_learn/lesson3/topic_practice_ws/install/status_interfaces/include/status_interfaces/status_interfaces/msg/system_status.h
[4.873s] -- Installing: /home/zmy/Desktop/ros2_learn/lesson3/topic_practice_ws/install/status_interfaces/include/status_interfaces/status_interfaces/msg/detail
[4.873s] -- Installing: /home/zmy/Desktop/ros2_learn/lesson3/topic_practice_ws/install/status_interfaces/include/status_interfaces/status_interfaces/msg/detail/system_status__struct.h
[4.873s] -- Installing: /home/zmy/Desktop/ros2_learn/lesson3/topic_practice_ws/install/status_interfaces/include/status_interfaces/status_interfaces/msg/detail/system_status__type_support.h
[4.874s] -- Installing: /home/zmy/Desktop/ros2_learn/lesson3/topic_practice_ws/install/status_interfaces/include/status_interfaces/status_interfaces/msg/detail/system_status__functions.h
[4.874s] -- Installing: /home/zmy/Desktop/ros2_learn/lesson3/topic_practice_ws/install/status_interfaces/include/status_interfaces/status_interfaces/msg/detail/system_status__functions.c
[4.874s] -- Installing: /home/zmy/Desktop/ros2_learn/lesson3/topic_practice_ws/install/status_interfaces/include/status_interfaces/status_interfaces/msg/rosidl_generator_c__visibility_control.h
[4.875s] -- Installing: /home/zmy/Desktop/ros2_learn/lesson3/topic_practice_ws/install/status_interfaces/share/status_interfaces/environment/library_path.sh
[4.875s] -- Installing: /home/zmy/Desktop/ros2_learn/lesson3/topic_practice_ws/install/status_interfaces/share/status_interfaces/environment/library_path.dsv
[4.875s] -- Installing: /home/zmy/Desktop/ros2_learn/lesson3/topic_practice_ws/install/status_interfaces/lib/libstatus_interfaces__rosidl_generator_c.so
[4.877s] -- Set runtime path of "/home/zmy/Desktop/ros2_learn/lesson3/topic_practice_ws/install/status_interfaces/lib/libstatus_interfaces__rosidl_generator_c.so" to ""
[4.878s] -- Up-to-date: /home/zmy/Desktop/ros2_learn/lesson3/topic_practice_ws/install/status_interfaces/include/status_interfaces/status_interfaces
[4.878s] -- Up-to-date: /home/zmy/Desktop/ros2_learn/lesson3/topic_practice_ws/install/status_interfaces/include/status_interfaces/status_interfaces/msg
[4.878s] -- Up-to-date: /home/zmy/Desktop/ros2_learn/lesson3/topic_practice_ws/install/status_interfaces/include/status_interfaces/status_interfaces/msg/detail
[4.878s] -- Installing: /home/zmy/Desktop/ros2_learn/lesson3/topic_practice_ws/install/status_interfaces/include/status_interfaces/status_interfaces/msg/detail/system_status__rosidl_typesupport_fastrtps_c.h
[4.878s] -- Installing: /home/zmy/Desktop/ros2_learn/lesson3/topic_practice_ws/install/status_interfaces/include/status_interfaces/status_interfaces/msg/rosidl_typesupport_fastrtps_c__visibility_control.h
[4.880s] -- Installing: /home/zmy/Desktop/ros2_learn/lesson3/topic_practice_ws/install/status_interfaces/lib/libstatus_interfaces__rosidl_typesupport_fastrtps_c.so
[4.881s] -- Set runtime path of "/home/zmy/Desktop/ros2_learn/lesson3/topic_practice_ws/install/status_interfaces/lib/libstatus_interfaces__rosidl_typesupport_fastrtps_c.so" to ""
[4.881s] -- Up-to-date: /home/zmy/Desktop/ros2_learn/lesson3/topic_practice_ws/install/status_interfaces/include/status_interfaces/status_interfaces
[4.882s] -- Up-to-date: /home/zmy/Desktop/ros2_learn/lesson3/topic_practice_ws/install/status_interfaces/include/status_interfaces/status_interfaces/msg
[4.882s] -- Up-to-date: /home/zmy/Desktop/ros2_learn/lesson3/topic_practice_ws/install/status_interfaces/include/status_interfaces/status_interfaces/msg/detail
[4.882s] -- Installing: /home/zmy/Desktop/ros2_learn/lesson3/topic_practice_ws/install/status_interfaces/include/status_interfaces/status_interfaces/msg/detail/system_status__struct.hpp
[4.882s] -- Installing: /home/zmy/Desktop/ros2_learn/lesson3/topic_practice_ws/install/status_interfaces/include/status_interfaces/status_interfaces/msg/detail/system_status__builder.hpp
[4.882s] -- Installing: /home/zmy/Desktop/ros2_learn/lesson3/topic_practice_ws/install/status_interfaces/include/status_interfaces/status_interfaces/msg/detail/system_status__traits.hpp
[4.882s] -- Installing: /home/zmy/Desktop/ros2_learn/lesson3/topic_practice_ws/install/status_interfaces/include/status_interfaces/status_interfaces/msg/detail/system_status__type_support.hpp
[4.882s] -- Installing: /home/zmy/Desktop/ros2_learn/lesson3/topic_practice_ws/install/status_interfaces/include/status_interfaces/status_interfaces/msg/system_status.hpp
[4.883s] -- Installing: /home/zmy/Desktop/ros2_learn/lesson3/topic_practice_ws/install/status_interfaces/include/status_interfaces/status_interfaces/msg/rosidl_generator_cpp__visibility_control.hpp
[4.883s] -- Up-to-date: /home/zmy/Desktop/ros2_learn/lesson3/topic_practice_ws/install/status_interfaces/include/status_interfaces/status_interfaces
[4.884s] -- Up-to-date: /home/zmy/Desktop/ros2_learn/lesson3/topic_practice_ws/install/status_interfaces/include/status_interfaces/status_interfaces/msg
[4.884s] -- Up-to-date: /home/zmy/Desktop/ros2_learn/lesson3/topic_practice_ws/install/status_interfaces/include/status_interfaces/status_interfaces/msg/detail
[4.884s] -- Installing: /home/zmy/Desktop/ros2_learn/lesson3/topic_practice_ws/install/status_interfaces/include/status_interfaces/status_interfaces/msg/detail/dds_fastrtps
[4.884s] -- Installing: /home/zmy/Desktop/ros2_learn/lesson3/topic_practice_ws/install/status_interfaces/include/status_interfaces/status_interfaces/msg/detail/system_status__rosidl_typesupport_fastrtps_cpp.hpp
[4.884s] -- Installing: /home/zmy/Desktop/ros2_learn/lesson3/topic_practice_ws/install/status_interfaces/include/status_interfaces/status_interfaces/msg/rosidl_typesupport_fastrtps_cpp__visibility_control.h
[4.884s] -- Installing: /home/zmy/Desktop/ros2_learn/lesson3/topic_practice_ws/install/status_interfaces/lib/libstatus_interfaces__rosidl_typesupport_fastrtps_cpp.so
[4.885s] -- Set runtime path of "/home/zmy/Desktop/ros2_learn/lesson3/topic_practice_ws/install/status_interfaces/lib/libstatus_interfaces__rosidl_typesupport_fastrtps_cpp.so" to ""
[4.886s] -- Up-to-date: /home/zmy/Desktop/ros2_learn/lesson3/topic_practice_ws/install/status_interfaces/include/status_interfaces/status_interfaces
[4.886s] -- Up-to-date: /home/zmy/Desktop/ros2_learn/lesson3/topic_practice_ws/install/status_interfaces/include/status_interfaces/status_interfaces/msg
[4.886s] -- Up-to-date: /home/zmy/Desktop/ros2_learn/lesson3/topic_practice_ws/install/status_interfaces/include/status_interfaces/status_interfaces/msg/detail
[4.886s] -- Installing: /home/zmy/Desktop/ros2_learn/lesson3/topic_practice_ws/install/status_interfaces/include/status_interfaces/status_interfaces/msg/detail/system_status__rosidl_typesupport_introspection_c.h
[4.887s] -- Installing: /home/zmy/Desktop/ros2_learn/lesson3/topic_practice_ws/install/status_interfaces/include/status_interfaces/status_interfaces/msg/detail/system_status__type_support.c
[4.887s] -- Installing: /home/zmy/Desktop/ros2_learn/lesson3/topic_practice_ws/install/status_interfaces/include/status_interfaces/status_interfaces/msg/rosidl_typesupport_introspection_c__visibility_control.h
[4.887s] -- Installing: /home/zmy/Desktop/ros2_learn/lesson3/topic_practice_ws/install/status_interfaces/lib/libstatus_interfaces__rosidl_typesupport_introspection_c.so
[4.889s] -- Set runtime path of "/home/zmy/Desktop/ros2_learn/lesson3/topic_practice_ws/install/status_interfaces/lib/libstatus_interfaces__rosidl_typesupport_introspection_c.so" to ""
[4.889s] -- Installing: /home/zmy/Desktop/ros2_learn/lesson3/topic_practice_ws/install/status_interfaces/lib/libstatus_interfaces__rosidl_typesupport_c.so
[4.891s] -- Set runtime path of "/home/zmy/Desktop/ros2_learn/lesson3/topic_practice_ws/install/status_interfaces/lib/libstatus_interfaces__rosidl_typesupport_c.so" to ""
[4.893s] -- Up-to-date: /home/zmy/Desktop/ros2_learn/lesson3/topic_practice_ws/install/status_interfaces/include/status_interfaces/status_interfaces
[4.893s] -- Up-to-date: /home/zmy/Desktop/ros2_learn/lesson3/topic_practice_ws/install/status_interfaces/include/status_interfaces/status_interfaces/msg
[4.893s] -- Up-to-date: /home/zmy/Desktop/ros2_learn/lesson3/topic_practice_ws/install/status_interfaces/include/status_interfaces/status_interfaces/msg/detail
[4.894s] -- Installing: /home/zmy/Desktop/ros2_learn/lesson3/topic_practice_ws/install/status_interfaces/include/status_interfaces/status_interfaces/msg/detail/system_status__type_support.cpp
[4.894s] -- Installing: /home/zmy/Desktop/ros2_learn/lesson3/topic_practice_ws/install/status_interfaces/include/status_interfaces/status_interfaces/msg/detail/system_status__rosidl_typesupport_introspection_cpp.hpp
[4.894s] -- Installing: /home/zmy/Desktop/ros2_learn/lesson3/topic_practice_ws/install/status_interfaces/lib/libstatus_interfaces__rosidl_typesupport_introspection_cpp.so
[4.895s] -- Set runtime path of "/home/zmy/Desktop/ros2_learn/lesson3/topic_practice_ws/install/status_interfaces/lib/libstatus_interfaces__rosidl_typesupport_introspection_cpp.so" to ""
[4.896s] -- Installing: /home/zmy/Desktop/ros2_learn/lesson3/topic_practice_ws/install/status_interfaces/lib/libstatus_interfaces__rosidl_typesupport_cpp.so
[4.898s] -- Set runtime path of "/home/zmy/Desktop/ros2_learn/lesson3/topic_practice_ws/install/status_interfaces/lib/libstatus_interfaces__rosidl_typesupport_cpp.so" to ""
[4.898s] -- Installing: /home/zmy/Desktop/ros2_learn/lesson3/topic_practice_ws/install/status_interfaces/share/status_interfaces/environment/pythonpath.sh
[4.898s] -- Installing: /home/zmy/Desktop/ros2_learn/lesson3/topic_practice_ws/install/status_interfaces/share/status_interfaces/environment/pythonpath.dsv
[4.898s] -- Installing: /home/zmy/Desktop/ros2_learn/lesson3/topic_practice_ws/install/status_interfaces/local/lib/python3.10/dist-packages/status_interfaces-0.0.0-py3.10.egg-info
[4.900s] -- Installing: /home/zmy/Desktop/ros2_learn/lesson3/topic_practice_ws/install/status_interfaces/local/lib/python3.10/dist-packages/status_interfaces-0.0.0-py3.10.egg-info/dependency_links.txt
[4.900s] -- Installing: /home/zmy/Desktop/ros2_learn/lesson3/topic_practice_ws/install/status_interfaces/local/lib/python3.10/dist-packages/status_interfaces-0.0.0-py3.10.egg-info/PKG-INFO
[4.901s] -- Installing: /home/zmy/Desktop/ros2_learn/lesson3/topic_practice_ws/install/status_interfaces/local/lib/python3.10/dist-packages/status_interfaces-0.0.0-py3.10.egg-info/SOURCES.txt
[4.901s] -- Installing: /home/zmy/Desktop/ros2_learn/lesson3/topic_practice_ws/install/status_interfaces/local/lib/python3.10/dist-packages/status_interfaces-0.0.0-py3.10.egg-info/top_level.txt
[4.901s] -- Installing: /home/zmy/Desktop/ros2_learn/lesson3/topic_practice_ws/install/status_interfaces/local/lib/python3.10/dist-packages/status_interfaces
[4.901s] -- Installing: /home/zmy/Desktop/ros2_learn/lesson3/topic_practice_ws/install/status_interfaces/local/lib/python3.10/dist-packages/status_interfaces/_status_interfaces_s.ep.rosidl_typesupport_c.c
[4.904s] -- Installing: /home/zmy/Desktop/ros2_learn/lesson3/topic_practice_ws/install/status_interfaces/local/lib/python3.10/dist-packages/status_interfaces/status_interfaces_s__rosidl_typesupport_fastrtps_c.cpython-310-x86_64-linux-gnu.so
[4.904s] -- Installing: /home/zmy/Desktop/ros2_learn/lesson3/topic_practice_ws/install/status_interfaces/local/lib/python3.10/dist-packages/status_interfaces/msg
[4.904s] -- Installing: /home/zmy/Desktop/ros2_learn/lesson3/topic_practice_ws/install/status_interfaces/local/lib/python3.10/dist-packages/status_interfaces/msg/_system_status_s.c
[4.905s] -- Installing: /home/zmy/Desktop/ros2_learn/lesson3/topic_practice_ws/install/status_interfaces/local/lib/python3.10/dist-packages/status_interfaces/msg/__init__.py
[4.905s] -- Installing: /home/zmy/Desktop/ros2_learn/lesson3/topic_practice_ws/install/status_interfaces/local/lib/python3.10/dist-packages/status_interfaces/msg/_system_status.py
[4.905s] -- Installing: /home/zmy/Desktop/ros2_learn/lesson3/topic_practice_ws/install/status_interfaces/local/lib/python3.10/dist-packages/status_interfaces/_status_interfaces_s.ep.rosidl_typesupport_introspection_c.c
[4.905s] -- Installing: /home/zmy/Desktop/ros2_learn/lesson3/topic_practice_ws/install/status_interfaces/local/lib/python3.10/dist-packages/status_interfaces/__init__.py
[4.905s] -- Installing: /home/zmy/Desktop/ros2_learn/lesson3/topic_practice_ws/install/status_interfaces/local/lib/python3.10/dist-packages/status_interfaces/status_interfaces_s__rosidl_typesupport_c.cpython-310-x86_64-linux-gnu.so
[4.905s] -- Installing: /home/zmy/Desktop/ros2_learn/lesson3/topic_practice_ws/install/status_interfaces/local/lib/python3.10/dist-packages/status_interfaces/status_interfaces_s__rosidl_typesupport_introspection_c.cpython-310-x86_64-linux-gnu.so
[4.906s] -- Installing: /home/zmy/Desktop/ros2_learn/lesson3/topic_practice_ws/install/status_interfaces/local/lib/python3.10/dist-packages/status_interfaces/_status_interfaces_s.ep.rosidl_typesupport_fastrtps_c.c
[4.908s] -- Installing: /home/zmy/Desktop/ros2_learn/lesson3/topic_practice_ws/install/status_interfaces/local/lib/python3.10/dist-packages/status_interfaces/libstatus_interfaces__rosidl_generator_py.so
[4.959s] Listing '/home/zmy/Desktop/ros2_learn/lesson3/topic_practice_ws/install/status_interfaces/local/lib/python3.10/dist-packages/status_interfaces'...
[4.960s] Compiling '/home/zmy/Desktop/ros2_learn/lesson3/topic_practice_ws/install/status_interfaces/local/lib/python3.10/dist-packages/status_interfaces/__init__.py'...
[4.960s] Listing '/home/zmy/Desktop/ros2_learn/lesson3/topic_practice_ws/install/status_interfaces/local/lib/python3.10/dist-packages/status_interfaces/msg'...
[4.960s] Compiling '/home/zmy/Desktop/ros2_learn/lesson3/topic_practice_ws/install/status_interfaces/local/lib/python3.10/dist-packages/status_interfaces/msg/__init__.py'...
[4.960s] Compiling '/home/zmy/Desktop/ros2_learn/lesson3/topic_practice_ws/install/status_interfaces/local/lib/python3.10/dist-packages/status_interfaces/msg/_system_status.py'...
[4.965s] -- Installing: /home/zmy/Desktop/ros2_learn/lesson3/topic_practice_ws/install/status_interfaces/local/lib/python3.10/dist-packages/status_interfaces/status_interfaces_s__rosidl_typesupport_fastrtps_c.cpython-310-x86_64-linux-gnu.so
[4.969s] -- Set runtime path of "/home/zmy/Desktop/ros2_learn/lesson3/topic_practice_ws/install/status_interfaces/local/lib/python3.10/dist-packages/status_interfaces/status_interfaces_s__rosidl_typesupport_fastrtps_c.cpython-310-x86_64-linux-gnu.so" to ""
[4.969s] -- Installing: /home/zmy/Desktop/ros2_learn/lesson3/topic_practice_ws/install/status_interfaces/local/lib/python3.10/dist-packages/status_interfaces/status_interfaces_s__rosidl_typesupport_introspection_c.cpython-310-x86_64-linux-gnu.so
[4.971s] -- Set runtime path of "/home/zmy/Desktop/ros2_learn/lesson3/topic_practice_ws/install/status_interfaces/local/lib/python3.10/dist-packages/status_interfaces/status_interfaces_s__rosidl_typesupport_introspection_c.cpython-310-x86_64-linux-gnu.so" to ""
[4.972s] -- Installing: /home/zmy/Desktop/ros2_learn/lesson3/topic_practice_ws/install/status_interfaces/local/lib/python3.10/dist-packages/status_interfaces/status_interfaces_s__rosidl_typesupport_c.cpython-310-x86_64-linux-gnu.so
[4.974s] -- Set runtime path of "/home/zmy/Desktop/ros2_learn/lesson3/topic_practice_ws/install/status_interfaces/local/lib/python3.10/dist-packages/status_interfaces/status_interfaces_s__rosidl_typesupport_c.cpython-310-x86_64-linux-gnu.so" to ""
[4.974s] -- Installing: /home/zmy/Desktop/ros2_learn/lesson3/topic_practice_ws/install/status_interfaces/lib/libstatus_interfaces__rosidl_generator_py.so
[4.976s] -- Set runtime path of "/home/zmy/Desktop/ros2_learn/lesson3/topic_practice_ws/install/status_interfaces/lib/libstatus_interfaces__rosidl_generator_py.so" to ""
[4.977s] -- Installing: /home/zmy/Desktop/ros2_learn/lesson3/topic_practice_ws/install/status_interfaces/share/status_interfaces/msg/SystemStatus.idl
[4.977s] -- Installing: /home/zmy/Desktop/ros2_learn/lesson3/topic_practice_ws/install/status_interfaces/share/status_interfaces/msg/SystemStatus.msg
[4.977s] -- Installing: /home/zmy/Desktop/ros2_learn/lesson3/topic_practice_ws/install/status_interfaces/share/ament_index/resource_index/package_run_dependencies/status_interfaces
[4.978s] -- Installing: /home/zmy/Desktop/ros2_learn/lesson3/topic_practice_ws/install/status_interfaces/share/ament_index/resource_index/parent_prefix_path/status_interfaces
[4.978s] -- Installing: /home/zmy/Desktop/ros2_learn/lesson3/topic_practice_ws/install/status_interfaces/share/status_interfaces/environment/ament_prefix_path.sh
[4.979s] -- Installing: /home/zmy/Desktop/ros2_learn/lesson3/topic_practice_ws/install/status_interfaces/share/status_interfaces/environment/ament_prefix_path.dsv
[4.979s] -- Installing: /home/zmy/Desktop/ros2_learn/lesson3/topic_practice_ws/install/status_interfaces/share/status_interfaces/environment/path.sh
[4.979s] -- Installing: /home/zmy/Desktop/ros2_learn/lesson3/topic_practice_ws/install/status_interfaces/share/status_interfaces/environment/path.dsv
[4.980s] -- Installing: /home/zmy/Desktop/ros2_learn/lesson3/topic_practice_ws/install/status_interfaces/share/status_interfaces/local_setup.bash
[4.980s] -- Installing: /home/zmy/Desktop/ros2_learn/lesson3/topic_practice_ws/install/status_interfaces/share/status_interfaces/local_setup.sh
[4.981s] -- Installing: /home/zmy/Desktop/ros2_learn/lesson3/topic_practice_ws/install/status_interfaces/share/status_interfaces/local_setup.zsh
[4.981s] -- Installing: /home/zmy/Desktop/ros2_learn/lesson3/topic_practice_ws/install/status_interfaces/share/status_interfaces/local_setup.dsv
[4.982s] -- Installing: /home/zmy/Desktop/ros2_learn/lesson3/topic_practice_ws/install/status_interfaces/share/status_interfaces/package.dsv
[4.982s] -- Installing: /home/zmy/Desktop/ros2_learn/lesson3/topic_practice_ws/install/status_interfaces/share/ament_index/resource_index/packages/status_interfaces
[4.982s] -- Installing: /home/zmy/Desktop/ros2_learn/lesson3/topic_practice_ws/install/status_interfaces/share/status_interfaces/cmake/export_status_interfaces__rosidl_generator_cExport.cmake
[4.984s] -- Installing: /home/zmy/Desktop/ros2_learn/lesson3/topic_practice_ws/install/status_interfaces/share/status_interfaces/cmake/export_status_interfaces__rosidl_generator_cExport-noconfig.cmake
[4.984s] -- Installing: /home/zmy/Desktop/ros2_learn/lesson3/topic_practice_ws/install/status_interfaces/share/status_interfaces/cmake/export_status_interfaces__rosidl_typesupport_fastrtps_cExport.cmake
[4.984s] -- Installing: /home/zmy/Desktop/ros2_learn/lesson3/topic_practice_ws/install/status_interfaces/share/status_interfaces/cmake/export_status_interfaces__rosidl_typesupport_fastrtps_cExport-noconfig.cmake
[4.985s] -- Installing: /home/zmy/Desktop/ros2_learn/lesson3/topic_practice_ws/install/status_interfaces/share/status_interfaces/cmake/export_status_interfaces__rosidl_generator_cppExport.cmake
[4.985s] -- Installing: /home/zmy/Desktop/ros2_learn/lesson3/topic_practice_ws/install/status_interfaces/share/status_interfaces/cmake/export_status_interfaces__rosidl_typesupport_fastrtps_cppExport.cmake
[4.985s] -- Installing: /home/zmy/Desktop/ros2_learn/lesson3/topic_practice_ws/install/status_interfaces/share/status_interfaces/cmake/export_status_interfaces__rosidl_typesupport_fastrtps_cppExport-noconfig.cmake
[4.986s] -- Installing: /home/zmy/Desktop/ros2_learn/lesson3/topic_practice_ws/install/status_interfaces/share/status_interfaces/cmake/status_interfaces__rosidl_typesupport_introspection_cExport.cmake
[4.986s] -- Installing: /home/zmy/Desktop/ros2_learn/lesson3/topic_practice_ws/install/status_interfaces/share/status_interfaces/cmake/status_interfaces__rosidl_typesupport_introspection_cExport-noconfig.cmake
[4.987s] -- Installing: /home/zmy/Desktop/ros2_learn/lesson3/topic_practice_ws/install/status_interfaces/share/status_interfaces/cmake/status_interfaces__rosidl_typesupport_cExport.cmake
[4.987s] -- Installing: /home/zmy/Desktop/ros2_learn/lesson3/topic_practice_ws/install/status_interfaces/share/status_interfaces/cmake/status_interfaces__rosidl_typesupport_cExport-noconfig.cmake
[4.988s] -- Installing: /home/zmy/Desktop/ros2_learn/lesson3/topic_practice_ws/install/status_interfaces/share/status_interfaces/cmake/status_interfaces__rosidl_typesupport_introspection_cppExport.cmake
[4.988s] -- Installing: /home/zmy/Desktop/ros2_learn/lesson3/topic_practice_ws/install/status_interfaces/share/status_interfaces/cmake/status_interfaces__rosidl_typesupport_introspection_cppExport-noconfig.cmake
[4.989s] -- Installing: /home/zmy/Desktop/ros2_learn/lesson3/topic_practice_ws/install/status_interfaces/share/status_interfaces/cmake/status_interfaces__rosidl_typesupport_cppExport.cmake
[4.989s] -- Installing: /home/zmy/Desktop/ros2_learn/lesson3/topic_practice_ws/install/status_interfaces/share/status_interfaces/cmake/status_interfaces__rosidl_typesupport_cppExport-noconfig.cmake
[4.989s] -- Installing: /home/zmy/Desktop/ros2_learn/lesson3/topic_practice_ws/install/status_interfaces/share/status_interfaces/cmake/export_status_interfaces__rosidl_generator_pyExport.cmake
[4.989s] -- Installing: /home/zmy/Desktop/ros2_learn/lesson3/topic_practice_ws/install/status_interfaces/share/status_interfaces/cmake/export_status_interfaces__rosidl_generator_pyExport-noconfig.cmake
[4.990s] -- Installing: /home/zmy/Desktop/ros2_learn/lesson3/topic_practice_ws/install/status_interfaces/share/status_interfaces/cmake/rosidl_cmake-extras.cmake
[4.990s] -- Installing: /home/zmy/Desktop/ros2_learn/lesson3/topic_practice_ws/install/status_interfaces/share/status_interfaces/cmake/ament_cmake_export_dependencies-extras.cmake
[4.990s] -- Installing: /home/zmy/Desktop/ros2_learn/lesson3/topic_practice_ws/install/status_interfaces/share/status_interfaces/cmake/ament_cmake_export_include_directories-extras.cmake
[4.991s] -- Installing: /home/zmy/Desktop/ros2_learn/lesson3/topic_practice_ws/install/status_interfaces/share/status_interfaces/cmake/ament_cmake_export_libraries-extras.cmake
[4.991s] -- Installing: /home/zmy/Desktop/ros2_learn/lesson3/topic_practice_ws/install/status_interfaces/share/status_interfaces/cmake/ament_cmake_export_targets-extras.cmake
[4.992s] -- Installing: /home/zmy/Desktop/ros2_learn/lesson3/topic_practice_ws/install/status_interfaces/share/status_interfaces/cmake/rosidl_cmake_export_typesupport_targets-extras.cmake
[4.992s] -- Installing: /home/zmy/Desktop/ros2_learn/lesson3/topic_practice_ws/install/status_interfaces/share/status_interfaces/cmake/rosidl_cmake_export_typesupport_libraries-extras.cmake
[4.992s] -- Installing: /home/zmy/Desktop/ros2_learn/lesson3/topic_practice_ws/install/status_interfaces/share/status_interfaces/cmake/status_interfacesConfig.cmake
[4.992s] -- Installing: /home/zmy/Desktop/ros2_learn/lesson3/topic_practice_ws/install/status_interfaces/share/status_interfaces/cmake/status_interfacesConfig-version.cmake
[4.993s] -- Installing: /home/zmy/Desktop/ros2_learn/lesson3/topic_practice_ws/install/status_interfaces/share/status_interfaces/package.xml
[4.999s] Invoked command in '/home/zmy/Desktop/ros2_learn/lesson3/topic_practice_ws/build/status_interfaces' returned '0': CMAKE_PREFIX_PATH=/opt/ros/humble /usr/bin/cmake --install /home/zmy/Desktop/ros2_learn/lesson3/topic_practice_ws/build/status_interfaces
