[0.207s] DEBUG:colcon:Command line arguments: ['/usr/bin/colcon', 'build']
[0.208s] DEBUG:colcon:Parsed command line arguments: Namespace(log_base=None, log_level=None, verb_name='build', build_base='build', install_base='install', merge_install=False, symlink_install=False, test_result_base=None, continue_on_error=False, executor='parallel', parallel_workers=8, event_handlers=None, ignore_user_meta=False, metas=['./colcon.meta'], base_paths=['.'], packages_ignore=None, packages_ignore_regex=None, paths=None, packages_up_to=None, packages_up_to_regex=None, packages_above=None, packages_above_and_dependencies=None, packages_above_depth=None, packages_select_by_dep=None, packages_skip_by_dep=None, packages_skip_up_to=None, packages_select_build_failed=False, packages_skip_build_finished=False, packages_select_test_failures=False, packages_skip_test_passed=False, packages_select=None, packages_skip=None, packages_select_regex=None, packages_skip_regex=None, packages_start=None, packages_end=None, allow_overriding=[], cmake_args=None, cmake_target=None, cmake_target_skip_unavailable=False, cmake_clean_cache=False, cmake_clean_first=False, cmake_force_configure=False, ament_cmake_args=None, catkin_cmake_args=None, catkin_skip_building_tests=False, verb_parser=<colcon_defaults.argument_parser.defaults.DefaultArgumentsDecorator object at 0x75972d0afac0>, verb_extension=<colcon_core.verb.build.BuildVerb object at 0x75972d1e4ee0>, main=<bound method BuildVerb.main of <colcon_core.verb.build.BuildVerb object at 0x75972d1e4ee0>>)
[0.525s] Level 1:colcon.colcon_core.package_discovery:discover_packages(colcon_meta) check parameters
[0.525s] Level 1:colcon.colcon_core.package_discovery:discover_packages(recursive) check parameters
[0.525s] Level 1:colcon.colcon_core.package_discovery:discover_packages(ignore) check parameters
[0.525s] Level 1:colcon.colcon_core.package_discovery:discover_packages(path) check parameters
[0.525s] Level 1:colcon.colcon_core.package_discovery:discover_packages(colcon_meta) discover
[0.526s] Level 1:colcon.colcon_core.package_discovery:discover_packages(recursive) discover
[0.526s] INFO:colcon.colcon_core.package_discovery:Crawling recursively for packages in '/home/zmy/Desktop/ros2_learn/lesson3'
[0.526s] Level 1:colcon.colcon_core.package_identification:_identify(.) by extensions ['ignore', 'ignore_ament_install']
[0.526s] Level 1:colcon.colcon_core.package_identification:_identify(.) by extension 'ignore'
[0.526s] Level 1:colcon.colcon_core.package_identification:_identify(.) by extension 'ignore_ament_install'
[0.526s] Level 1:colcon.colcon_core.package_identification:_identify(.) by extensions ['colcon_pkg']
[0.526s] Level 1:colcon.colcon_core.package_identification:_identify(.) by extension 'colcon_pkg'
[0.526s] Level 1:colcon.colcon_core.package_identification:_identify(.) by extensions ['colcon_meta']
[0.526s] Level 1:colcon.colcon_core.package_identification:_identify(.) by extension 'colcon_meta'
[0.527s] Level 1:colcon.colcon_core.package_identification:_identify(.) by extensions ['ros']
[0.527s] Level 1:colcon.colcon_core.package_identification:_identify(.) by extension 'ros'
[0.545s] Level 1:colcon.colcon_core.package_identification:_identify(.) by extensions ['cmake', 'python']
[0.546s] Level 1:colcon.colcon_core.package_identification:_identify(.) by extension 'cmake'
[0.546s] Level 1:colcon.colcon_core.package_identification:_identify(.) by extension 'python'
[0.546s] Level 1:colcon.colcon_core.package_identification:_identify(.) by extensions ['python_setup_py']
[0.546s] Level 1:colcon.colcon_core.package_identification:_identify(.) by extension 'python_setup_py'
[0.546s] Level 1:colcon.colcon_core.package_identification:_identify(build) by extensions ['ignore', 'ignore_ament_install']
[0.546s] Level 1:colcon.colcon_core.package_identification:_identify(build) by extension 'ignore'
[0.546s] Level 1:colcon.colcon_core.package_identification:_identify(build) ignored
[0.547s] Level 1:colcon.colcon_core.package_identification:_identify(install) by extensions ['ignore', 'ignore_ament_install']
[0.547s] Level 1:colcon.colcon_core.package_identification:_identify(install) by extension 'ignore'
[0.547s] Level 1:colcon.colcon_core.package_identification:_identify(install) ignored
[0.547s] Level 1:colcon.colcon_core.package_identification:_identify(log) by extensions ['ignore', 'ignore_ament_install']
[0.547s] Level 1:colcon.colcon_core.package_identification:_identify(log) by extension 'ignore'
[0.547s] Level 1:colcon.colcon_core.package_identification:_identify(log) ignored
[0.547s] Level 1:colcon.colcon_core.package_identification:_identify(src) by extensions ['ignore', 'ignore_ament_install']
[0.548s] Level 1:colcon.colcon_core.package_identification:_identify(src) by extension 'ignore'
[0.548s] Level 1:colcon.colcon_core.package_identification:_identify(src) by extension 'ignore_ament_install'
[0.548s] Level 1:colcon.colcon_core.package_identification:_identify(src) by extensions ['colcon_pkg']
[0.548s] Level 1:colcon.colcon_core.package_identification:_identify(src) by extension 'colcon_pkg'
[0.548s] Level 1:colcon.colcon_core.package_identification:_identify(src) by extensions ['colcon_meta']
[0.548s] Level 1:colcon.colcon_core.package_identification:_identify(src) by extension 'colcon_meta'
[0.548s] Level 1:colcon.colcon_core.package_identification:_identify(src) by extensions ['ros']
[0.548s] Level 1:colcon.colcon_core.package_identification:_identify(src) by extension 'ros'
[0.548s] Level 1:colcon.colcon_core.package_identification:_identify(src) by extensions ['cmake', 'python']
[0.548s] Level 1:colcon.colcon_core.package_identification:_identify(src) by extension 'cmake'
[0.548s] Level 1:colcon.colcon_core.package_identification:_identify(src) by extension 'python'
[0.549s] Level 1:colcon.colcon_core.package_identification:_identify(src) by extensions ['python_setup_py']
[0.549s] Level 1:colcon.colcon_core.package_identification:_identify(src) by extension 'python_setup_py'
[0.549s] Level 1:colcon.colcon_core.package_identification:_identify(src/demo_cpp_topic) by extensions ['ignore', 'ignore_ament_install']
[0.549s] Level 1:colcon.colcon_core.package_identification:_identify(src/demo_cpp_topic) by extension 'ignore'
[0.549s] Level 1:colcon.colcon_core.package_identification:_identify(src/demo_cpp_topic) by extension 'ignore_ament_install'
[0.549s] Level 1:colcon.colcon_core.package_identification:_identify(src/demo_cpp_topic) by extensions ['colcon_pkg']
[0.549s] Level 1:colcon.colcon_core.package_identification:_identify(src/demo_cpp_topic) by extension 'colcon_pkg'
[0.549s] Level 1:colcon.colcon_core.package_identification:_identify(src/demo_cpp_topic) by extensions ['colcon_meta']
[0.549s] Level 1:colcon.colcon_core.package_identification:_identify(src/demo_cpp_topic) by extension 'colcon_meta'
[0.549s] Level 1:colcon.colcon_core.package_identification:_identify(src/demo_cpp_topic) by extensions ['ros']
[0.550s] Level 1:colcon.colcon_core.package_identification:_identify(src/demo_cpp_topic) by extension 'ros'
[0.553s] DEBUG:colcon.colcon_core.package_identification:Package 'src/demo_cpp_topic' with type 'ros.ament_cmake' and name 'demo_cpp_topic'
[0.553s] Level 1:colcon.colcon_core.package_identification:_identify(src/demo_python_topic) by extensions ['ignore', 'ignore_ament_install']
[0.554s] Level 1:colcon.colcon_core.package_identification:_identify(src/demo_python_topic) by extension 'ignore'
[0.554s] Level 1:colcon.colcon_core.package_identification:_identify(src/demo_python_topic) by extension 'ignore_ament_install'
[0.555s] Level 1:colcon.colcon_core.package_identification:_identify(src/demo_python_topic) by extensions ['colcon_pkg']
[0.555s] Level 1:colcon.colcon_core.package_identification:_identify(src/demo_python_topic) by extension 'colcon_pkg'
[0.555s] Level 1:colcon.colcon_core.package_identification:_identify(src/demo_python_topic) by extensions ['colcon_meta']
[0.555s] Level 1:colcon.colcon_core.package_identification:_identify(src/demo_python_topic) by extension 'colcon_meta'
[0.555s] Level 1:colcon.colcon_core.package_identification:_identify(src/demo_python_topic) by extensions ['ros']
[0.556s] Level 1:colcon.colcon_core.package_identification:_identify(src/demo_python_topic) by extension 'ros'
[0.557s] DEBUG:colcon.colcon_core.package_identification:Package 'src/demo_python_topic' with type 'ros.ament_python' and name 'demo_python_topic'
[0.557s] Level 1:colcon.colcon_core.package_discovery:discover_packages(recursive) using defaults
[0.558s] Level 1:colcon.colcon_core.package_discovery:discover_packages(ignore) discover
[0.558s] Level 1:colcon.colcon_core.package_discovery:discover_packages(ignore) using defaults
[0.558s] Level 1:colcon.colcon_core.package_discovery:discover_packages(path) discover
[0.558s] Level 1:colcon.colcon_core.package_discovery:discover_packages(path) using defaults
[0.603s] Level 1:colcon.colcon_core.package_discovery:discover_packages(prefix_path) check parameters
[0.604s] Level 1:colcon.colcon_core.package_discovery:discover_packages(prefix_path) discover
[0.608s] DEBUG:colcon.colcon_installed_package_information.package_discovery:Found 2 installed packages in /home/zmy/Desktop/ros2_learn/lesson3/install
[0.614s] DEBUG:colcon.colcon_installed_package_information.package_discovery:Found 272 installed packages in /opt/ros/humble
[0.618s] Level 1:colcon.colcon_core.package_discovery:discover_packages(prefix_path) using defaults
[0.737s] Level 5:colcon.colcon_core.verb:set package 'demo_cpp_topic' build argument 'cmake_args' from command line to 'None'
[0.737s] Level 5:colcon.colcon_core.verb:set package 'demo_cpp_topic' build argument 'cmake_target' from command line to 'None'
[0.737s] Level 5:colcon.colcon_core.verb:set package 'demo_cpp_topic' build argument 'cmake_target_skip_unavailable' from command line to 'False'
[0.737s] Level 5:colcon.colcon_core.verb:set package 'demo_cpp_topic' build argument 'cmake_clean_cache' from command line to 'False'
[0.737s] Level 5:colcon.colcon_core.verb:set package 'demo_cpp_topic' build argument 'cmake_clean_first' from command line to 'False'
[0.738s] Level 5:colcon.colcon_core.verb:set package 'demo_cpp_topic' build argument 'cmake_force_configure' from command line to 'False'
[0.738s] Level 5:colcon.colcon_core.verb:set package 'demo_cpp_topic' build argument 'ament_cmake_args' from command line to 'None'
[0.738s] Level 5:colcon.colcon_core.verb:set package 'demo_cpp_topic' build argument 'catkin_cmake_args' from command line to 'None'
[0.738s] Level 5:colcon.colcon_core.verb:set package 'demo_cpp_topic' build argument 'catkin_skip_building_tests' from command line to 'False'
[0.738s] DEBUG:colcon.colcon_core.verb:Building package 'demo_cpp_topic' with the following arguments: {'ament_cmake_args': None, 'build_base': '/home/zmy/Desktop/ros2_learn/lesson3/build/demo_cpp_topic', 'catkin_cmake_args': None, 'catkin_skip_building_tests': False, 'cmake_args': None, 'cmake_clean_cache': False, 'cmake_clean_first': False, 'cmake_force_configure': False, 'cmake_target': None, 'cmake_target_skip_unavailable': False, 'install_base': '/home/zmy/Desktop/ros2_learn/lesson3/install/demo_cpp_topic', 'merge_install': False, 'path': '/home/zmy/Desktop/ros2_learn/lesson3/src/demo_cpp_topic', 'symlink_install': False, 'test_result_base': None}
[0.739s] Level 5:colcon.colcon_core.verb:set package 'demo_python_topic' build argument 'cmake_args' from command line to 'None'
[0.739s] Level 5:colcon.colcon_core.verb:set package 'demo_python_topic' build argument 'cmake_target' from command line to 'None'
[0.739s] Level 5:colcon.colcon_core.verb:set package 'demo_python_topic' build argument 'cmake_target_skip_unavailable' from command line to 'False'
[0.739s] Level 5:colcon.colcon_core.verb:set package 'demo_python_topic' build argument 'cmake_clean_cache' from command line to 'False'
[0.739s] Level 5:colcon.colcon_core.verb:set package 'demo_python_topic' build argument 'cmake_clean_first' from command line to 'False'
[0.739s] Level 5:colcon.colcon_core.verb:set package 'demo_python_topic' build argument 'cmake_force_configure' from command line to 'False'
[0.739s] Level 5:colcon.colcon_core.verb:set package 'demo_python_topic' build argument 'ament_cmake_args' from command line to 'None'
[0.739s] Level 5:colcon.colcon_core.verb:set package 'demo_python_topic' build argument 'catkin_cmake_args' from command line to 'None'
[0.739s] Level 5:colcon.colcon_core.verb:set package 'demo_python_topic' build argument 'catkin_skip_building_tests' from command line to 'False'
[0.739s] DEBUG:colcon.colcon_core.verb:Building package 'demo_python_topic' with the following arguments: {'ament_cmake_args': None, 'build_base': '/home/zmy/Desktop/ros2_learn/lesson3/build/demo_python_topic', 'catkin_cmake_args': None, 'catkin_skip_building_tests': False, 'cmake_args': None, 'cmake_clean_cache': False, 'cmake_clean_first': False, 'cmake_force_configure': False, 'cmake_target': None, 'cmake_target_skip_unavailable': False, 'install_base': '/home/zmy/Desktop/ros2_learn/lesson3/install/demo_python_topic', 'merge_install': False, 'path': '/home/zmy/Desktop/ros2_learn/lesson3/src/demo_python_topic', 'symlink_install': False, 'test_result_base': None}
[0.740s] INFO:colcon.colcon_core.executor:Executing jobs using 'parallel' executor
[0.742s] DEBUG:colcon.colcon_parallel_executor.executor.parallel:run_until_complete
[0.745s] INFO:colcon.colcon_ros.task.ament_cmake.build:Building ROS package in '/home/zmy/Desktop/ros2_learn/lesson3/src/demo_cpp_topic' with build type 'ament_cmake'
[0.745s] INFO:colcon.colcon_cmake.task.cmake.build:Building CMake package in '/home/zmy/Desktop/ros2_learn/lesson3/src/demo_cpp_topic'
[0.752s] INFO:colcon.colcon_core.plugin_system:Skipping extension 'colcon_core.shell.bat': Not used on non-Windows systems
[0.753s] INFO:colcon.colcon_core.shell:Skip shell extension 'powershell' for command environment: Not usable outside of PowerShell
[0.753s] DEBUG:colcon.colcon_core.shell:Skip shell extension 'dsv' for command environment
[0.767s] INFO:colcon.colcon_ros.task.ament_python.build:Building ROS package in '/home/zmy/Desktop/ros2_learn/lesson3/src/demo_python_topic' with build type 'ament_python'
[0.768s] Level 1:colcon.colcon_core.shell:create_environment_hook('demo_python_topic', 'ament_prefix_path')
[0.769s] INFO:colcon.colcon_core.shell:Creating environment hook '/home/zmy/Desktop/ros2_learn/lesson3/install/demo_python_topic/share/demo_python_topic/hook/ament_prefix_path.ps1'
[0.770s] INFO:colcon.colcon_core.shell:Creating environment descriptor '/home/zmy/Desktop/ros2_learn/lesson3/install/demo_python_topic/share/demo_python_topic/hook/ament_prefix_path.dsv'
[0.771s] INFO:colcon.colcon_core.shell:Creating environment hook '/home/zmy/Desktop/ros2_learn/lesson3/install/demo_python_topic/share/demo_python_topic/hook/ament_prefix_path.sh'
[0.773s] INFO:colcon.colcon_core.shell:Skip shell extension 'powershell' for command environment: Not usable outside of PowerShell
[0.773s] DEBUG:colcon.colcon_core.shell:Skip shell extension 'dsv' for command environment
[0.809s] DEBUG:colcon.colcon_core.event_handler.log_command:Invoking command in '/home/zmy/Desktop/ros2_learn/lesson3/build/demo_cpp_topic': CMAKE_PREFIX_PATH=${CMAKE_PREFIX_PATH}:/home/zmy/Desktop/ros2_learn/lesson3/install/demo_python_topic:/opt/ros/humble /usr/bin/cmake --build /home/zmy/Desktop/ros2_learn/lesson3/build/demo_cpp_topic -- -j8 -l8
[1.339s] INFO:colcon.colcon_core.task.python.build:Building Python package in '/home/zmy/Desktop/ros2_learn/lesson3/src/demo_python_topic'
[1.340s] INFO:colcon.colcon_core.shell:Skip shell extension 'powershell' for command environment: Not usable outside of PowerShell
[1.340s] DEBUG:colcon.colcon_core.shell:Skip shell extension 'dsv' for command environment
[1.954s] DEBUG:colcon.colcon_core.event_handler.log_command:Invoking command in '/home/zmy/Desktop/ros2_learn/lesson3/src/demo_python_topic': PYTHONPATH=/home/zmy/Desktop/ros2_learn/lesson3/build/demo_python_topic/prefix_override:/usr/lib/python3/dist-packages/colcon_core/task/python/colcon_distutils_commands:/home/zmy/Desktop/ros2_learn/lesson3/install/demo_python_topic/lib/python3.10/site-packages:${PYTHONPATH} /usr/bin/python3 -W ignore:setup.py install is deprecated -W ignore:easy_install command is deprecated setup.py egg_info --egg-base ../../build/demo_python_topic build --build-base /home/zmy/Desktop/ros2_learn/lesson3/build/demo_python_topic/build install --record /home/zmy/Desktop/ros2_learn/lesson3/build/demo_python_topic/install.log --single-version-externally-managed install_data
[2.501s] DEBUG:colcon.colcon_core.event_handler.log_command:Invoked command in '/home/zmy/Desktop/ros2_learn/lesson3/src/demo_python_topic' returned '0': PYTHONPATH=/home/zmy/Desktop/ros2_learn/lesson3/build/demo_python_topic/prefix_override:/usr/lib/python3/dist-packages/colcon_core/task/python/colcon_distutils_commands:/home/zmy/Desktop/ros2_learn/lesson3/install/demo_python_topic/lib/python3.10/site-packages:${PYTHONPATH} /usr/bin/python3 -W ignore:setup.py install is deprecated -W ignore:easy_install command is deprecated setup.py egg_info --egg-base ../../build/demo_python_topic build --build-base /home/zmy/Desktop/ros2_learn/lesson3/build/demo_python_topic/build install --record /home/zmy/Desktop/ros2_learn/lesson3/build/demo_python_topic/install.log --single-version-externally-managed install_data
[2.503s] Level 1:colcon.colcon_core.environment:checking '/home/zmy/Desktop/ros2_learn/lesson3/install/demo_python_topic' for CMake module files
[2.504s] Level 1:colcon.colcon_core.environment:checking '/home/zmy/Desktop/ros2_learn/lesson3/install/demo_python_topic' for CMake config files
[2.507s] Level 1:colcon.colcon_core.environment:checking '/home/zmy/Desktop/ros2_learn/lesson3/install/demo_python_topic/lib'
[2.508s] Level 1:colcon.colcon_core.environment:checking '/home/zmy/Desktop/ros2_learn/lesson3/install/demo_python_topic/bin'
[2.508s] Level 1:colcon.colcon_core.environment:checking '/home/zmy/Desktop/ros2_learn/lesson3/install/demo_python_topic/lib/pkgconfig/demo_python_topic.pc'
[2.508s] Level 1:colcon.colcon_core.environment:checking '/home/zmy/Desktop/ros2_learn/lesson3/install/demo_python_topic/lib/python3.10/site-packages'
[2.508s] Level 1:colcon.colcon_core.shell:create_environment_hook('demo_python_topic', 'pythonpath')
[2.509s] INFO:colcon.colcon_core.shell:Creating environment hook '/home/zmy/Desktop/ros2_learn/lesson3/install/demo_python_topic/share/demo_python_topic/hook/pythonpath.ps1'
[2.513s] INFO:colcon.colcon_core.shell:Creating environment descriptor '/home/zmy/Desktop/ros2_learn/lesson3/install/demo_python_topic/share/demo_python_topic/hook/pythonpath.dsv'
[2.514s] INFO:colcon.colcon_core.shell:Creating environment hook '/home/zmy/Desktop/ros2_learn/lesson3/install/demo_python_topic/share/demo_python_topic/hook/pythonpath.sh'
[2.517s] Level 1:colcon.colcon_core.environment:checking '/home/zmy/Desktop/ros2_learn/lesson3/install/demo_python_topic/bin'
[2.517s] Level 1:colcon.colcon_core.environment:create_environment_scripts_only(demo_python_topic)
[2.518s] INFO:colcon.colcon_core.shell:Creating package script '/home/zmy/Desktop/ros2_learn/lesson3/install/demo_python_topic/share/demo_python_topic/package.ps1'
[2.523s] INFO:colcon.colcon_core.shell:Creating package descriptor '/home/zmy/Desktop/ros2_learn/lesson3/install/demo_python_topic/share/demo_python_topic/package.dsv'
[2.525s] INFO:colcon.colcon_core.shell:Creating package script '/home/zmy/Desktop/ros2_learn/lesson3/install/demo_python_topic/share/demo_python_topic/package.sh'
[2.526s] INFO:colcon.colcon_core.shell:Creating package script '/home/zmy/Desktop/ros2_learn/lesson3/install/demo_python_topic/share/demo_python_topic/package.bash'
[2.527s] INFO:colcon.colcon_core.shell:Creating package script '/home/zmy/Desktop/ros2_learn/lesson3/install/demo_python_topic/share/demo_python_topic/package.zsh'
[2.529s] Level 1:colcon.colcon_core.environment:create_file_with_runtime_dependencies(/home/zmy/Desktop/ros2_learn/lesson3/install/demo_python_topic/share/colcon-core/packages/demo_python_topic)
[17.098s] DEBUG:colcon.colcon_core.event_handler.log_command:Invoked command in '/home/zmy/Desktop/ros2_learn/lesson3/build/demo_cpp_topic' returned '0': CMAKE_PREFIX_PATH=${CMAKE_PREFIX_PATH}:/home/zmy/Desktop/ros2_learn/lesson3/install/demo_python_topic:/opt/ros/humble /usr/bin/cmake --build /home/zmy/Desktop/ros2_learn/lesson3/build/demo_cpp_topic -- -j8 -l8
[17.140s] DEBUG:colcon.colcon_core.event_handler.log_command:Invoking command in '/home/zmy/Desktop/ros2_learn/lesson3/build/demo_cpp_topic': CMAKE_PREFIX_PATH=${CMAKE_PREFIX_PATH}:/home/zmy/Desktop/ros2_learn/lesson3/install/demo_python_topic:/opt/ros/humble /usr/bin/cmake --install /home/zmy/Desktop/ros2_learn/lesson3/build/demo_cpp_topic
[17.211s] Level 1:colcon.colcon_core.environment:create_environment_scripts_only(demo_cpp_topic)
[17.212s] Level 1:colcon.colcon_core.environment:checking '/home/zmy/Desktop/ros2_learn/lesson3/install/demo_cpp_topic' for CMake module files
[17.213s] Level 1:colcon.colcon_core.environment:checking '/home/zmy/Desktop/ros2_learn/lesson3/install/demo_cpp_topic' for CMake config files
[17.214s] DEBUG:colcon.colcon_core.event_handler.log_command:Invoked command in '/home/zmy/Desktop/ros2_learn/lesson3/build/demo_cpp_topic' returned '0': CMAKE_PREFIX_PATH=${CMAKE_PREFIX_PATH}:/home/zmy/Desktop/ros2_learn/lesson3/install/demo_python_topic:/opt/ros/humble /usr/bin/cmake --install /home/zmy/Desktop/ros2_learn/lesson3/build/demo_cpp_topic
[17.216s] Level 1:colcon.colcon_core.shell:create_environment_hook('demo_cpp_topic', 'cmake_prefix_path')
[17.216s] INFO:colcon.colcon_core.shell:Creating environment hook '/home/zmy/Desktop/ros2_learn/lesson3/install/demo_cpp_topic/share/demo_cpp_topic/hook/cmake_prefix_path.ps1'
[17.217s] INFO:colcon.colcon_core.shell:Creating environment descriptor '/home/zmy/Desktop/ros2_learn/lesson3/install/demo_cpp_topic/share/demo_cpp_topic/hook/cmake_prefix_path.dsv'
[17.218s] INFO:colcon.colcon_core.shell:Creating environment hook '/home/zmy/Desktop/ros2_learn/lesson3/install/demo_cpp_topic/share/demo_cpp_topic/hook/cmake_prefix_path.sh'
[17.219s] Level 1:colcon.colcon_core.environment:checking '/home/zmy/Desktop/ros2_learn/lesson3/install/demo_cpp_topic/lib'
[17.219s] Level 1:colcon.colcon_core.environment:checking '/home/zmy/Desktop/ros2_learn/lesson3/install/demo_cpp_topic/bin'
[17.220s] Level 1:colcon.colcon_core.environment:checking '/home/zmy/Desktop/ros2_learn/lesson3/install/demo_cpp_topic/lib/pkgconfig/demo_cpp_topic.pc'
[17.220s] Level 1:colcon.colcon_core.environment:checking '/home/zmy/Desktop/ros2_learn/lesson3/install/demo_cpp_topic/lib/python3.10/site-packages'
[17.220s] Level 1:colcon.colcon_core.environment:checking '/home/zmy/Desktop/ros2_learn/lesson3/install/demo_cpp_topic/bin'
[17.220s] INFO:colcon.colcon_core.shell:Creating package script '/home/zmy/Desktop/ros2_learn/lesson3/install/demo_cpp_topic/share/demo_cpp_topic/package.ps1'
[17.221s] INFO:colcon.colcon_core.shell:Creating package descriptor '/home/zmy/Desktop/ros2_learn/lesson3/install/demo_cpp_topic/share/demo_cpp_topic/package.dsv'
[17.222s] INFO:colcon.colcon_core.shell:Creating package script '/home/zmy/Desktop/ros2_learn/lesson3/install/demo_cpp_topic/share/demo_cpp_topic/package.sh'
[17.223s] INFO:colcon.colcon_core.shell:Creating package script '/home/zmy/Desktop/ros2_learn/lesson3/install/demo_cpp_topic/share/demo_cpp_topic/package.bash'
[17.223s] INFO:colcon.colcon_core.shell:Creating package script '/home/zmy/Desktop/ros2_learn/lesson3/install/demo_cpp_topic/share/demo_cpp_topic/package.zsh'
[17.224s] Level 1:colcon.colcon_core.environment:create_file_with_runtime_dependencies(/home/zmy/Desktop/ros2_learn/lesson3/install/demo_cpp_topic/share/colcon-core/packages/demo_cpp_topic)
[17.225s] Level 1:colcon.colcon_core.environment:create_environment_scripts_only(demo_cpp_topic)
[17.225s] Level 1:colcon.colcon_core.environment:checking '/home/zmy/Desktop/ros2_learn/lesson3/install/demo_cpp_topic' for CMake module files
[17.226s] Level 1:colcon.colcon_core.environment:checking '/home/zmy/Desktop/ros2_learn/lesson3/install/demo_cpp_topic' for CMake config files
[17.228s] Level 1:colcon.colcon_core.shell:create_environment_hook('demo_cpp_topic', 'cmake_prefix_path')
[17.229s] INFO:colcon.colcon_core.shell:Creating environment hook '/home/zmy/Desktop/ros2_learn/lesson3/install/demo_cpp_topic/share/demo_cpp_topic/hook/cmake_prefix_path.ps1'
[17.229s] INFO:colcon.colcon_core.shell:Creating environment descriptor '/home/zmy/Desktop/ros2_learn/lesson3/install/demo_cpp_topic/share/demo_cpp_topic/hook/cmake_prefix_path.dsv'
[17.230s] INFO:colcon.colcon_core.shell:Creating environment hook '/home/zmy/Desktop/ros2_learn/lesson3/install/demo_cpp_topic/share/demo_cpp_topic/hook/cmake_prefix_path.sh'
[17.232s] Level 1:colcon.colcon_core.environment:checking '/home/zmy/Desktop/ros2_learn/lesson3/install/demo_cpp_topic/lib'
[17.232s] Level 1:colcon.colcon_core.environment:checking '/home/zmy/Desktop/ros2_learn/lesson3/install/demo_cpp_topic/bin'
[17.232s] Level 1:colcon.colcon_core.environment:checking '/home/zmy/Desktop/ros2_learn/lesson3/install/demo_cpp_topic/lib/pkgconfig/demo_cpp_topic.pc'
[17.233s] Level 1:colcon.colcon_core.environment:checking '/home/zmy/Desktop/ros2_learn/lesson3/install/demo_cpp_topic/lib/python3.10/site-packages'
[17.233s] Level 1:colcon.colcon_core.environment:checking '/home/zmy/Desktop/ros2_learn/lesson3/install/demo_cpp_topic/bin'
[17.233s] INFO:colcon.colcon_core.shell:Creating package script '/home/zmy/Desktop/ros2_learn/lesson3/install/demo_cpp_topic/share/demo_cpp_topic/package.ps1'
[17.234s] INFO:colcon.colcon_core.shell:Creating package descriptor '/home/zmy/Desktop/ros2_learn/lesson3/install/demo_cpp_topic/share/demo_cpp_topic/package.dsv'
[17.235s] INFO:colcon.colcon_core.shell:Creating package script '/home/zmy/Desktop/ros2_learn/lesson3/install/demo_cpp_topic/share/demo_cpp_topic/package.sh'
[17.235s] INFO:colcon.colcon_core.shell:Creating package script '/home/zmy/Desktop/ros2_learn/lesson3/install/demo_cpp_topic/share/demo_cpp_topic/package.bash'
[17.237s] INFO:colcon.colcon_core.shell:Creating package script '/home/zmy/Desktop/ros2_learn/lesson3/install/demo_cpp_topic/share/demo_cpp_topic/package.zsh'
[17.237s] Level 1:colcon.colcon_core.environment:create_file_with_runtime_dependencies(/home/zmy/Desktop/ros2_learn/lesson3/install/demo_cpp_topic/share/colcon-core/packages/demo_cpp_topic)
[17.238s] DEBUG:colcon.colcon_parallel_executor.executor.parallel:closing loop
[17.238s] DEBUG:colcon.colcon_parallel_executor.executor.parallel:loop closed
[17.238s] DEBUG:colcon.colcon_parallel_executor.executor.parallel:run_until_complete finished with '0'
[17.239s] DEBUG:colcon.colcon_core.event_reactor:joining thread
[17.253s] INFO:colcon.colcon_core.plugin_system:Skipping extension 'colcon_notification.desktop_notification.terminal_notifier': Not used on non-Darwin systems
[17.253s] INFO:colcon.colcon_core.plugin_system:Skipping extension 'colcon_notification.desktop_notification.win32': Not used on non-Windows systems
[17.253s] INFO:colcon.colcon_notification.desktop_notification:Sending desktop notification using 'notify2'
[17.291s] DEBUG:colcon.colcon_core.event_reactor:joined thread
[17.292s] INFO:colcon.colcon_core.shell:Creating prefix script '/home/zmy/Desktop/ros2_learn/lesson3/install/local_setup.ps1'
[17.293s] INFO:colcon.colcon_core.shell:Creating prefix util module '/home/zmy/Desktop/ros2_learn/lesson3/install/_local_setup_util_ps1.py'
[17.295s] INFO:colcon.colcon_core.shell:Creating prefix chain script '/home/zmy/Desktop/ros2_learn/lesson3/install/setup.ps1'
[17.297s] INFO:colcon.colcon_core.shell:Creating prefix script '/home/zmy/Desktop/ros2_learn/lesson3/install/local_setup.sh'
[17.298s] INFO:colcon.colcon_core.shell:Creating prefix util module '/home/zmy/Desktop/ros2_learn/lesson3/install/_local_setup_util_sh.py'
[17.299s] INFO:colcon.colcon_core.shell:Creating prefix chain script '/home/zmy/Desktop/ros2_learn/lesson3/install/setup.sh'
[17.301s] INFO:colcon.colcon_core.shell:Creating prefix script '/home/zmy/Desktop/ros2_learn/lesson3/install/local_setup.bash'
[17.302s] INFO:colcon.colcon_core.shell:Creating prefix chain script '/home/zmy/Desktop/ros2_learn/lesson3/install/setup.bash'
[17.304s] INFO:colcon.colcon_core.shell:Creating prefix script '/home/zmy/Desktop/ros2_learn/lesson3/install/local_setup.zsh'
[17.305s] INFO:colcon.colcon_core.shell:Creating prefix chain script '/home/zmy/Desktop/ros2_learn/lesson3/install/setup.zsh'
