[0.048s] Invoking command in '/home/zmy/Desktop/ros2_learn/lesson2/chapt2_ws/demo_cpp_pkg/build/demo_cpp_pkg': CMAKE_PREFIX_PATH=${CMAKE_PREFIX_PATH}:/home/zmy/Desktop/ros2_learn/lesson2/chapt2_ws/demo_python_pkg/install/demo_python_pkg:/home/zmy/Desktop/ros2_learn/lesson2/chapt2_ws/install/demo_python_pkg:/home/zmy/Desktop/ros2_learn/chapt2_ws/src/install/demo_python_pkg:/home/zmy/Desktop/ros2_learn/chapt2_ws/install/demo_python_pkg:/opt/ros/humble /usr/bin/cmake --build /home/zmy/Desktop/ros2_learn/lesson2/chapt2_ws/demo_cpp_pkg/build/demo_cpp_pkg -- -j8 -l8
[0.170s] -- Found ament_cmake: 1.3.12 (/opt/ros/humble/share/ament_cmake/cmake)
[0.521s] -- Found rclcpp: 16.0.15 (/opt/ros/humble/share/rclcpp/cmake)
[0.584s] -- Found rosidl_generator_c: 3.1.7 (/opt/ros/humble/share/rosidl_generator_c/cmake)
[0.591s] -- Found rosidl_adapter: 3.1.7 (/opt/ros/humble/share/rosidl_adapter/cmake)
[0.604s] -- Found rosidl_generator_cpp: 3.1.7 (/opt/ros/humble/share/rosidl_generator_cpp/cmake)
[0.627s] -- Using all available rosidl_typesupport_c: rosidl_typesupport_fastrtps_c;rosidl_typesupport_introspection_c
[0.662s] -- Using all available rosidl_typesupport_cpp: rosidl_typesupport_fastrtps_cpp;rosidl_typesupport_introspection_cpp
[0.734s] -- Found rmw_implementation_cmake: 6.1.2 (/opt/ros/humble/share/rmw_implementation_cmake/cmake)
[0.740s] -- Found rmw_fastrtps_cpp: 6.2.8 (/opt/ros/humble/share/rmw_fastrtps_cpp/cmake)
[0.987s] -- Using RMW implementation 'rmw_fastrtps_cpp' as default
[1.083s] -- Found ament_lint_auto: 0.12.14 (/opt/ros/humble/share/ament_lint_auto/cmake)
[1.345s] -- Added test 'cppcheck' to perform static code analysis on C / C++ code
[1.345s] -- Configured cppcheck include dirs: 
[1.346s] -- Configured cppcheck exclude dirs and/or files: 
[1.357s] -- Added test 'flake8' to check Python code syntax and style conventions
[1.381s] -- Added test 'lint_cmake' to check CMake code style
[1.390s] -- Added test 'pep257' to check Python code against some of the docstring style conventions in PEP 257
[1.480s] -- Added test 'uncrustify' to check C / C++ code style
[1.481s] -- Configured uncrustify additional arguments: 
[1.493s] -- Added test 'xmllint' to check XML markup files
[1.496s] -- Configuring done
[1.558s] -- Generating done
[1.570s] -- Build files have been written to: /home/zmy/Desktop/ros2_learn/lesson2/chapt2_ws/demo_cpp_pkg/build/demo_cpp_pkg
[1.701s] [35m[1mConsolidate compiler generated dependencies of target cpp_node[0m
[1.707s] [35m[1mConsolidate compiler generated dependencies of target person_node[0m
[1.712s] [35m[1mConsolidate compiler generated dependencies of target learn_auto[0m
[1.786s] [ 16%] [32mBuilding CXX object CMakeFiles/learn_auto.dir/src/learn_auto.cpp.o[0m
[1.790s] [ 50%] Built target person_node
[1.803s] [ 83%] Built target cpp_node
[2.687s] [100%] [32m[1mLinking CXX executable learn_auto[0m
[3.032s] [100%] Built target learn_auto
[3.101s] Invoked command in '/home/zmy/Desktop/ros2_learn/lesson2/chapt2_ws/demo_cpp_pkg/build/demo_cpp_pkg' returned '0': CMAKE_PREFIX_PATH=${CMAKE_PREFIX_PATH}:/home/zmy/Desktop/ros2_learn/lesson2/chapt2_ws/demo_python_pkg/install/demo_python_pkg:/home/zmy/Desktop/ros2_learn/lesson2/chapt2_ws/install/demo_python_pkg:/home/zmy/Desktop/ros2_learn/chapt2_ws/src/install/demo_python_pkg:/home/zmy/Desktop/ros2_learn/chapt2_ws/install/demo_python_pkg:/opt/ros/humble /usr/bin/cmake --build /home/zmy/Desktop/ros2_learn/lesson2/chapt2_ws/demo_cpp_pkg/build/demo_cpp_pkg -- -j8 -l8
[3.139s] Invoking command in '/home/zmy/Desktop/ros2_learn/lesson2/chapt2_ws/demo_cpp_pkg/build/demo_cpp_pkg': CMAKE_PREFIX_PATH=${CMAKE_PREFIX_PATH}:/home/zmy/Desktop/ros2_learn/lesson2/chapt2_ws/demo_python_pkg/install/demo_python_pkg:/home/zmy/Desktop/ros2_learn/lesson2/chapt2_ws/install/demo_python_pkg:/home/zmy/Desktop/ros2_learn/chapt2_ws/src/install/demo_python_pkg:/home/zmy/Desktop/ros2_learn/chapt2_ws/install/demo_python_pkg:/opt/ros/humble /usr/bin/cmake --install /home/zmy/Desktop/ros2_learn/lesson2/chapt2_ws/demo_cpp_pkg/build/demo_cpp_pkg
[3.170s] -- Install configuration: ""
[3.171s] -- Up-to-date: /home/zmy/Desktop/ros2_learn/lesson2/chapt2_ws/demo_cpp_pkg/install/demo_cpp_pkg/lib/demo_cpp_pkg/cpp_node
[3.174s] -- Up-to-date: /home/zmy/Desktop/ros2_learn/lesson2/chapt2_ws/demo_cpp_pkg/install/demo_cpp_pkg/lib/demo_cpp_pkg/person_node
[3.176s] -- Installing: /home/zmy/Desktop/ros2_learn/lesson2/chapt2_ws/demo_cpp_pkg/install/demo_cpp_pkg/lib/demo_cpp_pkg/learn_auto
[3.179s] -- Set runtime path of "/home/zmy/Desktop/ros2_learn/lesson2/chapt2_ws/demo_cpp_pkg/install/demo_cpp_pkg/lib/demo_cpp_pkg/learn_auto" to ""
[3.180s] -- Up-to-date: /home/zmy/Desktop/ros2_learn/lesson2/chapt2_ws/demo_cpp_pkg/install/demo_cpp_pkg/share/ament_index/resource_index/package_run_dependencies/demo_cpp_pkg
[3.180s] -- Installing: /home/zmy/Desktop/ros2_learn/lesson2/chapt2_ws/demo_cpp_pkg/install/demo_cpp_pkg/share/ament_index/resource_index/parent_prefix_path/demo_cpp_pkg
[3.182s] -- Up-to-date: /home/zmy/Desktop/ros2_learn/lesson2/chapt2_ws/demo_cpp_pkg/install/demo_cpp_pkg/share/demo_cpp_pkg/environment/ament_prefix_path.sh
[3.182s] -- Installing: /home/zmy/Desktop/ros2_learn/lesson2/chapt2_ws/demo_cpp_pkg/install/demo_cpp_pkg/share/demo_cpp_pkg/environment/ament_prefix_path.dsv
[3.182s] -- Up-to-date: /home/zmy/Desktop/ros2_learn/lesson2/chapt2_ws/demo_cpp_pkg/install/demo_cpp_pkg/share/demo_cpp_pkg/environment/path.sh
[3.182s] -- Installing: /home/zmy/Desktop/ros2_learn/lesson2/chapt2_ws/demo_cpp_pkg/install/demo_cpp_pkg/share/demo_cpp_pkg/environment/path.dsv
[3.182s] -- Up-to-date: /home/zmy/Desktop/ros2_learn/lesson2/chapt2_ws/demo_cpp_pkg/install/demo_cpp_pkg/share/demo_cpp_pkg/local_setup.bash
[3.182s] -- Up-to-date: /home/zmy/Desktop/ros2_learn/lesson2/chapt2_ws/demo_cpp_pkg/install/demo_cpp_pkg/share/demo_cpp_pkg/local_setup.sh
[3.182s] -- Up-to-date: /home/zmy/Desktop/ros2_learn/lesson2/chapt2_ws/demo_cpp_pkg/install/demo_cpp_pkg/share/demo_cpp_pkg/local_setup.zsh
[3.183s] -- Installing: /home/zmy/Desktop/ros2_learn/lesson2/chapt2_ws/demo_cpp_pkg/install/demo_cpp_pkg/share/demo_cpp_pkg/local_setup.dsv
[3.183s] -- Installing: /home/zmy/Desktop/ros2_learn/lesson2/chapt2_ws/demo_cpp_pkg/install/demo_cpp_pkg/share/demo_cpp_pkg/package.dsv
[3.183s] -- Up-to-date: /home/zmy/Desktop/ros2_learn/lesson2/chapt2_ws/demo_cpp_pkg/install/demo_cpp_pkg/share/ament_index/resource_index/packages/demo_cpp_pkg
[3.184s] -- Up-to-date: /home/zmy/Desktop/ros2_learn/lesson2/chapt2_ws/demo_cpp_pkg/install/demo_cpp_pkg/share/demo_cpp_pkg/cmake/demo_cpp_pkgConfig.cmake
[3.184s] -- Up-to-date: /home/zmy/Desktop/ros2_learn/lesson2/chapt2_ws/demo_cpp_pkg/install/demo_cpp_pkg/share/demo_cpp_pkg/cmake/demo_cpp_pkgConfig-version.cmake
[3.184s] -- Up-to-date: /home/zmy/Desktop/ros2_learn/lesson2/chapt2_ws/demo_cpp_pkg/install/demo_cpp_pkg/share/demo_cpp_pkg/package.xml
[3.190s] Invoked command in '/home/zmy/Desktop/ros2_learn/lesson2/chapt2_ws/demo_cpp_pkg/build/demo_cpp_pkg' returned '0': CMAKE_PREFIX_PATH=${CMAKE_PREFIX_PATH}:/home/zmy/Desktop/ros2_learn/lesson2/chapt2_ws/demo_python_pkg/install/demo_python_pkg:/home/zmy/Desktop/ros2_learn/lesson2/chapt2_ws/install/demo_python_pkg:/home/zmy/Desktop/ros2_learn/chapt2_ws/src/install/demo_python_pkg:/home/zmy/Desktop/ros2_learn/chapt2_ws/install/demo_python_pkg:/opt/ros/humble /usr/bin/cmake --install /home/zmy/Desktop/ros2_learn/lesson2/chapt2_ws/demo_cpp_pkg/build/demo_cpp_pkg
