[0.839s] Invoking command in '/home/zmy/Desktop/ros2_learn/demo_python_pkg': PYTHONPATH=/home/zmy/Desktop/ros2_learn/build/demo_python_pkg/prefix_override:/usr/lib/python3/dist-packages/colcon_core/task/python/colcon_distutils_commands:/home/zmy/Desktop/ros2_learn/install/demo_python_pkg/lib/python3.10/site-packages:${PYTHONPATH} /usr/bin/python3 -W ignore:setup.py install is deprecated -W ignore:easy_install command is deprecated setup.py egg_info --egg-base ../build/demo_python_pkg build --build-base /home/zmy/Desktop/ros2_learn/build/demo_python_pkg/build install --record /home/zmy/Desktop/ros2_learn/build/demo_python_pkg/install.log --single-version-externally-managed install_data
[1.114s] running egg_info
[1.114s] creating ../build/demo_python_pkg/demo_python_pkg.egg-info
[1.114s] writing ../build/demo_python_pkg/demo_python_pkg.egg-info/PKG-INFO
[1.114s] writing dependency_links to ../build/demo_python_pkg/demo_python_pkg.egg-info/dependency_links.txt
[1.114s] writing entry points to ../build/demo_python_pkg/demo_python_pkg.egg-info/entry_points.txt
[1.115s] writing requirements to ../build/demo_python_pkg/demo_python_pkg.egg-info/requires.txt
[1.115s] writing top-level names to ../build/demo_python_pkg/demo_python_pkg.egg-info/top_level.txt
[1.115s] writing manifest file '../build/demo_python_pkg/demo_python_pkg.egg-info/SOURCES.txt'
[1.117s] reading manifest file '../build/demo_python_pkg/demo_python_pkg.egg-info/SOURCES.txt'
[1.119s] adding license file 'LICENSE'
[1.119s] writing manifest file '../build/demo_python_pkg/demo_python_pkg.egg-info/SOURCES.txt'
[1.119s] running build
[1.119s] running build_py
[1.120s] creating /home/zmy/Desktop/ros2_learn/build/demo_python_pkg/build
[1.120s] creating /home/zmy/Desktop/ros2_learn/build/demo_python_pkg/build/lib
[1.120s] creating /home/zmy/Desktop/ros2_learn/build/demo_python_pkg/build/lib/demo_python_pkg
[1.120s] copying demo_python_pkg/__init__.py -> /home/zmy/Desktop/ros2_learn/build/demo_python_pkg/build/lib/demo_python_pkg
[1.120s] copying demo_python_pkg/python_node.py -> /home/zmy/Desktop/ros2_learn/build/demo_python_pkg/build/lib/demo_python_pkg
[1.120s] running install
[1.121s] running install_lib
[1.121s] creating /home/zmy/Desktop/ros2_learn/install/demo_python_pkg/lib/python3.10/site-packages/demo_python_pkg
[1.121s] copying /home/zmy/Desktop/ros2_learn/build/demo_python_pkg/build/lib/demo_python_pkg/__init__.py -> /home/zmy/Desktop/ros2_learn/install/demo_python_pkg/lib/python3.10/site-packages/demo_python_pkg
[1.121s] copying /home/zmy/Desktop/ros2_learn/build/demo_python_pkg/build/lib/demo_python_pkg/python_node.py -> /home/zmy/Desktop/ros2_learn/install/demo_python_pkg/lib/python3.10/site-packages/demo_python_pkg
[1.121s] byte-compiling /home/zmy/Desktop/ros2_learn/install/demo_python_pkg/lib/python3.10/site-packages/demo_python_pkg/__init__.py to __init__.cpython-310.pyc
[1.122s] byte-compiling /home/zmy/Desktop/ros2_learn/install/demo_python_pkg/lib/python3.10/site-packages/demo_python_pkg/python_node.py to python_node.cpython-310.pyc
[1.122s] running install_data
[1.122s] creating /home/zmy/Desktop/ros2_learn/install/demo_python_pkg/share/ament_index
[1.122s] creating /home/zmy/Desktop/ros2_learn/install/demo_python_pkg/share/ament_index/resource_index
[1.123s] creating /home/zmy/Desktop/ros2_learn/install/demo_python_pkg/share/ament_index/resource_index/packages
[1.123s] copying resource/demo_python_pkg -> /home/zmy/Desktop/ros2_learn/install/demo_python_pkg/share/ament_index/resource_index/packages
[1.123s] copying package.xml -> /home/zmy/Desktop/ros2_learn/install/demo_python_pkg/share/demo_python_pkg
[1.123s] running install_egg_info
[1.126s] Copying ../build/demo_python_pkg/demo_python_pkg.egg-info to /home/zmy/Desktop/ros2_learn/install/demo_python_pkg/lib/python3.10/site-packages/demo_python_pkg-0.0.0-py3.10.egg-info
[1.127s] running install_scripts
[1.151s] Installing python_node script to /home/zmy/Desktop/ros2_learn/install/demo_python_pkg/lib/demo_python_pkg
[1.152s] writing list of installed files to '/home/zmy/Desktop/ros2_learn/build/demo_python_pkg/install.log'
[1.173s] Invoked command in '/home/zmy/Desktop/ros2_learn/demo_python_pkg' returned '0': PYTHONPATH=/home/zmy/Desktop/ros2_learn/build/demo_python_pkg/prefix_override:/usr/lib/python3/dist-packages/colcon_core/task/python/colcon_distutils_commands:/home/zmy/Desktop/ros2_learn/install/demo_python_pkg/lib/python3.10/site-packages:${PYTHONPATH} /usr/bin/python3 -W ignore:setup.py install is deprecated -W ignore:easy_install command is deprecated setup.py egg_info --egg-base ../build/demo_python_pkg build --build-base /home/zmy/Desktop/ros2_learn/build/demo_python_pkg/build install --record /home/zmy/Desktop/ros2_learn/build/demo_python_pkg/install.log --single-version-externally-managed install_data
