[0.034s] Invoking command in '/home/zmy/Desktop/ros2_learn/build/demo_cpp_pkg': CMAKE_PREFIX_PATH=/opt/ros/humble /usr/bin/cmake /home/zmy/Desktop/ros2_learn/demo_cpp_pkg -DCMAKE_INSTALL_PREFIX=/home/zmy/Desktop/ros2_learn/install/demo_cpp_pkg
[0.094s] -- The C compiler identification is GNU 11.4.0
[0.139s] -- The CXX compiler identification is GNU 11.4.0
[0.145s] -- Detecting C compiler ABI info
[0.228s] -- Detecting C compiler ABI info - done
[0.232s] -- Check for working C compiler: /usr/bin/cc - skipped
[0.232s] -- Detecting C compile features
[0.232s] -- Detecting C compile features - done
[0.234s] -- Detecting CXX compiler ABI info
[0.328s] -- Detecting CXX compiler ABI info - done
[0.332s] -- Check for working CXX compiler: /usr/bin/c++ - skipped
[0.333s] -- Detecting CXX compile features
[0.333s] -- Detecting CXX compile features - done
[0.337s] -- Found ament_cmake: 1.3.12 (/opt/ros/humble/share/ament_cmake/cmake)
[0.464s] -- Found Python3: /usr/bin/python3 (found version "3.10.12") found components: Interpreter 
[0.544s] -- Found rclcpp: 16.0.15 (/opt/ros/humble/share/rclcpp/cmake)
[0.586s] -- Found rosidl_generator_c: 3.1.7 (/opt/ros/humble/share/rosidl_generator_c/cmake)
[0.591s] -- Found rosidl_adapter: 3.1.7 (/opt/ros/humble/share/rosidl_adapter/cmake)
[0.602s] -- Found rosidl_generator_cpp: 3.1.7 (/opt/ros/humble/share/rosidl_generator_cpp/cmake)
[0.629s] -- Using all available rosidl_typesupport_c: rosidl_typesupport_fastrtps_c;rosidl_typesupport_introspection_c
[0.643s] -- Using all available rosidl_typesupport_cpp: rosidl_typesupport_fastrtps_cpp;rosidl_typesupport_introspection_cpp
[0.677s] -- Found rmw_implementation_cmake: 6.1.2 (/opt/ros/humble/share/rmw_implementation_cmake/cmake)
[0.680s] -- Found rmw_fastrtps_cpp: 6.2.8 (/opt/ros/humble/share/rmw_fastrtps_cpp/cmake)
[0.801s] -- Found OpenSSL: /usr/lib/x86_64-linux-gnu/libcrypto.so (found version "3.0.2")  
[0.830s] -- Found FastRTPS: /opt/ros/humble/include  
[0.861s] -- Using RMW implementation 'rmw_fastrtps_cpp' as default
[0.867s] -- Looking for pthread.h
[0.969s] -- Looking for pthread.h - found
[0.971s] -- Performing Test CMAKE_HAVE_LIBC_PTHREAD
[1.077s] -- Performing Test CMAKE_HAVE_LIBC_PTHREAD - Success
[1.079s] -- Found Threads: TRUE  
[1.120s] -- Found ament_lint_auto: 0.12.14 (/opt/ros/humble/share/ament_lint_auto/cmake)
[1.181s] -- Added test 'cppcheck' to perform static code analysis on C / C++ code
[1.181s] -- Configured cppcheck include dirs: 
[1.181s] -- Configured cppcheck exclude dirs and/or files: 
[1.183s] -- Added test 'lint_cmake' to check CMake code style
[1.186s] -- Added test 'uncrustify' to check C / C++ code style
[1.186s] -- Configured uncrustify additional arguments: 
[1.186s] -- Added test 'xmllint' to check XML markup files
[1.187s] -- Configuring done
[1.193s] -- Generating done
[1.197s] -- Build files have been written to: /home/zmy/Desktop/ros2_learn/build/demo_cpp_pkg
[1.212s] Invoked command in '/home/zmy/Desktop/ros2_learn/build/demo_cpp_pkg' returned '0': CMAKE_PREFIX_PATH=/opt/ros/humble /usr/bin/cmake /home/zmy/Desktop/ros2_learn/demo_cpp_pkg -DCMAKE_INSTALL_PREFIX=/home/zmy/Desktop/ros2_learn/install/demo_cpp_pkg
[1.213s] Invoking command in '/home/zmy/Desktop/ros2_learn/build/demo_cpp_pkg': CMAKE_PREFIX_PATH=/opt/ros/humble /usr/bin/cmake --build /home/zmy/Desktop/ros2_learn/build/demo_cpp_pkg -- -j8 -l8
[1.269s] [ 50%] [32mBuilding CXX object CMakeFiles/cpp_node.dir/src/cpp_node.cpp.o[0m
[3.300s] [100%] [32m[1mLinking CXX executable cpp_node[0m
[3.416s] [100%] Built target cpp_node
[3.431s] Invoked command in '/home/zmy/Desktop/ros2_learn/build/demo_cpp_pkg' returned '0': CMAKE_PREFIX_PATH=/opt/ros/humble /usr/bin/cmake --build /home/zmy/Desktop/ros2_learn/build/demo_cpp_pkg -- -j8 -l8
[3.441s] Invoking command in '/home/zmy/Desktop/ros2_learn/build/demo_cpp_pkg': CMAKE_PREFIX_PATH=/opt/ros/humble /usr/bin/cmake --install /home/zmy/Desktop/ros2_learn/build/demo_cpp_pkg
[3.450s] -- Install configuration: ""
[3.450s] -- Installing: /home/zmy/Desktop/ros2_learn/install/demo_cpp_pkg/share/ament_index/resource_index/package_run_dependencies/demo_cpp_pkg
[3.450s] -- Installing: /home/zmy/Desktop/ros2_learn/install/demo_cpp_pkg/share/ament_index/resource_index/parent_prefix_path/demo_cpp_pkg
[3.450s] -- Installing: /home/zmy/Desktop/ros2_learn/install/demo_cpp_pkg/share/demo_cpp_pkg/environment/ament_prefix_path.sh
[3.450s] -- Installing: /home/zmy/Desktop/ros2_learn/install/demo_cpp_pkg/share/demo_cpp_pkg/environment/ament_prefix_path.dsv
[3.450s] -- Installing: /home/zmy/Desktop/ros2_learn/install/demo_cpp_pkg/share/demo_cpp_pkg/environment/path.sh
[3.450s] -- Installing: /home/zmy/Desktop/ros2_learn/install/demo_cpp_pkg/share/demo_cpp_pkg/environment/path.dsv
[3.451s] -- Installing: /home/zmy/Desktop/ros2_learn/install/demo_cpp_pkg/share/demo_cpp_pkg/local_setup.bash
[3.451s] -- Installing: /home/zmy/Desktop/ros2_learn/install/demo_cpp_pkg/share/demo_cpp_pkg/local_setup.sh
[3.451s] -- Installing: /home/zmy/Desktop/ros2_learn/install/demo_cpp_pkg/share/demo_cpp_pkg/local_setup.zsh
[3.451s] -- Installing: /home/zmy/Desktop/ros2_learn/install/demo_cpp_pkg/share/demo_cpp_pkg/local_setup.dsv
[3.451s] -- Installing: /home/zmy/Desktop/ros2_learn/install/demo_cpp_pkg/share/demo_cpp_pkg/package.dsv
[3.451s] -- Installing: /home/zmy/Desktop/ros2_learn/install/demo_cpp_pkg/share/ament_index/resource_index/packages/demo_cpp_pkg
[3.451s] -- Installing: /home/zmy/Desktop/ros2_learn/install/demo_cpp_pkg/share/demo_cpp_pkg/cmake/demo_cpp_pkgConfig.cmake
[3.451s] -- Installing: /home/zmy/Desktop/ros2_learn/install/demo_cpp_pkg/share/demo_cpp_pkg/cmake/demo_cpp_pkgConfig-version.cmake
[3.451s] -- Installing: /home/zmy/Desktop/ros2_learn/install/demo_cpp_pkg/share/demo_cpp_pkg/package.xml
[3.454s] Invoked command in '/home/zmy/Desktop/ros2_learn/build/demo_cpp_pkg' returned '0': CMAKE_PREFIX_PATH=/opt/ros/humble /usr/bin/cmake --install /home/zmy/Desktop/ros2_learn/build/demo_cpp_pkg
