[0.021s] Invoking command in '/home/zmy/Desktop/ros2_learn/lesson3/topic_practice_ws/build/status_interfaces': CMAKE_PREFIX_PATH=/opt/ros/humble /usr/bin/cmake /home/zmy/Desktop/ros2_learn/lesson3/topic_practice_ws/src/status_interfaces -DCMAKE_INSTALL_PREFIX=/home/zmy/Desktop/ros2_learn/lesson3/topic_practice_ws/install/status_interfaces
[0.058s] -- Found ament_cmake: 1.3.12 (/opt/ros/humble/share/ament_cmake/cmake)
[0.244s] [31mCMake Error at CMakeLists.txt:10 (find_package):
[0.245s]   By not providing "Findbuildin_interfaces.cmake" in CMAKE_MODULE_PATH this
[0.245s]   project has asked CMake to find a package configuration file provided by
[0.245s]   "buildin_interfaces", but CMake did not find one.
[0.245s] 
[0.245s]   Could not find a package configuration file provided by
[0.245s]   "buildin_interfaces" with any of the following names:
[0.246s] 
[0.246s]     buildin_interfacesConfig.cmake
[0.246s]     buildin_interfaces-config.cmake
[0.246s] 
[0.246s]   Add the installation prefix of "buildin_interfaces" to CMAKE_PREFIX_PATH or
[0.246s]   set "buildin_interfaces_DIR" to a directory containing one of the above
[0.246s]   files.  If "buildin_interfaces" provides a separate development package or
[0.246s]   SDK, be sure it has been installed.
[0.247s] 
[0.247s] [0m
[0.247s] -- Configuring incomplete, errors occurred!
[0.247s] See also "/home/zmy/Desktop/ros2_learn/lesson3/topic_practice_ws/build/status_interfaces/CMakeFiles/CMakeOutput.log".
[0.250s] Invoked command in '/home/zmy/Desktop/ros2_learn/lesson3/topic_practice_ws/build/status_interfaces' returned '1': CMAKE_PREFIX_PATH=/opt/ros/humble /usr/bin/cmake /home/zmy/Desktop/ros2_learn/lesson3/topic_practice_ws/src/status_interfaces -DCMAKE_INSTALL_PREFIX=/home/zmy/Desktop/ros2_learn/lesson3/topic_practice_ws/install/status_interfaces
