[0.212s] DEBUG:colcon:Command line arguments: ['/usr/bin/colcon', 'build']
[0.212s] DEBUG:colcon:Parsed command line arguments: Namespace(log_base=None, log_level=None, verb_name='build', build_base='build', install_base='install', merge_install=False, symlink_install=False, test_result_base=None, continue_on_error=False, executor='parallel', parallel_workers=8, event_handlers=None, ignore_user_meta=False, metas=['./colcon.meta'], base_paths=['.'], packages_ignore=None, packages_ignore_regex=None, paths=None, packages_up_to=None, packages_up_to_regex=None, packages_above=None, packages_above_and_dependencies=None, packages_above_depth=None, packages_select_by_dep=None, packages_skip_by_dep=None, packages_skip_up_to=None, packages_select_build_failed=False, packages_skip_build_finished=False, packages_select_test_failures=False, packages_skip_test_passed=False, packages_select=None, packages_skip=None, packages_select_regex=None, packages_skip_regex=None, packages_start=None, packages_end=None, allow_overriding=[], cmake_args=None, cmake_target=None, cmake_target_skip_unavailable=False, cmake_clean_cache=False, cmake_clean_first=False, cmake_force_configure=False, ament_cmake_args=None, catkin_cmake_args=None, catkin_skip_building_tests=False, verb_parser=<colcon_defaults.argument_parser.defaults.DefaultArgumentsDecorator object at 0x7f2f3320fac0>, verb_extension=<colcon_core.verb.build.BuildVerb object at 0x7f2f3334cee0>, main=<bound method BuildVerb.main of <colcon_core.verb.build.BuildVerb object at 0x7f2f3334cee0>>)
[0.572s] Level 1:colcon.colcon_core.package_discovery:discover_packages(colcon_meta) check parameters
[0.573s] Level 1:colcon.colcon_core.package_discovery:discover_packages(recursive) check parameters
[0.573s] Level 1:colcon.colcon_core.package_discovery:discover_packages(ignore) check parameters
[0.573s] Level 1:colcon.colcon_core.package_discovery:discover_packages(path) check parameters
[0.573s] Level 1:colcon.colcon_core.package_discovery:discover_packages(colcon_meta) discover
[0.573s] Level 1:colcon.colcon_core.package_discovery:discover_packages(recursive) discover
[0.573s] INFO:colcon.colcon_core.package_discovery:Crawling recursively for packages in '/home/zmy/Desktop/ros2_learn/lesson3'
[0.574s] Level 1:colcon.colcon_core.package_identification:_identify(.) by extensions ['ignore', 'ignore_ament_install']
[0.574s] Level 1:colcon.colcon_core.package_identification:_identify(.) by extension 'ignore'
[0.574s] Level 1:colcon.colcon_core.package_identification:_identify(.) by extension 'ignore_ament_install'
[0.574s] Level 1:colcon.colcon_core.package_identification:_identify(.) by extensions ['colcon_pkg']
[0.574s] Level 1:colcon.colcon_core.package_identification:_identify(.) by extension 'colcon_pkg'
[0.574s] Level 1:colcon.colcon_core.package_identification:_identify(.) by extensions ['colcon_meta']
[0.574s] Level 1:colcon.colcon_core.package_identification:_identify(.) by extension 'colcon_meta'
[0.574s] Level 1:colcon.colcon_core.package_identification:_identify(.) by extensions ['ros']
[0.574s] Level 1:colcon.colcon_core.package_identification:_identify(.) by extension 'ros'
[0.594s] Level 1:colcon.colcon_core.package_identification:_identify(.) by extensions ['cmake', 'python']
[0.594s] Level 1:colcon.colcon_core.package_identification:_identify(.) by extension 'cmake'
[0.594s] Level 1:colcon.colcon_core.package_identification:_identify(.) by extension 'python'
[0.594s] Level 1:colcon.colcon_core.package_identification:_identify(.) by extensions ['python_setup_py']
[0.594s] Level 1:colcon.colcon_core.package_identification:_identify(.) by extension 'python_setup_py'
[0.595s] Level 1:colcon.colcon_core.package_identification:_identify(build) by extensions ['ignore', 'ignore_ament_install']
[0.595s] Level 1:colcon.colcon_core.package_identification:_identify(build) by extension 'ignore'
[0.595s] Level 1:colcon.colcon_core.package_identification:_identify(build) ignored
[0.595s] Level 1:colcon.colcon_core.package_identification:_identify(install) by extensions ['ignore', 'ignore_ament_install']
[0.595s] Level 1:colcon.colcon_core.package_identification:_identify(install) by extension 'ignore'
[0.595s] Level 1:colcon.colcon_core.package_identification:_identify(install) ignored
[0.596s] Level 1:colcon.colcon_core.package_identification:_identify(log) by extensions ['ignore', 'ignore_ament_install']
[0.596s] Level 1:colcon.colcon_core.package_identification:_identify(log) by extension 'ignore'
[0.596s] Level 1:colcon.colcon_core.package_identification:_identify(log) ignored
[0.596s] Level 1:colcon.colcon_core.package_identification:_identify(src) by extensions ['ignore', 'ignore_ament_install']
[0.596s] Level 1:colcon.colcon_core.package_identification:_identify(src) by extension 'ignore'
[0.596s] Level 1:colcon.colcon_core.package_identification:_identify(src) by extension 'ignore_ament_install'
[0.596s] Level 1:colcon.colcon_core.package_identification:_identify(src) by extensions ['colcon_pkg']
[0.596s] Level 1:colcon.colcon_core.package_identification:_identify(src) by extension 'colcon_pkg'
[0.596s] Level 1:colcon.colcon_core.package_identification:_identify(src) by extensions ['colcon_meta']
[0.597s] Level 1:colcon.colcon_core.package_identification:_identify(src) by extension 'colcon_meta'
[0.597s] Level 1:colcon.colcon_core.package_identification:_identify(src) by extensions ['ros']
[0.597s] Level 1:colcon.colcon_core.package_identification:_identify(src) by extension 'ros'
[0.597s] Level 1:colcon.colcon_core.package_identification:_identify(src) by extensions ['cmake', 'python']
[0.597s] Level 1:colcon.colcon_core.package_identification:_identify(src) by extension 'cmake'
[0.597s] Level 1:colcon.colcon_core.package_identification:_identify(src) by extension 'python'
[0.597s] Level 1:colcon.colcon_core.package_identification:_identify(src) by extensions ['python_setup_py']
[0.597s] Level 1:colcon.colcon_core.package_identification:_identify(src) by extension 'python_setup_py'
[0.597s] Level 1:colcon.colcon_core.package_identification:_identify(src/demo_cpp_topic) by extensions ['ignore', 'ignore_ament_install']
[0.597s] Level 1:colcon.colcon_core.package_identification:_identify(src/demo_cpp_topic) by extension 'ignore'
[0.598s] Level 1:colcon.colcon_core.package_identification:_identify(src/demo_cpp_topic) by extension 'ignore_ament_install'
[0.598s] Level 1:colcon.colcon_core.package_identification:_identify(src/demo_cpp_topic) by extensions ['colcon_pkg']
[0.598s] Level 1:colcon.colcon_core.package_identification:_identify(src/demo_cpp_topic) by extension 'colcon_pkg'
[0.598s] Level 1:colcon.colcon_core.package_identification:_identify(src/demo_cpp_topic) by extensions ['colcon_meta']
[0.598s] Level 1:colcon.colcon_core.package_identification:_identify(src/demo_cpp_topic) by extension 'colcon_meta'
[0.598s] Level 1:colcon.colcon_core.package_identification:_identify(src/demo_cpp_topic) by extensions ['ros']
[0.598s] Level 1:colcon.colcon_core.package_identification:_identify(src/demo_cpp_topic) by extension 'ros'
[0.602s] DEBUG:colcon.colcon_core.package_identification:Package 'src/demo_cpp_topic' with type 'ros.ament_cmake' and name 'demo_cpp_topic'
[0.602s] Level 1:colcon.colcon_core.package_identification:_identify(src/demo_python_topic) by extensions ['ignore', 'ignore_ament_install']
[0.602s] Level 1:colcon.colcon_core.package_identification:_identify(src/demo_python_topic) by extension 'ignore'
[0.602s] Level 1:colcon.colcon_core.package_identification:_identify(src/demo_python_topic) by extension 'ignore_ament_install'
[0.603s] Level 1:colcon.colcon_core.package_identification:_identify(src/demo_python_topic) by extensions ['colcon_pkg']
[0.603s] Level 1:colcon.colcon_core.package_identification:_identify(src/demo_python_topic) by extension 'colcon_pkg'
[0.603s] Level 1:colcon.colcon_core.package_identification:_identify(src/demo_python_topic) by extensions ['colcon_meta']
[0.603s] Level 1:colcon.colcon_core.package_identification:_identify(src/demo_python_topic) by extension 'colcon_meta'
[0.603s] Level 1:colcon.colcon_core.package_identification:_identify(src/demo_python_topic) by extensions ['ros']
[0.603s] Level 1:colcon.colcon_core.package_identification:_identify(src/demo_python_topic) by extension 'ros'
[0.604s] DEBUG:colcon.colcon_core.package_identification:Package 'src/demo_python_topic' with type 'ros.ament_python' and name 'demo_python_topic'
[0.604s] Level 1:colcon.colcon_core.package_discovery:discover_packages(recursive) using defaults
[0.604s] Level 1:colcon.colcon_core.package_discovery:discover_packages(ignore) discover
[0.604s] Level 1:colcon.colcon_core.package_discovery:discover_packages(ignore) using defaults
[0.604s] Level 1:colcon.colcon_core.package_discovery:discover_packages(path) discover
[0.604s] Level 1:colcon.colcon_core.package_discovery:discover_packages(path) using defaults
[0.638s] Level 1:colcon.colcon_core.package_discovery:discover_packages(prefix_path) check parameters
[0.638s] Level 1:colcon.colcon_core.package_discovery:discover_packages(prefix_path) discover
[0.643s] DEBUG:colcon.colcon_installed_package_information.package_discovery:Found 2 installed packages in /home/zmy/Desktop/ros2_learn/lesson3/install
[0.649s] DEBUG:colcon.colcon_installed_package_information.package_discovery:Found 272 installed packages in /opt/ros/humble
[0.653s] Level 1:colcon.colcon_core.package_discovery:discover_packages(prefix_path) using defaults
[0.761s] Level 5:colcon.colcon_core.verb:set package 'demo_cpp_topic' build argument 'cmake_args' from command line to 'None'
[0.761s] Level 5:colcon.colcon_core.verb:set package 'demo_cpp_topic' build argument 'cmake_target' from command line to 'None'
[0.761s] Level 5:colcon.colcon_core.verb:set package 'demo_cpp_topic' build argument 'cmake_target_skip_unavailable' from command line to 'False'
[0.761s] Level 5:colcon.colcon_core.verb:set package 'demo_cpp_topic' build argument 'cmake_clean_cache' from command line to 'False'
[0.761s] Level 5:colcon.colcon_core.verb:set package 'demo_cpp_topic' build argument 'cmake_clean_first' from command line to 'False'
[0.762s] Level 5:colcon.colcon_core.verb:set package 'demo_cpp_topic' build argument 'cmake_force_configure' from command line to 'False'
[0.762s] Level 5:colcon.colcon_core.verb:set package 'demo_cpp_topic' build argument 'ament_cmake_args' from command line to 'None'
[0.762s] Level 5:colcon.colcon_core.verb:set package 'demo_cpp_topic' build argument 'catkin_cmake_args' from command line to 'None'
[0.762s] Level 5:colcon.colcon_core.verb:set package 'demo_cpp_topic' build argument 'catkin_skip_building_tests' from command line to 'False'
[0.762s] DEBUG:colcon.colcon_core.verb:Building package 'demo_cpp_topic' with the following arguments: {'ament_cmake_args': None, 'build_base': '/home/zmy/Desktop/ros2_learn/lesson3/build/demo_cpp_topic', 'catkin_cmake_args': None, 'catkin_skip_building_tests': False, 'cmake_args': None, 'cmake_clean_cache': False, 'cmake_clean_first': False, 'cmake_force_configure': False, 'cmake_target': None, 'cmake_target_skip_unavailable': False, 'install_base': '/home/zmy/Desktop/ros2_learn/lesson3/install/demo_cpp_topic', 'merge_install': False, 'path': '/home/zmy/Desktop/ros2_learn/lesson3/src/demo_cpp_topic', 'symlink_install': False, 'test_result_base': None}
[0.762s] Level 5:colcon.colcon_core.verb:set package 'demo_python_topic' build argument 'cmake_args' from command line to 'None'
[0.763s] Level 5:colcon.colcon_core.verb:set package 'demo_python_topic' build argument 'cmake_target' from command line to 'None'
[0.763s] Level 5:colcon.colcon_core.verb:set package 'demo_python_topic' build argument 'cmake_target_skip_unavailable' from command line to 'False'
[0.763s] Level 5:colcon.colcon_core.verb:set package 'demo_python_topic' build argument 'cmake_clean_cache' from command line to 'False'
[0.763s] Level 5:colcon.colcon_core.verb:set package 'demo_python_topic' build argument 'cmake_clean_first' from command line to 'False'
[0.763s] Level 5:colcon.colcon_core.verb:set package 'demo_python_topic' build argument 'cmake_force_configure' from command line to 'False'
[0.763s] Level 5:colcon.colcon_core.verb:set package 'demo_python_topic' build argument 'ament_cmake_args' from command line to 'None'
[0.763s] Level 5:colcon.colcon_core.verb:set package 'demo_python_topic' build argument 'catkin_cmake_args' from command line to 'None'
[0.763s] Level 5:colcon.colcon_core.verb:set package 'demo_python_topic' build argument 'catkin_skip_building_tests' from command line to 'False'
[0.763s] DEBUG:colcon.colcon_core.verb:Building package 'demo_python_topic' with the following arguments: {'ament_cmake_args': None, 'build_base': '/home/zmy/Desktop/ros2_learn/lesson3/build/demo_python_topic', 'catkin_cmake_args': None, 'catkin_skip_building_tests': False, 'cmake_args': None, 'cmake_clean_cache': False, 'cmake_clean_first': False, 'cmake_force_configure': False, 'cmake_target': None, 'cmake_target_skip_unavailable': False, 'install_base': '/home/zmy/Desktop/ros2_learn/lesson3/install/demo_python_topic', 'merge_install': False, 'path': '/home/zmy/Desktop/ros2_learn/lesson3/src/demo_python_topic', 'symlink_install': False, 'test_result_base': None}
[0.763s] INFO:colcon.colcon_core.executor:Executing jobs using 'parallel' executor
[0.767s] DEBUG:colcon.colcon_parallel_executor.executor.parallel:run_until_complete
[0.767s] INFO:colcon.colcon_ros.task.ament_cmake.build:Building ROS package in '/home/zmy/Desktop/ros2_learn/lesson3/src/demo_cpp_topic' with build type 'ament_cmake'
[0.768s] INFO:colcon.colcon_cmake.task.cmake.build:Building CMake package in '/home/zmy/Desktop/ros2_learn/lesson3/src/demo_cpp_topic'
[0.775s] INFO:colcon.colcon_core.plugin_system:Skipping extension 'colcon_core.shell.bat': Not used on non-Windows systems
[0.776s] INFO:colcon.colcon_core.shell:Skip shell extension 'powershell' for command environment: Not usable outside of PowerShell
[0.776s] DEBUG:colcon.colcon_core.shell:Skip shell extension 'dsv' for command environment
[0.791s] INFO:colcon.colcon_ros.task.ament_python.build:Building ROS package in '/home/zmy/Desktop/ros2_learn/lesson3/src/demo_python_topic' with build type 'ament_python'
[0.792s] Level 1:colcon.colcon_core.shell:create_environment_hook('demo_python_topic', 'ament_prefix_path')
[0.793s] INFO:colcon.colcon_core.shell:Creating environment hook '/home/zmy/Desktop/ros2_learn/lesson3/install/demo_python_topic/share/demo_python_topic/hook/ament_prefix_path.ps1'
[0.796s] INFO:colcon.colcon_core.shell:Creating environment descriptor '/home/zmy/Desktop/ros2_learn/lesson3/install/demo_python_topic/share/demo_python_topic/hook/ament_prefix_path.dsv'
[0.797s] INFO:colcon.colcon_core.shell:Creating environment hook '/home/zmy/Desktop/ros2_learn/lesson3/install/demo_python_topic/share/demo_python_topic/hook/ament_prefix_path.sh'
[0.799s] INFO:colcon.colcon_core.shell:Skip shell extension 'powershell' for command environment: Not usable outside of PowerShell
[0.799s] DEBUG:colcon.colcon_core.shell:Skip shell extension 'dsv' for command environment
[0.853s] DEBUG:colcon.colcon_core.event_handler.log_command:Invoking command in '/home/zmy/Desktop/ros2_learn/lesson3/build/demo_cpp_topic': CMAKE_PREFIX_PATH=${CMAKE_PREFIX_PATH}:/home/zmy/Desktop/ros2_learn/lesson3/install/demo_python_topic:/opt/ros/humble /usr/bin/cmake --build /home/zmy/Desktop/ros2_learn/lesson3/build/demo_cpp_topic -- -j8 -l8
[1.373s] INFO:colcon.colcon_core.task.python.build:Building Python package in '/home/zmy/Desktop/ros2_learn/lesson3/src/demo_python_topic'
[1.374s] INFO:colcon.colcon_core.shell:Skip shell extension 'powershell' for command environment: Not usable outside of PowerShell
[1.374s] DEBUG:colcon.colcon_core.shell:Skip shell extension 'dsv' for command environment
[1.993s] DEBUG:colcon.colcon_core.event_handler.log_command:Invoking command in '/home/zmy/Desktop/ros2_learn/lesson3/src/demo_python_topic': PYTHONPATH=/home/zmy/Desktop/ros2_learn/lesson3/build/demo_python_topic/prefix_override:/usr/lib/python3/dist-packages/colcon_core/task/python/colcon_distutils_commands:/home/zmy/Desktop/ros2_learn/lesson3/install/demo_python_topic/lib/python3.10/site-packages:${PYTHONPATH} /usr/bin/python3 -W ignore:setup.py install is deprecated -W ignore:easy_install command is deprecated setup.py egg_info --egg-base ../../build/demo_python_topic build --build-base /home/zmy/Desktop/ros2_learn/lesson3/build/demo_python_topic/build install --record /home/zmy/Desktop/ros2_learn/lesson3/build/demo_python_topic/install.log --single-version-externally-managed install_data
[2.565s] DEBUG:colcon.colcon_core.event_handler.log_command:Invoked command in '/home/zmy/Desktop/ros2_learn/lesson3/src/demo_python_topic' returned '0': PYTHONPATH=/home/zmy/Desktop/ros2_learn/lesson3/build/demo_python_topic/prefix_override:/usr/lib/python3/dist-packages/colcon_core/task/python/colcon_distutils_commands:/home/zmy/Desktop/ros2_learn/lesson3/install/demo_python_topic/lib/python3.10/site-packages:${PYTHONPATH} /usr/bin/python3 -W ignore:setup.py install is deprecated -W ignore:easy_install command is deprecated setup.py egg_info --egg-base ../../build/demo_python_topic build --build-base /home/zmy/Desktop/ros2_learn/lesson3/build/demo_python_topic/build install --record /home/zmy/Desktop/ros2_learn/lesson3/build/demo_python_topic/install.log --single-version-externally-managed install_data
[2.573s] Level 1:colcon.colcon_core.environment:checking '/home/zmy/Desktop/ros2_learn/lesson3/install/demo_python_topic' for CMake module files
[2.575s] Level 1:colcon.colcon_core.environment:checking '/home/zmy/Desktop/ros2_learn/lesson3/install/demo_python_topic' for CMake config files
[2.578s] Level 1:colcon.colcon_core.environment:checking '/home/zmy/Desktop/ros2_learn/lesson3/install/demo_python_topic/lib'
[2.578s] Level 1:colcon.colcon_core.environment:checking '/home/zmy/Desktop/ros2_learn/lesson3/install/demo_python_topic/bin'
[2.578s] Level 1:colcon.colcon_core.environment:checking '/home/zmy/Desktop/ros2_learn/lesson3/install/demo_python_topic/lib/pkgconfig/demo_python_topic.pc'
[2.578s] Level 1:colcon.colcon_core.environment:checking '/home/zmy/Desktop/ros2_learn/lesson3/install/demo_python_topic/lib/python3.10/site-packages'
[2.579s] Level 1:colcon.colcon_core.shell:create_environment_hook('demo_python_topic', 'pythonpath')
[2.579s] INFO:colcon.colcon_core.shell:Creating environment hook '/home/zmy/Desktop/ros2_learn/lesson3/install/demo_python_topic/share/demo_python_topic/hook/pythonpath.ps1'
[2.583s] INFO:colcon.colcon_core.shell:Creating environment descriptor '/home/zmy/Desktop/ros2_learn/lesson3/install/demo_python_topic/share/demo_python_topic/hook/pythonpath.dsv'
[2.584s] INFO:colcon.colcon_core.shell:Creating environment hook '/home/zmy/Desktop/ros2_learn/lesson3/install/demo_python_topic/share/demo_python_topic/hook/pythonpath.sh'
[2.585s] Level 1:colcon.colcon_core.environment:checking '/home/zmy/Desktop/ros2_learn/lesson3/install/demo_python_topic/bin'
[2.585s] Level 1:colcon.colcon_core.environment:create_environment_scripts_only(demo_python_topic)
[2.585s] INFO:colcon.colcon_core.shell:Creating package script '/home/zmy/Desktop/ros2_learn/lesson3/install/demo_python_topic/share/demo_python_topic/package.ps1'
[2.587s] INFO:colcon.colcon_core.shell:Creating package descriptor '/home/zmy/Desktop/ros2_learn/lesson3/install/demo_python_topic/share/demo_python_topic/package.dsv'
[2.588s] INFO:colcon.colcon_core.shell:Creating package script '/home/zmy/Desktop/ros2_learn/lesson3/install/demo_python_topic/share/demo_python_topic/package.sh'
[2.590s] INFO:colcon.colcon_core.shell:Creating package script '/home/zmy/Desktop/ros2_learn/lesson3/install/demo_python_topic/share/demo_python_topic/package.bash'
[2.591s] INFO:colcon.colcon_core.shell:Creating package script '/home/zmy/Desktop/ros2_learn/lesson3/install/demo_python_topic/share/demo_python_topic/package.zsh'
[2.592s] Level 1:colcon.colcon_core.environment:create_file_with_runtime_dependencies(/home/zmy/Desktop/ros2_learn/lesson3/install/demo_python_topic/share/colcon-core/packages/demo_python_topic)
[16.858s] DEBUG:colcon.colcon_core.event_handler.log_command:Invoked command in '/home/zmy/Desktop/ros2_learn/lesson3/build/demo_cpp_topic' returned '0': CMAKE_PREFIX_PATH=${CMAKE_PREFIX_PATH}:/home/zmy/Desktop/ros2_learn/lesson3/install/demo_python_topic:/opt/ros/humble /usr/bin/cmake --build /home/zmy/Desktop/ros2_learn/lesson3/build/demo_cpp_topic -- -j8 -l8
[16.891s] DEBUG:colcon.colcon_core.event_handler.log_command:Invoking command in '/home/zmy/Desktop/ros2_learn/lesson3/build/demo_cpp_topic': CMAKE_PREFIX_PATH=${CMAKE_PREFIX_PATH}:/home/zmy/Desktop/ros2_learn/lesson3/install/demo_python_topic:/opt/ros/humble /usr/bin/cmake --install /home/zmy/Desktop/ros2_learn/lesson3/build/demo_cpp_topic
[16.964s] Level 1:colcon.colcon_core.environment:create_environment_scripts_only(demo_cpp_topic)
[16.965s] Level 1:colcon.colcon_core.environment:checking '/home/zmy/Desktop/ros2_learn/lesson3/install/demo_cpp_topic' for CMake module files
[16.966s] DEBUG:colcon.colcon_core.event_handler.log_command:Invoked command in '/home/zmy/Desktop/ros2_learn/lesson3/build/demo_cpp_topic' returned '0': CMAKE_PREFIX_PATH=${CMAKE_PREFIX_PATH}:/home/zmy/Desktop/ros2_learn/lesson3/install/demo_python_topic:/opt/ros/humble /usr/bin/cmake --install /home/zmy/Desktop/ros2_learn/lesson3/build/demo_cpp_topic
[16.967s] Level 1:colcon.colcon_core.environment:checking '/home/zmy/Desktop/ros2_learn/lesson3/install/demo_cpp_topic' for CMake config files
[16.968s] Level 1:colcon.colcon_core.shell:create_environment_hook('demo_cpp_topic', 'cmake_prefix_path')
[16.968s] INFO:colcon.colcon_core.shell:Creating environment hook '/home/zmy/Desktop/ros2_learn/lesson3/install/demo_cpp_topic/share/demo_cpp_topic/hook/cmake_prefix_path.ps1'
[16.969s] INFO:colcon.colcon_core.shell:Creating environment descriptor '/home/zmy/Desktop/ros2_learn/lesson3/install/demo_cpp_topic/share/demo_cpp_topic/hook/cmake_prefix_path.dsv'
[16.970s] INFO:colcon.colcon_core.shell:Creating environment hook '/home/zmy/Desktop/ros2_learn/lesson3/install/demo_cpp_topic/share/demo_cpp_topic/hook/cmake_prefix_path.sh'
[16.971s] Level 1:colcon.colcon_core.environment:checking '/home/zmy/Desktop/ros2_learn/lesson3/install/demo_cpp_topic/lib'
[16.971s] Level 1:colcon.colcon_core.environment:checking '/home/zmy/Desktop/ros2_learn/lesson3/install/demo_cpp_topic/bin'
[16.972s] Level 1:colcon.colcon_core.environment:checking '/home/zmy/Desktop/ros2_learn/lesson3/install/demo_cpp_topic/lib/pkgconfig/demo_cpp_topic.pc'
[16.972s] Level 1:colcon.colcon_core.environment:checking '/home/zmy/Desktop/ros2_learn/lesson3/install/demo_cpp_topic/lib/python3.10/site-packages'
[16.972s] Level 1:colcon.colcon_core.environment:checking '/home/zmy/Desktop/ros2_learn/lesson3/install/demo_cpp_topic/bin'
[16.972s] INFO:colcon.colcon_core.shell:Creating package script '/home/zmy/Desktop/ros2_learn/lesson3/install/demo_cpp_topic/share/demo_cpp_topic/package.ps1'
[16.973s] INFO:colcon.colcon_core.shell:Creating package descriptor '/home/zmy/Desktop/ros2_learn/lesson3/install/demo_cpp_topic/share/demo_cpp_topic/package.dsv'
[16.974s] INFO:colcon.colcon_core.shell:Creating package script '/home/zmy/Desktop/ros2_learn/lesson3/install/demo_cpp_topic/share/demo_cpp_topic/package.sh'
[16.976s] INFO:colcon.colcon_core.shell:Creating package script '/home/zmy/Desktop/ros2_learn/lesson3/install/demo_cpp_topic/share/demo_cpp_topic/package.bash'
[16.976s] INFO:colcon.colcon_core.shell:Creating package script '/home/zmy/Desktop/ros2_learn/lesson3/install/demo_cpp_topic/share/demo_cpp_topic/package.zsh'
[16.977s] Level 1:colcon.colcon_core.environment:create_file_with_runtime_dependencies(/home/zmy/Desktop/ros2_learn/lesson3/install/demo_cpp_topic/share/colcon-core/packages/demo_cpp_topic)
[16.979s] Level 1:colcon.colcon_core.environment:create_environment_scripts_only(demo_cpp_topic)
[16.979s] Level 1:colcon.colcon_core.environment:checking '/home/zmy/Desktop/ros2_learn/lesson3/install/demo_cpp_topic' for CMake module files
[16.980s] Level 1:colcon.colcon_core.environment:checking '/home/zmy/Desktop/ros2_learn/lesson3/install/demo_cpp_topic' for CMake config files
[16.981s] Level 1:colcon.colcon_core.shell:create_environment_hook('demo_cpp_topic', 'cmake_prefix_path')
[16.982s] INFO:colcon.colcon_core.shell:Creating environment hook '/home/zmy/Desktop/ros2_learn/lesson3/install/demo_cpp_topic/share/demo_cpp_topic/hook/cmake_prefix_path.ps1'
[16.983s] INFO:colcon.colcon_core.shell:Creating environment descriptor '/home/zmy/Desktop/ros2_learn/lesson3/install/demo_cpp_topic/share/demo_cpp_topic/hook/cmake_prefix_path.dsv'
[16.984s] INFO:colcon.colcon_core.shell:Creating environment hook '/home/zmy/Desktop/ros2_learn/lesson3/install/demo_cpp_topic/share/demo_cpp_topic/hook/cmake_prefix_path.sh'
[16.985s] Level 1:colcon.colcon_core.environment:checking '/home/zmy/Desktop/ros2_learn/lesson3/install/demo_cpp_topic/lib'
[16.985s] Level 1:colcon.colcon_core.environment:checking '/home/zmy/Desktop/ros2_learn/lesson3/install/demo_cpp_topic/bin'
[16.986s] Level 1:colcon.colcon_core.environment:checking '/home/zmy/Desktop/ros2_learn/lesson3/install/demo_cpp_topic/lib/pkgconfig/demo_cpp_topic.pc'
[16.986s] Level 1:colcon.colcon_core.environment:checking '/home/zmy/Desktop/ros2_learn/lesson3/install/demo_cpp_topic/lib/python3.10/site-packages'
[16.987s] Level 1:colcon.colcon_core.environment:checking '/home/zmy/Desktop/ros2_learn/lesson3/install/demo_cpp_topic/bin'
[16.988s] INFO:colcon.colcon_core.shell:Creating package script '/home/zmy/Desktop/ros2_learn/lesson3/install/demo_cpp_topic/share/demo_cpp_topic/package.ps1'
[16.989s] INFO:colcon.colcon_core.shell:Creating package descriptor '/home/zmy/Desktop/ros2_learn/lesson3/install/demo_cpp_topic/share/demo_cpp_topic/package.dsv'
[16.991s] INFO:colcon.colcon_core.shell:Creating package script '/home/zmy/Desktop/ros2_learn/lesson3/install/demo_cpp_topic/share/demo_cpp_topic/package.sh'
[16.993s] INFO:colcon.colcon_core.shell:Creating package script '/home/zmy/Desktop/ros2_learn/lesson3/install/demo_cpp_topic/share/demo_cpp_topic/package.bash'
[16.994s] INFO:colcon.colcon_core.shell:Creating package script '/home/zmy/Desktop/ros2_learn/lesson3/install/demo_cpp_topic/share/demo_cpp_topic/package.zsh'
[16.995s] Level 1:colcon.colcon_core.environment:create_file_with_runtime_dependencies(/home/zmy/Desktop/ros2_learn/lesson3/install/demo_cpp_topic/share/colcon-core/packages/demo_cpp_topic)
[16.996s] DEBUG:colcon.colcon_parallel_executor.executor.parallel:closing loop
[16.996s] DEBUG:colcon.colcon_parallel_executor.executor.parallel:loop closed
[16.996s] DEBUG:colcon.colcon_parallel_executor.executor.parallel:run_until_complete finished with '0'
[16.996s] DEBUG:colcon.colcon_core.event_reactor:joining thread
[17.013s] INFO:colcon.colcon_core.plugin_system:Skipping extension 'colcon_notification.desktop_notification.terminal_notifier': Not used on non-Darwin systems
[17.013s] INFO:colcon.colcon_core.plugin_system:Skipping extension 'colcon_notification.desktop_notification.win32': Not used on non-Windows systems
[17.013s] INFO:colcon.colcon_notification.desktop_notification:Sending desktop notification using 'notify2'
[17.050s] DEBUG:colcon.colcon_core.event_reactor:joined thread
[17.051s] INFO:colcon.colcon_core.shell:Creating prefix script '/home/zmy/Desktop/ros2_learn/lesson3/install/local_setup.ps1'
[17.053s] INFO:colcon.colcon_core.shell:Creating prefix util module '/home/zmy/Desktop/ros2_learn/lesson3/install/_local_setup_util_ps1.py'
[17.054s] INFO:colcon.colcon_core.shell:Creating prefix chain script '/home/zmy/Desktop/ros2_learn/lesson3/install/setup.ps1'
[17.056s] INFO:colcon.colcon_core.shell:Creating prefix script '/home/zmy/Desktop/ros2_learn/lesson3/install/local_setup.sh'
[17.058s] INFO:colcon.colcon_core.shell:Creating prefix util module '/home/zmy/Desktop/ros2_learn/lesson3/install/_local_setup_util_sh.py'
[17.059s] INFO:colcon.colcon_core.shell:Creating prefix chain script '/home/zmy/Desktop/ros2_learn/lesson3/install/setup.sh'
[17.061s] INFO:colcon.colcon_core.shell:Creating prefix script '/home/zmy/Desktop/ros2_learn/lesson3/install/local_setup.bash'
[17.062s] INFO:colcon.colcon_core.shell:Creating prefix chain script '/home/zmy/Desktop/ros2_learn/lesson3/install/setup.bash'
[17.064s] INFO:colcon.colcon_core.shell:Creating prefix script '/home/zmy/Desktop/ros2_learn/lesson3/install/local_setup.zsh'
[17.064s] INFO:colcon.colcon_core.shell:Creating prefix chain script '/home/zmy/Desktop/ros2_learn/lesson3/install/setup.zsh'
