[0.028s] Invoking command in '/home/zmy/Desktop/ros2_learn/lesson2/chapt2_ws/demo_cpp_pkg/build/demo_cpp_pkg': CMAKE_PREFIX_PATH=${CMAKE_PREFIX_PATH}:/home/zmy/Desktop/ros2_learn/lesson2/chapt2_ws/demo_python_pkg/install/demo_python_pkg:/opt/ros/humble /usr/bin/cmake --build /home/zmy/Desktop/ros2_learn/lesson2/chapt2_ws/demo_cpp_pkg/build/demo_cpp_pkg -- -j8 -l8
[0.087s] -- Found ament_cmake: 1.3.12 (/opt/ros/humble/share/ament_cmake/cmake)
[0.255s] -- Found rclcpp: 16.0.15 (/opt/ros/humble/share/rclcpp/cmake)
[0.294s] -- Found rosidl_generator_c: 3.1.7 (/opt/ros/humble/share/rosidl_generator_c/cmake)
[0.299s] -- Found rosidl_adapter: 3.1.7 (/opt/ros/humble/share/rosidl_adapter/cmake)
[0.307s] -- Found rosidl_generator_cpp: 3.1.7 (/opt/ros/humble/share/rosidl_generator_cpp/cmake)
[0.321s] -- Using all available rosidl_typesupport_c: rosidl_typesupport_fastrtps_c;rosidl_typesupport_introspection_c
[0.340s] -- Using all available rosidl_typesupport_cpp: rosidl_typesupport_fastrtps_cpp;rosidl_typesupport_introspection_cpp
[0.385s] -- Found rmw_implementation_cmake: 6.1.2 (/opt/ros/humble/share/rmw_implementation_cmake/cmake)
[0.386s] -- Found rmw_fastrtps_cpp: 6.2.8 (/opt/ros/humble/share/rmw_fastrtps_cpp/cmake)
[0.517s] -- Using RMW implementation 'rmw_fastrtps_cpp' as default
[0.566s] -- Found ament_lint_auto: 0.12.14 (/opt/ros/humble/share/ament_lint_auto/cmake)
[0.718s] -- Added test 'cppcheck' to perform static code analysis on C / C++ code
[0.718s] -- Configured cppcheck include dirs: 
[0.718s] -- Configured cppcheck exclude dirs and/or files: 
[0.723s] -- Added test 'flake8' to check Python code syntax and style conventions
[0.740s] -- Added test 'lint_cmake' to check CMake code style
[0.748s] -- Added test 'pep257' to check Python code against some of the docstring style conventions in PEP 257
[0.809s] -- Added test 'uncrustify' to check C / C++ code style
[0.809s] -- Configured uncrustify additional arguments: 
[0.817s] -- Added test 'xmllint' to check XML markup files
[0.818s] -- Configuring done
[0.831s] [31mCMake Error at CMakeLists.txt:19 (add_executable):
[0.831s]   Cannot find source file:
[0.831s] 
[0.831s]     src/learn_lambda.cpp
[0.831s] 
[0.831s]   Tried extensions .c .C .c++ .cc .cpp .cxx .cu .mpp .m .M .mm .ixx .cppm .h
[0.831s]   .hh .h++ .hm .hpp .hxx .in .txx .f .F .for .f77 .f90 .f95 .f03 .hip .ispc
[0.831s] 
[0.832s] [0m
[0.832s] [31mCMake Error at CMakeLists.txt:19 (add_executable):
[0.832s]   No SOURCES given to target: learn_lambda
[0.832s] 
[0.832s] [0m
[0.832s] [0mCMake Generate step failed.  Build files cannot be regenerated correctly.[0m
[0.841s] gmake: *** [Makefile:390: cmake_check_build_system] Error 1
[0.846s] Invoked command in '/home/zmy/Desktop/ros2_learn/lesson2/chapt2_ws/demo_cpp_pkg/build/demo_cpp_pkg' returned '2': CMAKE_PREFIX_PATH=${CMAKE_PREFIX_PATH}:/home/zmy/Desktop/ros2_learn/lesson2/chapt2_ws/demo_python_pkg/install/demo_python_pkg:/opt/ros/humble /usr/bin/cmake --build /home/zmy/Desktop/ros2_learn/lesson2/chapt2_ws/demo_cpp_pkg/build/demo_cpp_pkg -- -j8 -l8
