[0.222s] DEBUG:colcon:Command line arguments: ['/usr/bin/colcon', 'build']
[0.223s] DEBUG:colcon:Parsed command line arguments: Namespace(log_base=None, log_level=None, verb_name='build', build_base='build', install_base='install', merge_install=False, symlink_install=False, test_result_base=None, continue_on_error=False, executor='parallel', parallel_workers=8, event_handlers=None, ignore_user_meta=False, metas=['./colcon.meta'], base_paths=['.'], packages_ignore=None, packages_ignore_regex=None, paths=None, packages_up_to=None, packages_up_to_regex=None, packages_above=None, packages_above_and_dependencies=None, packages_above_depth=None, packages_select_by_dep=None, packages_skip_by_dep=None, packages_skip_up_to=None, packages_select_build_failed=False, packages_skip_build_finished=False, packages_select_test_failures=False, packages_skip_test_passed=False, packages_select=None, packages_skip=None, packages_select_regex=None, packages_skip_regex=None, packages_start=None, packages_end=None, allow_overriding=[], cmake_args=None, cmake_target=None, cmake_target_skip_unavailable=False, cmake_clean_cache=False, cmake_clean_first=False, cmake_force_configure=False, ament_cmake_args=None, catkin_cmake_args=None, catkin_skip_building_tests=False, verb_parser=<colcon_defaults.argument_parser.defaults.DefaultArgumentsDecorator object at 0x7240319a7ac0>, verb_extension=<colcon_core.verb.build.BuildVerb object at 0x724031adcee0>, main=<bound method BuildVerb.main of <colcon_core.verb.build.BuildVerb object at 0x724031adcee0>>)
[0.587s] Level 1:colcon.colcon_core.package_discovery:discover_packages(colcon_meta) check parameters
[0.587s] Level 1:colcon.colcon_core.package_discovery:discover_packages(recursive) check parameters
[0.587s] Level 1:colcon.colcon_core.package_discovery:discover_packages(ignore) check parameters
[0.587s] Level 1:colcon.colcon_core.package_discovery:discover_packages(path) check parameters
[0.588s] Level 1:colcon.colcon_core.package_discovery:discover_packages(colcon_meta) discover
[0.588s] Level 1:colcon.colcon_core.package_discovery:discover_packages(recursive) discover
[0.588s] INFO:colcon.colcon_core.package_discovery:Crawling recursively for packages in '/home/zmy/Desktop/ros2_learn/lesson3'
[0.588s] Level 1:colcon.colcon_core.package_identification:_identify(.) by extensions ['ignore', 'ignore_ament_install']
[0.588s] Level 1:colcon.colcon_core.package_identification:_identify(.) by extension 'ignore'
[0.589s] Level 1:colcon.colcon_core.package_identification:_identify(.) by extension 'ignore_ament_install'
[0.589s] Level 1:colcon.colcon_core.package_identification:_identify(.) by extensions ['colcon_pkg']
[0.589s] Level 1:colcon.colcon_core.package_identification:_identify(.) by extension 'colcon_pkg'
[0.589s] Level 1:colcon.colcon_core.package_identification:_identify(.) by extensions ['colcon_meta']
[0.589s] Level 1:colcon.colcon_core.package_identification:_identify(.) by extension 'colcon_meta'
[0.589s] Level 1:colcon.colcon_core.package_identification:_identify(.) by extensions ['ros']
[0.589s] Level 1:colcon.colcon_core.package_identification:_identify(.) by extension 'ros'
[0.614s] Level 1:colcon.colcon_core.package_identification:_identify(.) by extensions ['cmake', 'python']
[0.614s] Level 1:colcon.colcon_core.package_identification:_identify(.) by extension 'cmake'
[0.614s] Level 1:colcon.colcon_core.package_identification:_identify(.) by extension 'python'
[0.614s] Level 1:colcon.colcon_core.package_identification:_identify(.) by extensions ['python_setup_py']
[0.614s] Level 1:colcon.colcon_core.package_identification:_identify(.) by extension 'python_setup_py'
[0.615s] Level 1:colcon.colcon_core.package_identification:_identify(build) by extensions ['ignore', 'ignore_ament_install']
[0.615s] Level 1:colcon.colcon_core.package_identification:_identify(build) by extension 'ignore'
[0.615s] Level 1:colcon.colcon_core.package_identification:_identify(build) ignored
[0.615s] Level 1:colcon.colcon_core.package_identification:_identify(install) by extensions ['ignore', 'ignore_ament_install']
[0.615s] Level 1:colcon.colcon_core.package_identification:_identify(install) by extension 'ignore'
[0.615s] Level 1:colcon.colcon_core.package_identification:_identify(install) ignored
[0.616s] Level 1:colcon.colcon_core.package_identification:_identify(log) by extensions ['ignore', 'ignore_ament_install']
[0.616s] Level 1:colcon.colcon_core.package_identification:_identify(log) by extension 'ignore'
[0.616s] Level 1:colcon.colcon_core.package_identification:_identify(log) ignored
[0.616s] Level 1:colcon.colcon_core.package_identification:_identify(src) by extensions ['ignore', 'ignore_ament_install']
[0.616s] Level 1:colcon.colcon_core.package_identification:_identify(src) by extension 'ignore'
[0.617s] Level 1:colcon.colcon_core.package_identification:_identify(src) by extension 'ignore_ament_install'
[0.617s] Level 1:colcon.colcon_core.package_identification:_identify(src) by extensions ['colcon_pkg']
[0.617s] Level 1:colcon.colcon_core.package_identification:_identify(src) by extension 'colcon_pkg'
[0.617s] Level 1:colcon.colcon_core.package_identification:_identify(src) by extensions ['colcon_meta']
[0.617s] Level 1:colcon.colcon_core.package_identification:_identify(src) by extension 'colcon_meta'
[0.617s] Level 1:colcon.colcon_core.package_identification:_identify(src) by extensions ['ros']
[0.617s] Level 1:colcon.colcon_core.package_identification:_identify(src) by extension 'ros'
[0.617s] Level 1:colcon.colcon_core.package_identification:_identify(src) by extensions ['cmake', 'python']
[0.617s] Level 1:colcon.colcon_core.package_identification:_identify(src) by extension 'cmake'
[0.618s] Level 1:colcon.colcon_core.package_identification:_identify(src) by extension 'python'
[0.618s] Level 1:colcon.colcon_core.package_identification:_identify(src) by extensions ['python_setup_py']
[0.618s] Level 1:colcon.colcon_core.package_identification:_identify(src) by extension 'python_setup_py'
[0.618s] Level 1:colcon.colcon_core.package_identification:_identify(src/demo_cpp_topic) by extensions ['ignore', 'ignore_ament_install']
[0.618s] Level 1:colcon.colcon_core.package_identification:_identify(src/demo_cpp_topic) by extension 'ignore'
[0.618s] Level 1:colcon.colcon_core.package_identification:_identify(src/demo_cpp_topic) by extension 'ignore_ament_install'
[0.618s] Level 1:colcon.colcon_core.package_identification:_identify(src/demo_cpp_topic) by extensions ['colcon_pkg']
[0.619s] Level 1:colcon.colcon_core.package_identification:_identify(src/demo_cpp_topic) by extension 'colcon_pkg'
[0.619s] Level 1:colcon.colcon_core.package_identification:_identify(src/demo_cpp_topic) by extensions ['colcon_meta']
[0.619s] Level 1:colcon.colcon_core.package_identification:_identify(src/demo_cpp_topic) by extension 'colcon_meta'
[0.619s] Level 1:colcon.colcon_core.package_identification:_identify(src/demo_cpp_topic) by extensions ['ros']
[0.619s] Level 1:colcon.colcon_core.package_identification:_identify(src/demo_cpp_topic) by extension 'ros'
[0.624s] DEBUG:colcon.colcon_core.package_identification:Package 'src/demo_cpp_topic' with type 'ros.ament_cmake' and name 'demo_cpp_topic'
[0.624s] Level 1:colcon.colcon_core.package_identification:_identify(src/demo_python_topic) by extensions ['ignore', 'ignore_ament_install']
[0.625s] Level 1:colcon.colcon_core.package_identification:_identify(src/demo_python_topic) by extension 'ignore'
[0.625s] Level 1:colcon.colcon_core.package_identification:_identify(src/demo_python_topic) by extension 'ignore_ament_install'
[0.625s] Level 1:colcon.colcon_core.package_identification:_identify(src/demo_python_topic) by extensions ['colcon_pkg']
[0.625s] Level 1:colcon.colcon_core.package_identification:_identify(src/demo_python_topic) by extension 'colcon_pkg'
[0.625s] Level 1:colcon.colcon_core.package_identification:_identify(src/demo_python_topic) by extensions ['colcon_meta']
[0.626s] Level 1:colcon.colcon_core.package_identification:_identify(src/demo_python_topic) by extension 'colcon_meta'
[0.626s] Level 1:colcon.colcon_core.package_identification:_identify(src/demo_python_topic) by extensions ['ros']
[0.626s] Level 1:colcon.colcon_core.package_identification:_identify(src/demo_python_topic) by extension 'ros'
[0.627s] DEBUG:colcon.colcon_core.package_identification:Package 'src/demo_python_topic' with type 'ros.ament_python' and name 'demo_python_topic'
[0.627s] Level 1:colcon.colcon_core.package_discovery:discover_packages(recursive) using defaults
[0.627s] Level 1:colcon.colcon_core.package_discovery:discover_packages(ignore) discover
[0.627s] Level 1:colcon.colcon_core.package_discovery:discover_packages(ignore) using defaults
[0.627s] Level 1:colcon.colcon_core.package_discovery:discover_packages(path) discover
[0.627s] Level 1:colcon.colcon_core.package_discovery:discover_packages(path) using defaults
[0.668s] Level 1:colcon.colcon_core.package_discovery:discover_packages(prefix_path) check parameters
[0.668s] Level 1:colcon.colcon_core.package_discovery:discover_packages(prefix_path) discover
[0.672s] DEBUG:colcon.colcon_installed_package_information.package_discovery:Found 2 installed packages in /home/zmy/Desktop/ros2_learn/lesson3/install
[0.680s] DEBUG:colcon.colcon_installed_package_information.package_discovery:Found 272 installed packages in /opt/ros/humble
[0.684s] Level 1:colcon.colcon_core.package_discovery:discover_packages(prefix_path) using defaults
[0.796s] Level 5:colcon.colcon_core.verb:set package 'demo_cpp_topic' build argument 'cmake_args' from command line to 'None'
[0.796s] Level 5:colcon.colcon_core.verb:set package 'demo_cpp_topic' build argument 'cmake_target' from command line to 'None'
[0.796s] Level 5:colcon.colcon_core.verb:set package 'demo_cpp_topic' build argument 'cmake_target_skip_unavailable' from command line to 'False'
[0.796s] Level 5:colcon.colcon_core.verb:set package 'demo_cpp_topic' build argument 'cmake_clean_cache' from command line to 'False'
[0.796s] Level 5:colcon.colcon_core.verb:set package 'demo_cpp_topic' build argument 'cmake_clean_first' from command line to 'False'
[0.796s] Level 5:colcon.colcon_core.verb:set package 'demo_cpp_topic' build argument 'cmake_force_configure' from command line to 'False'
[0.797s] Level 5:colcon.colcon_core.verb:set package 'demo_cpp_topic' build argument 'ament_cmake_args' from command line to 'None'
[0.797s] Level 5:colcon.colcon_core.verb:set package 'demo_cpp_topic' build argument 'catkin_cmake_args' from command line to 'None'
[0.797s] Level 5:colcon.colcon_core.verb:set package 'demo_cpp_topic' build argument 'catkin_skip_building_tests' from command line to 'False'
[0.797s] DEBUG:colcon.colcon_core.verb:Building package 'demo_cpp_topic' with the following arguments: {'ament_cmake_args': None, 'build_base': '/home/zmy/Desktop/ros2_learn/lesson3/build/demo_cpp_topic', 'catkin_cmake_args': None, 'catkin_skip_building_tests': False, 'cmake_args': None, 'cmake_clean_cache': False, 'cmake_clean_first': False, 'cmake_force_configure': False, 'cmake_target': None, 'cmake_target_skip_unavailable': False, 'install_base': '/home/zmy/Desktop/ros2_learn/lesson3/install/demo_cpp_topic', 'merge_install': False, 'path': '/home/zmy/Desktop/ros2_learn/lesson3/src/demo_cpp_topic', 'symlink_install': False, 'test_result_base': None}
[0.797s] Level 5:colcon.colcon_core.verb:set package 'demo_python_topic' build argument 'cmake_args' from command line to 'None'
[0.797s] Level 5:colcon.colcon_core.verb:set package 'demo_python_topic' build argument 'cmake_target' from command line to 'None'
[0.797s] Level 5:colcon.colcon_core.verb:set package 'demo_python_topic' build argument 'cmake_target_skip_unavailable' from command line to 'False'
[0.798s] Level 5:colcon.colcon_core.verb:set package 'demo_python_topic' build argument 'cmake_clean_cache' from command line to 'False'
[0.798s] Level 5:colcon.colcon_core.verb:set package 'demo_python_topic' build argument 'cmake_clean_first' from command line to 'False'
[0.798s] Level 5:colcon.colcon_core.verb:set package 'demo_python_topic' build argument 'cmake_force_configure' from command line to 'False'
[0.798s] Level 5:colcon.colcon_core.verb:set package 'demo_python_topic' build argument 'ament_cmake_args' from command line to 'None'
[0.798s] Level 5:colcon.colcon_core.verb:set package 'demo_python_topic' build argument 'catkin_cmake_args' from command line to 'None'
[0.798s] Level 5:colcon.colcon_core.verb:set package 'demo_python_topic' build argument 'catkin_skip_building_tests' from command line to 'False'
[0.798s] DEBUG:colcon.colcon_core.verb:Building package 'demo_python_topic' with the following arguments: {'ament_cmake_args': None, 'build_base': '/home/zmy/Desktop/ros2_learn/lesson3/build/demo_python_topic', 'catkin_cmake_args': None, 'catkin_skip_building_tests': False, 'cmake_args': None, 'cmake_clean_cache': False, 'cmake_clean_first': False, 'cmake_force_configure': False, 'cmake_target': None, 'cmake_target_skip_unavailable': False, 'install_base': '/home/zmy/Desktop/ros2_learn/lesson3/install/demo_python_topic', 'merge_install': False, 'path': '/home/zmy/Desktop/ros2_learn/lesson3/src/demo_python_topic', 'symlink_install': False, 'test_result_base': None}
[0.798s] INFO:colcon.colcon_core.executor:Executing jobs using 'parallel' executor
[0.802s] DEBUG:colcon.colcon_parallel_executor.executor.parallel:run_until_complete
[0.802s] INFO:colcon.colcon_ros.task.ament_cmake.build:Building ROS package in '/home/zmy/Desktop/ros2_learn/lesson3/src/demo_cpp_topic' with build type 'ament_cmake'
[0.803s] INFO:colcon.colcon_cmake.task.cmake.build:Building CMake package in '/home/zmy/Desktop/ros2_learn/lesson3/src/demo_cpp_topic'
[0.811s] INFO:colcon.colcon_core.plugin_system:Skipping extension 'colcon_core.shell.bat': Not used on non-Windows systems
[0.812s] INFO:colcon.colcon_core.shell:Skip shell extension 'powershell' for command environment: Not usable outside of PowerShell
[0.812s] DEBUG:colcon.colcon_core.shell:Skip shell extension 'dsv' for command environment
[0.826s] INFO:colcon.colcon_ros.task.ament_python.build:Building ROS package in '/home/zmy/Desktop/ros2_learn/lesson3/src/demo_python_topic' with build type 'ament_python'
[0.826s] Level 1:colcon.colcon_core.shell:create_environment_hook('demo_python_topic', 'ament_prefix_path')
[0.827s] INFO:colcon.colcon_core.shell:Creating environment hook '/home/zmy/Desktop/ros2_learn/lesson3/install/demo_python_topic/share/demo_python_topic/hook/ament_prefix_path.ps1'
[0.829s] INFO:colcon.colcon_core.shell:Creating environment descriptor '/home/zmy/Desktop/ros2_learn/lesson3/install/demo_python_topic/share/demo_python_topic/hook/ament_prefix_path.dsv'
[0.830s] INFO:colcon.colcon_core.shell:Creating environment hook '/home/zmy/Desktop/ros2_learn/lesson3/install/demo_python_topic/share/demo_python_topic/hook/ament_prefix_path.sh'
[0.832s] INFO:colcon.colcon_core.shell:Skip shell extension 'powershell' for command environment: Not usable outside of PowerShell
[0.832s] DEBUG:colcon.colcon_core.shell:Skip shell extension 'dsv' for command environment
[0.870s] DEBUG:colcon.colcon_core.event_handler.log_command:Invoking command in '/home/zmy/Desktop/ros2_learn/lesson3/build/demo_cpp_topic': CMAKE_PREFIX_PATH=${CMAKE_PREFIX_PATH}:/home/zmy/Desktop/ros2_learn/lesson3/install/demo_python_topic:/opt/ros/humble /usr/bin/cmake --build /home/zmy/Desktop/ros2_learn/lesson3/build/demo_cpp_topic -- -j8 -l8
[1.388s] INFO:colcon.colcon_core.task.python.build:Building Python package in '/home/zmy/Desktop/ros2_learn/lesson3/src/demo_python_topic'
[1.389s] INFO:colcon.colcon_core.shell:Skip shell extension 'powershell' for command environment: Not usable outside of PowerShell
[1.389s] DEBUG:colcon.colcon_core.shell:Skip shell extension 'dsv' for command environment
[2.037s] DEBUG:colcon.colcon_core.event_handler.log_command:Invoking command in '/home/zmy/Desktop/ros2_learn/lesson3/src/demo_python_topic': PYTHONPATH=/home/zmy/Desktop/ros2_learn/lesson3/build/demo_python_topic/prefix_override:/usr/lib/python3/dist-packages/colcon_core/task/python/colcon_distutils_commands:/home/zmy/Desktop/ros2_learn/lesson3/install/demo_python_topic/lib/python3.10/site-packages:${PYTHONPATH} /usr/bin/python3 -W ignore:setup.py install is deprecated -W ignore:easy_install command is deprecated setup.py egg_info --egg-base ../../build/demo_python_topic build --build-base /home/zmy/Desktop/ros2_learn/lesson3/build/demo_python_topic/build install --record /home/zmy/Desktop/ros2_learn/lesson3/build/demo_python_topic/install.log --single-version-externally-managed install_data
[2.561s] DEBUG:colcon.colcon_core.event_handler.log_command:Invoked command in '/home/zmy/Desktop/ros2_learn/lesson3/src/demo_python_topic' returned '0': PYTHONPATH=/home/zmy/Desktop/ros2_learn/lesson3/build/demo_python_topic/prefix_override:/usr/lib/python3/dist-packages/colcon_core/task/python/colcon_distutils_commands:/home/zmy/Desktop/ros2_learn/lesson3/install/demo_python_topic/lib/python3.10/site-packages:${PYTHONPATH} /usr/bin/python3 -W ignore:setup.py install is deprecated -W ignore:easy_install command is deprecated setup.py egg_info --egg-base ../../build/demo_python_topic build --build-base /home/zmy/Desktop/ros2_learn/lesson3/build/demo_python_topic/build install --record /home/zmy/Desktop/ros2_learn/lesson3/build/demo_python_topic/install.log --single-version-externally-managed install_data
[2.570s] Level 1:colcon.colcon_core.environment:checking '/home/zmy/Desktop/ros2_learn/lesson3/install/demo_python_topic' for CMake module files
[2.572s] Level 1:colcon.colcon_core.environment:checking '/home/zmy/Desktop/ros2_learn/lesson3/install/demo_python_topic' for CMake config files
[2.574s] Level 1:colcon.colcon_core.environment:checking '/home/zmy/Desktop/ros2_learn/lesson3/install/demo_python_topic/lib'
[2.574s] Level 1:colcon.colcon_core.environment:checking '/home/zmy/Desktop/ros2_learn/lesson3/install/demo_python_topic/bin'
[2.575s] Level 1:colcon.colcon_core.environment:checking '/home/zmy/Desktop/ros2_learn/lesson3/install/demo_python_topic/lib/pkgconfig/demo_python_topic.pc'
[2.575s] Level 1:colcon.colcon_core.environment:checking '/home/zmy/Desktop/ros2_learn/lesson3/install/demo_python_topic/lib/python3.10/site-packages'
[2.575s] Level 1:colcon.colcon_core.shell:create_environment_hook('demo_python_topic', 'pythonpath')
[2.576s] INFO:colcon.colcon_core.shell:Creating environment hook '/home/zmy/Desktop/ros2_learn/lesson3/install/demo_python_topic/share/demo_python_topic/hook/pythonpath.ps1'
[2.579s] INFO:colcon.colcon_core.shell:Creating environment descriptor '/home/zmy/Desktop/ros2_learn/lesson3/install/demo_python_topic/share/demo_python_topic/hook/pythonpath.dsv'
[2.580s] INFO:colcon.colcon_core.shell:Creating environment hook '/home/zmy/Desktop/ros2_learn/lesson3/install/demo_python_topic/share/demo_python_topic/hook/pythonpath.sh'
[2.581s] Level 1:colcon.colcon_core.environment:checking '/home/zmy/Desktop/ros2_learn/lesson3/install/demo_python_topic/bin'
[2.581s] Level 1:colcon.colcon_core.environment:create_environment_scripts_only(demo_python_topic)
[2.582s] INFO:colcon.colcon_core.shell:Creating package script '/home/zmy/Desktop/ros2_learn/lesson3/install/demo_python_topic/share/demo_python_topic/package.ps1'
[2.583s] INFO:colcon.colcon_core.shell:Creating package descriptor '/home/zmy/Desktop/ros2_learn/lesson3/install/demo_python_topic/share/demo_python_topic/package.dsv'
[2.583s] INFO:colcon.colcon_core.shell:Creating package script '/home/zmy/Desktop/ros2_learn/lesson3/install/demo_python_topic/share/demo_python_topic/package.sh'
[2.584s] INFO:colcon.colcon_core.shell:Creating package script '/home/zmy/Desktop/ros2_learn/lesson3/install/demo_python_topic/share/demo_python_topic/package.bash'
[2.585s] INFO:colcon.colcon_core.shell:Creating package script '/home/zmy/Desktop/ros2_learn/lesson3/install/demo_python_topic/share/demo_python_topic/package.zsh'
[2.586s] Level 1:colcon.colcon_core.environment:create_file_with_runtime_dependencies(/home/zmy/Desktop/ros2_learn/lesson3/install/demo_python_topic/share/colcon-core/packages/demo_python_topic)
[17.924s] DEBUG:colcon.colcon_core.event_handler.log_command:Invoked command in '/home/zmy/Desktop/ros2_learn/lesson3/build/demo_cpp_topic' returned '0': CMAKE_PREFIX_PATH=${CMAKE_PREFIX_PATH}:/home/zmy/Desktop/ros2_learn/lesson3/install/demo_python_topic:/opt/ros/humble /usr/bin/cmake --build /home/zmy/Desktop/ros2_learn/lesson3/build/demo_cpp_topic -- -j8 -l8
[17.972s] DEBUG:colcon.colcon_core.event_handler.log_command:Invoking command in '/home/zmy/Desktop/ros2_learn/lesson3/build/demo_cpp_topic': CMAKE_PREFIX_PATH=${CMAKE_PREFIX_PATH}:/home/zmy/Desktop/ros2_learn/lesson3/install/demo_python_topic:/opt/ros/humble /usr/bin/cmake --install /home/zmy/Desktop/ros2_learn/lesson3/build/demo_cpp_topic
[18.044s] Level 1:colcon.colcon_core.environment:create_environment_scripts_only(demo_cpp_topic)
[18.045s] Level 1:colcon.colcon_core.environment:checking '/home/zmy/Desktop/ros2_learn/lesson3/install/demo_cpp_topic' for CMake module files
[18.046s] DEBUG:colcon.colcon_core.event_handler.log_command:Invoked command in '/home/zmy/Desktop/ros2_learn/lesson3/build/demo_cpp_topic' returned '0': CMAKE_PREFIX_PATH=${CMAKE_PREFIX_PATH}:/home/zmy/Desktop/ros2_learn/lesson3/install/demo_python_topic:/opt/ros/humble /usr/bin/cmake --install /home/zmy/Desktop/ros2_learn/lesson3/build/demo_cpp_topic
[18.047s] Level 1:colcon.colcon_core.environment:checking '/home/zmy/Desktop/ros2_learn/lesson3/install/demo_cpp_topic' for CMake config files
[18.049s] Level 1:colcon.colcon_core.shell:create_environment_hook('demo_cpp_topic', 'cmake_prefix_path')
[18.050s] INFO:colcon.colcon_core.shell:Creating environment hook '/home/zmy/Desktop/ros2_learn/lesson3/install/demo_cpp_topic/share/demo_cpp_topic/hook/cmake_prefix_path.ps1'
[18.051s] INFO:colcon.colcon_core.shell:Creating environment descriptor '/home/zmy/Desktop/ros2_learn/lesson3/install/demo_cpp_topic/share/demo_cpp_topic/hook/cmake_prefix_path.dsv'
[18.053s] INFO:colcon.colcon_core.shell:Creating environment hook '/home/zmy/Desktop/ros2_learn/lesson3/install/demo_cpp_topic/share/demo_cpp_topic/hook/cmake_prefix_path.sh'
[18.055s] Level 1:colcon.colcon_core.environment:checking '/home/zmy/Desktop/ros2_learn/lesson3/install/demo_cpp_topic/lib'
[18.055s] Level 1:colcon.colcon_core.environment:checking '/home/zmy/Desktop/ros2_learn/lesson3/install/demo_cpp_topic/bin'
[18.055s] Level 1:colcon.colcon_core.environment:checking '/home/zmy/Desktop/ros2_learn/lesson3/install/demo_cpp_topic/lib/pkgconfig/demo_cpp_topic.pc'
[18.056s] Level 1:colcon.colcon_core.environment:checking '/home/zmy/Desktop/ros2_learn/lesson3/install/demo_cpp_topic/lib/python3.10/site-packages'
[18.056s] Level 1:colcon.colcon_core.environment:checking '/home/zmy/Desktop/ros2_learn/lesson3/install/demo_cpp_topic/bin'
[18.056s] INFO:colcon.colcon_core.shell:Creating package script '/home/zmy/Desktop/ros2_learn/lesson3/install/demo_cpp_topic/share/demo_cpp_topic/package.ps1'
[18.058s] INFO:colcon.colcon_core.shell:Creating package descriptor '/home/zmy/Desktop/ros2_learn/lesson3/install/demo_cpp_topic/share/demo_cpp_topic/package.dsv'
[18.059s] INFO:colcon.colcon_core.shell:Creating package script '/home/zmy/Desktop/ros2_learn/lesson3/install/demo_cpp_topic/share/demo_cpp_topic/package.sh'
[18.060s] INFO:colcon.colcon_core.shell:Creating package script '/home/zmy/Desktop/ros2_learn/lesson3/install/demo_cpp_topic/share/demo_cpp_topic/package.bash'
[18.063s] INFO:colcon.colcon_core.shell:Creating package script '/home/zmy/Desktop/ros2_learn/lesson3/install/demo_cpp_topic/share/demo_cpp_topic/package.zsh'
[18.064s] Level 1:colcon.colcon_core.environment:create_file_with_runtime_dependencies(/home/zmy/Desktop/ros2_learn/lesson3/install/demo_cpp_topic/share/colcon-core/packages/demo_cpp_topic)
[18.065s] Level 1:colcon.colcon_core.environment:create_environment_scripts_only(demo_cpp_topic)
[18.066s] Level 1:colcon.colcon_core.environment:checking '/home/zmy/Desktop/ros2_learn/lesson3/install/demo_cpp_topic' for CMake module files
[18.067s] Level 1:colcon.colcon_core.environment:checking '/home/zmy/Desktop/ros2_learn/lesson3/install/demo_cpp_topic' for CMake config files
[18.069s] Level 1:colcon.colcon_core.shell:create_environment_hook('demo_cpp_topic', 'cmake_prefix_path')
[18.069s] INFO:colcon.colcon_core.shell:Creating environment hook '/home/zmy/Desktop/ros2_learn/lesson3/install/demo_cpp_topic/share/demo_cpp_topic/hook/cmake_prefix_path.ps1'
[18.070s] INFO:colcon.colcon_core.shell:Creating environment descriptor '/home/zmy/Desktop/ros2_learn/lesson3/install/demo_cpp_topic/share/demo_cpp_topic/hook/cmake_prefix_path.dsv'
[18.072s] INFO:colcon.colcon_core.shell:Creating environment hook '/home/zmy/Desktop/ros2_learn/lesson3/install/demo_cpp_topic/share/demo_cpp_topic/hook/cmake_prefix_path.sh'
[18.073s] Level 1:colcon.colcon_core.environment:checking '/home/zmy/Desktop/ros2_learn/lesson3/install/demo_cpp_topic/lib'
[18.073s] Level 1:colcon.colcon_core.environment:checking '/home/zmy/Desktop/ros2_learn/lesson3/install/demo_cpp_topic/bin'
[18.073s] Level 1:colcon.colcon_core.environment:checking '/home/zmy/Desktop/ros2_learn/lesson3/install/demo_cpp_topic/lib/pkgconfig/demo_cpp_topic.pc'
[18.074s] Level 1:colcon.colcon_core.environment:checking '/home/zmy/Desktop/ros2_learn/lesson3/install/demo_cpp_topic/lib/python3.10/site-packages'
[18.074s] Level 1:colcon.colcon_core.environment:checking '/home/zmy/Desktop/ros2_learn/lesson3/install/demo_cpp_topic/bin'
[18.074s] INFO:colcon.colcon_core.shell:Creating package script '/home/zmy/Desktop/ros2_learn/lesson3/install/demo_cpp_topic/share/demo_cpp_topic/package.ps1'
[18.075s] INFO:colcon.colcon_core.shell:Creating package descriptor '/home/zmy/Desktop/ros2_learn/lesson3/install/demo_cpp_topic/share/demo_cpp_topic/package.dsv'
[18.077s] INFO:colcon.colcon_core.shell:Creating package script '/home/zmy/Desktop/ros2_learn/lesson3/install/demo_cpp_topic/share/demo_cpp_topic/package.sh'
[18.078s] INFO:colcon.colcon_core.shell:Creating package script '/home/zmy/Desktop/ros2_learn/lesson3/install/demo_cpp_topic/share/demo_cpp_topic/package.bash'
[18.079s] INFO:colcon.colcon_core.shell:Creating package script '/home/zmy/Desktop/ros2_learn/lesson3/install/demo_cpp_topic/share/demo_cpp_topic/package.zsh'
[18.081s] Level 1:colcon.colcon_core.environment:create_file_with_runtime_dependencies(/home/zmy/Desktop/ros2_learn/lesson3/install/demo_cpp_topic/share/colcon-core/packages/demo_cpp_topic)
[18.083s] DEBUG:colcon.colcon_parallel_executor.executor.parallel:closing loop
[18.084s] DEBUG:colcon.colcon_parallel_executor.executor.parallel:loop closed
[18.084s] DEBUG:colcon.colcon_parallel_executor.executor.parallel:run_until_complete finished with '0'
[18.085s] DEBUG:colcon.colcon_core.event_reactor:joining thread
[18.099s] INFO:colcon.colcon_core.plugin_system:Skipping extension 'colcon_notification.desktop_notification.terminal_notifier': Not used on non-Darwin systems
[18.100s] INFO:colcon.colcon_core.plugin_system:Skipping extension 'colcon_notification.desktop_notification.win32': Not used on non-Windows systems
[18.100s] INFO:colcon.colcon_notification.desktop_notification:Sending desktop notification using 'notify2'
[18.142s] DEBUG:colcon.colcon_core.event_reactor:joined thread
[18.143s] INFO:colcon.colcon_core.shell:Creating prefix script '/home/zmy/Desktop/ros2_learn/lesson3/install/local_setup.ps1'
[18.145s] INFO:colcon.colcon_core.shell:Creating prefix util module '/home/zmy/Desktop/ros2_learn/lesson3/install/_local_setup_util_ps1.py'
[18.148s] INFO:colcon.colcon_core.shell:Creating prefix chain script '/home/zmy/Desktop/ros2_learn/lesson3/install/setup.ps1'
[18.150s] INFO:colcon.colcon_core.shell:Creating prefix script '/home/zmy/Desktop/ros2_learn/lesson3/install/local_setup.sh'
[18.152s] INFO:colcon.colcon_core.shell:Creating prefix util module '/home/zmy/Desktop/ros2_learn/lesson3/install/_local_setup_util_sh.py'
[18.154s] INFO:colcon.colcon_core.shell:Creating prefix chain script '/home/zmy/Desktop/ros2_learn/lesson3/install/setup.sh'
[18.156s] INFO:colcon.colcon_core.shell:Creating prefix script '/home/zmy/Desktop/ros2_learn/lesson3/install/local_setup.bash'
[18.158s] INFO:colcon.colcon_core.shell:Creating prefix chain script '/home/zmy/Desktop/ros2_learn/lesson3/install/setup.bash'
[18.160s] INFO:colcon.colcon_core.shell:Creating prefix script '/home/zmy/Desktop/ros2_learn/lesson3/install/local_setup.zsh'
[18.161s] INFO:colcon.colcon_core.shell:Creating prefix chain script '/home/zmy/Desktop/ros2_learn/lesson3/install/setup.zsh'
