[0.062s] Invoking command in '/home/zmy/Desktop/ros2_learn/lesson3/build/demo_cpp_topic': CMAKE_PREFIX_PATH=${CMAKE_PREFIX_PATH}:/home/zmy/Desktop/ros2_learn/lesson3/install/demo_python_topic:/opt/ros/humble /usr/bin/cmake --build /home/zmy/Desktop/ros2_learn/lesson3/build/demo_cpp_topic -- -j8 -l8
[0.304s] [35m[1mConsolidate compiler generated dependencies of target turtle_control[0m
[0.359s] [ 25%] [32mBuilding CXX object CMakeFiles/turtle_circle.dir/src/turtle_circle.cpp.o[0m
[0.388s] [ 75%] Built target turtle_control
[8.511s] [100%] [32m[1mLinking CXX executable turtle_circle[0m
[9.130s] [100%] Built target turtle_circle
[9.175s] Invoked command in '/home/zmy/Desktop/ros2_learn/lesson3/build/demo_cpp_topic' returned '0': CMAKE_PREFIX_PATH=${CMAKE_PREFIX_PATH}:/home/zmy/Desktop/ros2_learn/lesson3/install/demo_python_topic:/opt/ros/humble /usr/bin/cmake --build /home/zmy/Desktop/ros2_learn/lesson3/build/demo_cpp_topic -- -j8 -l8
[9.214s] Invoking command in '/home/zmy/Desktop/ros2_learn/lesson3/build/demo_cpp_topic': CMAKE_PREFIX_PATH=${CMAKE_PREFIX_PATH}:/home/zmy/Desktop/ros2_learn/lesson3/install/demo_python_topic:/opt/ros/humble /usr/bin/cmake --install /home/zmy/Desktop/ros2_learn/lesson3/build/demo_cpp_topic
[9.252s] -- Install configuration: ""
[9.254s] -- Installing: /home/zmy/Desktop/ros2_learn/lesson3/install/demo_cpp_topic/lib/demo_cpp_topic/turtle_circle
[9.261s] -- Set runtime path of "/home/zmy/Desktop/ros2_learn/lesson3/install/demo_cpp_topic/lib/demo_cpp_topic/turtle_circle" to ""
[9.262s] -- Up-to-date: /home/zmy/Desktop/ros2_learn/lesson3/install/demo_cpp_topic/lib/demo_cpp_topic/turtle_control
[9.266s] -- Up-to-date: /home/zmy/Desktop/ros2_learn/lesson3/install/demo_cpp_topic/share/ament_index/resource_index/package_run_dependencies/demo_cpp_topic
[9.266s] -- Up-to-date: /home/zmy/Desktop/ros2_learn/lesson3/install/demo_cpp_topic/share/ament_index/resource_index/parent_prefix_path/demo_cpp_topic
[9.266s] -- Up-to-date: /home/zmy/Desktop/ros2_learn/lesson3/install/demo_cpp_topic/share/demo_cpp_topic/environment/ament_prefix_path.sh
[9.266s] -- Up-to-date: /home/zmy/Desktop/ros2_learn/lesson3/install/demo_cpp_topic/share/demo_cpp_topic/environment/ament_prefix_path.dsv
[9.266s] -- Up-to-date: /home/zmy/Desktop/ros2_learn/lesson3/install/demo_cpp_topic/share/demo_cpp_topic/environment/path.sh
[9.266s] -- Up-to-date: /home/zmy/Desktop/ros2_learn/lesson3/install/demo_cpp_topic/share/demo_cpp_topic/environment/path.dsv
[9.267s] -- Up-to-date: /home/zmy/Desktop/ros2_learn/lesson3/install/demo_cpp_topic/share/demo_cpp_topic/local_setup.bash
[9.267s] -- Up-to-date: /home/zmy/Desktop/ros2_learn/lesson3/install/demo_cpp_topic/share/demo_cpp_topic/local_setup.sh
[9.269s] -- Up-to-date: /home/zmy/Desktop/ros2_learn/lesson3/install/demo_cpp_topic/share/demo_cpp_topic/local_setup.zsh
[9.270s] -- Up-to-date: /home/zmy/Desktop/ros2_learn/lesson3/install/demo_cpp_topic/share/demo_cpp_topic/local_setup.dsv
[9.271s] -- Installing: /home/zmy/Desktop/ros2_learn/lesson3/install/demo_cpp_topic/share/demo_cpp_topic/package.dsv
[9.271s] -- Up-to-date: /home/zmy/Desktop/ros2_learn/lesson3/install/demo_cpp_topic/share/ament_index/resource_index/packages/demo_cpp_topic
[9.271s] -- Up-to-date: /home/zmy/Desktop/ros2_learn/lesson3/install/demo_cpp_topic/share/demo_cpp_topic/cmake/demo_cpp_topicConfig.cmake
[9.274s] -- Up-to-date: /home/zmy/Desktop/ros2_learn/lesson3/install/demo_cpp_topic/share/demo_cpp_topic/cmake/demo_cpp_topicConfig-version.cmake
[9.275s] -- Up-to-date: /home/zmy/Desktop/ros2_learn/lesson3/install/demo_cpp_topic/share/demo_cpp_topic/package.xml
[9.278s] Invoked command in '/home/zmy/Desktop/ros2_learn/lesson3/build/demo_cpp_topic' returned '0': CMAKE_PREFIX_PATH=${CMAKE_PREFIX_PATH}:/home/zmy/Desktop/ros2_learn/lesson3/install/demo_python_topic:/opt/ros/humble /usr/bin/cmake --install /home/zmy/Desktop/ros2_learn/lesson3/build/demo_cpp_topic
