[0.032s] Invoking command in '/home/zmy/Desktop/ros2_learn/lesson3/topic_practice_ws/build/status_display': CMAKE_PREFIX_PATH=/home/zmy/Desktop/ros2_learn/lesson3/topic_practice_ws/install/status_interfaces:/home/zmy/Desktop/ros2_learn/lesson3/topic_practice_ws/install/status_display:/home/zmy/Desktop/ros2_learn/lesson3/topic_practice_ws/install/status_publisher:/opt/ros/humble LD_LIBRARY_PATH=/home/zmy/Desktop/ros2_learn/lesson3/topic_practice_ws/install/status_interfaces/lib:/opt/MVS/lib/64:/opt/MVS/lib/32:/opt/ros/humble/opt/rviz_ogre_vendor/lib:/opt/ros/humble/lib/x86_64-linux-gnu:/opt/ros/humble/lib:/opt/MVS/lib/64:/opt/MVS/lib/32:/opt/MVS/lib/64:/opt/MVS/lib/32:/opt/MVS/lib/64:/opt/MVS/lib/32 /usr/bin/cmake --build /home/zmy/Desktop/ros2_learn/lesson3/topic_practice_ws/build/status_display -- -j8 -l8
[0.162s] [35m[1mConsolidate compiler generated dependencies of target sys_status_display[0m
[0.205s] [ 50%] Built target hello_qt
[0.233s] [ 75%] [32mBuilding CXX object CMakeFiles/sys_status_display.dir/src/sys_status_display.cpp.o[0m
[10.329s] [100%] [32m[1mLinking CXX executable sys_status_display[0m
[11.657s] [100%] Built target sys_status_display
[11.686s] Invoked command in '/home/zmy/Desktop/ros2_learn/lesson3/topic_practice_ws/build/status_display' returned '0': CMAKE_PREFIX_PATH=/home/zmy/Desktop/ros2_learn/lesson3/topic_practice_ws/install/status_interfaces:/home/zmy/Desktop/ros2_learn/lesson3/topic_practice_ws/install/status_display:/home/zmy/Desktop/ros2_learn/lesson3/topic_practice_ws/install/status_publisher:/opt/ros/humble LD_LIBRARY_PATH=/home/zmy/Desktop/ros2_learn/lesson3/topic_practice_ws/install/status_interfaces/lib:/opt/MVS/lib/64:/opt/MVS/lib/32:/opt/ros/humble/opt/rviz_ogre_vendor/lib:/opt/ros/humble/lib/x86_64-linux-gnu:/opt/ros/humble/lib:/opt/MVS/lib/64:/opt/MVS/lib/32:/opt/MVS/lib/64:/opt/MVS/lib/32:/opt/MVS/lib/64:/opt/MVS/lib/32 /usr/bin/cmake --build /home/zmy/Desktop/ros2_learn/lesson3/topic_practice_ws/build/status_display -- -j8 -l8
[11.689s] Invoking command in '/home/zmy/Desktop/ros2_learn/lesson3/topic_practice_ws/build/status_display': CMAKE_PREFIX_PATH=/home/zmy/Desktop/ros2_learn/lesson3/topic_practice_ws/install/status_interfaces:/home/zmy/Desktop/ros2_learn/lesson3/topic_practice_ws/install/status_display:/home/zmy/Desktop/ros2_learn/lesson3/topic_practice_ws/install/status_publisher:/opt/ros/humble LD_LIBRARY_PATH=/home/zmy/Desktop/ros2_learn/lesson3/topic_practice_ws/install/status_interfaces/lib:/opt/MVS/lib/64:/opt/MVS/lib/32:/opt/ros/humble/opt/rviz_ogre_vendor/lib:/opt/ros/humble/lib/x86_64-linux-gnu:/opt/ros/humble/lib:/opt/MVS/lib/64:/opt/MVS/lib/32:/opt/MVS/lib/64:/opt/MVS/lib/32:/opt/MVS/lib/64:/opt/MVS/lib/32 /usr/bin/cmake --install /home/zmy/Desktop/ros2_learn/lesson3/topic_practice_ws/build/status_display
[11.706s] -- Install configuration: ""
[11.707s] -- Installing: /home/zmy/Desktop/ros2_learn/lesson3/topic_practice_ws/install/status_display/lib/status_display/hello_qt
[11.708s] -- Installing: /home/zmy/Desktop/ros2_learn/lesson3/topic_practice_ws/install/status_display/lib/status_display/sys_status_display
[11.723s] -- Set runtime path of "/home/zmy/Desktop/ros2_learn/lesson3/topic_practice_ws/install/status_display/lib/status_display/sys_status_display" to ""
[11.723s] -- Up-to-date: /home/zmy/Desktop/ros2_learn/lesson3/topic_practice_ws/install/status_display/share/ament_index/resource_index/package_run_dependencies/status_display
[11.724s] -- Installing: /home/zmy/Desktop/ros2_learn/lesson3/topic_practice_ws/install/status_display/share/ament_index/resource_index/parent_prefix_path/status_display
[11.724s] -- Up-to-date: /home/zmy/Desktop/ros2_learn/lesson3/topic_practice_ws/install/status_display/share/status_display/environment/ament_prefix_path.sh
[11.724s] -- Installing: /home/zmy/Desktop/ros2_learn/lesson3/topic_practice_ws/install/status_display/share/status_display/environment/ament_prefix_path.dsv
[11.724s] -- Up-to-date: /home/zmy/Desktop/ros2_learn/lesson3/topic_practice_ws/install/status_display/share/status_display/environment/path.sh
[11.724s] -- Installing: /home/zmy/Desktop/ros2_learn/lesson3/topic_practice_ws/install/status_display/share/status_display/environment/path.dsv
[11.724s] -- Up-to-date: /home/zmy/Desktop/ros2_learn/lesson3/topic_practice_ws/install/status_display/share/status_display/local_setup.bash
[11.725s] -- Up-to-date: /home/zmy/Desktop/ros2_learn/lesson3/topic_practice_ws/install/status_display/share/status_display/local_setup.sh
[11.725s] -- Up-to-date: /home/zmy/Desktop/ros2_learn/lesson3/topic_practice_ws/install/status_display/share/status_display/local_setup.zsh
[11.725s] -- Installing: /home/zmy/Desktop/ros2_learn/lesson3/topic_practice_ws/install/status_display/share/status_display/local_setup.dsv
[11.725s] -- Installing: /home/zmy/Desktop/ros2_learn/lesson3/topic_practice_ws/install/status_display/share/status_display/package.dsv
[11.727s] -- Up-to-date: /home/zmy/Desktop/ros2_learn/lesson3/topic_practice_ws/install/status_display/share/ament_index/resource_index/packages/status_display
[11.727s] -- Up-to-date: /home/zmy/Desktop/ros2_learn/lesson3/topic_practice_ws/install/status_display/share/status_display/cmake/status_displayConfig.cmake
[11.727s] -- Up-to-date: /home/zmy/Desktop/ros2_learn/lesson3/topic_practice_ws/install/status_display/share/status_display/cmake/status_displayConfig-version.cmake
[11.727s] -- Up-to-date: /home/zmy/Desktop/ros2_learn/lesson3/topic_practice_ws/install/status_display/share/status_display/package.xml
[11.734s] Invoked command in '/home/zmy/Desktop/ros2_learn/lesson3/topic_practice_ws/build/status_display' returned '0': CMAKE_PREFIX_PATH=/home/zmy/Desktop/ros2_learn/lesson3/topic_practice_ws/install/status_interfaces:/home/zmy/Desktop/ros2_learn/lesson3/topic_practice_ws/install/status_display:/home/zmy/Desktop/ros2_learn/lesson3/topic_practice_ws/install/status_publisher:/opt/ros/humble LD_LIBRARY_PATH=/home/zmy/Desktop/ros2_learn/lesson3/topic_practice_ws/install/status_interfaces/lib:/opt/MVS/lib/64:/opt/MVS/lib/32:/opt/ros/humble/opt/rviz_ogre_vendor/lib:/opt/ros/humble/lib/x86_64-linux-gnu:/opt/ros/humble/lib:/opt/MVS/lib/64:/opt/MVS/lib/32:/opt/MVS/lib/64:/opt/MVS/lib/32:/opt/MVS/lib/64:/opt/MVS/lib/32 /usr/bin/cmake --install /home/zmy/Desktop/ros2_learn/lesson3/topic_practice_ws/build/status_display
