[0.736s] Invoking command in '/home/zmy/Desktop/ros2_learn/chapt2_ws/demo_python_pkg': AMENT_PREFIX_PATH=/home/zmy/Desktop/ros2_learn/chapt2_ws/install/demo_cpp_pkg:${AMENT_PREFIX_PATH} CMAKE_PREFIX_PATH=/home/zmy/Desktop/ros2_learn/chapt2_ws/install/demo_cpp_pkg PYTHONPATH=/home/zmy/Desktop/ros2_learn/chapt2_ws/build/demo_python_pkg/prefix_override:/usr/lib/python3/dist-packages/colcon_core/task/python/colcon_distutils_commands:/home/zmy/Desktop/ros2_learn/chapt2_ws/install/demo_python_pkg/lib/python3.10/site-packages:${PYTHONPATH} /usr/bin/python3 -W ignore:setup.py install is deprecated -W ignore:easy_install command is deprecated setup.py egg_info --egg-base ../build/demo_python_pkg build --build-base /home/zmy/Desktop/ros2_learn/chapt2_ws/build/demo_python_pkg/build install --record /home/zmy/Desktop/ros2_learn/chapt2_ws/build/demo_python_pkg/install.log --single-version-externally-managed install_data
[1.020s] running egg_info
[1.021s] writing ../build/demo_python_pkg/demo_python_pkg.egg-info/PKG-INFO
[1.022s] writing dependency_links to ../build/demo_python_pkg/demo_python_pkg.egg-info/dependency_links.txt
[1.025s] writing entry points to ../build/demo_python_pkg/demo_python_pkg.egg-info/entry_points.txt
[1.025s] writing requirements to ../build/demo_python_pkg/demo_python_pkg.egg-info/requires.txt
[1.026s] writing top-level names to ../build/demo_python_pkg/demo_python_pkg.egg-info/top_level.txt
[1.029s] reading manifest file '../build/demo_python_pkg/demo_python_pkg.egg-info/SOURCES.txt'
[1.029s] adding license file 'LICENSE'
[1.030s] writing manifest file '../build/demo_python_pkg/demo_python_pkg.egg-info/SOURCES.txt'
[1.031s] running build
[1.031s] running build_py
[1.031s] running install
[1.031s] running install_lib
[1.033s] running install_data
[1.033s] copying package.xml -> /home/zmy/Desktop/ros2_learn/chapt2_ws/install/demo_python_pkg/share/demo_python_pkg
[1.034s] running install_egg_info
[1.037s] removing '/home/zmy/Desktop/ros2_learn/chapt2_ws/install/demo_python_pkg/lib/python3.10/site-packages/demo_python_pkg-0.0.0-py3.10.egg-info' (and everything under it)
[1.037s] Copying ../build/demo_python_pkg/demo_python_pkg.egg-info to /home/zmy/Desktop/ros2_learn/chapt2_ws/install/demo_python_pkg/lib/python3.10/site-packages/demo_python_pkg-0.0.0-py3.10.egg-info
[1.038s] running install_scripts
[1.075s] Installing python_node script to /home/zmy/Desktop/ros2_learn/chapt2_ws/install/demo_python_pkg/lib/demo_python_pkg
[1.075s] writing list of installed files to '/home/zmy/Desktop/ros2_learn/chapt2_ws/build/demo_python_pkg/install.log'
[1.103s] Invoked command in '/home/zmy/Desktop/ros2_learn/chapt2_ws/demo_python_pkg' returned '0': AMENT_PREFIX_PATH=/home/zmy/Desktop/ros2_learn/chapt2_ws/install/demo_cpp_pkg:${AMENT_PREFIX_PATH} CMAKE_PREFIX_PATH=/home/zmy/Desktop/ros2_learn/chapt2_ws/install/demo_cpp_pkg PYTHONPATH=/home/zmy/Desktop/ros2_learn/chapt2_ws/build/demo_python_pkg/prefix_override:/usr/lib/python3/dist-packages/colcon_core/task/python/colcon_distutils_commands:/home/zmy/Desktop/ros2_learn/chapt2_ws/install/demo_python_pkg/lib/python3.10/site-packages:${PYTHONPATH} /usr/bin/python3 -W ignore:setup.py install is deprecated -W ignore:easy_install command is deprecated setup.py egg_info --egg-base ../build/demo_python_pkg build --build-base /home/zmy/Desktop/ros2_learn/chapt2_ws/build/demo_python_pkg/build install --record /home/zmy/Desktop/ros2_learn/chapt2_ws/build/demo_python_pkg/install.log --single-version-externally-managed install_data
