[0.040s] Invoking command in '/home/zmy/Desktop/ros2_learn/lesson3/topic_practice_ws/build/status_display': CMAKE_PREFIX_PATH=/home/zmy/Desktop/ros2_learn/lesson3/topic_practice_ws/install/status_interfaces:/home/zmy/Desktop/ros2_learn/lesson3/topic_practice_ws/install/status_display:/home/zmy/Desktop/ros2_learn/lesson3/topic_practice_ws/install/status_publisher:/opt/ros/humble LD_LIBRARY_PATH=/home/zmy/Desktop/ros2_learn/lesson3/topic_practice_ws/install/status_interfaces/lib:/opt/MVS/lib/64:/opt/MVS/lib/32:/opt/ros/humble/opt/rviz_ogre_vendor/lib:/opt/ros/humble/lib/x86_64-linux-gnu:/opt/ros/humble/lib:/opt/MVS/lib/64:/opt/MVS/lib/32:/opt/MVS/lib/64:/opt/MVS/lib/32:/opt/MVS/lib/64:/opt/MVS/lib/32 /usr/bin/cmake --build /home/zmy/Desktop/ros2_learn/lesson3/topic_practice_ws/build/status_display -- -j8 -l8
[0.103s] -- Found ament_cmake: 1.3.12 (/opt/ros/humble/share/ament_cmake/cmake)
[0.300s] -- Found rclcpp: 16.0.15 (/opt/ros/humble/share/rclcpp/cmake)
[0.346s] -- Found rosidl_generator_c: 3.1.7 (/opt/ros/humble/share/rosidl_generator_c/cmake)
[0.352s] -- Found rosidl_adapter: 3.1.7 (/opt/ros/humble/share/rosidl_adapter/cmake)
[0.362s] -- Found rosidl_generator_cpp: 3.1.7 (/opt/ros/humble/share/rosidl_generator_cpp/cmake)
[0.379s] -- Using all available rosidl_typesupport_c: rosidl_typesupport_fastrtps_c;rosidl_typesupport_introspection_c
[0.400s] -- Using all available rosidl_typesupport_cpp: rosidl_typesupport_fastrtps_cpp;rosidl_typesupport_introspection_cpp
[0.442s] -- Found rmw_implementation_cmake: 6.1.2 (/opt/ros/humble/share/rmw_implementation_cmake/cmake)
[0.444s] -- Found rmw_fastrtps_cpp: 6.2.8 (/opt/ros/humble/share/rmw_fastrtps_cpp/cmake)
[0.591s] -- Using RMW implementation 'rmw_fastrtps_cpp' as default
[0.646s] -- Found status_interfaces: 0.0.0 (/home/zmy/Desktop/ros2_learn/lesson3/topic_practice_ws/install/status_interfaces/share/status_interfaces/cmake)
[0.668s] -- Found ament_lint_auto: 0.12.14 (/opt/ros/humble/share/ament_lint_auto/cmake)
[0.781s] -- Added test 'cppcheck' to perform static code analysis on C / C++ code
[0.781s] -- Configured cppcheck include dirs: 
[0.781s] -- Configured cppcheck exclude dirs and/or files: 
[0.782s] -- Added test 'lint_cmake' to check CMake code style
[0.784s] -- Added test 'uncrustify' to check C / C++ code style
[0.784s] -- Configured uncrustify additional arguments: 
[0.786s] -- Added test 'xmllint' to check XML markup files
[0.786s] -- Configuring done
[0.828s] -- Generating done
[0.835s] -- Build files have been written to: /home/zmy/Desktop/ros2_learn/lesson3/topic_practice_ws/build/status_display
[0.907s] [35m[1mConsolidate compiler generated dependencies of target hello_qt[0m
[0.944s] [ 25%] [32mBuilding CXX object CMakeFiles/sys_status_display.dir/src/sys_status_display.cpp.o[0m
[0.953s] [ 50%] [32mBuilding CXX object CMakeFiles/hello_qt.dir/src/hello_qt.cpp.o[0m
[2.330s] [ 75%] [32m[1mLinking CXX executable hello_qt[0m
[2.870s] [ 75%] Built target hello_qt
[5.101s] [01m[K/home/zmy/Desktop/ros2_learn/lesson3/topic_practice_ws/src/status_display/src/sys_status_display.cpp:[m[K In constructor ‘[01m[KSystemStatusDisplay::SystemStatusDisplay()[m[K’:
[5.101s] [01m[K/home/zmy/Desktop/ros2_learn/lesson3/topic_practice_ws/src/status_display/src/sys_status_display.cpp:16:54:[m[K [01;31m[Kerror: [m[Kno matching function for call to ‘[01m[Krclcpp::Subscription<status_interfaces::msg::SystemStatus_<std::allocator<void> > >::Subscription()[m[K’
[5.101s]    16 |     SystemStatusDisplay() : Node("sys_status_display"[01;31m[K)[m[K
[5.101s]       |                                                      [01;31m[K^[m[K
[5.102s] In file included from [01m[K/opt/ros/humble/include/rclcpp/rclcpp/any_executable.hpp:25[m[K,
[5.102s]                  from [01m[K/opt/ros/humble/include/rclcpp/rclcpp/memory_strategy.hpp:25[m[K,
[5.102s]                  from [01m[K/opt/ros/humble/include/rclcpp/rclcpp/memory_strategies.hpp:18[m[K,
[5.102s]                  from [01m[K/opt/ros/humble/include/rclcpp/rclcpp/executor_options.hpp:20[m[K,
[5.102s]                  from [01m[K/opt/ros/humble/include/rclcpp/rclcpp/executor.hpp:37[m[K,
[5.103s]                  from [01m[K/opt/ros/humble/include/rclcpp/rclcpp/executors/multi_threaded_executor.hpp:25[m[K,
[5.103s]                  from [01m[K/opt/ros/humble/include/rclcpp/rclcpp/executors.hpp:21[m[K,
[5.103s]                  from [01m[K/opt/ros/humble/include/rclcpp/rclcpp/rclcpp.hpp:155[m[K,
[5.103s]                  from [01m[K/home/zmy/Desktop/ros2_learn/lesson3/topic_practice_ws/src/status_display/src/sys_status_display.cpp:4[m[K:
[5.103s] [01m[K/opt/ros/humble/include/rclcpp/rclcpp/subscription.hpp:130:3:[m[K [01;36m[Knote: [m[Kcandidate: ‘[01m[Krclcpp::Subscription<MessageT, AllocatorT, SubscribedT, ROSMessageT, MessageMemoryStrategyT>::Subscription(rclcpp::node_interfaces::NodeBaseInterface*, const rosidl_message_type_support_t&, const string&, const rclcpp::QoS&, rclcpp::AnySubscriptionCallback<CallbackMessageT, AllocatorT>, const rclcpp::SubscriptionOptionsWithAllocator<AllocatorT>&, typename MessageMemoryStrategyT::SharedPtr, rclcpp::Subscription<MessageT, AllocatorT, SubscribedT, ROSMessageT, MessageMemoryStrategyT>::SubscriptionTopicStatisticsSharedPtr) [with MessageT = status_interfaces::msg::SystemStatus_<std::allocator<void> >; AllocatorT = std::allocator<void>; SubscribedT = status_interfaces::msg::SystemStatus_<std::allocator<void> >; ROSMessageT = status_interfaces::msg::SystemStatus_<std::allocator<void> >; MessageMemoryStrategyT = rclcpp::message_memory_strategy::MessageMemoryStrategy<status_interfaces::msg::SystemStatus_<std::allocator<void> >, std::allocator<void> >; rosidl_message_type_support_t = rosidl_message_type_support_t; std::string = std::__cxx11::basic_string<char>; typename MessageMemoryStrategyT::SharedPtr = std::shared_ptr<rclcpp::message_memory_strategy::MessageMemoryStrategy<status_interfaces::msg::SystemStatus_<std::allocator<void> >, std::allocator<void> > >; rclcpp::Subscription<MessageT, AllocatorT, SubscribedT, ROSMessageT, MessageMemoryStrategyT>::SubscriptionTopicStatisticsSharedPtr = std::shared_ptr<rclcpp::topic_statistics::SubscriptionTopicStatistics<status_interfaces::msg::SystemStatus_<std::allocator<void> > > >][m[K’
[5.103s]   130 |   [01;36m[KSubscription[m[K(
[5.103s]       |   [01;36m[K^~~~~~~~~~~~[m[K
[5.104s] [01m[K/opt/ros/humble/include/rclcpp/rclcpp/subscription.hpp:130:3:[m[K [01;36m[Knote: [m[K  candidate expects 8 arguments, 0 provided
[5.113s] [01m[K/home/zmy/Desktop/ros2_learn/lesson3/topic_practice_ws/src/status_display/src/sys_status_display.cpp:20:104:[m[K [01;31m[Kerror: [m[Kno match for ‘[01m[Koperator=[m[K’ (operand types are ‘[01m[Krclcpp::Subscription<status_interfaces::msg::SystemStatus_<std::allocator<void> > >[m[K’ and ‘[01m[Kstd::shared_ptr<rclcpp::Subscription<status_interfaces::msg::SystemStatus_<std::allocator<void> > > >[m[K’)
[5.114s]    20 |                                                         { label_->setText(get_qstring_from_msg(msg)); }[01;31m[K)[m[K;
[5.114s]       |                                                                                                        [01;31m[K^[m[K
[5.114s] In file included from [01m[K/opt/ros/humble/include/rclcpp/rclcpp/context.hpp:35[m[K,
[5.114s]                  from [01m[K/opt/ros/humble/include/rclcpp/rclcpp/executor.hpp:34[m[K,
[5.114s]                  from [01m[K/opt/ros/humble/include/rclcpp/rclcpp/executors/multi_threaded_executor.hpp:25[m[K,
[5.114s]                  from [01m[K/opt/ros/humble/include/rclcpp/rclcpp/executors.hpp:21[m[K,
[5.114s]                  from [01m[K/opt/ros/humble/include/rclcpp/rclcpp/rclcpp.hpp:155[m[K,
[5.114s]                  from [01m[K/home/zmy/Desktop/ros2_learn/lesson3/topic_practice_ws/src/status_display/src/sys_status_display.cpp:4[m[K:
[5.114s] [01m[K/opt/ros/humble/include/rclcpp/rclcpp/subscription.hpp:423:3:[m[K [01;36m[Knote: [m[Kcandidate: ‘[01m[Krclcpp::Subscription<MessageT, AllocatorT, SubscribedT, ROSMessageT, MessageMemoryStrategyT>& rclcpp::Subscription<MessageT, AllocatorT, SubscribedT, ROSMessageT, MessageMemoryStrategyT>::operator=(const rclcpp::Subscription<MessageT, AllocatorT, SubscribedT, ROSMessageT, MessageMemoryStrategyT>&) [with MessageT = status_interfaces::msg::SystemStatus_<std::allocator<void> >; AllocatorT = std::allocator<void>; SubscribedT = status_interfaces::msg::SystemStatus_<std::allocator<void> >; ROSMessageT = status_interfaces::msg::SystemStatus_<std::allocator<void> >; MessageMemoryStrategyT = rclcpp::message_memory_strategy::MessageMemoryStrategy<status_interfaces::msg::SystemStatus_<std::allocator<void> >, std::allocator<void> >][m[K’ (deleted)
[5.115s]   423 |   [01;36m[KRCLCPP_DISABLE_COPY[m[K(Subscription)
[5.115s]       |   [01;36m[K^~~~~~~~~~~~~~~~~~~[m[K
[5.115s] [01m[K/opt/ros/humble/include/rclcpp/rclcpp/subscription.hpp:423:3:[m[K [01;36m[Knote: [m[K  no known conversion for argument 1 from ‘[01m[Kstd::shared_ptr<rclcpp::Subscription<status_interfaces::msg::SystemStatus_<std::allocator<void> > > >[m[K’ to ‘[01m[Kconst rclcpp::Subscription<status_interfaces::msg::SystemStatus_<std::allocator<void> > >&[m[K’
[5.115s]   423 |   [01;36m[KRCLCPP_DISABLE_COPY[m[K(Subscription)
[5.115s]       |   [01;36m[K^~~~~~~~~~~~~~~~~~~[m[K
[7.733s] gmake[2]: *** [CMakeFiles/sys_status_display.dir/build.make:76: CMakeFiles/sys_status_display.dir/src/sys_status_display.cpp.o] Error 1
[7.734s] gmake[1]: *** [CMakeFiles/Makefile2:165: CMakeFiles/sys_status_display.dir/all] Error 2
[7.735s] gmake: *** [Makefile:146: all] Error 2
[7.739s] Invoked command in '/home/zmy/Desktop/ros2_learn/lesson3/topic_practice_ws/build/status_display' returned '2': CMAKE_PREFIX_PATH=/home/zmy/Desktop/ros2_learn/lesson3/topic_practice_ws/install/status_interfaces:/home/zmy/Desktop/ros2_learn/lesson3/topic_practice_ws/install/status_display:/home/zmy/Desktop/ros2_learn/lesson3/topic_practice_ws/install/status_publisher:/opt/ros/humble LD_LIBRARY_PATH=/home/zmy/Desktop/ros2_learn/lesson3/topic_practice_ws/install/status_interfaces/lib:/opt/MVS/lib/64:/opt/MVS/lib/32:/opt/ros/humble/opt/rviz_ogre_vendor/lib:/opt/ros/humble/lib/x86_64-linux-gnu:/opt/ros/humble/lib:/opt/MVS/lib/64:/opt/MVS/lib/32:/opt/MVS/lib/64:/opt/MVS/lib/32:/opt/MVS/lib/64:/opt/MVS/lib/32 /usr/bin/cmake --build /home/zmy/Desktop/ros2_learn/lesson3/topic_practice_ws/build/status_display -- -j8 -l8
