[0.043s] Invoking command in '/home/zmy/Desktop/ros2_learn/lesson4/chapt4_ws/build/chapt4_interfaces': CMAKE_PREFIX_PATH=/opt/ros/humble /usr/bin/cmake /home/zmy/Desktop/ros2_learn/lesson4/chapt4_ws/src/chapt4_interfaces -DCMAKE_INSTALL_PREFIX=/home/zmy/Desktop/ros2_learn/lesson4/chapt4_ws/install/chapt4_interfaces
[0.322s] -- The C compiler identification is GNU 11.4.0
[0.561s] -- The CXX compiler identification is GNU 11.4.0
[0.589s] -- Detecting C compiler ABI info
[0.791s] -- Detecting C compiler ABI info - done
[0.796s] -- Check for working C compiler: /usr/bin/cc - skipped
[0.797s] -- Detecting C compile features
[0.799s] -- Detecting C compile features - done
[0.805s] -- Detecting CXX compiler ABI info
[1.022s] -- Detecting CXX compiler ABI info - done
[1.027s] -- Check for working CXX compiler: /usr/bin/c++ - skipped
[1.028s] -- Detecting CXX compile features
[1.028s] -- Detecting CXX compile features - done
[1.044s] -- Found ament_cmake: 1.3.12 (/opt/ros/humble/share/ament_cmake/cmake)
[1.302s] -- Found Python3: /usr/bin/python3 (found version "3.10.12") found components: Interpreter 
[1.500s] -- Found rosidl_default_generators: 1.2.0 (/opt/ros/humble/share/rosidl_default_generators/cmake)
[1.510s] -- Using all available rosidl_typesupport_c: rosidl_typesupport_fastrtps_c;rosidl_typesupport_introspection_c
[1.535s] -- Found rosidl_adapter: 3.1.7 (/opt/ros/humble/share/rosidl_adapter/cmake)
[1.667s] -- Using all available rosidl_typesupport_cpp: rosidl_typesupport_fastrtps_cpp;rosidl_typesupport_introspection_cpp
[1.944s] -- Configuring incomplete, errors occurred!
[1.944s] See also "/home/zmy/Desktop/ros2_learn/lesson4/chapt4_ws/build/chapt4_interfaces/CMakeFiles/CMakeOutput.log".
[1.945s] [31mCMake Error at /opt/ros/humble/share/rosidl_cmake/cmake/rosidl_generate_interfaces.cmake:162 (message):
[1.945s]   rosidl_generate_interfaces() the passed dependency 'sensor_msgs' has not
[1.945s]   been found before using find_package()
[1.945s] Call Stack (most recent call first):
[1.945s]   CMakeLists.txt:12 (rosidl_generate_interfaces)
[1.945s] 
[1.945s] [0m
[1.965s] Invoked command in '/home/zmy/Desktop/ros2_learn/lesson4/chapt4_ws/build/chapt4_interfaces' returned '1': CMAKE_PREFIX_PATH=/opt/ros/humble /usr/bin/cmake /home/zmy/Desktop/ros2_learn/lesson4/chapt4_ws/src/chapt4_interfaces -DCMAKE_INSTALL_PREFIX=/home/zmy/Desktop/ros2_learn/lesson4/chapt4_ws/install/chapt4_interfaces
