[0.107s] Invoking command in '/home/zmy/Desktop/ros2_learn/lesson3/build/demo_cpp_topic': CMAKE_PREFIX_PATH=/opt/ros/humble /usr/bin/cmake --build /home/zmy/Desktop/ros2_learn/lesson3/build/demo_cpp_topic -- -j8 -l8
[0.499s] -- Found ament_cmake: 1.3.12 (/opt/ros/humble/share/ament_cmake/cmake)
[1.060s] -- Found rclcpp: 16.0.15 (/opt/ros/humble/share/rclcpp/cmake)
[1.224s] -- Found rosidl_generator_c: 3.1.7 (/opt/ros/humble/share/rosidl_generator_c/cmake)
[1.257s] -- Found rosidl_adapter: 3.1.7 (/opt/ros/humble/share/rosidl_adapter/cmake)
[1.294s] -- Found rosidl_generator_cpp: 3.1.7 (/opt/ros/humble/share/rosidl_generator_cpp/cmake)
[1.363s] -- Using all available rosidl_typesupport_c: rosidl_typesupport_fastrtps_c;rosidl_typesupport_introspection_c
[1.431s] -- Using all available rosidl_typesupport_cpp: rosidl_typesupport_fastrtps_cpp;rosidl_typesupport_introspection_cpp
[1.599s] -- Found rmw_implementation_cmake: 6.1.2 (/opt/ros/humble/share/rmw_implementation_cmake/cmake)
[1.610s] -- Found rmw_fastrtps_cpp: 6.2.8 (/opt/ros/humble/share/rmw_fastrtps_cpp/cmake)
[1.937s] -- Using RMW implementation 'rmw_fastrtps_cpp' as default
[2.157s] -- Found geometry_msgs: 4.9.0 (/opt/ros/humble/share/geometry_msgs/cmake)
[2.219s] -- Found turtlesim: 1.4.2 (/opt/ros/humble/share/turtlesim/cmake)
[2.386s] -- Found ament_lint_auto: 0.12.14 (/opt/ros/humble/share/ament_lint_auto/cmake)
[2.599s] -- Added test 'cppcheck' to perform static code analysis on C / C++ code
[2.599s] -- Configured cppcheck include dirs: 
[2.599s] -- Configured cppcheck exclude dirs and/or files: 
[2.606s] -- Added test 'lint_cmake' to check CMake code style
[2.610s] -- Added test 'uncrustify' to check C / C++ code style
[2.610s] -- Configured uncrustify additional arguments: 
[2.613s] -- Added test 'xmllint' to check XML markup files
[2.627s] -- Configuring done
[2.720s] -- Generating done
[2.730s] -- Build files have been written to: /home/zmy/Desktop/ros2_learn/lesson3/build/demo_cpp_topic
[2.846s] [35m[1mConsolidate compiler generated dependencies of target turtle_circle[0m
[2.905s] [ 25%] [32mBuilding CXX object CMakeFiles/turtle_control.dir/src/turtle_control.cpp.o[0m
[2.941s] [ 50%] [32mBuilding CXX object CMakeFiles/turtle_circle.dir/src/turtle_circle.cpp.o[0m
[12.194s] [ 75%] [32m[1mLinking CXX executable turtle_circle[0m
[13.007s] [ 75%] Built target turtle_circle
[18.508s] [100%] [32m[1mLinking CXX executable turtle_control[0m
[19.785s] [100%] Built target turtle_control
[19.845s] Invoked command in '/home/zmy/Desktop/ros2_learn/lesson3/build/demo_cpp_topic' returned '0': CMAKE_PREFIX_PATH=/opt/ros/humble /usr/bin/cmake --build /home/zmy/Desktop/ros2_learn/lesson3/build/demo_cpp_topic -- -j8 -l8
[19.889s] Invoking command in '/home/zmy/Desktop/ros2_learn/lesson3/build/demo_cpp_topic': CMAKE_PREFIX_PATH=/opt/ros/humble /usr/bin/cmake --install /home/zmy/Desktop/ros2_learn/lesson3/build/demo_cpp_topic
[19.921s] -- Install configuration: ""
[19.932s] -- Installing: /home/zmy/Desktop/ros2_learn/lesson3/install/demo_cpp_topic/lib/demo_cpp_topic/turtle_circle
[19.939s] -- Set runtime path of "/home/zmy/Desktop/ros2_learn/lesson3/install/demo_cpp_topic/lib/demo_cpp_topic/turtle_circle" to ""
[19.940s] -- Installing: /home/zmy/Desktop/ros2_learn/lesson3/install/demo_cpp_topic/lib/demo_cpp_topic/turtle_control
[19.958s] -- Set runtime path of "/home/zmy/Desktop/ros2_learn/lesson3/install/demo_cpp_topic/lib/demo_cpp_topic/turtle_control" to ""
[19.958s] -- Up-to-date: /home/zmy/Desktop/ros2_learn/lesson3/install/demo_cpp_topic/share/ament_index/resource_index/package_run_dependencies/demo_cpp_topic
[19.958s] -- Up-to-date: /home/zmy/Desktop/ros2_learn/lesson3/install/demo_cpp_topic/share/ament_index/resource_index/parent_prefix_path/demo_cpp_topic
[19.959s] -- Up-to-date: /home/zmy/Desktop/ros2_learn/lesson3/install/demo_cpp_topic/share/demo_cpp_topic/environment/ament_prefix_path.sh
[19.959s] -- Installing: /home/zmy/Desktop/ros2_learn/lesson3/install/demo_cpp_topic/share/demo_cpp_topic/environment/ament_prefix_path.dsv
[19.960s] -- Up-to-date: /home/zmy/Desktop/ros2_learn/lesson3/install/demo_cpp_topic/share/demo_cpp_topic/environment/path.sh
[19.960s] -- Installing: /home/zmy/Desktop/ros2_learn/lesson3/install/demo_cpp_topic/share/demo_cpp_topic/environment/path.dsv
[19.960s] -- Up-to-date: /home/zmy/Desktop/ros2_learn/lesson3/install/demo_cpp_topic/share/demo_cpp_topic/local_setup.bash
[19.961s] -- Up-to-date: /home/zmy/Desktop/ros2_learn/lesson3/install/demo_cpp_topic/share/demo_cpp_topic/local_setup.sh
[19.961s] -- Up-to-date: /home/zmy/Desktop/ros2_learn/lesson3/install/demo_cpp_topic/share/demo_cpp_topic/local_setup.zsh
[19.962s] -- Installing: /home/zmy/Desktop/ros2_learn/lesson3/install/demo_cpp_topic/share/demo_cpp_topic/local_setup.dsv
[19.962s] -- Installing: /home/zmy/Desktop/ros2_learn/lesson3/install/demo_cpp_topic/share/demo_cpp_topic/package.dsv
[19.963s] -- Up-to-date: /home/zmy/Desktop/ros2_learn/lesson3/install/demo_cpp_topic/share/ament_index/resource_index/packages/demo_cpp_topic
[19.963s] -- Up-to-date: /home/zmy/Desktop/ros2_learn/lesson3/install/demo_cpp_topic/share/demo_cpp_topic/cmake/demo_cpp_topicConfig.cmake
[19.963s] -- Up-to-date: /home/zmy/Desktop/ros2_learn/lesson3/install/demo_cpp_topic/share/demo_cpp_topic/cmake/demo_cpp_topicConfig-version.cmake
[19.963s] -- Up-to-date: /home/zmy/Desktop/ros2_learn/lesson3/install/demo_cpp_topic/share/demo_cpp_topic/package.xml
[19.970s] Invoked command in '/home/zmy/Desktop/ros2_learn/lesson3/build/demo_cpp_topic' returned '0': CMAKE_PREFIX_PATH=/opt/ros/humble /usr/bin/cmake --install /home/zmy/Desktop/ros2_learn/lesson3/build/demo_cpp_topic
