[0.041s] Invoking command in '/home/zmy/Desktop/ros2_learn/lesson2/chapt2_ws/demo_cpp_pkg/build/demo_cpp_pkg': CMAKE_PREFIX_PATH=${CMAKE_PREFIX_PATH}:/home/zmy/Desktop/ros2_learn/lesson2/chapt2_ws/demo_python_pkg/install/demo_python_pkg:/opt/ros/humble /usr/bin/cmake --build /home/zmy/Desktop/ros2_learn/lesson2/chapt2_ws/demo_cpp_pkg/build/demo_cpp_pkg -- -j8 -l8
[0.105s] -- Found ament_cmake: 1.3.12 (/opt/ros/humble/share/ament_cmake/cmake)
[0.276s] -- Found rclcpp: 16.0.15 (/opt/ros/humble/share/rclcpp/cmake)
[0.314s] -- Found rosidl_generator_c: 3.1.7 (/opt/ros/humble/share/rosidl_generator_c/cmake)
[0.319s] -- Found rosidl_adapter: 3.1.7 (/opt/ros/humble/share/rosidl_adapter/cmake)
[0.327s] -- Found rosidl_generator_cpp: 3.1.7 (/opt/ros/humble/share/rosidl_generator_cpp/cmake)
[0.340s] -- Using all available rosidl_typesupport_c: rosidl_typesupport_fastrtps_c;rosidl_typesupport_introspection_c
[0.358s] -- Using all available rosidl_typesupport_cpp: rosidl_typesupport_fastrtps_cpp;rosidl_typesupport_introspection_cpp
[0.399s] -- Found rmw_implementation_cmake: 6.1.2 (/opt/ros/humble/share/rmw_implementation_cmake/cmake)
[0.400s] -- Found rmw_fastrtps_cpp: 6.2.8 (/opt/ros/humble/share/rmw_fastrtps_cpp/cmake)
[0.534s] -- Using RMW implementation 'rmw_fastrtps_cpp' as default
[0.582s] -- Found ament_lint_auto: 0.12.14 (/opt/ros/humble/share/ament_lint_auto/cmake)
[0.737s] -- Added test 'cppcheck' to perform static code analysis on C / C++ code
[0.738s] -- Configured cppcheck include dirs: 
[0.738s] -- Configured cppcheck exclude dirs and/or files: 
[0.745s] -- Added test 'flake8' to check Python code syntax and style conventions
[0.761s] -- Added test 'lint_cmake' to check CMake code style
[0.769s] -- Added test 'pep257' to check Python code against some of the docstring style conventions in PEP 257
[0.832s] -- Added test 'uncrustify' to check C / C++ code style
[0.833s] -- Configured uncrustify additional arguments: 
[0.844s] -- Added test 'xmllint' to check XML markup files
[0.845s] -- Configuring done
[0.880s] -- Generating done
[0.887s] -- Build files have been written to: /home/zmy/Desktop/ros2_learn/lesson2/chapt2_ws/demo_cpp_pkg/build/demo_cpp_pkg
[0.970s] [35m[1mConsolidate compiler generated dependencies of target cpp_node[0m
[0.970s] [35m[1mConsolidate compiler generated dependencies of target learn_auto[0m
[0.972s] [35m[1mConsolidate compiler generated dependencies of target person_node[0m
[0.979s] [35m[1mConsolidate compiler generated dependencies of target learn_shared_ptr[0m
[1.012s] [ 20%] Built target learn_auto
[1.016s] [ 30%] [32mBuilding CXX object CMakeFiles/learn_lambda.dir/src/learn_lambda.cpp.o[0m
[1.021s] [ 40%] [32mBuilding CXX object CMakeFiles/learn_shared_ptr.dir/src/learn_shared_ptr.cpp.o[0m
[1.029s] [ 60%] Built target person_node
[1.036s] [ 80%] Built target cpp_node
[1.439s] [ 90%] [32m[1mLinking CXX executable learn_shared_ptr[0m
[1.463s] [100%] [32m[1mLinking CXX executable learn_lambda[0m
[1.602s] [100%] Built target learn_shared_ptr
[1.620s] [100%] Built target learn_lambda
[1.650s] Invoked command in '/home/zmy/Desktop/ros2_learn/lesson2/chapt2_ws/demo_cpp_pkg/build/demo_cpp_pkg' returned '0': CMAKE_PREFIX_PATH=${CMAKE_PREFIX_PATH}:/home/zmy/Desktop/ros2_learn/lesson2/chapt2_ws/demo_python_pkg/install/demo_python_pkg:/opt/ros/humble /usr/bin/cmake --build /home/zmy/Desktop/ros2_learn/lesson2/chapt2_ws/demo_cpp_pkg/build/demo_cpp_pkg -- -j8 -l8
[1.675s] Invoking command in '/home/zmy/Desktop/ros2_learn/lesson2/chapt2_ws/demo_cpp_pkg/build/demo_cpp_pkg': CMAKE_PREFIX_PATH=${CMAKE_PREFIX_PATH}:/home/zmy/Desktop/ros2_learn/lesson2/chapt2_ws/demo_python_pkg/install/demo_python_pkg:/opt/ros/humble /usr/bin/cmake --install /home/zmy/Desktop/ros2_learn/lesson2/chapt2_ws/demo_cpp_pkg/build/demo_cpp_pkg
[1.694s] -- Install configuration: ""
[1.695s] -- Up-to-date: /home/zmy/Desktop/ros2_learn/lesson2/chapt2_ws/demo_cpp_pkg/install/demo_cpp_pkg/lib/demo_cpp_pkg/cpp_node
[1.697s] -- Up-to-date: /home/zmy/Desktop/ros2_learn/lesson2/chapt2_ws/demo_cpp_pkg/install/demo_cpp_pkg/lib/demo_cpp_pkg/person_node
[1.699s] -- Up-to-date: /home/zmy/Desktop/ros2_learn/lesson2/chapt2_ws/demo_cpp_pkg/install/demo_cpp_pkg/lib/demo_cpp_pkg/learn_auto
[1.700s] -- Installing: /home/zmy/Desktop/ros2_learn/lesson2/chapt2_ws/demo_cpp_pkg/install/demo_cpp_pkg/lib/demo_cpp_pkg/learn_shared_ptr
[1.700s] -- Installing: /home/zmy/Desktop/ros2_learn/lesson2/chapt2_ws/demo_cpp_pkg/install/demo_cpp_pkg/lib/demo_cpp_pkg/learn_lambda
[1.701s] -- Up-to-date: /home/zmy/Desktop/ros2_learn/lesson2/chapt2_ws/demo_cpp_pkg/install/demo_cpp_pkg/share/ament_index/resource_index/package_run_dependencies/demo_cpp_pkg
[1.701s] -- Installing: /home/zmy/Desktop/ros2_learn/lesson2/chapt2_ws/demo_cpp_pkg/install/demo_cpp_pkg/share/ament_index/resource_index/parent_prefix_path/demo_cpp_pkg
[1.702s] -- Up-to-date: /home/zmy/Desktop/ros2_learn/lesson2/chapt2_ws/demo_cpp_pkg/install/demo_cpp_pkg/share/demo_cpp_pkg/environment/ament_prefix_path.sh
[1.702s] -- Installing: /home/zmy/Desktop/ros2_learn/lesson2/chapt2_ws/demo_cpp_pkg/install/demo_cpp_pkg/share/demo_cpp_pkg/environment/ament_prefix_path.dsv
[1.702s] -- Up-to-date: /home/zmy/Desktop/ros2_learn/lesson2/chapt2_ws/demo_cpp_pkg/install/demo_cpp_pkg/share/demo_cpp_pkg/environment/path.sh
[1.703s] -- Installing: /home/zmy/Desktop/ros2_learn/lesson2/chapt2_ws/demo_cpp_pkg/install/demo_cpp_pkg/share/demo_cpp_pkg/environment/path.dsv
[1.703s] -- Up-to-date: /home/zmy/Desktop/ros2_learn/lesson2/chapt2_ws/demo_cpp_pkg/install/demo_cpp_pkg/share/demo_cpp_pkg/local_setup.bash
[1.703s] -- Up-to-date: /home/zmy/Desktop/ros2_learn/lesson2/chapt2_ws/demo_cpp_pkg/install/demo_cpp_pkg/share/demo_cpp_pkg/local_setup.sh
[1.704s] -- Up-to-date: /home/zmy/Desktop/ros2_learn/lesson2/chapt2_ws/demo_cpp_pkg/install/demo_cpp_pkg/share/demo_cpp_pkg/local_setup.zsh
[1.704s] -- Installing: /home/zmy/Desktop/ros2_learn/lesson2/chapt2_ws/demo_cpp_pkg/install/demo_cpp_pkg/share/demo_cpp_pkg/local_setup.dsv
[1.704s] -- Installing: /home/zmy/Desktop/ros2_learn/lesson2/chapt2_ws/demo_cpp_pkg/install/demo_cpp_pkg/share/demo_cpp_pkg/package.dsv
[1.704s] -- Up-to-date: /home/zmy/Desktop/ros2_learn/lesson2/chapt2_ws/demo_cpp_pkg/install/demo_cpp_pkg/share/ament_index/resource_index/packages/demo_cpp_pkg
[1.704s] -- Up-to-date: /home/zmy/Desktop/ros2_learn/lesson2/chapt2_ws/demo_cpp_pkg/install/demo_cpp_pkg/share/demo_cpp_pkg/cmake/demo_cpp_pkgConfig.cmake
[1.704s] -- Up-to-date: /home/zmy/Desktop/ros2_learn/lesson2/chapt2_ws/demo_cpp_pkg/install/demo_cpp_pkg/share/demo_cpp_pkg/cmake/demo_cpp_pkgConfig-version.cmake
[1.705s] -- Up-to-date: /home/zmy/Desktop/ros2_learn/lesson2/chapt2_ws/demo_cpp_pkg/install/demo_cpp_pkg/share/demo_cpp_pkg/package.xml
[1.708s] Invoked command in '/home/zmy/Desktop/ros2_learn/lesson2/chapt2_ws/demo_cpp_pkg/build/demo_cpp_pkg' returned '0': CMAKE_PREFIX_PATH=${CMAKE_PREFIX_PATH}:/home/zmy/Desktop/ros2_learn/lesson2/chapt2_ws/demo_python_pkg/install/demo_python_pkg:/opt/ros/humble /usr/bin/cmake --install /home/zmy/Desktop/ros2_learn/lesson2/chapt2_ws/demo_cpp_pkg/build/demo_cpp_pkg
