[0.221s] DEBUG:colcon:Command line arguments: ['/usr/bin/colcon', 'build']
[0.222s] DEBUG:colcon:Parsed command line arguments: Namespace(log_base=None, log_level=None, verb_name='build', build_base='build', install_base='install', merge_install=False, symlink_install=False, test_result_base=None, continue_on_error=False, executor='parallel', parallel_workers=8, event_handlers=None, ignore_user_meta=False, metas=['./colcon.meta'], base_paths=['.'], packages_ignore=None, packages_ignore_regex=None, paths=None, packages_up_to=None, packages_up_to_regex=None, packages_above=None, packages_above_and_dependencies=None, packages_above_depth=None, packages_select_by_dep=None, packages_skip_by_dep=None, packages_skip_up_to=None, packages_select_build_failed=False, packages_skip_build_finished=False, packages_select_test_failures=False, packages_skip_test_passed=False, packages_select=None, packages_skip=None, packages_select_regex=None, packages_skip_regex=None, packages_start=None, packages_end=None, allow_overriding=[], cmake_args=None, cmake_target=None, cmake_target_skip_unavailable=False, cmake_clean_cache=False, cmake_clean_first=False, cmake_force_configure=False, ament_cmake_args=None, catkin_cmake_args=None, catkin_skip_building_tests=False, verb_parser=<colcon_defaults.argument_parser.defaults.DefaultArgumentsDecorator object at 0x79cf874a7df0>, verb_extension=<colcon_core.verb.build.BuildVerb object at 0x79cf875e11e0>, main=<bound method BuildVerb.main of <colcon_core.verb.build.BuildVerb object at 0x79cf875e11e0>>)
[0.557s] Level 1:colcon.colcon_core.package_discovery:discover_packages(colcon_meta) check parameters
[0.557s] Level 1:colcon.colcon_core.package_discovery:discover_packages(recursive) check parameters
[0.557s] Level 1:colcon.colcon_core.package_discovery:discover_packages(ignore) check parameters
[0.557s] Level 1:colcon.colcon_core.package_discovery:discover_packages(path) check parameters
[0.557s] Level 1:colcon.colcon_core.package_discovery:discover_packages(colcon_meta) discover
[0.557s] Level 1:colcon.colcon_core.package_discovery:discover_packages(recursive) discover
[0.557s] INFO:colcon.colcon_core.package_discovery:Crawling recursively for packages in '/home/zmy/Desktop/ros2_learn/lesson2/chapt2_ws/demo_cpp_pkg'
[0.558s] Level 1:colcon.colcon_core.package_identification:_identify(.) by extensions ['ignore', 'ignore_ament_install']
[0.558s] Level 1:colcon.colcon_core.package_identification:_identify(.) by extension 'ignore'
[0.558s] Level 1:colcon.colcon_core.package_identification:_identify(.) by extension 'ignore_ament_install'
[0.558s] Level 1:colcon.colcon_core.package_identification:_identify(.) by extensions ['colcon_pkg']
[0.558s] Level 1:colcon.colcon_core.package_identification:_identify(.) by extension 'colcon_pkg'
[0.558s] Level 1:colcon.colcon_core.package_identification:_identify(.) by extensions ['colcon_meta']
[0.559s] Level 1:colcon.colcon_core.package_identification:_identify(.) by extension 'colcon_meta'
[0.559s] Level 1:colcon.colcon_core.package_identification:_identify(.) by extensions ['ros']
[0.559s] Level 1:colcon.colcon_core.package_identification:_identify(.) by extension 'ros'
[0.586s] DEBUG:colcon.colcon_core.package_identification:Package '.' with type 'ros.ament_cmake' and name 'demo_cpp_pkg'
[0.586s] Level 1:colcon.colcon_core.package_discovery:discover_packages(recursive) using defaults
[0.586s] Level 1:colcon.colcon_core.package_discovery:discover_packages(ignore) discover
[0.586s] Level 1:colcon.colcon_core.package_discovery:discover_packages(ignore) using defaults
[0.586s] Level 1:colcon.colcon_core.package_discovery:discover_packages(path) discover
[0.586s] Level 1:colcon.colcon_core.package_discovery:discover_packages(path) using defaults
[0.623s] Level 1:colcon.colcon_core.package_discovery:discover_packages(prefix_path) check parameters
[0.623s] Level 1:colcon.colcon_core.package_discovery:discover_packages(prefix_path) discover
[0.625s] WARNING:colcon.colcon_core.prefix_path.colcon:The path '/home/zmy/Desktop/ros2_learn/lesson2/chapt2_ws/install' in the environment variable COLCON_PREFIX_PATH doesn't exist
[0.626s] WARNING:colcon.colcon_core.prefix_path.colcon:The path '/home/zmy/Desktop/ros2_learn/lesson2/chapt2_ws/src/demo_cpp_pkg/install' in the environment variable COLCON_PREFIX_PATH doesn't exist
[0.626s] WARNING:colcon.colcon_core.prefix_path.colcon:The path '/home/zmy/Desktop/ros2_learn/chapt2_ws/src/install' in the environment variable COLCON_PREFIX_PATH doesn't exist
[0.626s] WARNING:colcon.colcon_core.prefix_path.colcon:The path '/home/zmy/Desktop/ros2_learn/chapt2_ws/install' in the environment variable COLCON_PREFIX_PATH doesn't exist
[0.626s] WARNING:colcon.colcon_ros.prefix_path.ament:The path '/home/zmy/Desktop/ros2_learn/lesson2/chapt2_ws/install/demo_python_pkg' in the environment variable AMENT_PREFIX_PATH doesn't exist
[0.626s] WARNING:colcon.colcon_ros.prefix_path.ament:The path '/home/zmy/Desktop/ros2_learn/lesson2/chapt2_ws/install/demo_cpp_pkg' in the environment variable AMENT_PREFIX_PATH doesn't exist
[0.626s] WARNING:colcon.colcon_ros.prefix_path.ament:The path '/home/zmy/Desktop/ros2_learn/chapt2_ws/src/install/demo_python_pkg' in the environment variable AMENT_PREFIX_PATH doesn't exist
[0.626s] WARNING:colcon.colcon_ros.prefix_path.ament:The path '/home/zmy/Desktop/ros2_learn/chapt2_ws/src/install/demo_cpp_pkg' in the environment variable AMENT_PREFIX_PATH doesn't exist
[0.627s] WARNING:colcon.colcon_ros.prefix_path.ament:The path '/home/zmy/Desktop/ros2_learn/chapt2_ws/install/demo_python_pkg' in the environment variable AMENT_PREFIX_PATH doesn't exist
[0.627s] WARNING:colcon.colcon_ros.prefix_path.ament:The path '/home/zmy/Desktop/ros2_learn/chapt2_ws/install/demo_cpp_pkg' in the environment variable AMENT_PREFIX_PATH doesn't exist
[0.627s] WARNING:colcon.colcon_ros.prefix_path.catkin:The path '/home/zmy/Desktop/ros2_learn/lesson2/chapt2_ws/install/demo_cpp_pkg' in the environment variable CMAKE_PREFIX_PATH doesn't exist
[0.627s] WARNING:colcon.colcon_ros.prefix_path.catkin:The path '/home/zmy/Desktop/ros2_learn/chapt2_ws/src/install/demo_cpp_pkg' in the environment variable CMAKE_PREFIX_PATH doesn't exist
[0.627s] WARNING:colcon.colcon_ros.prefix_path.catkin:The path '/home/zmy/Desktop/ros2_learn/chapt2_ws/install/demo_cpp_pkg' in the environment variable CMAKE_PREFIX_PATH doesn't exist
[0.634s] DEBUG:colcon.colcon_installed_package_information.package_discovery:Found 271 installed packages in /opt/ros/humble
[0.637s] Level 1:colcon.colcon_core.package_discovery:discover_packages(prefix_path) using defaults
[0.746s] Level 5:colcon.colcon_core.verb:set package 'demo_cpp_pkg' build argument 'cmake_args' from command line to 'None'
[0.746s] Level 5:colcon.colcon_core.verb:set package 'demo_cpp_pkg' build argument 'cmake_target' from command line to 'None'
[0.746s] Level 5:colcon.colcon_core.verb:set package 'demo_cpp_pkg' build argument 'cmake_target_skip_unavailable' from command line to 'False'
[0.746s] Level 5:colcon.colcon_core.verb:set package 'demo_cpp_pkg' build argument 'cmake_clean_cache' from command line to 'False'
[0.746s] Level 5:colcon.colcon_core.verb:set package 'demo_cpp_pkg' build argument 'cmake_clean_first' from command line to 'False'
[0.747s] Level 5:colcon.colcon_core.verb:set package 'demo_cpp_pkg' build argument 'cmake_force_configure' from command line to 'False'
[0.747s] Level 5:colcon.colcon_core.verb:set package 'demo_cpp_pkg' build argument 'ament_cmake_args' from command line to 'None'
[0.747s] Level 5:colcon.colcon_core.verb:set package 'demo_cpp_pkg' build argument 'catkin_cmake_args' from command line to 'None'
[0.747s] Level 5:colcon.colcon_core.verb:set package 'demo_cpp_pkg' build argument 'catkin_skip_building_tests' from command line to 'False'
[0.747s] DEBUG:colcon.colcon_core.verb:Building package 'demo_cpp_pkg' with the following arguments: {'ament_cmake_args': None, 'build_base': '/home/zmy/Desktop/ros2_learn/lesson2/chapt2_ws/demo_cpp_pkg/build/demo_cpp_pkg', 'catkin_cmake_args': None, 'catkin_skip_building_tests': False, 'cmake_args': None, 'cmake_clean_cache': False, 'cmake_clean_first': False, 'cmake_force_configure': False, 'cmake_target': None, 'cmake_target_skip_unavailable': False, 'install_base': '/home/zmy/Desktop/ros2_learn/lesson2/chapt2_ws/demo_cpp_pkg/install/demo_cpp_pkg', 'merge_install': False, 'path': '/home/zmy/Desktop/ros2_learn/lesson2/chapt2_ws/demo_cpp_pkg', 'symlink_install': False, 'test_result_base': None}
[0.747s] INFO:colcon.colcon_core.executor:Executing jobs using 'parallel' executor
[0.751s] DEBUG:colcon.colcon_parallel_executor.executor.parallel:run_until_complete
[0.752s] INFO:colcon.colcon_ros.task.ament_cmake.build:Building ROS package in '/home/zmy/Desktop/ros2_learn/lesson2/chapt2_ws/demo_cpp_pkg' with build type 'ament_cmake'
[0.752s] INFO:colcon.colcon_cmake.task.cmake.build:Building CMake package in '/home/zmy/Desktop/ros2_learn/lesson2/chapt2_ws/demo_cpp_pkg'
[0.760s] INFO:colcon.colcon_core.plugin_system:Skipping extension 'colcon_core.shell.bat': Not used on non-Windows systems
[0.761s] INFO:colcon.colcon_core.shell:Skip shell extension 'powershell' for command environment: Not usable outside of PowerShell
[0.761s] DEBUG:colcon.colcon_core.shell:Skip shell extension 'dsv' for command environment
[0.797s] DEBUG:colcon.colcon_core.event_handler.log_command:Invoking command in '/home/zmy/Desktop/ros2_learn/lesson2/chapt2_ws/demo_cpp_pkg/build/demo_cpp_pkg': CMAKE_PREFIX_PATH=${CMAKE_PREFIX_PATH}:/home/zmy/Desktop/ros2_learn/lesson2/chapt2_ws/install/demo_python_pkg:/home/zmy/Desktop/ros2_learn/chapt2_ws/src/install/demo_python_pkg:/home/zmy/Desktop/ros2_learn/chapt2_ws/install/demo_python_pkg:/opt/ros/humble /usr/bin/cmake /home/zmy/Desktop/ros2_learn/lesson2/chapt2_ws/demo_cpp_pkg -DCMAKE_INSTALL_PREFIX=/home/zmy/Desktop/ros2_learn/lesson2/chapt2_ws/demo_cpp_pkg/install/demo_cpp_pkg
[4.220s] DEBUG:colcon.colcon_core.event_handler.log_command:Invoked command in '/home/zmy/Desktop/ros2_learn/lesson2/chapt2_ws/demo_cpp_pkg/build/demo_cpp_pkg' returned '0': CMAKE_PREFIX_PATH=${CMAKE_PREFIX_PATH}:/home/zmy/Desktop/ros2_learn/lesson2/chapt2_ws/install/demo_python_pkg:/home/zmy/Desktop/ros2_learn/chapt2_ws/src/install/demo_python_pkg:/home/zmy/Desktop/ros2_learn/chapt2_ws/install/demo_python_pkg:/opt/ros/humble /usr/bin/cmake /home/zmy/Desktop/ros2_learn/lesson2/chapt2_ws/demo_cpp_pkg -DCMAKE_INSTALL_PREFIX=/home/zmy/Desktop/ros2_learn/lesson2/chapt2_ws/demo_cpp_pkg/install/demo_cpp_pkg
[4.221s] DEBUG:colcon.colcon_core.event_handler.log_command:Invoking command in '/home/zmy/Desktop/ros2_learn/lesson2/chapt2_ws/demo_cpp_pkg/build/demo_cpp_pkg': CMAKE_PREFIX_PATH=${CMAKE_PREFIX_PATH}:/home/zmy/Desktop/ros2_learn/lesson2/chapt2_ws/install/demo_python_pkg:/home/zmy/Desktop/ros2_learn/chapt2_ws/src/install/demo_python_pkg:/home/zmy/Desktop/ros2_learn/chapt2_ws/install/demo_python_pkg:/opt/ros/humble /usr/bin/cmake --build /home/zmy/Desktop/ros2_learn/lesson2/chapt2_ws/demo_cpp_pkg/build/demo_cpp_pkg -- -j8 -l8
[10.804s] DEBUG:colcon.colcon_core.event_handler.log_command:Invoked command in '/home/zmy/Desktop/ros2_learn/lesson2/chapt2_ws/demo_cpp_pkg/build/demo_cpp_pkg' returned '0': CMAKE_PREFIX_PATH=${CMAKE_PREFIX_PATH}:/home/zmy/Desktop/ros2_learn/lesson2/chapt2_ws/install/demo_python_pkg:/home/zmy/Desktop/ros2_learn/chapt2_ws/src/install/demo_python_pkg:/home/zmy/Desktop/ros2_learn/chapt2_ws/install/demo_python_pkg:/opt/ros/humble /usr/bin/cmake --build /home/zmy/Desktop/ros2_learn/lesson2/chapt2_ws/demo_cpp_pkg/build/demo_cpp_pkg -- -j8 -l8
[10.844s] DEBUG:colcon.colcon_core.event_handler.log_command:Invoking command in '/home/zmy/Desktop/ros2_learn/lesson2/chapt2_ws/demo_cpp_pkg/build/demo_cpp_pkg': CMAKE_PREFIX_PATH=${CMAKE_PREFIX_PATH}:/home/zmy/Desktop/ros2_learn/lesson2/chapt2_ws/install/demo_python_pkg:/home/zmy/Desktop/ros2_learn/chapt2_ws/src/install/demo_python_pkg:/home/zmy/Desktop/ros2_learn/chapt2_ws/install/demo_python_pkg:/opt/ros/humble /usr/bin/cmake --install /home/zmy/Desktop/ros2_learn/lesson2/chapt2_ws/demo_cpp_pkg/build/demo_cpp_pkg
[10.909s] Level 1:colcon.colcon_core.environment:create_environment_scripts_only(demo_cpp_pkg)
[10.912s] DEBUG:colcon.colcon_core.event_handler.log_command:Invoked command in '/home/zmy/Desktop/ros2_learn/lesson2/chapt2_ws/demo_cpp_pkg/build/demo_cpp_pkg' returned '0': CMAKE_PREFIX_PATH=${CMAKE_PREFIX_PATH}:/home/zmy/Desktop/ros2_learn/lesson2/chapt2_ws/install/demo_python_pkg:/home/zmy/Desktop/ros2_learn/chapt2_ws/src/install/demo_python_pkg:/home/zmy/Desktop/ros2_learn/chapt2_ws/install/demo_python_pkg:/opt/ros/humble /usr/bin/cmake --install /home/zmy/Desktop/ros2_learn/lesson2/chapt2_ws/demo_cpp_pkg/build/demo_cpp_pkg
[10.916s] Level 1:colcon.colcon_core.environment:checking '/home/zmy/Desktop/ros2_learn/lesson2/chapt2_ws/demo_cpp_pkg/install/demo_cpp_pkg' for CMake module files
[10.917s] Level 1:colcon.colcon_core.environment:checking '/home/zmy/Desktop/ros2_learn/lesson2/chapt2_ws/demo_cpp_pkg/install/demo_cpp_pkg' for CMake config files
[10.918s] Level 1:colcon.colcon_core.shell:create_environment_hook('demo_cpp_pkg', 'cmake_prefix_path')
[10.918s] INFO:colcon.colcon_core.shell:Creating environment hook '/home/zmy/Desktop/ros2_learn/lesson2/chapt2_ws/demo_cpp_pkg/install/demo_cpp_pkg/share/demo_cpp_pkg/hook/cmake_prefix_path.ps1'
[10.919s] INFO:colcon.colcon_core.shell:Creating environment descriptor '/home/zmy/Desktop/ros2_learn/lesson2/chapt2_ws/demo_cpp_pkg/install/demo_cpp_pkg/share/demo_cpp_pkg/hook/cmake_prefix_path.dsv'
[10.920s] INFO:colcon.colcon_core.shell:Creating environment hook '/home/zmy/Desktop/ros2_learn/lesson2/chapt2_ws/demo_cpp_pkg/install/demo_cpp_pkg/share/demo_cpp_pkg/hook/cmake_prefix_path.sh'
[10.921s] Level 1:colcon.colcon_core.environment:checking '/home/zmy/Desktop/ros2_learn/lesson2/chapt2_ws/demo_cpp_pkg/install/demo_cpp_pkg/lib'
[10.921s] Level 1:colcon.colcon_core.environment:checking '/home/zmy/Desktop/ros2_learn/lesson2/chapt2_ws/demo_cpp_pkg/install/demo_cpp_pkg/bin'
[10.921s] Level 1:colcon.colcon_core.environment:checking '/home/zmy/Desktop/ros2_learn/lesson2/chapt2_ws/demo_cpp_pkg/install/demo_cpp_pkg/lib/pkgconfig/demo_cpp_pkg.pc'
[10.921s] Level 1:colcon.colcon_core.environment:checking '/home/zmy/Desktop/ros2_learn/lesson2/chapt2_ws/demo_cpp_pkg/install/demo_cpp_pkg/lib/python3.10/site-packages'
[10.922s] Level 1:colcon.colcon_core.environment:checking '/home/zmy/Desktop/ros2_learn/lesson2/chapt2_ws/demo_cpp_pkg/install/demo_cpp_pkg/bin'
[10.922s] INFO:colcon.colcon_core.shell:Creating package script '/home/zmy/Desktop/ros2_learn/lesson2/chapt2_ws/demo_cpp_pkg/install/demo_cpp_pkg/share/demo_cpp_pkg/package.ps1'
[10.923s] INFO:colcon.colcon_core.shell:Creating package descriptor '/home/zmy/Desktop/ros2_learn/lesson2/chapt2_ws/demo_cpp_pkg/install/demo_cpp_pkg/share/demo_cpp_pkg/package.dsv'
[10.924s] INFO:colcon.colcon_core.shell:Creating package script '/home/zmy/Desktop/ros2_learn/lesson2/chapt2_ws/demo_cpp_pkg/install/demo_cpp_pkg/share/demo_cpp_pkg/package.sh'
[10.925s] INFO:colcon.colcon_core.shell:Creating package script '/home/zmy/Desktop/ros2_learn/lesson2/chapt2_ws/demo_cpp_pkg/install/demo_cpp_pkg/share/demo_cpp_pkg/package.bash'
[10.926s] INFO:colcon.colcon_core.shell:Creating package script '/home/zmy/Desktop/ros2_learn/lesson2/chapt2_ws/demo_cpp_pkg/install/demo_cpp_pkg/share/demo_cpp_pkg/package.zsh'
[10.927s] Level 1:colcon.colcon_core.environment:create_file_with_runtime_dependencies(/home/zmy/Desktop/ros2_learn/lesson2/chapt2_ws/demo_cpp_pkg/install/demo_cpp_pkg/share/colcon-core/packages/demo_cpp_pkg)
[10.928s] Level 1:colcon.colcon_core.environment:create_environment_scripts_only(demo_cpp_pkg)
[10.928s] Level 1:colcon.colcon_core.environment:checking '/home/zmy/Desktop/ros2_learn/lesson2/chapt2_ws/demo_cpp_pkg/install/demo_cpp_pkg' for CMake module files
[10.929s] Level 1:colcon.colcon_core.environment:checking '/home/zmy/Desktop/ros2_learn/lesson2/chapt2_ws/demo_cpp_pkg/install/demo_cpp_pkg' for CMake config files
[10.930s] Level 1:colcon.colcon_core.shell:create_environment_hook('demo_cpp_pkg', 'cmake_prefix_path')
[10.930s] INFO:colcon.colcon_core.shell:Creating environment hook '/home/zmy/Desktop/ros2_learn/lesson2/chapt2_ws/demo_cpp_pkg/install/demo_cpp_pkg/share/demo_cpp_pkg/hook/cmake_prefix_path.ps1'
[10.931s] INFO:colcon.colcon_core.shell:Creating environment descriptor '/home/zmy/Desktop/ros2_learn/lesson2/chapt2_ws/demo_cpp_pkg/install/demo_cpp_pkg/share/demo_cpp_pkg/hook/cmake_prefix_path.dsv'
[10.932s] INFO:colcon.colcon_core.shell:Creating environment hook '/home/zmy/Desktop/ros2_learn/lesson2/chapt2_ws/demo_cpp_pkg/install/demo_cpp_pkg/share/demo_cpp_pkg/hook/cmake_prefix_path.sh'
[10.933s] Level 1:colcon.colcon_core.environment:checking '/home/zmy/Desktop/ros2_learn/lesson2/chapt2_ws/demo_cpp_pkg/install/demo_cpp_pkg/lib'
[10.933s] Level 1:colcon.colcon_core.environment:checking '/home/zmy/Desktop/ros2_learn/lesson2/chapt2_ws/demo_cpp_pkg/install/demo_cpp_pkg/bin'
[10.933s] Level 1:colcon.colcon_core.environment:checking '/home/zmy/Desktop/ros2_learn/lesson2/chapt2_ws/demo_cpp_pkg/install/demo_cpp_pkg/lib/pkgconfig/demo_cpp_pkg.pc'
[10.934s] Level 1:colcon.colcon_core.environment:checking '/home/zmy/Desktop/ros2_learn/lesson2/chapt2_ws/demo_cpp_pkg/install/demo_cpp_pkg/lib/python3.10/site-packages'
[10.934s] Level 1:colcon.colcon_core.environment:checking '/home/zmy/Desktop/ros2_learn/lesson2/chapt2_ws/demo_cpp_pkg/install/demo_cpp_pkg/bin'
[10.934s] INFO:colcon.colcon_core.shell:Creating package script '/home/zmy/Desktop/ros2_learn/lesson2/chapt2_ws/demo_cpp_pkg/install/demo_cpp_pkg/share/demo_cpp_pkg/package.ps1'
[10.935s] INFO:colcon.colcon_core.shell:Creating package descriptor '/home/zmy/Desktop/ros2_learn/lesson2/chapt2_ws/demo_cpp_pkg/install/demo_cpp_pkg/share/demo_cpp_pkg/package.dsv'
[10.936s] INFO:colcon.colcon_core.shell:Creating package script '/home/zmy/Desktop/ros2_learn/lesson2/chapt2_ws/demo_cpp_pkg/install/demo_cpp_pkg/share/demo_cpp_pkg/package.sh'
[10.937s] INFO:colcon.colcon_core.shell:Creating package script '/home/zmy/Desktop/ros2_learn/lesson2/chapt2_ws/demo_cpp_pkg/install/demo_cpp_pkg/share/demo_cpp_pkg/package.bash'
[10.938s] INFO:colcon.colcon_core.shell:Creating package script '/home/zmy/Desktop/ros2_learn/lesson2/chapt2_ws/demo_cpp_pkg/install/demo_cpp_pkg/share/demo_cpp_pkg/package.zsh'
[10.939s] Level 1:colcon.colcon_core.environment:create_file_with_runtime_dependencies(/home/zmy/Desktop/ros2_learn/lesson2/chapt2_ws/demo_cpp_pkg/install/demo_cpp_pkg/share/colcon-core/packages/demo_cpp_pkg)
[10.940s] DEBUG:colcon.colcon_parallel_executor.executor.parallel:closing loop
[10.940s] DEBUG:colcon.colcon_parallel_executor.executor.parallel:loop closed
[10.940s] DEBUG:colcon.colcon_parallel_executor.executor.parallel:run_until_complete finished with '0'
[10.940s] DEBUG:colcon.colcon_core.event_reactor:joining thread
[10.953s] INFO:colcon.colcon_core.plugin_system:Skipping extension 'colcon_notification.desktop_notification.terminal_notifier': Not used on non-Darwin systems
[10.953s] INFO:colcon.colcon_core.plugin_system:Skipping extension 'colcon_notification.desktop_notification.win32': Not used on non-Windows systems
[10.953s] INFO:colcon.colcon_notification.desktop_notification:Sending desktop notification using 'notify2'
[10.987s] DEBUG:colcon.colcon_core.event_reactor:joined thread
[10.988s] INFO:colcon.colcon_core.shell:Creating prefix script '/home/zmy/Desktop/ros2_learn/lesson2/chapt2_ws/demo_cpp_pkg/install/local_setup.ps1'
[10.990s] INFO:colcon.colcon_core.shell:Creating prefix util module '/home/zmy/Desktop/ros2_learn/lesson2/chapt2_ws/demo_cpp_pkg/install/_local_setup_util_ps1.py'
[10.993s] INFO:colcon.colcon_core.shell:Creating prefix chain script '/home/zmy/Desktop/ros2_learn/lesson2/chapt2_ws/demo_cpp_pkg/install/setup.ps1'
[10.995s] INFO:colcon.colcon_core.shell:Creating prefix script '/home/zmy/Desktop/ros2_learn/lesson2/chapt2_ws/demo_cpp_pkg/install/local_setup.sh'
[10.996s] INFO:colcon.colcon_core.shell:Creating prefix util module '/home/zmy/Desktop/ros2_learn/lesson2/chapt2_ws/demo_cpp_pkg/install/_local_setup_util_sh.py'
[10.997s] INFO:colcon.colcon_core.shell:Creating prefix chain script '/home/zmy/Desktop/ros2_learn/lesson2/chapt2_ws/demo_cpp_pkg/install/setup.sh'
[10.999s] INFO:colcon.colcon_core.shell:Creating prefix script '/home/zmy/Desktop/ros2_learn/lesson2/chapt2_ws/demo_cpp_pkg/install/local_setup.bash'
[11.000s] INFO:colcon.colcon_core.shell:Creating prefix chain script '/home/zmy/Desktop/ros2_learn/lesson2/chapt2_ws/demo_cpp_pkg/install/setup.bash'
[11.001s] INFO:colcon.colcon_core.shell:Creating prefix script '/home/zmy/Desktop/ros2_learn/lesson2/chapt2_ws/demo_cpp_pkg/install/local_setup.zsh'
[11.002s] INFO:colcon.colcon_core.shell:Creating prefix chain script '/home/zmy/Desktop/ros2_learn/lesson2/chapt2_ws/demo_cpp_pkg/install/setup.zsh'
