[1.588s] Invoking command in '/home/zmy/Desktop/ros2_learn/lesson3/src/demo_python_topic': PYTHONPATH=/home/zmy/Desktop/ros2_learn/lesson3/build/demo_python_topic/prefix_override:/usr/lib/python3/dist-packages/colcon_core/task/python/colcon_distutils_commands:/home/zmy/Desktop/ros2_learn/lesson3/install/demo_python_topic/lib/python3.10/site-packages:${PYTHONPATH} /usr/bin/python3 -W ignore:setup.py install is deprecated -W ignore:easy_install command is deprecated setup.py egg_info --egg-base ../../build/demo_python_topic build --build-base /home/zmy/Desktop/ros2_learn/lesson3/build/demo_python_topic/build install --record /home/zmy/Desktop/ros2_learn/lesson3/build/demo_python_topic/install.log --single-version-externally-managed install_data
[2.030s] running egg_info
[2.031s] writing ../../build/demo_python_topic/demo_python_topic.egg-info/PKG-INFO
[2.032s] writing dependency_links to ../../build/demo_python_topic/demo_python_topic.egg-info/dependency_links.txt
[2.032s] writing entry points to ../../build/demo_python_topic/demo_python_topic.egg-info/entry_points.txt
[2.033s] writing requirements to ../../build/demo_python_topic/demo_python_topic.egg-info/requires.txt
[2.033s] writing top-level names to ../../build/demo_python_topic/demo_python_topic.egg-info/top_level.txt
[2.035s] reading manifest file '../../build/demo_python_topic/demo_python_topic.egg-info/SOURCES.txt'
[2.037s] adding license file 'LICENSE'
[2.038s] writing manifest file '../../build/demo_python_topic/demo_python_topic.egg-info/SOURCES.txt'
[2.038s] running build
[2.039s] running build_py
[2.039s] running install
[2.040s] running install_lib
[2.043s] running install_data
[2.043s] running install_egg_info
[2.046s] removing '/home/zmy/Desktop/ros2_learn/lesson3/install/demo_python_topic/lib/python3.10/site-packages/demo_python_topic-0.0.0-py3.10.egg-info' (and everything under it)
[2.048s] Copying ../../build/demo_python_topic/demo_python_topic.egg-info to /home/zmy/Desktop/ros2_learn/lesson3/install/demo_python_topic/lib/python3.10/site-packages/demo_python_topic-0.0.0-py3.10.egg-info
[2.053s] running install_scripts
[2.093s] Installing novel_pub_node script to /home/zmy/Desktop/ros2_learn/lesson3/install/demo_python_topic/lib/demo_python_topic
[2.093s] Installing novel_sub_node script to /home/zmy/Desktop/ros2_learn/lesson3/install/demo_python_topic/lib/demo_python_topic
[2.094s] writing list of installed files to '/home/zmy/Desktop/ros2_learn/lesson3/build/demo_python_topic/install.log'
[2.125s] Invoked command in '/home/zmy/Desktop/ros2_learn/lesson3/src/demo_python_topic' returned '0': PYTHONPATH=/home/zmy/Desktop/ros2_learn/lesson3/build/demo_python_topic/prefix_override:/usr/lib/python3/dist-packages/colcon_core/task/python/colcon_distutils_commands:/home/zmy/Desktop/ros2_learn/lesson3/install/demo_python_topic/lib/python3.10/site-packages:${PYTHONPATH} /usr/bin/python3 -W ignore:setup.py install is deprecated -W ignore:easy_install command is deprecated setup.py egg_info --egg-base ../../build/demo_python_topic build --build-base /home/zmy/Desktop/ros2_learn/lesson3/build/demo_python_topic/build install --record /home/zmy/Desktop/ros2_learn/lesson3/build/demo_python_topic/install.log --single-version-externally-managed install_data
