[0.692s] Invoking command in '/home/zmy/Desktop/ros2_learn/chapt2_ws/demo_python_pkg': PYTHONPATH=/home/zmy/Desktop/ros2_learn/chapt2_ws/build/demo_python_pkg/prefix_override:/usr/lib/python3/dist-packages/colcon_core/task/python/colcon_distutils_commands:/home/zmy/Desktop/ros2_learn/chapt2_ws/install/demo_python_pkg/lib/python3.10/site-packages:${PYTHONPATH} /usr/bin/python3 -W ignore:setup.py install is deprecated -W ignore:easy_install command is deprecated setup.py egg_info --egg-base ../build/demo_python_pkg build --build-base /home/zmy/Desktop/ros2_learn/chapt2_ws/build/demo_python_pkg/build install --record /home/zmy/Desktop/ros2_learn/chapt2_ws/build/demo_python_pkg/install.log --single-version-externally-managed install_data
[0.946s] running egg_info
[0.947s] writing ../build/demo_python_pkg/demo_python_pkg.egg-info/PKG-INFO
[0.948s] writing dependency_links to ../build/demo_python_pkg/demo_python_pkg.egg-info/dependency_links.txt
[0.948s] writing entry points to ../build/demo_python_pkg/demo_python_pkg.egg-info/entry_points.txt
[0.948s] writing requirements to ../build/demo_python_pkg/demo_python_pkg.egg-info/requires.txt
[0.949s] writing top-level names to ../build/demo_python_pkg/demo_python_pkg.egg-info/top_level.txt
[0.951s] reading manifest file '../build/demo_python_pkg/demo_python_pkg.egg-info/SOURCES.txt'
[0.951s] adding license file 'LICENSE'
[0.952s] writing manifest file '../build/demo_python_pkg/demo_python_pkg.egg-info/SOURCES.txt'
[0.952s] running build
[0.952s] running build_py
[0.952s] running install
[0.953s] running install_lib
[0.954s] running install_data
[0.954s] running install_egg_info
[0.956s] removing '/home/zmy/Desktop/ros2_learn/chapt2_ws/install/demo_python_pkg/lib/python3.10/site-packages/demo_python_pkg-0.0.0-py3.10.egg-info' (and everything under it)
[0.957s] Copying ../build/demo_python_pkg/demo_python_pkg.egg-info to /home/zmy/Desktop/ros2_learn/chapt2_ws/install/demo_python_pkg/lib/python3.10/site-packages/demo_python_pkg-0.0.0-py3.10.egg-info
[0.957s] running install_scripts
[0.984s] Installing python_node script to /home/zmy/Desktop/ros2_learn/chapt2_ws/install/demo_python_pkg/lib/demo_python_pkg
[0.985s] writing list of installed files to '/home/zmy/Desktop/ros2_learn/chapt2_ws/build/demo_python_pkg/install.log'
[1.018s] Invoked command in '/home/zmy/Desktop/ros2_learn/chapt2_ws/demo_python_pkg' returned '0': PYTHONPATH=/home/zmy/Desktop/ros2_learn/chapt2_ws/build/demo_python_pkg/prefix_override:/usr/lib/python3/dist-packages/colcon_core/task/python/colcon_distutils_commands:/home/zmy/Desktop/ros2_learn/chapt2_ws/install/demo_python_pkg/lib/python3.10/site-packages:${PYTHONPATH} /usr/bin/python3 -W ignore:setup.py install is deprecated -W ignore:easy_install command is deprecated setup.py egg_info --egg-base ../build/demo_python_pkg build --build-base /home/zmy/Desktop/ros2_learn/chapt2_ws/build/demo_python_pkg/build install --record /home/zmy/Desktop/ros2_learn/chapt2_ws/build/demo_python_pkg/install.log --single-version-externally-managed install_data
