[0.029s] Invoking command in '/home/zmy/Desktop/ros2_learn/build/demo_cpp_pkg': CMAKE_PREFIX_PATH=${CMAKE_PREFIX_PATH}:/home/zmy/Desktop/ros2_learn/install/demo_python_pkg:/opt/ros/humble /usr/bin/cmake --build /home/zmy/Desktop/ros2_learn/build/demo_cpp_pkg -- -j8 -l8
[0.094s] -- Found ament_cmake: 1.3.12 (/opt/ros/humble/share/ament_cmake/cmake)
[0.279s] -- Found rclcpp: 16.0.15 (/opt/ros/humble/share/rclcpp/cmake)
[0.308s] -- Found rosidl_generator_c: 3.1.7 (/opt/ros/humble/share/rosidl_generator_c/cmake)
[0.310s] -- Found rosidl_adapter: 3.1.7 (/opt/ros/humble/share/rosidl_adapter/cmake)
[0.317s] -- Found rosidl_generator_cpp: 3.1.7 (/opt/ros/humble/share/rosidl_generator_cpp/cmake)
[0.331s] -- Using all available rosidl_typesupport_c: rosidl_typesupport_fastrtps_c;rosidl_typesupport_introspection_c
[0.348s] -- Using all available rosidl_typesupport_cpp: rosidl_typesupport_fastrtps_cpp;rosidl_typesupport_introspection_cpp
[0.376s] -- Found rmw_implementation_cmake: 6.1.2 (/opt/ros/humble/share/rmw_implementation_cmake/cmake)
[0.377s] -- Found rmw_fastrtps_cpp: 6.2.8 (/opt/ros/humble/share/rmw_fastrtps_cpp/cmake)
[0.496s] -- Using RMW implementation 'rmw_fastrtps_cpp' as default
[0.552s] -- Found ament_lint_auto: 0.12.14 (/opt/ros/humble/share/ament_lint_auto/cmake)
[0.656s] -- Added test 'cppcheck' to perform static code analysis on C / C++ code
[0.656s] -- Configured cppcheck include dirs: 
[0.656s] -- Configured cppcheck exclude dirs and/or files: 
[0.658s] -- Added test 'flake8' to check Python code syntax and style conventions
[0.661s] -- Added test 'lint_cmake' to check CMake code style
[0.663s] -- Added test 'pep257' to check Python code against some of the docstring style conventions in PEP 257
[0.675s] -- Added test 'uncrustify' to check C / C++ code style
[0.675s] -- Configured uncrustify additional arguments: 
[0.677s] -- Added test 'xmllint' to check XML markup files
[0.678s] -- Configuring done
[0.691s] -- Generating done
[0.696s] -- Build files have been written to: /home/zmy/Desktop/ros2_learn/build/demo_cpp_pkg
[0.755s] [35m[1mConsolidate compiler generated dependencies of target cpp_node[0m
[0.787s] [ 50%] [32m[1mLinking CXX executable cpp_node[0m
[0.958s] [100%] Built target cpp_node
[0.976s] Invoked command in '/home/zmy/Desktop/ros2_learn/build/demo_cpp_pkg' returned '0': CMAKE_PREFIX_PATH=${CMAKE_PREFIX_PATH}:/home/zmy/Desktop/ros2_learn/install/demo_python_pkg:/opt/ros/humble /usr/bin/cmake --build /home/zmy/Desktop/ros2_learn/build/demo_cpp_pkg -- -j8 -l8
[0.995s] Invoking command in '/home/zmy/Desktop/ros2_learn/build/demo_cpp_pkg': CMAKE_PREFIX_PATH=${CMAKE_PREFIX_PATH}:/home/zmy/Desktop/ros2_learn/install/demo_python_pkg:/opt/ros/humble /usr/bin/cmake --install /home/zmy/Desktop/ros2_learn/build/demo_cpp_pkg
[1.008s] -- Install configuration: ""
[1.008s] -- Installing: /home/zmy/Desktop/ros2_learn/install/demo_cpp_pkg/lib/demo_cpp_pkg/cpp_node
[1.009s] -- Set runtime path of "/home/zmy/Desktop/ros2_learn/install/demo_cpp_pkg/lib/demo_cpp_pkg/cpp_node" to ""
[1.009s] -- Up-to-date: /home/zmy/Desktop/ros2_learn/install/demo_cpp_pkg/share/ament_index/resource_index/package_run_dependencies/demo_cpp_pkg
[1.009s] -- Installing: /home/zmy/Desktop/ros2_learn/install/demo_cpp_pkg/share/ament_index/resource_index/parent_prefix_path/demo_cpp_pkg
[1.009s] -- Up-to-date: /home/zmy/Desktop/ros2_learn/install/demo_cpp_pkg/share/demo_cpp_pkg/environment/ament_prefix_path.sh
[1.009s] -- Installing: /home/zmy/Desktop/ros2_learn/install/demo_cpp_pkg/share/demo_cpp_pkg/environment/ament_prefix_path.dsv
[1.009s] -- Up-to-date: /home/zmy/Desktop/ros2_learn/install/demo_cpp_pkg/share/demo_cpp_pkg/environment/path.sh
[1.009s] -- Installing: /home/zmy/Desktop/ros2_learn/install/demo_cpp_pkg/share/demo_cpp_pkg/environment/path.dsv
[1.010s] -- Up-to-date: /home/zmy/Desktop/ros2_learn/install/demo_cpp_pkg/share/demo_cpp_pkg/local_setup.bash
[1.010s] -- Up-to-date: /home/zmy/Desktop/ros2_learn/install/demo_cpp_pkg/share/demo_cpp_pkg/local_setup.sh
[1.010s] -- Up-to-date: /home/zmy/Desktop/ros2_learn/install/demo_cpp_pkg/share/demo_cpp_pkg/local_setup.zsh
[1.011s] -- Installing: /home/zmy/Desktop/ros2_learn/install/demo_cpp_pkg/share/demo_cpp_pkg/local_setup.dsv
[1.011s] -- Installing: /home/zmy/Desktop/ros2_learn/install/demo_cpp_pkg/share/demo_cpp_pkg/package.dsv
[1.011s] -- Up-to-date: /home/zmy/Desktop/ros2_learn/install/demo_cpp_pkg/share/ament_index/resource_index/packages/demo_cpp_pkg
[1.011s] -- Up-to-date: /home/zmy/Desktop/ros2_learn/install/demo_cpp_pkg/share/demo_cpp_pkg/cmake/demo_cpp_pkgConfig.cmake
[1.011s] -- Up-to-date: /home/zmy/Desktop/ros2_learn/install/demo_cpp_pkg/share/demo_cpp_pkg/cmake/demo_cpp_pkgConfig-version.cmake
[1.011s] -- Up-to-date: /home/zmy/Desktop/ros2_learn/install/demo_cpp_pkg/share/demo_cpp_pkg/package.xml
[1.014s] Invoked command in '/home/zmy/Desktop/ros2_learn/build/demo_cpp_pkg' returned '0': CMAKE_PREFIX_PATH=${CMAKE_PREFIX_PATH}:/home/zmy/Desktop/ros2_learn/install/demo_python_pkg:/opt/ros/humble /usr/bin/cmake --install /home/zmy/Desktop/ros2_learn/build/demo_cpp_pkg
