[0.017s] Invoking command in '/home/zmy/Desktop/ros2_learn/demo_cpp_pkg/build/demo_cpp_pkg': CMAKE_PREFIX_PATH=${CMAKE_PREFIX_PATH}:/home/zmy/Desktop/ros2_learn/install/demo_python_pkg:/opt/ros/humble /usr/bin/cmake /home/zmy/Desktop/ros2_learn/demo_cpp_pkg -DCMAKE_INSTALL_PREFIX=/home/zmy/Desktop/ros2_learn/demo_cpp_pkg/install/demo_cpp_pkg
[0.052s] -- Found ament_cmake: 1.3.12 (/opt/ros/humble/share/ament_cmake/cmake)
[0.241s] -- Found rclcpp: 16.0.15 (/opt/ros/humble/share/rclcpp/cmake)
[0.275s] -- Found rosidl_generator_c: 3.1.7 (/opt/ros/humble/share/rosidl_generator_c/cmake)
[0.275s] -- Found rosidl_adapter: 3.1.7 (/opt/ros/humble/share/rosidl_adapter/cmake)
[0.283s] -- Found rosidl_generator_cpp: 3.1.7 (/opt/ros/humble/share/rosidl_generator_cpp/cmake)
[0.298s] -- Using all available rosidl_typesupport_c: rosidl_typesupport_fastrtps_c;rosidl_typesupport_introspection_c
[0.319s] -- Using all available rosidl_typesupport_cpp: rosidl_typesupport_fastrtps_cpp;rosidl_typesupport_introspection_cpp
[0.355s] -- Found rmw_implementation_cmake: 6.1.2 (/opt/ros/humble/share/rmw_implementation_cmake/cmake)
[0.357s] -- Found rmw_fastrtps_cpp: 6.2.8 (/opt/ros/humble/share/rmw_fastrtps_cpp/cmake)
[0.488s] -- Using RMW implementation 'rmw_fastrtps_cpp' as default
[0.543s] -- Found ament_lint_auto: 0.12.14 (/opt/ros/humble/share/ament_lint_auto/cmake)
[0.543s] [31mCMake Error at CMakeLists.txt:19 (install):
[0.543s]   install TARGETS given target "lib/demo_cpp_pkg" which does not exist.
[0.543s] 
[0.543s] [0m
[0.647s] -- Added test 'cppcheck' to perform static code analysis on C / C++ code
[0.647s] -- Configured cppcheck include dirs: 
[0.647s] -- Configured cppcheck exclude dirs and/or files: 
[0.648s] -- Added test 'flake8' to check Python code syntax and style conventions
[0.652s] -- Added test 'lint_cmake' to check CMake code style
[0.654s] -- Added test 'pep257' to check Python code against some of the docstring style conventions in PEP 257
[0.666s] -- Added test 'uncrustify' to check C / C++ code style
[0.666s] -- Configured uncrustify additional arguments: 
[0.667s] -- Added test 'xmllint' to check XML markup files
[0.668s] -- Configuring incomplete, errors occurred!
[0.668s] See also "/home/zmy/Desktop/ros2_learn/demo_cpp_pkg/build/demo_cpp_pkg/CMakeFiles/CMakeOutput.log".
[0.680s] Invoked command in '/home/zmy/Desktop/ros2_learn/demo_cpp_pkg/build/demo_cpp_pkg' returned '1': CMAKE_PREFIX_PATH=${CMAKE_PREFIX_PATH}:/home/zmy/Desktop/ros2_learn/install/demo_python_pkg:/opt/ros/humble /usr/bin/cmake /home/zmy/Desktop/ros2_learn/demo_cpp_pkg -DCMAKE_INSTALL_PREFIX=/home/zmy/Desktop/ros2_learn/demo_cpp_pkg/install/demo_cpp_pkg
