[0.060s] DEBUG:colcon:Command line arguments: ['/usr/bin/colcon', 'build']
[0.061s] DEBUG:colcon:Parsed command line arguments: Namespace(log_base=None, log_level=None, verb_name='build', build_base='build', install_base='install', merge_install=False, symlink_install=False, test_result_base=None, continue_on_error=False, executor='parallel', parallel_workers=8, event_handlers=None, ignore_user_meta=False, metas=['./colcon.meta'], base_paths=['.'], packages_ignore=None, packages_ignore_regex=None, paths=None, packages_up_to=None, packages_up_to_regex=None, packages_above=None, packages_above_and_dependencies=None, packages_above_depth=None, packages_select_by_dep=None, packages_skip_by_dep=None, packages_skip_up_to=None, packages_select_build_failed=False, packages_skip_build_finished=False, packages_select_test_failures=False, packages_skip_test_passed=False, packages_select=None, packages_skip=None, packages_select_regex=None, packages_skip_regex=None, packages_start=None, packages_end=None, allow_overriding=[], cmake_args=None, cmake_target=None, cmake_target_skip_unavailable=False, cmake_clean_cache=False, cmake_clean_first=False, cmake_force_configure=False, ament_cmake_args=None, catkin_cmake_args=None, catkin_skip_building_tests=False, verb_parser=<colcon_defaults.argument_parser.defaults.DefaultArgumentsDecorator object at 0x75354d01b550>, verb_extension=<colcon_core.verb.build.BuildVerb object at 0x75354d160970>, main=<bound method BuildVerb.main of <colcon_core.verb.build.BuildVerb object at 0x75354d160970>>)
[0.146s] Level 1:colcon.colcon_core.package_discovery:discover_packages(colcon_meta) check parameters
[0.147s] Level 1:colcon.colcon_core.package_discovery:discover_packages(recursive) check parameters
[0.147s] Level 1:colcon.colcon_core.package_discovery:discover_packages(ignore) check parameters
[0.147s] Level 1:colcon.colcon_core.package_discovery:discover_packages(path) check parameters
[0.147s] Level 1:colcon.colcon_core.package_discovery:discover_packages(colcon_meta) discover
[0.147s] Level 1:colcon.colcon_core.package_discovery:discover_packages(recursive) discover
[0.147s] INFO:colcon.colcon_core.package_discovery:Crawling recursively for packages in '/home/zmy/Desktop/ros2_learn'
[0.147s] Level 1:colcon.colcon_core.package_identification:_identify(.) by extensions ['ignore', 'ignore_ament_install']
[0.147s] Level 1:colcon.colcon_core.package_identification:_identify(.) by extension 'ignore'
[0.147s] Level 1:colcon.colcon_core.package_identification:_identify(.) by extension 'ignore_ament_install'
[0.147s] Level 1:colcon.colcon_core.package_identification:_identify(.) by extensions ['colcon_pkg']
[0.147s] Level 1:colcon.colcon_core.package_identification:_identify(.) by extension 'colcon_pkg'
[0.147s] Level 1:colcon.colcon_core.package_identification:_identify(.) by extensions ['colcon_meta']
[0.147s] Level 1:colcon.colcon_core.package_identification:_identify(.) by extension 'colcon_meta'
[0.148s] Level 1:colcon.colcon_core.package_identification:_identify(.) by extensions ['ros']
[0.148s] Level 1:colcon.colcon_core.package_identification:_identify(.) by extension 'ros'
[0.158s] Level 1:colcon.colcon_core.package_identification:_identify(.) by extensions ['cmake', 'python']
[0.158s] Level 1:colcon.colcon_core.package_identification:_identify(.) by extension 'cmake'
[0.158s] Level 1:colcon.colcon_core.package_identification:_identify(.) by extension 'python'
[0.158s] Level 1:colcon.colcon_core.package_identification:_identify(.) by extensions ['python_setup_py']
[0.158s] Level 1:colcon.colcon_core.package_identification:_identify(.) by extension 'python_setup_py'
[0.158s] Level 1:colcon.colcon_core.package_identification:_identify(build) by extensions ['ignore', 'ignore_ament_install']
[0.158s] Level 1:colcon.colcon_core.package_identification:_identify(build) by extension 'ignore'
[0.158s] Level 1:colcon.colcon_core.package_identification:_identify(build) ignored
[0.159s] Level 1:colcon.colcon_core.package_identification:_identify(demo_cpp_pkg) by extensions ['ignore', 'ignore_ament_install']
[0.159s] Level 1:colcon.colcon_core.package_identification:_identify(demo_cpp_pkg) by extension 'ignore'
[0.159s] Level 1:colcon.colcon_core.package_identification:_identify(demo_cpp_pkg) by extension 'ignore_ament_install'
[0.159s] Level 1:colcon.colcon_core.package_identification:_identify(demo_cpp_pkg) by extensions ['colcon_pkg']
[0.159s] Level 1:colcon.colcon_core.package_identification:_identify(demo_cpp_pkg) by extension 'colcon_pkg'
[0.159s] Level 1:colcon.colcon_core.package_identification:_identify(demo_cpp_pkg) by extensions ['colcon_meta']
[0.159s] Level 1:colcon.colcon_core.package_identification:_identify(demo_cpp_pkg) by extension 'colcon_meta'
[0.159s] Level 1:colcon.colcon_core.package_identification:_identify(demo_cpp_pkg) by extensions ['ros']
[0.160s] Level 1:colcon.colcon_core.package_identification:_identify(demo_cpp_pkg) by extension 'ros'
[0.164s] DEBUG:colcon.colcon_core.package_identification:Package 'demo_cpp_pkg' with type 'ros.ament_cmake' and name 'demo_cpp_pkg'
[0.164s] Level 1:colcon.colcon_core.package_identification:_identify(demo_python_pkg) by extensions ['ignore', 'ignore_ament_install']
[0.164s] Level 1:colcon.colcon_core.package_identification:_identify(demo_python_pkg) by extension 'ignore'
[0.164s] Level 1:colcon.colcon_core.package_identification:_identify(demo_python_pkg) by extension 'ignore_ament_install'
[0.165s] Level 1:colcon.colcon_core.package_identification:_identify(demo_python_pkg) by extensions ['colcon_pkg']
[0.165s] Level 1:colcon.colcon_core.package_identification:_identify(demo_python_pkg) by extension 'colcon_pkg'
[0.165s] Level 1:colcon.colcon_core.package_identification:_identify(demo_python_pkg) by extensions ['colcon_meta']
[0.165s] Level 1:colcon.colcon_core.package_identification:_identify(demo_python_pkg) by extension 'colcon_meta'
[0.165s] Level 1:colcon.colcon_core.package_identification:_identify(demo_python_pkg) by extensions ['ros']
[0.165s] Level 1:colcon.colcon_core.package_identification:_identify(demo_python_pkg) by extension 'ros'
[0.166s] DEBUG:colcon.colcon_core.package_identification:Package 'demo_python_pkg' with type 'ros.ament_python' and name 'demo_python_pkg'
[0.166s] Level 1:colcon.colcon_core.package_identification:_identify(install) by extensions ['ignore', 'ignore_ament_install']
[0.166s] Level 1:colcon.colcon_core.package_identification:_identify(install) by extension 'ignore'
[0.166s] Level 1:colcon.colcon_core.package_identification:_identify(install) ignored
[0.166s] Level 1:colcon.colcon_core.package_identification:_identify(lesson2) by extensions ['ignore', 'ignore_ament_install']
[0.166s] Level 1:colcon.colcon_core.package_identification:_identify(lesson2) by extension 'ignore'
[0.166s] Level 1:colcon.colcon_core.package_identification:_identify(lesson2) by extension 'ignore_ament_install'
[0.167s] Level 1:colcon.colcon_core.package_identification:_identify(lesson2) by extensions ['colcon_pkg']
[0.167s] Level 1:colcon.colcon_core.package_identification:_identify(lesson2) by extension 'colcon_pkg'
[0.167s] Level 1:colcon.colcon_core.package_identification:_identify(lesson2) by extensions ['colcon_meta']
[0.167s] Level 1:colcon.colcon_core.package_identification:_identify(lesson2) by extension 'colcon_meta'
[0.167s] Level 1:colcon.colcon_core.package_identification:_identify(lesson2) by extensions ['ros']
[0.167s] Level 1:colcon.colcon_core.package_identification:_identify(lesson2) by extension 'ros'
[0.167s] Level 1:colcon.colcon_core.package_identification:_identify(lesson2) by extensions ['cmake', 'python']
[0.167s] Level 1:colcon.colcon_core.package_identification:_identify(lesson2) by extension 'cmake'
[0.167s] Level 1:colcon.colcon_core.package_identification:_identify(lesson2) by extension 'python'
[0.167s] Level 1:colcon.colcon_core.package_identification:_identify(lesson2) by extensions ['python_setup_py']
[0.167s] Level 1:colcon.colcon_core.package_identification:_identify(lesson2) by extension 'python_setup_py'
[0.167s] Level 1:colcon.colcon_core.package_identification:_identify(lesson2/build) by extensions ['ignore', 'ignore_ament_install']
[0.168s] Level 1:colcon.colcon_core.package_identification:_identify(lesson2/build) by extension 'ignore'
[0.168s] Level 1:colcon.colcon_core.package_identification:_identify(lesson2/build) by extension 'ignore_ament_install'
[0.168s] Level 1:colcon.colcon_core.package_identification:_identify(lesson2/build) by extensions ['colcon_pkg']
[0.168s] Level 1:colcon.colcon_core.package_identification:_identify(lesson2/build) by extension 'colcon_pkg'
[0.168s] Level 1:colcon.colcon_core.package_identification:_identify(lesson2/build) by extensions ['colcon_meta']
[0.168s] Level 1:colcon.colcon_core.package_identification:_identify(lesson2/build) by extension 'colcon_meta'
[0.168s] Level 1:colcon.colcon_core.package_identification:_identify(lesson2/build) by extensions ['ros']
[0.168s] Level 1:colcon.colcon_core.package_identification:_identify(lesson2/build) by extension 'ros'
[0.168s] Level 1:colcon.colcon_core.package_identification:_identify(lesson2/build) by extensions ['cmake', 'python']
[0.168s] Level 1:colcon.colcon_core.package_identification:_identify(lesson2/build) by extension 'cmake'
[0.168s] Level 1:colcon.colcon_core.package_identification:_identify(lesson2/build) by extension 'python'
[0.168s] Level 1:colcon.colcon_core.package_identification:_identify(lesson2/build) by extensions ['python_setup_py']
[0.168s] Level 1:colcon.colcon_core.package_identification:_identify(lesson2/build) by extension 'python_setup_py'
[0.168s] Level 1:colcon.colcon_core.package_identification:_identify(lesson2/build/CMakeFiles) by extensions ['ignore', 'ignore_ament_install']
[0.168s] Level 1:colcon.colcon_core.package_identification:_identify(lesson2/build/CMakeFiles) by extension 'ignore'
[0.168s] Level 1:colcon.colcon_core.package_identification:_identify(lesson2/build/CMakeFiles) by extension 'ignore_ament_install'
[0.168s] Level 1:colcon.colcon_core.package_identification:_identify(lesson2/build/CMakeFiles) by extensions ['colcon_pkg']
[0.168s] Level 1:colcon.colcon_core.package_identification:_identify(lesson2/build/CMakeFiles) by extension 'colcon_pkg'
[0.168s] Level 1:colcon.colcon_core.package_identification:_identify(lesson2/build/CMakeFiles) by extensions ['colcon_meta']
[0.168s] Level 1:colcon.colcon_core.package_identification:_identify(lesson2/build/CMakeFiles) by extension 'colcon_meta'
[0.168s] Level 1:colcon.colcon_core.package_identification:_identify(lesson2/build/CMakeFiles) by extensions ['ros']
[0.168s] Level 1:colcon.colcon_core.package_identification:_identify(lesson2/build/CMakeFiles) by extension 'ros'
[0.168s] Level 1:colcon.colcon_core.package_identification:_identify(lesson2/build/CMakeFiles) by extensions ['cmake', 'python']
[0.168s] Level 1:colcon.colcon_core.package_identification:_identify(lesson2/build/CMakeFiles) by extension 'cmake'
[0.168s] Level 1:colcon.colcon_core.package_identification:_identify(lesson2/build/CMakeFiles) by extension 'python'
[0.168s] Level 1:colcon.colcon_core.package_identification:_identify(lesson2/build/CMakeFiles) by extensions ['python_setup_py']
[0.169s] Level 1:colcon.colcon_core.package_identification:_identify(lesson2/build/CMakeFiles) by extension 'python_setup_py'
[0.169s] Level 1:colcon.colcon_core.package_identification:_identify(lesson2/build/CMakeFiles/3.22.1) by extensions ['ignore', 'ignore_ament_install']
[0.169s] Level 1:colcon.colcon_core.package_identification:_identify(lesson2/build/CMakeFiles/3.22.1) by extension 'ignore'
[0.169s] Level 1:colcon.colcon_core.package_identification:_identify(lesson2/build/CMakeFiles/3.22.1) by extension 'ignore_ament_install'
[0.169s] Level 1:colcon.colcon_core.package_identification:_identify(lesson2/build/CMakeFiles/3.22.1) by extensions ['colcon_pkg']
[0.169s] Level 1:colcon.colcon_core.package_identification:_identify(lesson2/build/CMakeFiles/3.22.1) by extension 'colcon_pkg'
[0.169s] Level 1:colcon.colcon_core.package_identification:_identify(lesson2/build/CMakeFiles/3.22.1) by extensions ['colcon_meta']
[0.169s] Level 1:colcon.colcon_core.package_identification:_identify(lesson2/build/CMakeFiles/3.22.1) by extension 'colcon_meta'
[0.169s] Level 1:colcon.colcon_core.package_identification:_identify(lesson2/build/CMakeFiles/3.22.1) by extensions ['ros']
[0.169s] Level 1:colcon.colcon_core.package_identification:_identify(lesson2/build/CMakeFiles/3.22.1) by extension 'ros'
[0.169s] Level 1:colcon.colcon_core.package_identification:_identify(lesson2/build/CMakeFiles/3.22.1) by extensions ['cmake', 'python']
[0.169s] Level 1:colcon.colcon_core.package_identification:_identify(lesson2/build/CMakeFiles/3.22.1) by extension 'cmake'
[0.169s] Level 1:colcon.colcon_core.package_identification:_identify(lesson2/build/CMakeFiles/3.22.1) by extension 'python'
[0.169s] Level 1:colcon.colcon_core.package_identification:_identify(lesson2/build/CMakeFiles/3.22.1) by extensions ['python_setup_py']
[0.169s] Level 1:colcon.colcon_core.package_identification:_identify(lesson2/build/CMakeFiles/3.22.1) by extension 'python_setup_py'
[0.169s] Level 1:colcon.colcon_core.package_identification:_identify(lesson2/build/CMakeFiles/3.22.1/CompilerIdC) by extensions ['ignore', 'ignore_ament_install']
[0.169s] Level 1:colcon.colcon_core.package_identification:_identify(lesson2/build/CMakeFiles/3.22.1/CompilerIdC) by extension 'ignore'
[0.169s] Level 1:colcon.colcon_core.package_identification:_identify(lesson2/build/CMakeFiles/3.22.1/CompilerIdC) by extension 'ignore_ament_install'
[0.169s] Level 1:colcon.colcon_core.package_identification:_identify(lesson2/build/CMakeFiles/3.22.1/CompilerIdC) by extensions ['colcon_pkg']
[0.169s] Level 1:colcon.colcon_core.package_identification:_identify(lesson2/build/CMakeFiles/3.22.1/CompilerIdC) by extension 'colcon_pkg'
[0.169s] Level 1:colcon.colcon_core.package_identification:_identify(lesson2/build/CMakeFiles/3.22.1/CompilerIdC) by extensions ['colcon_meta']
[0.169s] Level 1:colcon.colcon_core.package_identification:_identify(lesson2/build/CMakeFiles/3.22.1/CompilerIdC) by extension 'colcon_meta'
[0.169s] Level 1:colcon.colcon_core.package_identification:_identify(lesson2/build/CMakeFiles/3.22.1/CompilerIdC) by extensions ['ros']
[0.169s] Level 1:colcon.colcon_core.package_identification:_identify(lesson2/build/CMakeFiles/3.22.1/CompilerIdC) by extension 'ros'
[0.169s] Level 1:colcon.colcon_core.package_identification:_identify(lesson2/build/CMakeFiles/3.22.1/CompilerIdC) by extensions ['cmake', 'python']
[0.169s] Level 1:colcon.colcon_core.package_identification:_identify(lesson2/build/CMakeFiles/3.22.1/CompilerIdC) by extension 'cmake'
[0.169s] Level 1:colcon.colcon_core.package_identification:_identify(lesson2/build/CMakeFiles/3.22.1/CompilerIdC) by extension 'python'
[0.169s] Level 1:colcon.colcon_core.package_identification:_identify(lesson2/build/CMakeFiles/3.22.1/CompilerIdC) by extensions ['python_setup_py']
[0.169s] Level 1:colcon.colcon_core.package_identification:_identify(lesson2/build/CMakeFiles/3.22.1/CompilerIdC) by extension 'python_setup_py'
[0.170s] Level 1:colcon.colcon_core.package_identification:_identify(lesson2/build/CMakeFiles/3.22.1/CompilerIdC/tmp) by extensions ['ignore', 'ignore_ament_install']
[0.170s] Level 1:colcon.colcon_core.package_identification:_identify(lesson2/build/CMakeFiles/3.22.1/CompilerIdC/tmp) by extension 'ignore'
[0.170s] Level 1:colcon.colcon_core.package_identification:_identify(lesson2/build/CMakeFiles/3.22.1/CompilerIdC/tmp) by extension 'ignore_ament_install'
[0.170s] Level 1:colcon.colcon_core.package_identification:_identify(lesson2/build/CMakeFiles/3.22.1/CompilerIdC/tmp) by extensions ['colcon_pkg']
[0.170s] Level 1:colcon.colcon_core.package_identification:_identify(lesson2/build/CMakeFiles/3.22.1/CompilerIdC/tmp) by extension 'colcon_pkg'
[0.170s] Level 1:colcon.colcon_core.package_identification:_identify(lesson2/build/CMakeFiles/3.22.1/CompilerIdC/tmp) by extensions ['colcon_meta']
[0.170s] Level 1:colcon.colcon_core.package_identification:_identify(lesson2/build/CMakeFiles/3.22.1/CompilerIdC/tmp) by extension 'colcon_meta'
[0.170s] Level 1:colcon.colcon_core.package_identification:_identify(lesson2/build/CMakeFiles/3.22.1/CompilerIdC/tmp) by extensions ['ros']
[0.170s] Level 1:colcon.colcon_core.package_identification:_identify(lesson2/build/CMakeFiles/3.22.1/CompilerIdC/tmp) by extension 'ros'
[0.170s] Level 1:colcon.colcon_core.package_identification:_identify(lesson2/build/CMakeFiles/3.22.1/CompilerIdC/tmp) by extensions ['cmake', 'python']
[0.170s] Level 1:colcon.colcon_core.package_identification:_identify(lesson2/build/CMakeFiles/3.22.1/CompilerIdC/tmp) by extension 'cmake'
[0.170s] Level 1:colcon.colcon_core.package_identification:_identify(lesson2/build/CMakeFiles/3.22.1/CompilerIdC/tmp) by extension 'python'
[0.170s] Level 1:colcon.colcon_core.package_identification:_identify(lesson2/build/CMakeFiles/3.22.1/CompilerIdC/tmp) by extensions ['python_setup_py']
[0.170s] Level 1:colcon.colcon_core.package_identification:_identify(lesson2/build/CMakeFiles/3.22.1/CompilerIdC/tmp) by extension 'python_setup_py'
[0.170s] Level 1:colcon.colcon_core.package_identification:_identify(lesson2/build/CMakeFiles/3.22.1/CompilerIdCXX) by extensions ['ignore', 'ignore_ament_install']
[0.170s] Level 1:colcon.colcon_core.package_identification:_identify(lesson2/build/CMakeFiles/3.22.1/CompilerIdCXX) by extension 'ignore'
[0.170s] Level 1:colcon.colcon_core.package_identification:_identify(lesson2/build/CMakeFiles/3.22.1/CompilerIdCXX) by extension 'ignore_ament_install'
[0.170s] Level 1:colcon.colcon_core.package_identification:_identify(lesson2/build/CMakeFiles/3.22.1/CompilerIdCXX) by extensions ['colcon_pkg']
[0.170s] Level 1:colcon.colcon_core.package_identification:_identify(lesson2/build/CMakeFiles/3.22.1/CompilerIdCXX) by extension 'colcon_pkg'
[0.170s] Level 1:colcon.colcon_core.package_identification:_identify(lesson2/build/CMakeFiles/3.22.1/CompilerIdCXX) by extensions ['colcon_meta']
[0.170s] Level 1:colcon.colcon_core.package_identification:_identify(lesson2/build/CMakeFiles/3.22.1/CompilerIdCXX) by extension 'colcon_meta'
[0.170s] Level 1:colcon.colcon_core.package_identification:_identify(lesson2/build/CMakeFiles/3.22.1/CompilerIdCXX) by extensions ['ros']
[0.170s] Level 1:colcon.colcon_core.package_identification:_identify(lesson2/build/CMakeFiles/3.22.1/CompilerIdCXX) by extension 'ros'
[0.170s] Level 1:colcon.colcon_core.package_identification:_identify(lesson2/build/CMakeFiles/3.22.1/CompilerIdCXX) by extensions ['cmake', 'python']
[0.170s] Level 1:colcon.colcon_core.package_identification:_identify(lesson2/build/CMakeFiles/3.22.1/CompilerIdCXX) by extension 'cmake'
[0.170s] Level 1:colcon.colcon_core.package_identification:_identify(lesson2/build/CMakeFiles/3.22.1/CompilerIdCXX) by extension 'python'
[0.171s] Level 1:colcon.colcon_core.package_identification:_identify(lesson2/build/CMakeFiles/3.22.1/CompilerIdCXX) by extensions ['python_setup_py']
[0.171s] Level 1:colcon.colcon_core.package_identification:_identify(lesson2/build/CMakeFiles/3.22.1/CompilerIdCXX) by extension 'python_setup_py'
[0.171s] Level 1:colcon.colcon_core.package_identification:_identify(lesson2/build/CMakeFiles/3.22.1/CompilerIdCXX/tmp) by extensions ['ignore', 'ignore_ament_install']
[0.171s] Level 1:colcon.colcon_core.package_identification:_identify(lesson2/build/CMakeFiles/3.22.1/CompilerIdCXX/tmp) by extension 'ignore'
[0.171s] Level 1:colcon.colcon_core.package_identification:_identify(lesson2/build/CMakeFiles/3.22.1/CompilerIdCXX/tmp) by extension 'ignore_ament_install'
[0.171s] Level 1:colcon.colcon_core.package_identification:_identify(lesson2/build/CMakeFiles/3.22.1/CompilerIdCXX/tmp) by extensions ['colcon_pkg']
[0.171s] Level 1:colcon.colcon_core.package_identification:_identify(lesson2/build/CMakeFiles/3.22.1/CompilerIdCXX/tmp) by extension 'colcon_pkg'
[0.171s] Level 1:colcon.colcon_core.package_identification:_identify(lesson2/build/CMakeFiles/3.22.1/CompilerIdCXX/tmp) by extensions ['colcon_meta']
[0.171s] Level 1:colcon.colcon_core.package_identification:_identify(lesson2/build/CMakeFiles/3.22.1/CompilerIdCXX/tmp) by extension 'colcon_meta'
[0.171s] Level 1:colcon.colcon_core.package_identification:_identify(lesson2/build/CMakeFiles/3.22.1/CompilerIdCXX/tmp) by extensions ['ros']
[0.171s] Level 1:colcon.colcon_core.package_identification:_identify(lesson2/build/CMakeFiles/3.22.1/CompilerIdCXX/tmp) by extension 'ros'
[0.171s] Level 1:colcon.colcon_core.package_identification:_identify(lesson2/build/CMakeFiles/3.22.1/CompilerIdCXX/tmp) by extensions ['cmake', 'python']
[0.171s] Level 1:colcon.colcon_core.package_identification:_identify(lesson2/build/CMakeFiles/3.22.1/CompilerIdCXX/tmp) by extension 'cmake'
[0.171s] Level 1:colcon.colcon_core.package_identification:_identify(lesson2/build/CMakeFiles/3.22.1/CompilerIdCXX/tmp) by extension 'python'
[0.171s] Level 1:colcon.colcon_core.package_identification:_identify(lesson2/build/CMakeFiles/3.22.1/CompilerIdCXX/tmp) by extensions ['python_setup_py']
[0.171s] Level 1:colcon.colcon_core.package_identification:_identify(lesson2/build/CMakeFiles/3.22.1/CompilerIdCXX/tmp) by extension 'python_setup_py'
[0.171s] Level 1:colcon.colcon_core.package_identification:_identify(lesson2/build/CMakeFiles/CMakeTmp) by extensions ['ignore', 'ignore_ament_install']
[0.171s] Level 1:colcon.colcon_core.package_identification:_identify(lesson2/build/CMakeFiles/CMakeTmp) by extension 'ignore'
[0.171s] Level 1:colcon.colcon_core.package_identification:_identify(lesson2/build/CMakeFiles/CMakeTmp) by extension 'ignore_ament_install'
[0.171s] Level 1:colcon.colcon_core.package_identification:_identify(lesson2/build/CMakeFiles/CMakeTmp) by extensions ['colcon_pkg']
[0.171s] Level 1:colcon.colcon_core.package_identification:_identify(lesson2/build/CMakeFiles/CMakeTmp) by extension 'colcon_pkg'
[0.171s] Level 1:colcon.colcon_core.package_identification:_identify(lesson2/build/CMakeFiles/CMakeTmp) by extensions ['colcon_meta']
[0.171s] Level 1:colcon.colcon_core.package_identification:_identify(lesson2/build/CMakeFiles/CMakeTmp) by extension 'colcon_meta'
[0.171s] Level 1:colcon.colcon_core.package_identification:_identify(lesson2/build/CMakeFiles/CMakeTmp) by extensions ['ros']
[0.172s] Level 1:colcon.colcon_core.package_identification:_identify(lesson2/build/CMakeFiles/CMakeTmp) by extension 'ros'
[0.172s] Level 1:colcon.colcon_core.package_identification:_identify(lesson2/build/CMakeFiles/CMakeTmp) by extensions ['cmake', 'python']
[0.172s] Level 1:colcon.colcon_core.package_identification:_identify(lesson2/build/CMakeFiles/CMakeTmp) by extension 'cmake'
[0.172s] Level 1:colcon.colcon_core.package_identification:_identify(lesson2/build/CMakeFiles/CMakeTmp) by extension 'python'
[0.172s] Level 1:colcon.colcon_core.package_identification:_identify(lesson2/build/CMakeFiles/CMakeTmp) by extensions ['python_setup_py']
[0.172s] Level 1:colcon.colcon_core.package_identification:_identify(lesson2/build/CMakeFiles/CMakeTmp) by extension 'python_setup_py'
[0.172s] Level 1:colcon.colcon_core.package_identification:_identify(lesson2/build/CMakeFiles/ros2_cpp_node.dir) by extensions ['ignore', 'ignore_ament_install']
[0.172s] Level 1:colcon.colcon_core.package_identification:_identify(lesson2/build/CMakeFiles/ros2_cpp_node.dir) by extension 'ignore'
[0.172s] Level 1:colcon.colcon_core.package_identification:_identify(lesson2/build/CMakeFiles/ros2_cpp_node.dir) by extension 'ignore_ament_install'
[0.172s] Level 1:colcon.colcon_core.package_identification:_identify(lesson2/build/CMakeFiles/ros2_cpp_node.dir) by extensions ['colcon_pkg']
[0.172s] Level 1:colcon.colcon_core.package_identification:_identify(lesson2/build/CMakeFiles/ros2_cpp_node.dir) by extension 'colcon_pkg'
[0.172s] Level 1:colcon.colcon_core.package_identification:_identify(lesson2/build/CMakeFiles/ros2_cpp_node.dir) by extensions ['colcon_meta']
[0.172s] Level 1:colcon.colcon_core.package_identification:_identify(lesson2/build/CMakeFiles/ros2_cpp_node.dir) by extension 'colcon_meta'
[0.172s] Level 1:colcon.colcon_core.package_identification:_identify(lesson2/build/CMakeFiles/ros2_cpp_node.dir) by extensions ['ros']
[0.172s] Level 1:colcon.colcon_core.package_identification:_identify(lesson2/build/CMakeFiles/ros2_cpp_node.dir) by extension 'ros'
[0.172s] Level 1:colcon.colcon_core.package_identification:_identify(lesson2/build/CMakeFiles/ros2_cpp_node.dir) by extensions ['cmake', 'python']
[0.172s] Level 1:colcon.colcon_core.package_identification:_identify(lesson2/build/CMakeFiles/ros2_cpp_node.dir) by extension 'cmake'
[0.172s] Level 1:colcon.colcon_core.package_identification:_identify(lesson2/build/CMakeFiles/ros2_cpp_node.dir) by extension 'python'
[0.172s] Level 1:colcon.colcon_core.package_identification:_identify(lesson2/build/CMakeFiles/ros2_cpp_node.dir) by extensions ['python_setup_py']
[0.172s] Level 1:colcon.colcon_core.package_identification:_identify(lesson2/build/CMakeFiles/ros2_cpp_node.dir) by extension 'python_setup_py'
[0.172s] Level 1:colcon.colcon_core.package_identification:_identify(lesson2/build/CMakeFiles/ros2_cpp_uninstall.dir) by extensions ['ignore', 'ignore_ament_install']
[0.172s] Level 1:colcon.colcon_core.package_identification:_identify(lesson2/build/CMakeFiles/ros2_cpp_uninstall.dir) by extension 'ignore'
[0.172s] Level 1:colcon.colcon_core.package_identification:_identify(lesson2/build/CMakeFiles/ros2_cpp_uninstall.dir) by extension 'ignore_ament_install'
[0.172s] Level 1:colcon.colcon_core.package_identification:_identify(lesson2/build/CMakeFiles/ros2_cpp_uninstall.dir) by extensions ['colcon_pkg']
[0.172s] Level 1:colcon.colcon_core.package_identification:_identify(lesson2/build/CMakeFiles/ros2_cpp_uninstall.dir) by extension 'colcon_pkg'
[0.172s] Level 1:colcon.colcon_core.package_identification:_identify(lesson2/build/CMakeFiles/ros2_cpp_uninstall.dir) by extensions ['colcon_meta']
[0.172s] Level 1:colcon.colcon_core.package_identification:_identify(lesson2/build/CMakeFiles/ros2_cpp_uninstall.dir) by extension 'colcon_meta'
[0.172s] Level 1:colcon.colcon_core.package_identification:_identify(lesson2/build/CMakeFiles/ros2_cpp_uninstall.dir) by extensions ['ros']
[0.172s] Level 1:colcon.colcon_core.package_identification:_identify(lesson2/build/CMakeFiles/ros2_cpp_uninstall.dir) by extension 'ros'
[0.172s] Level 1:colcon.colcon_core.package_identification:_identify(lesson2/build/CMakeFiles/ros2_cpp_uninstall.dir) by extensions ['cmake', 'python']
[0.172s] Level 1:colcon.colcon_core.package_identification:_identify(lesson2/build/CMakeFiles/ros2_cpp_uninstall.dir) by extension 'cmake'
[0.172s] Level 1:colcon.colcon_core.package_identification:_identify(lesson2/build/CMakeFiles/ros2_cpp_uninstall.dir) by extension 'python'
[0.172s] Level 1:colcon.colcon_core.package_identification:_identify(lesson2/build/CMakeFiles/ros2_cpp_uninstall.dir) by extensions ['python_setup_py']
[0.172s] Level 1:colcon.colcon_core.package_identification:_identify(lesson2/build/CMakeFiles/ros2_cpp_uninstall.dir) by extension 'python_setup_py'
[0.173s] Level 1:colcon.colcon_core.package_identification:_identify(lesson2/build/CMakeFiles/uninstall.dir) by extensions ['ignore', 'ignore_ament_install']
[0.173s] Level 1:colcon.colcon_core.package_identification:_identify(lesson2/build/CMakeFiles/uninstall.dir) by extension 'ignore'
[0.173s] Level 1:colcon.colcon_core.package_identification:_identify(lesson2/build/CMakeFiles/uninstall.dir) by extension 'ignore_ament_install'
[0.173s] Level 1:colcon.colcon_core.package_identification:_identify(lesson2/build/CMakeFiles/uninstall.dir) by extensions ['colcon_pkg']
[0.173s] Level 1:colcon.colcon_core.package_identification:_identify(lesson2/build/CMakeFiles/uninstall.dir) by extension 'colcon_pkg'
[0.173s] Level 1:colcon.colcon_core.package_identification:_identify(lesson2/build/CMakeFiles/uninstall.dir) by extensions ['colcon_meta']
[0.173s] Level 1:colcon.colcon_core.package_identification:_identify(lesson2/build/CMakeFiles/uninstall.dir) by extension 'colcon_meta'
[0.173s] Level 1:colcon.colcon_core.package_identification:_identify(lesson2/build/CMakeFiles/uninstall.dir) by extensions ['ros']
[0.173s] Level 1:colcon.colcon_core.package_identification:_identify(lesson2/build/CMakeFiles/uninstall.dir) by extension 'ros'
[0.173s] Level 1:colcon.colcon_core.package_identification:_identify(lesson2/build/CMakeFiles/uninstall.dir) by extensions ['cmake', 'python']
[0.173s] Level 1:colcon.colcon_core.package_identification:_identify(lesson2/build/CMakeFiles/uninstall.dir) by extension 'cmake'
[0.173s] Level 1:colcon.colcon_core.package_identification:_identify(lesson2/build/CMakeFiles/uninstall.dir) by extension 'python'
[0.173s] Level 1:colcon.colcon_core.package_identification:_identify(lesson2/build/CMakeFiles/uninstall.dir) by extensions ['python_setup_py']
[0.173s] Level 1:colcon.colcon_core.package_identification:_identify(lesson2/build/CMakeFiles/uninstall.dir) by extension 'python_setup_py'
[0.173s] Level 1:colcon.colcon_core.package_identification:_identify(lesson2/build/ament_cmake_core) by extensions ['ignore', 'ignore_ament_install']
[0.173s] Level 1:colcon.colcon_core.package_identification:_identify(lesson2/build/ament_cmake_core) by extension 'ignore'
[0.173s] Level 1:colcon.colcon_core.package_identification:_identify(lesson2/build/ament_cmake_core) by extension 'ignore_ament_install'
[0.173s] Level 1:colcon.colcon_core.package_identification:_identify(lesson2/build/ament_cmake_core) by extensions ['colcon_pkg']
[0.173s] Level 1:colcon.colcon_core.package_identification:_identify(lesson2/build/ament_cmake_core) by extension 'colcon_pkg'
[0.173s] Level 1:colcon.colcon_core.package_identification:_identify(lesson2/build/ament_cmake_core) by extensions ['colcon_meta']
[0.173s] Level 1:colcon.colcon_core.package_identification:_identify(lesson2/build/ament_cmake_core) by extension 'colcon_meta'
[0.173s] Level 1:colcon.colcon_core.package_identification:_identify(lesson2/build/ament_cmake_core) by extensions ['ros']
[0.173s] Level 1:colcon.colcon_core.package_identification:_identify(lesson2/build/ament_cmake_core) by extension 'ros'
[0.173s] Level 1:colcon.colcon_core.package_identification:_identify(lesson2/build/ament_cmake_core) by extensions ['cmake', 'python']
[0.173s] Level 1:colcon.colcon_core.package_identification:_identify(lesson2/build/ament_cmake_core) by extension 'cmake'
[0.173s] Level 1:colcon.colcon_core.package_identification:_identify(lesson2/build/ament_cmake_core) by extension 'python'
[0.173s] Level 1:colcon.colcon_core.package_identification:_identify(lesson2/build/ament_cmake_core) by extensions ['python_setup_py']
[0.173s] Level 1:colcon.colcon_core.package_identification:_identify(lesson2/build/ament_cmake_core) by extension 'python_setup_py'
[0.173s] Level 1:colcon.colcon_core.package_identification:_identify(lesson2/build/ament_cmake_core/stamps) by extensions ['ignore', 'ignore_ament_install']
[0.173s] Level 1:colcon.colcon_core.package_identification:_identify(lesson2/build/ament_cmake_core/stamps) by extension 'ignore'
[0.173s] Level 1:colcon.colcon_core.package_identification:_identify(lesson2/build/ament_cmake_core/stamps) by extension 'ignore_ament_install'
[0.174s] Level 1:colcon.colcon_core.package_identification:_identify(lesson2/build/ament_cmake_core/stamps) by extensions ['colcon_pkg']
[0.174s] Level 1:colcon.colcon_core.package_identification:_identify(lesson2/build/ament_cmake_core/stamps) by extension 'colcon_pkg'
[0.174s] Level 1:colcon.colcon_core.package_identification:_identify(lesson2/build/ament_cmake_core/stamps) by extensions ['colcon_meta']
[0.174s] Level 1:colcon.colcon_core.package_identification:_identify(lesson2/build/ament_cmake_core/stamps) by extension 'colcon_meta'
[0.174s] Level 1:colcon.colcon_core.package_identification:_identify(lesson2/build/ament_cmake_core/stamps) by extensions ['ros']
[0.174s] Level 1:colcon.colcon_core.package_identification:_identify(lesson2/build/ament_cmake_core/stamps) by extension 'ros'
[0.174s] Level 1:colcon.colcon_core.package_identification:_identify(lesson2/build/ament_cmake_core/stamps) by extensions ['cmake', 'python']
[0.174s] Level 1:colcon.colcon_core.package_identification:_identify(lesson2/build/ament_cmake_core/stamps) by extension 'cmake'
[0.174s] Level 1:colcon.colcon_core.package_identification:_identify(lesson2/build/ament_cmake_core/stamps) by extension 'python'
[0.174s] Level 1:colcon.colcon_core.package_identification:_identify(lesson2/build/ament_cmake_core/stamps) by extensions ['python_setup_py']
[0.174s] Level 1:colcon.colcon_core.package_identification:_identify(lesson2/build/ament_cmake_core/stamps) by extension 'python_setup_py'
[0.174s] Level 1:colcon.colcon_core.package_identification:_identify(lesson2/build/ament_cmake_package_templates) by extensions ['ignore', 'ignore_ament_install']
[0.174s] Level 1:colcon.colcon_core.package_identification:_identify(lesson2/build/ament_cmake_package_templates) by extension 'ignore'
[0.174s] Level 1:colcon.colcon_core.package_identification:_identify(lesson2/build/ament_cmake_package_templates) by extension 'ignore_ament_install'
[0.174s] Level 1:colcon.colcon_core.package_identification:_identify(lesson2/build/ament_cmake_package_templates) by extensions ['colcon_pkg']
[0.174s] Level 1:colcon.colcon_core.package_identification:_identify(lesson2/build/ament_cmake_package_templates) by extension 'colcon_pkg'
[0.174s] Level 1:colcon.colcon_core.package_identification:_identify(lesson2/build/ament_cmake_package_templates) by extensions ['colcon_meta']
[0.174s] Level 1:colcon.colcon_core.package_identification:_identify(lesson2/build/ament_cmake_package_templates) by extension 'colcon_meta'
[0.174s] Level 1:colcon.colcon_core.package_identification:_identify(lesson2/build/ament_cmake_package_templates) by extensions ['ros']
[0.174s] Level 1:colcon.colcon_core.package_identification:_identify(lesson2/build/ament_cmake_package_templates) by extension 'ros'
[0.174s] Level 1:colcon.colcon_core.package_identification:_identify(lesson2/build/ament_cmake_package_templates) by extensions ['cmake', 'python']
[0.174s] Level 1:colcon.colcon_core.package_identification:_identify(lesson2/build/ament_cmake_package_templates) by extension 'cmake'
[0.174s] Level 1:colcon.colcon_core.package_identification:_identify(lesson2/build/ament_cmake_package_templates) by extension 'python'
[0.174s] Level 1:colcon.colcon_core.package_identification:_identify(lesson2/build/ament_cmake_package_templates) by extensions ['python_setup_py']
[0.174s] Level 1:colcon.colcon_core.package_identification:_identify(lesson2/build/ament_cmake_package_templates) by extension 'python_setup_py'
[0.174s] Level 1:colcon.colcon_core.package_identification:_identify(lesson2/build/ament_cmake_uninstall_target) by extensions ['ignore', 'ignore_ament_install']
[0.174s] Level 1:colcon.colcon_core.package_identification:_identify(lesson2/build/ament_cmake_uninstall_target) by extension 'ignore'
[0.174s] Level 1:colcon.colcon_core.package_identification:_identify(lesson2/build/ament_cmake_uninstall_target) by extension 'ignore_ament_install'
[0.174s] Level 1:colcon.colcon_core.package_identification:_identify(lesson2/build/ament_cmake_uninstall_target) by extensions ['colcon_pkg']
[0.174s] Level 1:colcon.colcon_core.package_identification:_identify(lesson2/build/ament_cmake_uninstall_target) by extension 'colcon_pkg'
[0.174s] Level 1:colcon.colcon_core.package_identification:_identify(lesson2/build/ament_cmake_uninstall_target) by extensions ['colcon_meta']
[0.174s] Level 1:colcon.colcon_core.package_identification:_identify(lesson2/build/ament_cmake_uninstall_target) by extension 'colcon_meta'
[0.174s] Level 1:colcon.colcon_core.package_identification:_identify(lesson2/build/ament_cmake_uninstall_target) by extensions ['ros']
[0.174s] Level 1:colcon.colcon_core.package_identification:_identify(lesson2/build/ament_cmake_uninstall_target) by extension 'ros'
[0.174s] Level 1:colcon.colcon_core.package_identification:_identify(lesson2/build/ament_cmake_uninstall_target) by extensions ['cmake', 'python']
[0.174s] Level 1:colcon.colcon_core.package_identification:_identify(lesson2/build/ament_cmake_uninstall_target) by extension 'cmake'
[0.174s] Level 1:colcon.colcon_core.package_identification:_identify(lesson2/build/ament_cmake_uninstall_target) by extension 'python'
[0.174s] Level 1:colcon.colcon_core.package_identification:_identify(lesson2/build/ament_cmake_uninstall_target) by extensions ['python_setup_py']
[0.174s] Level 1:colcon.colcon_core.package_identification:_identify(lesson2/build/ament_cmake_uninstall_target) by extension 'python_setup_py'
[0.174s] Level 1:colcon.colcon_core.package_identification:_identify(log) by extensions ['ignore', 'ignore_ament_install']
[0.175s] Level 1:colcon.colcon_core.package_identification:_identify(log) by extension 'ignore'
[0.175s] Level 1:colcon.colcon_core.package_identification:_identify(log) ignored
[0.175s] Level 1:colcon.colcon_core.package_discovery:discover_packages(recursive) using defaults
[0.175s] Level 1:colcon.colcon_core.package_discovery:discover_packages(ignore) discover
[0.175s] Level 1:colcon.colcon_core.package_discovery:discover_packages(ignore) using defaults
[0.175s] Level 1:colcon.colcon_core.package_discovery:discover_packages(path) discover
[0.175s] Level 1:colcon.colcon_core.package_discovery:discover_packages(path) using defaults
[0.187s] Level 1:colcon.colcon_core.package_discovery:discover_packages(prefix_path) check parameters
[0.187s] Level 1:colcon.colcon_core.package_discovery:discover_packages(prefix_path) discover
[0.189s] DEBUG:colcon.colcon_installed_package_information.package_discovery:Found 271 installed packages in /opt/ros/humble
[0.190s] Level 1:colcon.colcon_core.package_discovery:discover_packages(prefix_path) using defaults
[0.226s] Level 5:colcon.colcon_core.verb:set package 'demo_cpp_pkg' build argument 'cmake_args' from command line to 'None'
[0.226s] Level 5:colcon.colcon_core.verb:set package 'demo_cpp_pkg' build argument 'cmake_target' from command line to 'None'
[0.226s] Level 5:colcon.colcon_core.verb:set package 'demo_cpp_pkg' build argument 'cmake_target_skip_unavailable' from command line to 'False'
[0.226s] Level 5:colcon.colcon_core.verb:set package 'demo_cpp_pkg' build argument 'cmake_clean_cache' from command line to 'False'
[0.226s] Level 5:colcon.colcon_core.verb:set package 'demo_cpp_pkg' build argument 'cmake_clean_first' from command line to 'False'
[0.226s] Level 5:colcon.colcon_core.verb:set package 'demo_cpp_pkg' build argument 'cmake_force_configure' from command line to 'False'
[0.226s] Level 5:colcon.colcon_core.verb:set package 'demo_cpp_pkg' build argument 'ament_cmake_args' from command line to 'None'
[0.226s] Level 5:colcon.colcon_core.verb:set package 'demo_cpp_pkg' build argument 'catkin_cmake_args' from command line to 'None'
[0.226s] Level 5:colcon.colcon_core.verb:set package 'demo_cpp_pkg' build argument 'catkin_skip_building_tests' from command line to 'False'
[0.226s] DEBUG:colcon.colcon_core.verb:Building package 'demo_cpp_pkg' with the following arguments: {'ament_cmake_args': None, 'build_base': '/home/zmy/Desktop/ros2_learn/build/demo_cpp_pkg', 'catkin_cmake_args': None, 'catkin_skip_building_tests': False, 'cmake_args': None, 'cmake_clean_cache': False, 'cmake_clean_first': False, 'cmake_force_configure': False, 'cmake_target': None, 'cmake_target_skip_unavailable': False, 'install_base': '/home/zmy/Desktop/ros2_learn/install/demo_cpp_pkg', 'merge_install': False, 'path': '/home/zmy/Desktop/ros2_learn/demo_cpp_pkg', 'symlink_install': False, 'test_result_base': None}
[0.226s] Level 5:colcon.colcon_core.verb:set package 'demo_python_pkg' build argument 'cmake_args' from command line to 'None'
[0.226s] Level 5:colcon.colcon_core.verb:set package 'demo_python_pkg' build argument 'cmake_target' from command line to 'None'
[0.226s] Level 5:colcon.colcon_core.verb:set package 'demo_python_pkg' build argument 'cmake_target_skip_unavailable' from command line to 'False'
[0.226s] Level 5:colcon.colcon_core.verb:set package 'demo_python_pkg' build argument 'cmake_clean_cache' from command line to 'False'
[0.226s] Level 5:colcon.colcon_core.verb:set package 'demo_python_pkg' build argument 'cmake_clean_first' from command line to 'False'
[0.226s] Level 5:colcon.colcon_core.verb:set package 'demo_python_pkg' build argument 'cmake_force_configure' from command line to 'False'
[0.226s] Level 5:colcon.colcon_core.verb:set package 'demo_python_pkg' build argument 'ament_cmake_args' from command line to 'None'
[0.226s] Level 5:colcon.colcon_core.verb:set package 'demo_python_pkg' build argument 'catkin_cmake_args' from command line to 'None'
[0.226s] Level 5:colcon.colcon_core.verb:set package 'demo_python_pkg' build argument 'catkin_skip_building_tests' from command line to 'False'
[0.226s] DEBUG:colcon.colcon_core.verb:Building package 'demo_python_pkg' with the following arguments: {'ament_cmake_args': None, 'build_base': '/home/zmy/Desktop/ros2_learn/build/demo_python_pkg', 'catkin_cmake_args': None, 'catkin_skip_building_tests': False, 'cmake_args': None, 'cmake_clean_cache': False, 'cmake_clean_first': False, 'cmake_force_configure': False, 'cmake_target': None, 'cmake_target_skip_unavailable': False, 'install_base': '/home/zmy/Desktop/ros2_learn/install/demo_python_pkg', 'merge_install': False, 'path': '/home/zmy/Desktop/ros2_learn/demo_python_pkg', 'symlink_install': False, 'test_result_base': None}
[0.226s] INFO:colcon.colcon_core.executor:Executing jobs using 'parallel' executor
[0.228s] DEBUG:colcon.colcon_parallel_executor.executor.parallel:run_until_complete
[0.228s] INFO:colcon.colcon_ros.task.ament_cmake.build:Building ROS package in '/home/zmy/Desktop/ros2_learn/demo_cpp_pkg' with build type 'ament_cmake'
[0.229s] INFO:colcon.colcon_cmake.task.cmake.build:Building CMake package in '/home/zmy/Desktop/ros2_learn/demo_cpp_pkg'
[0.238s] INFO:colcon.colcon_core.plugin_system:Skipping extension 'colcon_core.shell.bat': Not used on non-Windows systems
[0.238s] INFO:colcon.colcon_core.shell:Skip shell extension 'powershell' for command environment: Not usable outside of PowerShell
[0.238s] DEBUG:colcon.colcon_core.shell:Skip shell extension 'dsv' for command environment
[0.243s] INFO:colcon.colcon_ros.task.ament_python.build:Building ROS package in '/home/zmy/Desktop/ros2_learn/demo_python_pkg' with build type 'ament_python'
[0.243s] Level 1:colcon.colcon_core.shell:create_environment_hook('demo_python_pkg', 'ament_prefix_path')
[0.243s] INFO:colcon.colcon_core.shell:Creating environment hook '/home/zmy/Desktop/ros2_learn/install/demo_python_pkg/share/demo_python_pkg/hook/ament_prefix_path.ps1'
[0.245s] INFO:colcon.colcon_core.shell:Creating environment descriptor '/home/zmy/Desktop/ros2_learn/install/demo_python_pkg/share/demo_python_pkg/hook/ament_prefix_path.dsv'
[0.248s] INFO:colcon.colcon_core.shell:Creating environment hook '/home/zmy/Desktop/ros2_learn/install/demo_python_pkg/share/demo_python_pkg/hook/ament_prefix_path.sh'
[0.250s] INFO:colcon.colcon_core.shell:Skip shell extension 'powershell' for command environment: Not usable outside of PowerShell
[0.250s] DEBUG:colcon.colcon_core.shell:Skip shell extension 'dsv' for command environment
[0.263s] DEBUG:colcon.colcon_core.event_handler.log_command:Invoking command in '/home/zmy/Desktop/ros2_learn/build/demo_cpp_pkg': CMAKE_PREFIX_PATH=/opt/ros/humble /usr/bin/cmake /home/zmy/Desktop/ros2_learn/demo_cpp_pkg -DCMAKE_INSTALL_PREFIX=/home/zmy/Desktop/ros2_learn/install/demo_cpp_pkg
[0.419s] INFO:colcon.colcon_core.task.python.build:Building Python package in '/home/zmy/Desktop/ros2_learn/demo_python_pkg'
[0.419s] INFO:colcon.colcon_core.shell:Skip shell extension 'powershell' for command environment: Not usable outside of PowerShell
[0.419s] DEBUG:colcon.colcon_core.shell:Skip shell extension 'dsv' for command environment
[0.730s] DEBUG:colcon.colcon_core.event_handler.log_command:Invoking command in '/home/zmy/Desktop/ros2_learn/demo_python_pkg': PYTHONPATH=/home/zmy/Desktop/ros2_learn/build/demo_python_pkg/prefix_override:/usr/lib/python3/dist-packages/colcon_core/task/python/colcon_distutils_commands:/home/zmy/Desktop/ros2_learn/install/demo_python_pkg/lib/python3.10/site-packages:${PYTHONPATH} /usr/bin/python3 -W ignore:setup.py install is deprecated -W ignore:easy_install command is deprecated setup.py egg_info --egg-base ../build/demo_python_pkg build --build-base /home/zmy/Desktop/ros2_learn/build/demo_python_pkg/build install --record /home/zmy/Desktop/ros2_learn/build/demo_python_pkg/install.log --single-version-externally-managed install_data
[0.902s] DEBUG:colcon.colcon_core.event_handler.log_command:Invoked command in '/home/zmy/Desktop/ros2_learn/demo_python_pkg' returned '0': PYTHONPATH=/home/zmy/Desktop/ros2_learn/build/demo_python_pkg/prefix_override:/usr/lib/python3/dist-packages/colcon_core/task/python/colcon_distutils_commands:/home/zmy/Desktop/ros2_learn/install/demo_python_pkg/lib/python3.10/site-packages:${PYTHONPATH} /usr/bin/python3 -W ignore:setup.py install is deprecated -W ignore:easy_install command is deprecated setup.py egg_info --egg-base ../build/demo_python_pkg build --build-base /home/zmy/Desktop/ros2_learn/build/demo_python_pkg/build install --record /home/zmy/Desktop/ros2_learn/build/demo_python_pkg/install.log --single-version-externally-managed install_data
[0.912s] Level 1:colcon.colcon_core.environment:checking '/home/zmy/Desktop/ros2_learn/install/demo_python_pkg' for CMake module files
[0.914s] Level 1:colcon.colcon_core.environment:checking '/home/zmy/Desktop/ros2_learn/install/demo_python_pkg' for CMake config files
[0.918s] Level 1:colcon.colcon_core.environment:checking '/home/zmy/Desktop/ros2_learn/install/demo_python_pkg/lib'
[0.918s] Level 1:colcon.colcon_core.environment:checking '/home/zmy/Desktop/ros2_learn/install/demo_python_pkg/bin'
[0.918s] Level 1:colcon.colcon_core.environment:checking '/home/zmy/Desktop/ros2_learn/install/demo_python_pkg/lib/pkgconfig/demo_python_pkg.pc'
[0.918s] Level 1:colcon.colcon_core.environment:checking '/home/zmy/Desktop/ros2_learn/install/demo_python_pkg/lib/python3.10/site-packages'
[0.918s] Level 1:colcon.colcon_core.shell:create_environment_hook('demo_python_pkg', 'pythonpath')
[0.919s] INFO:colcon.colcon_core.shell:Creating environment hook '/home/zmy/Desktop/ros2_learn/install/demo_python_pkg/share/demo_python_pkg/hook/pythonpath.ps1'
[0.919s] INFO:colcon.colcon_core.shell:Creating environment descriptor '/home/zmy/Desktop/ros2_learn/install/demo_python_pkg/share/demo_python_pkg/hook/pythonpath.dsv'
[0.919s] INFO:colcon.colcon_core.shell:Creating environment hook '/home/zmy/Desktop/ros2_learn/install/demo_python_pkg/share/demo_python_pkg/hook/pythonpath.sh'
[0.920s] Level 1:colcon.colcon_core.environment:checking '/home/zmy/Desktop/ros2_learn/install/demo_python_pkg/bin'
[0.920s] Level 1:colcon.colcon_core.environment:create_environment_scripts_only(demo_python_pkg)
[0.920s] INFO:colcon.colcon_core.shell:Creating package script '/home/zmy/Desktop/ros2_learn/install/demo_python_pkg/share/demo_python_pkg/package.ps1'
[0.921s] INFO:colcon.colcon_core.shell:Creating package descriptor '/home/zmy/Desktop/ros2_learn/install/demo_python_pkg/share/demo_python_pkg/package.dsv'
[0.922s] INFO:colcon.colcon_core.shell:Creating package script '/home/zmy/Desktop/ros2_learn/install/demo_python_pkg/share/demo_python_pkg/package.sh'
[0.924s] INFO:colcon.colcon_core.shell:Creating package script '/home/zmy/Desktop/ros2_learn/install/demo_python_pkg/share/demo_python_pkg/package.bash'
[0.925s] INFO:colcon.colcon_core.shell:Creating package script '/home/zmy/Desktop/ros2_learn/install/demo_python_pkg/share/demo_python_pkg/package.zsh'
[0.927s] Level 1:colcon.colcon_core.environment:create_file_with_runtime_dependencies(/home/zmy/Desktop/ros2_learn/install/demo_python_pkg/share/colcon-core/packages/demo_python_pkg)
[1.440s] DEBUG:colcon.colcon_core.event_handler.log_command:Invoked command in '/home/zmy/Desktop/ros2_learn/build/demo_cpp_pkg' returned '0': CMAKE_PREFIX_PATH=/opt/ros/humble /usr/bin/cmake /home/zmy/Desktop/ros2_learn/demo_cpp_pkg -DCMAKE_INSTALL_PREFIX=/home/zmy/Desktop/ros2_learn/install/demo_cpp_pkg
[1.441s] DEBUG:colcon.colcon_core.event_handler.log_command:Invoking command in '/home/zmy/Desktop/ros2_learn/build/demo_cpp_pkg': CMAKE_PREFIX_PATH=/opt/ros/humble /usr/bin/cmake --build /home/zmy/Desktop/ros2_learn/build/demo_cpp_pkg -- -j8 -l8
[3.660s] DEBUG:colcon.colcon_core.event_handler.log_command:Invoked command in '/home/zmy/Desktop/ros2_learn/build/demo_cpp_pkg' returned '0': CMAKE_PREFIX_PATH=/opt/ros/humble /usr/bin/cmake --build /home/zmy/Desktop/ros2_learn/build/demo_cpp_pkg -- -j8 -l8
[3.669s] DEBUG:colcon.colcon_core.event_handler.log_command:Invoking command in '/home/zmy/Desktop/ros2_learn/build/demo_cpp_pkg': CMAKE_PREFIX_PATH=/opt/ros/humble /usr/bin/cmake --install /home/zmy/Desktop/ros2_learn/build/demo_cpp_pkg
[3.681s] Level 1:colcon.colcon_core.environment:create_environment_scripts_only(demo_cpp_pkg)
[3.682s] Level 1:colcon.colcon_core.environment:checking '/home/zmy/Desktop/ros2_learn/install/demo_cpp_pkg' for CMake module files
[3.682s] DEBUG:colcon.colcon_core.event_handler.log_command:Invoked command in '/home/zmy/Desktop/ros2_learn/build/demo_cpp_pkg' returned '0': CMAKE_PREFIX_PATH=/opt/ros/humble /usr/bin/cmake --install /home/zmy/Desktop/ros2_learn/build/demo_cpp_pkg
[3.683s] Level 1:colcon.colcon_core.environment:checking '/home/zmy/Desktop/ros2_learn/install/demo_cpp_pkg' for CMake config files
[3.683s] Level 1:colcon.colcon_core.shell:create_environment_hook('demo_cpp_pkg', 'cmake_prefix_path')
[3.683s] INFO:colcon.colcon_core.shell:Creating environment hook '/home/zmy/Desktop/ros2_learn/install/demo_cpp_pkg/share/demo_cpp_pkg/hook/cmake_prefix_path.ps1'
[3.684s] INFO:colcon.colcon_core.shell:Creating environment descriptor '/home/zmy/Desktop/ros2_learn/install/demo_cpp_pkg/share/demo_cpp_pkg/hook/cmake_prefix_path.dsv'
[3.684s] INFO:colcon.colcon_core.shell:Creating environment hook '/home/zmy/Desktop/ros2_learn/install/demo_cpp_pkg/share/demo_cpp_pkg/hook/cmake_prefix_path.sh'
[3.685s] Level 1:colcon.colcon_core.environment:checking '/home/zmy/Desktop/ros2_learn/install/demo_cpp_pkg/bin'
[3.685s] Level 1:colcon.colcon_core.environment:checking '/home/zmy/Desktop/ros2_learn/install/demo_cpp_pkg/lib/pkgconfig/demo_cpp_pkg.pc'
[3.685s] Level 1:colcon.colcon_core.environment:checking '/home/zmy/Desktop/ros2_learn/install/demo_cpp_pkg/lib/python3.10/site-packages'
[3.685s] Level 1:colcon.colcon_core.environment:checking '/home/zmy/Desktop/ros2_learn/install/demo_cpp_pkg/bin'
[3.685s] INFO:colcon.colcon_core.shell:Creating package script '/home/zmy/Desktop/ros2_learn/install/demo_cpp_pkg/share/demo_cpp_pkg/package.ps1'
[3.686s] INFO:colcon.colcon_core.shell:Creating package descriptor '/home/zmy/Desktop/ros2_learn/install/demo_cpp_pkg/share/demo_cpp_pkg/package.dsv'
[3.686s] INFO:colcon.colcon_core.shell:Creating package script '/home/zmy/Desktop/ros2_learn/install/demo_cpp_pkg/share/demo_cpp_pkg/package.sh'
[3.686s] INFO:colcon.colcon_core.shell:Creating package script '/home/zmy/Desktop/ros2_learn/install/demo_cpp_pkg/share/demo_cpp_pkg/package.bash'
[3.687s] INFO:colcon.colcon_core.shell:Creating package script '/home/zmy/Desktop/ros2_learn/install/demo_cpp_pkg/share/demo_cpp_pkg/package.zsh'
[3.687s] Level 1:colcon.colcon_core.environment:create_file_with_runtime_dependencies(/home/zmy/Desktop/ros2_learn/install/demo_cpp_pkg/share/colcon-core/packages/demo_cpp_pkg)
[3.688s] Level 1:colcon.colcon_core.environment:create_environment_scripts_only(demo_cpp_pkg)
[3.688s] Level 1:colcon.colcon_core.environment:checking '/home/zmy/Desktop/ros2_learn/install/demo_cpp_pkg' for CMake module files
[3.688s] Level 1:colcon.colcon_core.environment:checking '/home/zmy/Desktop/ros2_learn/install/demo_cpp_pkg' for CMake config files
[3.688s] Level 1:colcon.colcon_core.shell:create_environment_hook('demo_cpp_pkg', 'cmake_prefix_path')
[3.688s] INFO:colcon.colcon_core.shell:Creating environment hook '/home/zmy/Desktop/ros2_learn/install/demo_cpp_pkg/share/demo_cpp_pkg/hook/cmake_prefix_path.ps1'
[3.689s] INFO:colcon.colcon_core.shell:Creating environment descriptor '/home/zmy/Desktop/ros2_learn/install/demo_cpp_pkg/share/demo_cpp_pkg/hook/cmake_prefix_path.dsv'
[3.689s] INFO:colcon.colcon_core.shell:Creating environment hook '/home/zmy/Desktop/ros2_learn/install/demo_cpp_pkg/share/demo_cpp_pkg/hook/cmake_prefix_path.sh'
[3.690s] Level 1:colcon.colcon_core.environment:checking '/home/zmy/Desktop/ros2_learn/install/demo_cpp_pkg/bin'
[3.690s] Level 1:colcon.colcon_core.environment:checking '/home/zmy/Desktop/ros2_learn/install/demo_cpp_pkg/lib/pkgconfig/demo_cpp_pkg.pc'
[3.690s] Level 1:colcon.colcon_core.environment:checking '/home/zmy/Desktop/ros2_learn/install/demo_cpp_pkg/lib/python3.10/site-packages'
[3.690s] Level 1:colcon.colcon_core.environment:checking '/home/zmy/Desktop/ros2_learn/install/demo_cpp_pkg/bin'
[3.690s] INFO:colcon.colcon_core.shell:Creating package script '/home/zmy/Desktop/ros2_learn/install/demo_cpp_pkg/share/demo_cpp_pkg/package.ps1'
[3.690s] INFO:colcon.colcon_core.shell:Creating package descriptor '/home/zmy/Desktop/ros2_learn/install/demo_cpp_pkg/share/demo_cpp_pkg/package.dsv'
[3.691s] INFO:colcon.colcon_core.shell:Creating package script '/home/zmy/Desktop/ros2_learn/install/demo_cpp_pkg/share/demo_cpp_pkg/package.sh'
[3.691s] INFO:colcon.colcon_core.shell:Creating package script '/home/zmy/Desktop/ros2_learn/install/demo_cpp_pkg/share/demo_cpp_pkg/package.bash'
[3.691s] INFO:colcon.colcon_core.shell:Creating package script '/home/zmy/Desktop/ros2_learn/install/demo_cpp_pkg/share/demo_cpp_pkg/package.zsh'
[3.692s] Level 1:colcon.colcon_core.environment:create_file_with_runtime_dependencies(/home/zmy/Desktop/ros2_learn/install/demo_cpp_pkg/share/colcon-core/packages/demo_cpp_pkg)
[3.692s] DEBUG:colcon.colcon_parallel_executor.executor.parallel:closing loop
[3.693s] DEBUG:colcon.colcon_parallel_executor.executor.parallel:loop closed
[3.693s] DEBUG:colcon.colcon_parallel_executor.executor.parallel:run_until_complete finished with '0'
[3.693s] DEBUG:colcon.colcon_core.event_reactor:joining thread
[3.710s] INFO:colcon.colcon_core.plugin_system:Skipping extension 'colcon_notification.desktop_notification.terminal_notifier': Not used on non-Darwin systems
[3.710s] INFO:colcon.colcon_core.plugin_system:Skipping extension 'colcon_notification.desktop_notification.win32': Not used on non-Windows systems
[3.710s] INFO:colcon.colcon_notification.desktop_notification:Sending desktop notification using 'notify2'
[3.728s] DEBUG:colcon.colcon_core.event_reactor:joined thread
[3.728s] INFO:colcon.colcon_core.shell:Creating prefix script '/home/zmy/Desktop/ros2_learn/install/local_setup.ps1'
[3.730s] INFO:colcon.colcon_core.shell:Creating prefix util module '/home/zmy/Desktop/ros2_learn/install/_local_setup_util_ps1.py'
[3.732s] INFO:colcon.colcon_core.shell:Creating prefix chain script '/home/zmy/Desktop/ros2_learn/install/setup.ps1'
[3.733s] INFO:colcon.colcon_core.shell:Creating prefix script '/home/zmy/Desktop/ros2_learn/install/local_setup.sh'
[3.734s] INFO:colcon.colcon_core.shell:Creating prefix util module '/home/zmy/Desktop/ros2_learn/install/_local_setup_util_sh.py'
[3.735s] INFO:colcon.colcon_core.shell:Creating prefix chain script '/home/zmy/Desktop/ros2_learn/install/setup.sh'
[3.736s] INFO:colcon.colcon_core.shell:Creating prefix script '/home/zmy/Desktop/ros2_learn/install/local_setup.bash'
[3.737s] INFO:colcon.colcon_core.shell:Creating prefix chain script '/home/zmy/Desktop/ros2_learn/install/setup.bash'
[3.738s] INFO:colcon.colcon_core.shell:Creating prefix script '/home/zmy/Desktop/ros2_learn/install/local_setup.zsh'
[3.739s] INFO:colcon.colcon_core.shell:Creating prefix chain script '/home/zmy/Desktop/ros2_learn/install/setup.zsh'
