[0.026s] Invoking command in '/home/zmy/Desktop/ros2_learn/chapt2_ws/src/build/demo_cpp_pkg': CMAKE_PREFIX_PATH=${CMAKE_PREFIX_PATH}:/home/zmy/Desktop/ros2_learn/chapt2_ws/src/install/demo_python_pkg:/home/zmy/Desktop/ros2_learn/chapt2_ws/install/demo_python_pkg:/opt/ros/humble /usr/bin/cmake --build /home/zmy/Desktop/ros2_learn/chapt2_ws/src/build/demo_cpp_pkg -- -j8 -l8
[0.095s] -- Found ament_cmake: 1.3.12 (/opt/ros/humble/share/ament_cmake/cmake)
[0.271s] -- Found rclcpp: 16.0.15 (/opt/ros/humble/share/rclcpp/cmake)
[0.308s] -- Found rosidl_generator_c: 3.1.7 (/opt/ros/humble/share/rosidl_generator_c/cmake)
[0.312s] -- Found rosidl_adapter: 3.1.7 (/opt/ros/humble/share/rosidl_adapter/cmake)
[0.320s] -- Found rosidl_generator_cpp: 3.1.7 (/opt/ros/humble/share/rosidl_generator_cpp/cmake)
[0.334s] -- Using all available rosidl_typesupport_c: rosidl_typesupport_fastrtps_c;rosidl_typesupport_introspection_c
[0.352s] -- Using all available rosidl_typesupport_cpp: rosidl_typesupport_fastrtps_cpp;rosidl_typesupport_introspection_cpp
[0.394s] -- Found rmw_implementation_cmake: 6.1.2 (/opt/ros/humble/share/rmw_implementation_cmake/cmake)
[0.396s] -- Found rmw_fastrtps_cpp: 6.2.8 (/opt/ros/humble/share/rmw_fastrtps_cpp/cmake)
[0.537s] -- Using RMW implementation 'rmw_fastrtps_cpp' as default
[0.584s] -- Found ament_lint_auto: 0.12.14 (/opt/ros/humble/share/ament_lint_auto/cmake)
[0.724s] -- Added test 'cppcheck' to perform static code analysis on C / C++ code
[0.724s] -- Configured cppcheck include dirs: 
[0.724s] -- Configured cppcheck exclude dirs and/or files: 
[0.731s] -- Added test 'flake8' to check Python code syntax and style conventions
[0.745s] -- Added test 'lint_cmake' to check CMake code style
[0.751s] -- Added test 'pep257' to check Python code against some of the docstring style conventions in PEP 257
[0.801s] -- Added test 'uncrustify' to check C / C++ code style
[0.801s] -- Configured uncrustify additional arguments: 
[0.807s] -- Added test 'xmllint' to check XML markup files
[0.809s] -- Configuring done
[0.838s] -- Generating done
[0.843s] -- Build files have been written to: /home/zmy/Desktop/ros2_learn/chapt2_ws/src/build/demo_cpp_pkg
[0.911s] [35m[1mConsolidate compiler generated dependencies of target cpp_node[0m
[0.940s] [ 25%] [32mBuilding CXX object CMakeFiles/person_node.dir/src/person_node.cpp.o[0m
[0.968s] [ 75%] Built target cpp_node
[4.675s] [100%] [32m[1mLinking CXX executable person_node[0m
[4.918s] [100%] Built target person_node
[4.948s] Invoked command in '/home/zmy/Desktop/ros2_learn/chapt2_ws/src/build/demo_cpp_pkg' returned '0': CMAKE_PREFIX_PATH=${CMAKE_PREFIX_PATH}:/home/zmy/Desktop/ros2_learn/chapt2_ws/src/install/demo_python_pkg:/home/zmy/Desktop/ros2_learn/chapt2_ws/install/demo_python_pkg:/opt/ros/humble /usr/bin/cmake --build /home/zmy/Desktop/ros2_learn/chapt2_ws/src/build/demo_cpp_pkg -- -j8 -l8
[4.973s] Invoking command in '/home/zmy/Desktop/ros2_learn/chapt2_ws/src/build/demo_cpp_pkg': CMAKE_PREFIX_PATH=${CMAKE_PREFIX_PATH}:/home/zmy/Desktop/ros2_learn/chapt2_ws/src/install/demo_python_pkg:/home/zmy/Desktop/ros2_learn/chapt2_ws/install/demo_python_pkg:/opt/ros/humble /usr/bin/cmake --install /home/zmy/Desktop/ros2_learn/chapt2_ws/src/build/demo_cpp_pkg
[4.994s] -- Install configuration: ""
[4.995s] -- Up-to-date: /home/zmy/Desktop/ros2_learn/chapt2_ws/src/install/demo_cpp_pkg/lib/demo_cpp_pkg/cpp_node
[4.997s] -- Installing: /home/zmy/Desktop/ros2_learn/chapt2_ws/src/install/demo_cpp_pkg/lib/demo_cpp_pkg/person_node
[5.000s] -- Set runtime path of "/home/zmy/Desktop/ros2_learn/chapt2_ws/src/install/demo_cpp_pkg/lib/demo_cpp_pkg/person_node" to ""
[5.000s] -- Up-to-date: /home/zmy/Desktop/ros2_learn/chapt2_ws/src/install/demo_cpp_pkg/share/ament_index/resource_index/package_run_dependencies/demo_cpp_pkg
[5.000s] -- Up-to-date: /home/zmy/Desktop/ros2_learn/chapt2_ws/src/install/demo_cpp_pkg/share/ament_index/resource_index/parent_prefix_path/demo_cpp_pkg
[5.000s] -- Up-to-date: /home/zmy/Desktop/ros2_learn/chapt2_ws/src/install/demo_cpp_pkg/share/demo_cpp_pkg/environment/ament_prefix_path.sh
[5.000s] -- Installing: /home/zmy/Desktop/ros2_learn/chapt2_ws/src/install/demo_cpp_pkg/share/demo_cpp_pkg/environment/ament_prefix_path.dsv
[5.001s] -- Up-to-date: /home/zmy/Desktop/ros2_learn/chapt2_ws/src/install/demo_cpp_pkg/share/demo_cpp_pkg/environment/path.sh
[5.001s] -- Installing: /home/zmy/Desktop/ros2_learn/chapt2_ws/src/install/demo_cpp_pkg/share/demo_cpp_pkg/environment/path.dsv
[5.001s] -- Up-to-date: /home/zmy/Desktop/ros2_learn/chapt2_ws/src/install/demo_cpp_pkg/share/demo_cpp_pkg/local_setup.bash
[5.001s] -- Up-to-date: /home/zmy/Desktop/ros2_learn/chapt2_ws/src/install/demo_cpp_pkg/share/demo_cpp_pkg/local_setup.sh
[5.001s] -- Up-to-date: /home/zmy/Desktop/ros2_learn/chapt2_ws/src/install/demo_cpp_pkg/share/demo_cpp_pkg/local_setup.zsh
[5.001s] -- Installing: /home/zmy/Desktop/ros2_learn/chapt2_ws/src/install/demo_cpp_pkg/share/demo_cpp_pkg/local_setup.dsv
[5.002s] -- Installing: /home/zmy/Desktop/ros2_learn/chapt2_ws/src/install/demo_cpp_pkg/share/demo_cpp_pkg/package.dsv
[5.002s] -- Up-to-date: /home/zmy/Desktop/ros2_learn/chapt2_ws/src/install/demo_cpp_pkg/share/ament_index/resource_index/packages/demo_cpp_pkg
[5.002s] -- Up-to-date: /home/zmy/Desktop/ros2_learn/chapt2_ws/src/install/demo_cpp_pkg/share/demo_cpp_pkg/cmake/demo_cpp_pkgConfig.cmake
[5.002s] -- Up-to-date: /home/zmy/Desktop/ros2_learn/chapt2_ws/src/install/demo_cpp_pkg/share/demo_cpp_pkg/cmake/demo_cpp_pkgConfig-version.cmake
[5.003s] -- Up-to-date: /home/zmy/Desktop/ros2_learn/chapt2_ws/src/install/demo_cpp_pkg/share/demo_cpp_pkg/package.xml
[5.006s] Invoked command in '/home/zmy/Desktop/ros2_learn/chapt2_ws/src/build/demo_cpp_pkg' returned '0': CMAKE_PREFIX_PATH=${CMAKE_PREFIX_PATH}:/home/zmy/Desktop/ros2_learn/chapt2_ws/src/install/demo_python_pkg:/home/zmy/Desktop/ros2_learn/chapt2_ws/install/demo_python_pkg:/opt/ros/humble /usr/bin/cmake --install /home/zmy/Desktop/ros2_learn/chapt2_ws/src/build/demo_cpp_pkg
