[0.029s] Invoking command in '/home/zmy/Desktop/ros2_learn/lesson3/build/demo_cpp_topic': CMAKE_PREFIX_PATH=/opt/ros/humble /usr/bin/cmake /home/zmy/Desktop/ros2_learn/lesson3/src/demo_cpp_topic -DCMAKE_INSTALL_PREFIX=/home/zmy/Desktop/ros2_learn/lesson3/install/demo_cpp_topic
[0.189s] -- The C compiler identification is GNU 11.4.0
[0.315s] -- The CXX compiler identification is GNU 11.4.0
[0.335s] -- Detecting C compiler ABI info
[0.416s] -- Detecting C compiler ABI info - done
[0.420s] -- Check for working C compiler: /usr/bin/cc - skipped
[0.421s] -- Detecting C compile features
[0.424s] -- Detecting C compile features - done
[0.427s] -- Detecting CXX compiler ABI info
[0.537s] -- Detecting CXX compiler ABI info - done
[0.541s] -- Check for working CXX compiler: /usr/bin/c++ - skipped
[0.541s] -- Detecting CXX compile features
[0.541s] -- Detecting CXX compile features - done
[0.549s] -- Found ament_cmake: 1.3.12 (/opt/ros/humble/share/ament_cmake/cmake)
[0.694s] -- Found Python3: /usr/bin/python3 (found version "3.10.12") found components: Interpreter 
[0.828s] -- Found rclcpp: 16.0.15 (/opt/ros/humble/share/rclcpp/cmake)
[0.905s] -- Found rosidl_generator_c: 3.1.7 (/opt/ros/humble/share/rosidl_generator_c/cmake)
[0.926s] -- Found rosidl_adapter: 3.1.7 (/opt/ros/humble/share/rosidl_adapter/cmake)
[0.940s] -- Found rosidl_generator_cpp: 3.1.7 (/opt/ros/humble/share/rosidl_generator_cpp/cmake)
[0.960s] -- Using all available rosidl_typesupport_c: rosidl_typesupport_fastrtps_c;rosidl_typesupport_introspection_c
[0.981s] -- Using all available rosidl_typesupport_cpp: rosidl_typesupport_fastrtps_cpp;rosidl_typesupport_introspection_cpp
[1.069s] -- Found rmw_implementation_cmake: 6.1.2 (/opt/ros/humble/share/rmw_implementation_cmake/cmake)
[1.073s] -- Found rmw_fastrtps_cpp: 6.2.8 (/opt/ros/humble/share/rmw_fastrtps_cpp/cmake)
[1.196s] -- Found OpenSSL: /usr/lib/x86_64-linux-gnu/libcrypto.so (found version "3.0.2")  
[1.225s] -- Found FastRTPS: /opt/ros/humble/include  
[1.251s] -- Using RMW implementation 'rmw_fastrtps_cpp' as default
[1.270s] -- Looking for pthread.h
[1.376s] -- Looking for pthread.h - found
[1.376s] -- Performing Test CMAKE_HAVE_LIBC_PTHREAD
[1.466s] -- Performing Test CMAKE_HAVE_LIBC_PTHREAD - Success
[1.467s] -- Found Threads: TRUE  
[1.554s] -- Found geometry_msgs: 4.9.0 (/opt/ros/humble/share/geometry_msgs/cmake)
[1.581s] -- Found turtlesim: 1.4.2 (/opt/ros/humble/share/turtlesim/cmake)
[1.661s] [31mCMake Error at CMakeLists.txt:15 (amnet_target_dependencies):
[1.662s]   Unknown CMake command "amnet_target_dependencies".
[1.662s] 
[1.662s] [0m
[1.662s] -- Configuring incomplete, errors occurred!
[1.662s] See also "/home/zmy/Desktop/ros2_learn/lesson3/build/demo_cpp_topic/CMakeFiles/CMakeOutput.log".
[1.668s] Invoked command in '/home/zmy/Desktop/ros2_learn/lesson3/build/demo_cpp_topic' returned '1': CMAKE_PREFIX_PATH=/opt/ros/humble /usr/bin/cmake /home/zmy/Desktop/ros2_learn/lesson3/src/demo_cpp_topic -DCMAKE_INSTALL_PREFIX=/home/zmy/Desktop/ros2_learn/lesson3/install/demo_cpp_topic
