[0.031s] Invoking command in '/home/zmy/Desktop/ros2_learn/chapt2_ws/src/build/demo_cpp_pkg': CMAKE_PREFIX_PATH=${CMAKE_PREFIX_PATH}:/home/zmy/Desktop/ros2_learn/chapt2_ws/install/demo_python_pkg:/opt/ros/humble /usr/bin/cmake /home/zmy/Desktop/ros2_learn/chapt2_ws/src/demo_cpp_pkg -DCMAKE_INSTALL_PREFIX=/home/zmy/Desktop/ros2_learn/chapt2_ws/src/install/demo_cpp_pkg
[0.195s] -- The C compiler identification is GNU 11.4.0
[0.331s] -- The CXX compiler identification is GNU 11.4.0
[0.345s] -- Detecting C compiler ABI info
[0.527s] -- Detecting C compiler ABI info - done
[0.532s] -- Check for working C compiler: /usr/bin/cc - skipped
[0.533s] -- Detecting C compile features
[0.533s] -- Detecting C compile features - done
[0.537s] -- Detecting CXX compiler ABI info
[0.739s] -- Detecting CXX compiler ABI info - done
[0.743s] -- Check for working CXX compiler: /usr/bin/c++ - skipped
[0.743s] -- Detecting CXX compile features
[0.744s] -- Detecting CXX compile features - done
[0.749s] -- Found ament_cmake: 1.3.12 (/opt/ros/humble/share/ament_cmake/cmake)
[0.982s] -- Found Python3: /usr/bin/python3 (found version "3.10.12") found components: Interpreter 
[1.123s] -- Found rclcpp: 16.0.15 (/opt/ros/humble/share/rclcpp/cmake)
[1.187s] -- Found rosidl_generator_c: 3.1.7 (/opt/ros/humble/share/rosidl_generator_c/cmake)
[1.196s] -- Found rosidl_adapter: 3.1.7 (/opt/ros/humble/share/rosidl_adapter/cmake)
[1.211s] -- Found rosidl_generator_cpp: 3.1.7 (/opt/ros/humble/share/rosidl_generator_cpp/cmake)
[1.232s] -- Using all available rosidl_typesupport_c: rosidl_typesupport_fastrtps_c;rosidl_typesupport_introspection_c
[1.257s] -- Using all available rosidl_typesupport_cpp: rosidl_typesupport_fastrtps_cpp;rosidl_typesupport_introspection_cpp
[1.323s] -- Found rmw_implementation_cmake: 6.1.2 (/opt/ros/humble/share/rmw_implementation_cmake/cmake)
[1.327s] -- Found rmw_fastrtps_cpp: 6.2.8 (/opt/ros/humble/share/rmw_fastrtps_cpp/cmake)
[1.507s] -- Found OpenSSL: /usr/lib/x86_64-linux-gnu/libcrypto.so (found version "3.0.2")  
[1.542s] -- Found FastRTPS: /opt/ros/humble/include  
[1.598s] -- Using RMW implementation 'rmw_fastrtps_cpp' as default
[1.620s] -- Looking for pthread.h
[1.818s] -- Looking for pthread.h - found
[1.821s] -- Performing Test CMAKE_HAVE_LIBC_PTHREAD
[2.025s] -- Performing Test CMAKE_HAVE_LIBC_PTHREAD - Success
[2.027s] -- Found Threads: TRUE  
[2.111s] -- Found ament_lint_auto: 0.12.14 (/opt/ros/humble/share/ament_lint_auto/cmake)
[2.274s] -- Added test 'cppcheck' to perform static code analysis on C / C++ code
[2.274s] -- Configured cppcheck include dirs: 
[2.274s] -- Configured cppcheck exclude dirs and/or files: 
[2.281s] -- Added test 'flake8' to check Python code syntax and style conventions
[2.294s] -- Added test 'lint_cmake' to check CMake code style
[2.300s] -- Added test 'pep257' to check Python code against some of the docstring style conventions in PEP 257
[2.350s] -- Added test 'uncrustify' to check C / C++ code style
[2.350s] -- Configured uncrustify additional arguments: 
[2.357s] -- Added test 'xmllint' to check XML markup files
[2.359s] -- Configuring done
[2.382s] -- Generating done
[2.386s] -- Build files have been written to: /home/zmy/Desktop/ros2_learn/chapt2_ws/src/build/demo_cpp_pkg
[2.404s] Invoked command in '/home/zmy/Desktop/ros2_learn/chapt2_ws/src/build/demo_cpp_pkg' returned '0': CMAKE_PREFIX_PATH=${CMAKE_PREFIX_PATH}:/home/zmy/Desktop/ros2_learn/chapt2_ws/install/demo_python_pkg:/opt/ros/humble /usr/bin/cmake /home/zmy/Desktop/ros2_learn/chapt2_ws/src/demo_cpp_pkg -DCMAKE_INSTALL_PREFIX=/home/zmy/Desktop/ros2_learn/chapt2_ws/src/install/demo_cpp_pkg
[2.407s] Invoking command in '/home/zmy/Desktop/ros2_learn/chapt2_ws/src/build/demo_cpp_pkg': CMAKE_PREFIX_PATH=${CMAKE_PREFIX_PATH}:/home/zmy/Desktop/ros2_learn/chapt2_ws/install/demo_python_pkg:/opt/ros/humble /usr/bin/cmake --build /home/zmy/Desktop/ros2_learn/chapt2_ws/src/build/demo_cpp_pkg -- -j8 -l8
[2.555s] [ 50%] [32mBuilding CXX object CMakeFiles/cpp_node.dir/src/cpp_node.cpp.o[0m
[6.105s] [100%] [32m[1mLinking CXX executable cpp_node[0m
[6.338s] [100%] Built target cpp_node
[6.373s] Invoked command in '/home/zmy/Desktop/ros2_learn/chapt2_ws/src/build/demo_cpp_pkg' returned '0': CMAKE_PREFIX_PATH=${CMAKE_PREFIX_PATH}:/home/zmy/Desktop/ros2_learn/chapt2_ws/install/demo_python_pkg:/opt/ros/humble /usr/bin/cmake --build /home/zmy/Desktop/ros2_learn/chapt2_ws/src/build/demo_cpp_pkg -- -j8 -l8
[6.394s] Invoking command in '/home/zmy/Desktop/ros2_learn/chapt2_ws/src/build/demo_cpp_pkg': CMAKE_PREFIX_PATH=${CMAKE_PREFIX_PATH}:/home/zmy/Desktop/ros2_learn/chapt2_ws/install/demo_python_pkg:/opt/ros/humble /usr/bin/cmake --install /home/zmy/Desktop/ros2_learn/chapt2_ws/src/build/demo_cpp_pkg
[6.414s] -- Install configuration: ""
[6.414s] -- Installing: /home/zmy/Desktop/ros2_learn/chapt2_ws/src/install/demo_cpp_pkg/lib/demo_cpp_pkg/cpp_node
[6.416s] -- Set runtime path of "/home/zmy/Desktop/ros2_learn/chapt2_ws/src/install/demo_cpp_pkg/lib/demo_cpp_pkg/cpp_node" to ""
[6.417s] -- Installing: /home/zmy/Desktop/ros2_learn/chapt2_ws/src/install/demo_cpp_pkg/share/ament_index/resource_index/package_run_dependencies/demo_cpp_pkg
[6.418s] -- Installing: /home/zmy/Desktop/ros2_learn/chapt2_ws/src/install/demo_cpp_pkg/share/ament_index/resource_index/parent_prefix_path/demo_cpp_pkg
[6.418s] -- Installing: /home/zmy/Desktop/ros2_learn/chapt2_ws/src/install/demo_cpp_pkg/share/demo_cpp_pkg/environment/ament_prefix_path.sh
[6.418s] -- Installing: /home/zmy/Desktop/ros2_learn/chapt2_ws/src/install/demo_cpp_pkg/share/demo_cpp_pkg/environment/ament_prefix_path.dsv
[6.419s] -- Installing: /home/zmy/Desktop/ros2_learn/chapt2_ws/src/install/demo_cpp_pkg/share/demo_cpp_pkg/environment/path.sh
[6.419s] -- Installing: /home/zmy/Desktop/ros2_learn/chapt2_ws/src/install/demo_cpp_pkg/share/demo_cpp_pkg/environment/path.dsv
[6.419s] -- Installing: /home/zmy/Desktop/ros2_learn/chapt2_ws/src/install/demo_cpp_pkg/share/demo_cpp_pkg/local_setup.bash
[6.420s] -- Installing: /home/zmy/Desktop/ros2_learn/chapt2_ws/src/install/demo_cpp_pkg/share/demo_cpp_pkg/local_setup.sh
[6.420s] -- Installing: /home/zmy/Desktop/ros2_learn/chapt2_ws/src/install/demo_cpp_pkg/share/demo_cpp_pkg/local_setup.zsh
[6.420s] -- Installing: /home/zmy/Desktop/ros2_learn/chapt2_ws/src/install/demo_cpp_pkg/share/demo_cpp_pkg/local_setup.dsv
[6.420s] -- Installing: /home/zmy/Desktop/ros2_learn/chapt2_ws/src/install/demo_cpp_pkg/share/demo_cpp_pkg/package.dsv
[6.421s] -- Installing: /home/zmy/Desktop/ros2_learn/chapt2_ws/src/install/demo_cpp_pkg/share/ament_index/resource_index/packages/demo_cpp_pkg
[6.421s] -- Installing: /home/zmy/Desktop/ros2_learn/chapt2_ws/src/install/demo_cpp_pkg/share/demo_cpp_pkg/cmake/demo_cpp_pkgConfig.cmake
[6.422s] -- Installing: /home/zmy/Desktop/ros2_learn/chapt2_ws/src/install/demo_cpp_pkg/share/demo_cpp_pkg/cmake/demo_cpp_pkgConfig-version.cmake
[6.422s] -- Installing: /home/zmy/Desktop/ros2_learn/chapt2_ws/src/install/demo_cpp_pkg/share/demo_cpp_pkg/package.xml
[6.425s] Invoked command in '/home/zmy/Desktop/ros2_learn/chapt2_ws/src/build/demo_cpp_pkg' returned '0': CMAKE_PREFIX_PATH=${CMAKE_PREFIX_PATH}:/home/zmy/Desktop/ros2_learn/chapt2_ws/install/demo_python_pkg:/opt/ros/humble /usr/bin/cmake --install /home/zmy/Desktop/ros2_learn/chapt2_ws/src/build/demo_cpp_pkg
