[0.026s] Invoking command in '/home/zmy/Desktop/ros2_learn/lesson2/chapt2_ws/demo_cpp_pkg/build/demo_cpp_pkg': CMAKE_PREFIX_PATH=${CMAKE_PREFIX_PATH}:/home/zmy/Desktop/ros2_learn/lesson2/chapt2_ws/demo_python_pkg/install/demo_python_pkg:/opt/ros/humble /usr/bin/cmake --build /home/zmy/Desktop/ros2_learn/lesson2/chapt2_ws/demo_cpp_pkg/build/demo_cpp_pkg -- -j8 -l8
[0.096s] -- Found ament_cmake: 1.3.12 (/opt/ros/humble/share/ament_cmake/cmake)
[0.265s] -- Found rclcpp: 16.0.15 (/opt/ros/humble/share/rclcpp/cmake)
[0.300s] -- Found rosidl_generator_c: 3.1.7 (/opt/ros/humble/share/rosidl_generator_c/cmake)
[0.304s] -- Found rosidl_adapter: 3.1.7 (/opt/ros/humble/share/rosidl_adapter/cmake)
[0.313s] -- Found rosidl_generator_cpp: 3.1.7 (/opt/ros/humble/share/rosidl_generator_cpp/cmake)
[0.328s] -- Using all available rosidl_typesupport_c: rosidl_typesupport_fastrtps_c;rosidl_typesupport_introspection_c
[0.346s] -- Using all available rosidl_typesupport_cpp: rosidl_typesupport_fastrtps_cpp;rosidl_typesupport_introspection_cpp
[0.387s] -- Found rmw_implementation_cmake: 6.1.2 (/opt/ros/humble/share/rmw_implementation_cmake/cmake)
[0.389s] -- Found rmw_fastrtps_cpp: 6.2.8 (/opt/ros/humble/share/rmw_fastrtps_cpp/cmake)
[0.527s] -- Using RMW implementation 'rmw_fastrtps_cpp' as default
[0.576s] -- Found ament_lint_auto: 0.12.14 (/opt/ros/humble/share/ament_lint_auto/cmake)
[0.727s] -- Added test 'cppcheck' to perform static code analysis on C / C++ code
[0.728s] -- Configured cppcheck include dirs: 
[0.728s] -- Configured cppcheck exclude dirs and/or files: 
[0.736s] -- Added test 'flake8' to check Python code syntax and style conventions
[0.754s] -- Added test 'lint_cmake' to check CMake code style
[0.762s] -- Added test 'pep257' to check Python code against some of the docstring style conventions in PEP 257
[0.827s] -- Added test 'uncrustify' to check C / C++ code style
[0.827s] -- Configured uncrustify additional arguments: 
[0.836s] -- Added test 'xmllint' to check XML markup files
[0.837s] -- Configuring done
[0.875s] -- Generating done
[0.883s] -- Build files have been written to: /home/zmy/Desktop/ros2_learn/lesson2/chapt2_ws/demo_cpp_pkg/build/demo_cpp_pkg
[0.958s] [35m[1mConsolidate compiler generated dependencies of target cpp_node[0m
[0.963s] [35m[1mConsolidate compiler generated dependencies of target learn_auto[0m
[0.963s] [35m[1mConsolidate compiler generated dependencies of target person_node[0m
[0.968s] [35m[1mConsolidate compiler generated dependencies of target learn_shared_ptr[0m
[0.982s] [35m[1mConsolidate compiler generated dependencies of target learn_lambda[0m
[1.015s] [  8%] [32mBuilding CXX object CMakeFiles/learn_functional.dir/src/learn_functional.cpp.o[0m
[1.016s] [ 25%] Built target learn_auto
[1.022s] [ 50%] [32mBuilding CXX object CMakeFiles/learn_lambda.dir/src/learn_lambda.cpp.o[0m
[1.022s] [ 50%] Built target cpp_node
[1.022s] [ 66%] Built target learn_shared_ptr
[1.027s] [ 83%] Built target person_node
[1.459s] [ 91%] [32m[1mLinking CXX executable learn_lambda[0m
[1.551s] [100%] [32m[1mLinking CXX executable learn_functional[0m
[1.633s] [100%] Built target learn_lambda
[1.714s] [100%] Built target learn_functional
[1.743s] Invoked command in '/home/zmy/Desktop/ros2_learn/lesson2/chapt2_ws/demo_cpp_pkg/build/demo_cpp_pkg' returned '0': CMAKE_PREFIX_PATH=${CMAKE_PREFIX_PATH}:/home/zmy/Desktop/ros2_learn/lesson2/chapt2_ws/demo_python_pkg/install/demo_python_pkg:/opt/ros/humble /usr/bin/cmake --build /home/zmy/Desktop/ros2_learn/lesson2/chapt2_ws/demo_cpp_pkg/build/demo_cpp_pkg -- -j8 -l8
[1.768s] Invoking command in '/home/zmy/Desktop/ros2_learn/lesson2/chapt2_ws/demo_cpp_pkg/build/demo_cpp_pkg': CMAKE_PREFIX_PATH=${CMAKE_PREFIX_PATH}:/home/zmy/Desktop/ros2_learn/lesson2/chapt2_ws/demo_python_pkg/install/demo_python_pkg:/opt/ros/humble /usr/bin/cmake --install /home/zmy/Desktop/ros2_learn/lesson2/chapt2_ws/demo_cpp_pkg/build/demo_cpp_pkg
[1.788s] -- Install configuration: ""
[1.788s] -- Up-to-date: /home/zmy/Desktop/ros2_learn/lesson2/chapt2_ws/demo_cpp_pkg/install/demo_cpp_pkg/lib/demo_cpp_pkg/cpp_node
[1.791s] -- Up-to-date: /home/zmy/Desktop/ros2_learn/lesson2/chapt2_ws/demo_cpp_pkg/install/demo_cpp_pkg/lib/demo_cpp_pkg/person_node
[1.793s] -- Up-to-date: /home/zmy/Desktop/ros2_learn/lesson2/chapt2_ws/demo_cpp_pkg/install/demo_cpp_pkg/lib/demo_cpp_pkg/learn_auto
[1.793s] -- Up-to-date: /home/zmy/Desktop/ros2_learn/lesson2/chapt2_ws/demo_cpp_pkg/install/demo_cpp_pkg/lib/demo_cpp_pkg/learn_shared_ptr
[1.795s] -- Installing: /home/zmy/Desktop/ros2_learn/lesson2/chapt2_ws/demo_cpp_pkg/install/demo_cpp_pkg/lib/demo_cpp_pkg/learn_lambda
[1.795s] -- Installing: /home/zmy/Desktop/ros2_learn/lesson2/chapt2_ws/demo_cpp_pkg/install/demo_cpp_pkg/lib/demo_cpp_pkg/learn_functional
[1.796s] -- Up-to-date: /home/zmy/Desktop/ros2_learn/lesson2/chapt2_ws/demo_cpp_pkg/install/demo_cpp_pkg/share/ament_index/resource_index/package_run_dependencies/demo_cpp_pkg
[1.796s] -- Up-to-date: /home/zmy/Desktop/ros2_learn/lesson2/chapt2_ws/demo_cpp_pkg/install/demo_cpp_pkg/share/ament_index/resource_index/parent_prefix_path/demo_cpp_pkg
[1.796s] -- Up-to-date: /home/zmy/Desktop/ros2_learn/lesson2/chapt2_ws/demo_cpp_pkg/install/demo_cpp_pkg/share/demo_cpp_pkg/environment/ament_prefix_path.sh
[1.796s] -- Installing: /home/zmy/Desktop/ros2_learn/lesson2/chapt2_ws/demo_cpp_pkg/install/demo_cpp_pkg/share/demo_cpp_pkg/environment/ament_prefix_path.dsv
[1.796s] -- Up-to-date: /home/zmy/Desktop/ros2_learn/lesson2/chapt2_ws/demo_cpp_pkg/install/demo_cpp_pkg/share/demo_cpp_pkg/environment/path.sh
[1.797s] -- Installing: /home/zmy/Desktop/ros2_learn/lesson2/chapt2_ws/demo_cpp_pkg/install/demo_cpp_pkg/share/demo_cpp_pkg/environment/path.dsv
[1.797s] -- Up-to-date: /home/zmy/Desktop/ros2_learn/lesson2/chapt2_ws/demo_cpp_pkg/install/demo_cpp_pkg/share/demo_cpp_pkg/local_setup.bash
[1.797s] -- Up-to-date: /home/zmy/Desktop/ros2_learn/lesson2/chapt2_ws/demo_cpp_pkg/install/demo_cpp_pkg/share/demo_cpp_pkg/local_setup.sh
[1.797s] -- Up-to-date: /home/zmy/Desktop/ros2_learn/lesson2/chapt2_ws/demo_cpp_pkg/install/demo_cpp_pkg/share/demo_cpp_pkg/local_setup.zsh
[1.797s] -- Installing: /home/zmy/Desktop/ros2_learn/lesson2/chapt2_ws/demo_cpp_pkg/install/demo_cpp_pkg/share/demo_cpp_pkg/local_setup.dsv
[1.798s] -- Installing: /home/zmy/Desktop/ros2_learn/lesson2/chapt2_ws/demo_cpp_pkg/install/demo_cpp_pkg/share/demo_cpp_pkg/package.dsv
[1.798s] -- Up-to-date: /home/zmy/Desktop/ros2_learn/lesson2/chapt2_ws/demo_cpp_pkg/install/demo_cpp_pkg/share/ament_index/resource_index/packages/demo_cpp_pkg
[1.798s] -- Up-to-date: /home/zmy/Desktop/ros2_learn/lesson2/chapt2_ws/demo_cpp_pkg/install/demo_cpp_pkg/share/demo_cpp_pkg/cmake/demo_cpp_pkgConfig.cmake
[1.798s] -- Up-to-date: /home/zmy/Desktop/ros2_learn/lesson2/chapt2_ws/demo_cpp_pkg/install/demo_cpp_pkg/share/demo_cpp_pkg/cmake/demo_cpp_pkgConfig-version.cmake
[1.798s] -- Up-to-date: /home/zmy/Desktop/ros2_learn/lesson2/chapt2_ws/demo_cpp_pkg/install/demo_cpp_pkg/share/demo_cpp_pkg/package.xml
[1.802s] Invoked command in '/home/zmy/Desktop/ros2_learn/lesson2/chapt2_ws/demo_cpp_pkg/build/demo_cpp_pkg' returned '0': CMAKE_PREFIX_PATH=${CMAKE_PREFIX_PATH}:/home/zmy/Desktop/ros2_learn/lesson2/chapt2_ws/demo_python_pkg/install/demo_python_pkg:/opt/ros/humble /usr/bin/cmake --install /home/zmy/Desktop/ros2_learn/lesson2/chapt2_ws/demo_cpp_pkg/build/demo_cpp_pkg
