[0.691s] Invoking command in '/home/zmy/Desktop/ros2_learn/chapt2_ws/demo_python_pkg': PYTHONPATH=/home/zmy/Desktop/ros2_learn/chapt2_ws/build/demo_python_pkg/prefix_override:/usr/lib/python3/dist-packages/colcon_core/task/python/colcon_distutils_commands:/home/zmy/Desktop/ros2_learn/chapt2_ws/install/demo_python_pkg/lib/python3.10/site-packages:${PYTHONPATH} /usr/bin/python3 -W ignore:setup.py install is deprecated -W ignore:easy_install command is deprecated setup.py egg_info --egg-base ../build/demo_python_pkg build --build-base /home/zmy/Desktop/ros2_learn/chapt2_ws/build/demo_python_pkg/build install --record /home/zmy/Desktop/ros2_learn/chapt2_ws/build/demo_python_pkg/install.log --single-version-externally-managed install_data
[0.916s] running egg_info
[0.917s] creating ../build/demo_python_pkg/demo_python_pkg.egg-info
[0.917s] writing ../build/demo_python_pkg/demo_python_pkg.egg-info/PKG-INFO
[0.918s] writing dependency_links to ../build/demo_python_pkg/demo_python_pkg.egg-info/dependency_links.txt
[0.918s] writing entry points to ../build/demo_python_pkg/demo_python_pkg.egg-info/entry_points.txt
[0.918s] writing requirements to ../build/demo_python_pkg/demo_python_pkg.egg-info/requires.txt
[0.918s] writing top-level names to ../build/demo_python_pkg/demo_python_pkg.egg-info/top_level.txt
[0.918s] writing manifest file '../build/demo_python_pkg/demo_python_pkg.egg-info/SOURCES.txt'
[0.919s] reading manifest file '../build/demo_python_pkg/demo_python_pkg.egg-info/SOURCES.txt'
[0.920s] adding license file 'LICENSE'
[0.922s] writing manifest file '../build/demo_python_pkg/demo_python_pkg.egg-info/SOURCES.txt'
[0.922s] running build
[0.922s] running build_py
[0.922s] creating /home/zmy/Desktop/ros2_learn/chapt2_ws/build/demo_python_pkg/build
[0.922s] creating /home/zmy/Desktop/ros2_learn/chapt2_ws/build/demo_python_pkg/build/lib
[0.922s] creating /home/zmy/Desktop/ros2_learn/chapt2_ws/build/demo_python_pkg/build/lib/demo_python_pkg
[0.923s] copying demo_python_pkg/__init__.py -> /home/zmy/Desktop/ros2_learn/chapt2_ws/build/demo_python_pkg/build/lib/demo_python_pkg
[0.923s] copying demo_python_pkg/python_node.py -> /home/zmy/Desktop/ros2_learn/chapt2_ws/build/demo_python_pkg/build/lib/demo_python_pkg
[0.923s] running install
[0.923s] running install_lib
[0.924s] creating /home/zmy/Desktop/ros2_learn/chapt2_ws/install/demo_python_pkg/lib/python3.10/site-packages/demo_python_pkg
[0.924s] copying /home/zmy/Desktop/ros2_learn/chapt2_ws/build/demo_python_pkg/build/lib/demo_python_pkg/__init__.py -> /home/zmy/Desktop/ros2_learn/chapt2_ws/install/demo_python_pkg/lib/python3.10/site-packages/demo_python_pkg
[0.924s] copying /home/zmy/Desktop/ros2_learn/chapt2_ws/build/demo_python_pkg/build/lib/demo_python_pkg/python_node.py -> /home/zmy/Desktop/ros2_learn/chapt2_ws/install/demo_python_pkg/lib/python3.10/site-packages/demo_python_pkg
[0.924s] byte-compiling /home/zmy/Desktop/ros2_learn/chapt2_ws/install/demo_python_pkg/lib/python3.10/site-packages/demo_python_pkg/__init__.py to __init__.cpython-310.pyc
[0.924s] byte-compiling /home/zmy/Desktop/ros2_learn/chapt2_ws/install/demo_python_pkg/lib/python3.10/site-packages/demo_python_pkg/python_node.py to python_node.cpython-310.pyc
[0.924s] running install_data
[0.925s] creating /home/zmy/Desktop/ros2_learn/chapt2_ws/install/demo_python_pkg/share/ament_index
[0.925s] creating /home/zmy/Desktop/ros2_learn/chapt2_ws/install/demo_python_pkg/share/ament_index/resource_index
[0.925s] creating /home/zmy/Desktop/ros2_learn/chapt2_ws/install/demo_python_pkg/share/ament_index/resource_index/packages
[0.925s] copying resource/demo_python_pkg -> /home/zmy/Desktop/ros2_learn/chapt2_ws/install/demo_python_pkg/share/ament_index/resource_index/packages
[0.925s] copying package.xml -> /home/zmy/Desktop/ros2_learn/chapt2_ws/install/demo_python_pkg/share/demo_python_pkg
[0.925s] running install_egg_info
[0.926s] Copying ../build/demo_python_pkg/demo_python_pkg.egg-info to /home/zmy/Desktop/ros2_learn/chapt2_ws/install/demo_python_pkg/lib/python3.10/site-packages/demo_python_pkg-0.0.0-py3.10.egg-info
[0.927s] running install_scripts
[0.954s] Installing python_node script to /home/zmy/Desktop/ros2_learn/chapt2_ws/install/demo_python_pkg/lib/demo_python_pkg
[0.954s] writing list of installed files to '/home/zmy/Desktop/ros2_learn/chapt2_ws/build/demo_python_pkg/install.log'
[0.984s] Invoked command in '/home/zmy/Desktop/ros2_learn/chapt2_ws/demo_python_pkg' returned '0': PYTHONPATH=/home/zmy/Desktop/ros2_learn/chapt2_ws/build/demo_python_pkg/prefix_override:/usr/lib/python3/dist-packages/colcon_core/task/python/colcon_distutils_commands:/home/zmy/Desktop/ros2_learn/chapt2_ws/install/demo_python_pkg/lib/python3.10/site-packages:${PYTHONPATH} /usr/bin/python3 -W ignore:setup.py install is deprecated -W ignore:easy_install command is deprecated setup.py egg_info --egg-base ../build/demo_python_pkg build --build-base /home/zmy/Desktop/ros2_learn/chapt2_ws/build/demo_python_pkg/build install --record /home/zmy/Desktop/ros2_learn/chapt2_ws/build/demo_python_pkg/install.log --single-version-externally-managed install_data
