[0.347s] Invoking command in '/home/zmy/Desktop/ros2_learn/lesson3/src/demo_python_topic': PYTHONPATH=/home/zmy/Desktop/ros2_learn/lesson3/build/demo_python_topic/prefix_override:/usr/lib/python3/dist-packages/colcon_core/task/python/colcon_distutils_commands:/home/zmy/Desktop/ros2_learn/lesson3/install/demo_python_topic/lib/python3.10/site-packages:${PYTHONPATH} /usr/bin/python3 -W ignore:setup.py install is deprecated -W ignore:easy_install command is deprecated setup.py egg_info --egg-base ../../build/demo_python_topic build --build-base /home/zmy/Desktop/ros2_learn/lesson3/build/demo_python_topic/build install --record /home/zmy/Desktop/ros2_learn/lesson3/build/demo_python_topic/install.log --single-version-externally-managed install_data
[0.477s] running egg_info
[0.478s] writing ../../build/demo_python_topic/demo_python_topic.egg-info/PKG-INFO
[0.478s] writing dependency_links to ../../build/demo_python_topic/demo_python_topic.egg-info/dependency_links.txt
[0.478s] writing entry points to ../../build/demo_python_topic/demo_python_topic.egg-info/entry_points.txt
[0.478s] writing requirements to ../../build/demo_python_topic/demo_python_topic.egg-info/requires.txt
[0.478s] writing top-level names to ../../build/demo_python_topic/demo_python_topic.egg-info/top_level.txt
[0.479s] reading manifest file '../../build/demo_python_topic/demo_python_topic.egg-info/SOURCES.txt'
[0.479s] adding license file 'LICENSE'
[0.480s] writing manifest file '../../build/demo_python_topic/demo_python_topic.egg-info/SOURCES.txt'
[0.480s] running build
[0.480s] running build_py
[0.480s] copying demo_python_topic/novel_pub_node.py -> /home/zmy/Desktop/ros2_learn/lesson3/build/demo_python_topic/build/lib/demo_python_topic
[0.480s] running install
[0.480s] running install_lib
[0.481s] copying /home/zmy/Desktop/ros2_learn/lesson3/build/demo_python_topic/build/lib/demo_python_topic/novel_pub_node.py -> /home/zmy/Desktop/ros2_learn/lesson3/install/demo_python_topic/lib/python3.10/site-packages/demo_python_topic
[0.481s] byte-compiling /home/zmy/Desktop/ros2_learn/lesson3/install/demo_python_topic/lib/python3.10/site-packages/demo_python_topic/novel_pub_node.py to novel_pub_node.cpython-310.pyc
[0.481s] running install_data
[0.482s] running install_egg_info
[0.483s] removing '/home/zmy/Desktop/ros2_learn/lesson3/install/demo_python_topic/lib/python3.10/site-packages/demo_python_topic-0.0.0-py3.10.egg-info' (and everything under it)
[0.483s] Copying ../../build/demo_python_topic/demo_python_topic.egg-info to /home/zmy/Desktop/ros2_learn/lesson3/install/demo_python_topic/lib/python3.10/site-packages/demo_python_topic-0.0.0-py3.10.egg-info
[0.483s] running install_scripts
[0.498s] Installing novel_pub_node script to /home/zmy/Desktop/ros2_learn/lesson3/install/demo_python_topic/lib/demo_python_topic
[0.498s] Installing novel_sub_node script to /home/zmy/Desktop/ros2_learn/lesson3/install/demo_python_topic/lib/demo_python_topic
[0.499s] writing list of installed files to '/home/zmy/Desktop/ros2_learn/lesson3/build/demo_python_topic/install.log'
[0.518s] Invoked command in '/home/zmy/Desktop/ros2_learn/lesson3/src/demo_python_topic' returned '0': PYTHONPATH=/home/zmy/Desktop/ros2_learn/lesson3/build/demo_python_topic/prefix_override:/usr/lib/python3/dist-packages/colcon_core/task/python/colcon_distutils_commands:/home/zmy/Desktop/ros2_learn/lesson3/install/demo_python_topic/lib/python3.10/site-packages:${PYTHONPATH} /usr/bin/python3 -W ignore:setup.py install is deprecated -W ignore:easy_install command is deprecated setup.py egg_info --egg-base ../../build/demo_python_topic build --build-base /home/zmy/Desktop/ros2_learn/lesson3/build/demo_python_topic/build install --record /home/zmy/Desktop/ros2_learn/lesson3/build/demo_python_topic/install.log --single-version-externally-managed install_data
