[0.021s] Invoking command in '/home/zmy/Desktop/ros2_learn/chapt2_ws/build/demo_cpp_pkg': CMAKE_PREFIX_PATH=${CMAKE_PREFIX_PATH}:/home/zmy/Desktop/ros2_learn/chapt2_ws/install/demo_python_pkg:/opt/ros/humble /usr/bin/cmake --build /home/zmy/Desktop/ros2_learn/chapt2_ws/build/demo_cpp_pkg -- -j8 -l8
[0.190s] [100%] Built target cpp_node
[0.218s] Invoked command in '/home/zmy/Desktop/ros2_learn/chapt2_ws/build/demo_cpp_pkg' returned '0': CMAKE_PREFIX_PATH=${CMAKE_PREFIX_PATH}:/home/zmy/Desktop/ros2_learn/chapt2_ws/install/demo_python_pkg:/opt/ros/humble /usr/bin/cmake --build /home/zmy/Desktop/ros2_learn/chapt2_ws/build/demo_cpp_pkg -- -j8 -l8
[0.248s] Invoking command in '/home/zmy/Desktop/ros2_learn/chapt2_ws/build/demo_cpp_pkg': CMAKE_PREFIX_PATH=${CMAKE_PREFIX_PATH}:/home/zmy/Desktop/ros2_learn/chapt2_ws/install/demo_python_pkg:/opt/ros/humble /usr/bin/cmake --install /home/zmy/Desktop/ros2_learn/chapt2_ws/build/demo_cpp_pkg
[0.268s] -- Install configuration: ""
[0.268s] -- Up-to-date: /home/zmy/Desktop/ros2_learn/chapt2_ws/install/demo_cpp_pkg/lib/demo_cpp_pkg/cpp_node
[0.269s] -- Up-to-date: /home/zmy/Desktop/ros2_learn/chapt2_ws/install/demo_cpp_pkg/share/ament_index/resource_index/package_run_dependencies/demo_cpp_pkg
[0.269s] -- Up-to-date: /home/zmy/Desktop/ros2_learn/chapt2_ws/install/demo_cpp_pkg/share/ament_index/resource_index/parent_prefix_path/demo_cpp_pkg
[0.270s] -- Up-to-date: /home/zmy/Desktop/ros2_learn/chapt2_ws/install/demo_cpp_pkg/share/demo_cpp_pkg/environment/ament_prefix_path.sh
[0.270s] -- Up-to-date: /home/zmy/Desktop/ros2_learn/chapt2_ws/install/demo_cpp_pkg/share/demo_cpp_pkg/environment/ament_prefix_path.dsv
[0.270s] -- Up-to-date: /home/zmy/Desktop/ros2_learn/chapt2_ws/install/demo_cpp_pkg/share/demo_cpp_pkg/environment/path.sh
[0.270s] -- Up-to-date: /home/zmy/Desktop/ros2_learn/chapt2_ws/install/demo_cpp_pkg/share/demo_cpp_pkg/environment/path.dsv
[0.270s] -- Up-to-date: /home/zmy/Desktop/ros2_learn/chapt2_ws/install/demo_cpp_pkg/share/demo_cpp_pkg/local_setup.bash
[0.271s] -- Up-to-date: /home/zmy/Desktop/ros2_learn/chapt2_ws/install/demo_cpp_pkg/share/demo_cpp_pkg/local_setup.sh
[0.271s] -- Up-to-date: /home/zmy/Desktop/ros2_learn/chapt2_ws/install/demo_cpp_pkg/share/demo_cpp_pkg/local_setup.zsh
[0.271s] -- Up-to-date: /home/zmy/Desktop/ros2_learn/chapt2_ws/install/demo_cpp_pkg/share/demo_cpp_pkg/local_setup.dsv
[0.271s] -- Installing: /home/zmy/Desktop/ros2_learn/chapt2_ws/install/demo_cpp_pkg/share/demo_cpp_pkg/package.dsv
[0.271s] -- Up-to-date: /home/zmy/Desktop/ros2_learn/chapt2_ws/install/demo_cpp_pkg/share/ament_index/resource_index/packages/demo_cpp_pkg
[0.273s] -- Up-to-date: /home/zmy/Desktop/ros2_learn/chapt2_ws/install/demo_cpp_pkg/share/demo_cpp_pkg/cmake/demo_cpp_pkgConfig.cmake
[0.273s] -- Up-to-date: /home/zmy/Desktop/ros2_learn/chapt2_ws/install/demo_cpp_pkg/share/demo_cpp_pkg/cmake/demo_cpp_pkgConfig-version.cmake
[0.274s] -- Up-to-date: /home/zmy/Desktop/ros2_learn/chapt2_ws/install/demo_cpp_pkg/share/demo_cpp_pkg/package.xml
[0.277s] Invoked command in '/home/zmy/Desktop/ros2_learn/chapt2_ws/build/demo_cpp_pkg' returned '0': CMAKE_PREFIX_PATH=${CMAKE_PREFIX_PATH}:/home/zmy/Desktop/ros2_learn/chapt2_ws/install/demo_python_pkg:/opt/ros/humble /usr/bin/cmake --install /home/zmy/Desktop/ros2_learn/chapt2_ws/build/demo_cpp_pkg
