[0.875s] Invoking command in '/home/zmy/Desktop/ros2_learn/lesson3/topic_practice_ws/src/status_publisher': PYTHONPATH=/home/zmy/Desktop/ros2_learn/lesson3/topic_practice_ws/build/status_publisher/prefix_override:/usr/lib/python3/dist-packages/colcon_core/task/python/colcon_distutils_commands:/home/zmy/Desktop/ros2_learn/lesson3/topic_practice_ws/install/status_publisher/lib/python3.10/site-packages:${PYTHONPATH} /usr/bin/python3 -W ignore:setup.py install is deprecated -W ignore:easy_install command is deprecated setup.py egg_info --egg-base ../../build/status_publisher build --build-base /home/zmy/Desktop/ros2_learn/lesson3/topic_practice_ws/build/status_publisher/build install --record /home/zmy/Desktop/ros2_learn/lesson3/topic_practice_ws/build/status_publisher/install.log --single-version-externally-managed install_data
[1.178s] running egg_info
[1.179s] writing ../../build/status_publisher/status_publisher.egg-info/PKG-INFO
[1.179s] writing dependency_links to ../../build/status_publisher/status_publisher.egg-info/dependency_links.txt
[1.179s] writing entry points to ../../build/status_publisher/status_publisher.egg-info/entry_points.txt
[1.180s] writing requirements to ../../build/status_publisher/status_publisher.egg-info/requires.txt
[1.180s] writing top-level names to ../../build/status_publisher/status_publisher.egg-info/top_level.txt
[1.182s] reading manifest file '../../build/status_publisher/status_publisher.egg-info/SOURCES.txt'
[1.183s] adding license file 'LICENSE'
[1.183s] writing manifest file '../../build/status_publisher/status_publisher.egg-info/SOURCES.txt'
[1.184s] running build
[1.184s] running build_py
[1.184s] copying status_publisher/sys_status_pub.py -> /home/zmy/Desktop/ros2_learn/lesson3/topic_practice_ws/build/status_publisher/build/lib/status_publisher
[1.185s] running install
[1.185s] running install_lib
[1.186s] copying /home/zmy/Desktop/ros2_learn/lesson3/topic_practice_ws/build/status_publisher/build/lib/status_publisher/sys_status_pub.py -> /home/zmy/Desktop/ros2_learn/lesson3/topic_practice_ws/install/status_publisher/lib/python3.10/site-packages/status_publisher
[1.186s] byte-compiling /home/zmy/Desktop/ros2_learn/lesson3/topic_practice_ws/install/status_publisher/lib/python3.10/site-packages/status_publisher/sys_status_pub.py to sys_status_pub.cpython-310.pyc
[1.187s] running install_data
[1.188s] running install_egg_info
[1.189s] removing '/home/zmy/Desktop/ros2_learn/lesson3/topic_practice_ws/install/status_publisher/lib/python3.10/site-packages/status_publisher-0.0.0-py3.10.egg-info' (and everything under it)
[1.190s] Copying ../../build/status_publisher/status_publisher.egg-info to /home/zmy/Desktop/ros2_learn/lesson3/topic_practice_ws/install/status_publisher/lib/python3.10/site-packages/status_publisher-0.0.0-py3.10.egg-info
[1.191s] running install_scripts
[1.217s] Installing sys_status_pub script to /home/zmy/Desktop/ros2_learn/lesson3/topic_practice_ws/install/status_publisher/lib/status_publisher
[1.217s] writing list of installed files to '/home/zmy/Desktop/ros2_learn/lesson3/topic_practice_ws/build/status_publisher/install.log'
[1.238s] Invoked command in '/home/zmy/Desktop/ros2_learn/lesson3/topic_practice_ws/src/status_publisher' returned '0': PYTHONPATH=/home/zmy/Desktop/ros2_learn/lesson3/topic_practice_ws/build/status_publisher/prefix_override:/usr/lib/python3/dist-packages/colcon_core/task/python/colcon_distutils_commands:/home/zmy/Desktop/ros2_learn/lesson3/topic_practice_ws/install/status_publisher/lib/python3.10/site-packages:${PYTHONPATH} /usr/bin/python3 -W ignore:setup.py install is deprecated -W ignore:easy_install command is deprecated setup.py egg_info --egg-base ../../build/status_publisher build --build-base /home/zmy/Desktop/ros2_learn/lesson3/topic_practice_ws/build/status_publisher/build install --record /home/zmy/Desktop/ros2_learn/lesson3/topic_practice_ws/build/status_publisher/install.log --single-version-externally-managed install_data
