[0.707s] Invoking command in '/home/zmy/Desktop/ros2_learn/demo_python_pkg': PYTHONPATH=/home/zmy/Desktop/ros2_learn/build/demo_python_pkg/prefix_override:/usr/lib/python3/dist-packages/colcon_core/task/python/colcon_distutils_commands:/home/zmy/Desktop/ros2_learn/install/demo_python_pkg/lib/python3.10/site-packages:${PYTHONPATH} /usr/bin/python3 -W ignore:setup.py install is deprecated -W ignore:easy_install command is deprecated setup.py egg_info --egg-base ../build/demo_python_pkg build --build-base /home/zmy/Desktop/ros2_learn/build/demo_python_pkg/build install --record /home/zmy/Desktop/ros2_learn/build/demo_python_pkg/install.log --single-version-externally-managed install_data
[0.957s] running egg_info
[0.958s] writing ../build/demo_python_pkg/demo_python_pkg.egg-info/PKG-INFO
[0.958s] writing dependency_links to ../build/demo_python_pkg/demo_python_pkg.egg-info/dependency_links.txt
[0.959s] writing entry points to ../build/demo_python_pkg/demo_python_pkg.egg-info/entry_points.txt
[0.960s] writing requirements to ../build/demo_python_pkg/demo_python_pkg.egg-info/requires.txt
[0.960s] writing top-level names to ../build/demo_python_pkg/demo_python_pkg.egg-info/top_level.txt
[0.962s] reading manifest file '../build/demo_python_pkg/demo_python_pkg.egg-info/SOURCES.txt'
[0.962s] adding license file 'LICENSE'
[0.962s] writing manifest file '../build/demo_python_pkg/demo_python_pkg.egg-info/SOURCES.txt'
[0.963s] running build
[0.963s] running build_py
[0.963s] running install
[0.964s] running install_lib
[0.965s] running install_data
[0.965s] running install_egg_info
[0.969s] removing '/home/zmy/Desktop/ros2_learn/install/demo_python_pkg/lib/python3.10/site-packages/demo_python_pkg-0.0.0-py3.10.egg-info' (and everything under it)
[0.969s] Copying ../build/demo_python_pkg/demo_python_pkg.egg-info to /home/zmy/Desktop/ros2_learn/install/demo_python_pkg/lib/python3.10/site-packages/demo_python_pkg-0.0.0-py3.10.egg-info
[0.969s] running install_scripts
[0.994s] Installing python_node script to /home/zmy/Desktop/ros2_learn/install/demo_python_pkg/lib/demo_python_pkg
[0.995s] writing list of installed files to '/home/zmy/Desktop/ros2_learn/build/demo_python_pkg/install.log'
[1.034s] Invoked command in '/home/zmy/Desktop/ros2_learn/demo_python_pkg' returned '0': PYTHONPATH=/home/zmy/Desktop/ros2_learn/build/demo_python_pkg/prefix_override:/usr/lib/python3/dist-packages/colcon_core/task/python/colcon_distutils_commands:/home/zmy/Desktop/ros2_learn/install/demo_python_pkg/lib/python3.10/site-packages:${PYTHONPATH} /usr/bin/python3 -W ignore:setup.py install is deprecated -W ignore:easy_install command is deprecated setup.py egg_info --egg-base ../build/demo_python_pkg build --build-base /home/zmy/Desktop/ros2_learn/build/demo_python_pkg/build install --record /home/zmy/Desktop/ros2_learn/build/demo_python_pkg/install.log --single-version-externally-managed install_data
