[0.039s] Invoking command in '/home/zmy/Desktop/ros2_learn/chapt2_ws/src/build/demo_cpp_pkg': CMAKE_PREFIX_PATH=${CMAKE_PREFIX_PATH}:/home/zmy/Desktop/ros2_learn/chapt2_ws/install/demo_python_pkg:/opt/ros/humble /usr/bin/cmake --build /home/zmy/Desktop/ros2_learn/chapt2_ws/src/build/demo_cpp_pkg -- -j8 -l8
[0.154s] [35m[1mConsolidate compiler generated dependencies of target cpp_node[0m
[0.206s] [100%] Built target cpp_node
[0.237s] Invoked command in '/home/zmy/Desktop/ros2_learn/chapt2_ws/src/build/demo_cpp_pkg' returned '0': CMAKE_PREFIX_PATH=${CMAKE_PREFIX_PATH}:/home/zmy/Desktop/ros2_learn/chapt2_ws/install/demo_python_pkg:/opt/ros/humble /usr/bin/cmake --build /home/zmy/Desktop/ros2_learn/chapt2_ws/src/build/demo_cpp_pkg -- -j8 -l8
[0.261s] Invoking command in '/home/zmy/Desktop/ros2_learn/chapt2_ws/src/build/demo_cpp_pkg': CMAKE_PREFIX_PATH=${CMAKE_PREFIX_PATH}:/home/zmy/Desktop/ros2_learn/chapt2_ws/install/demo_python_pkg:/opt/ros/humble /usr/bin/cmake --install /home/zmy/Desktop/ros2_learn/chapt2_ws/src/build/demo_cpp_pkg
[0.280s] -- Install configuration: ""
[0.281s] -- Up-to-date: /home/zmy/Desktop/ros2_learn/chapt2_ws/src/install/demo_cpp_pkg/lib/demo_cpp_pkg/cpp_node
[0.282s] -- Up-to-date: /home/zmy/Desktop/ros2_learn/chapt2_ws/src/install/demo_cpp_pkg/share/ament_index/resource_index/package_run_dependencies/demo_cpp_pkg
[0.282s] -- Up-to-date: /home/zmy/Desktop/ros2_learn/chapt2_ws/src/install/demo_cpp_pkg/share/ament_index/resource_index/parent_prefix_path/demo_cpp_pkg
[0.282s] -- Up-to-date: /home/zmy/Desktop/ros2_learn/chapt2_ws/src/install/demo_cpp_pkg/share/demo_cpp_pkg/environment/ament_prefix_path.sh
[0.283s] -- Up-to-date: /home/zmy/Desktop/ros2_learn/chapt2_ws/src/install/demo_cpp_pkg/share/demo_cpp_pkg/environment/ament_prefix_path.dsv
[0.283s] -- Up-to-date: /home/zmy/Desktop/ros2_learn/chapt2_ws/src/install/demo_cpp_pkg/share/demo_cpp_pkg/environment/path.sh
[0.283s] -- Up-to-date: /home/zmy/Desktop/ros2_learn/chapt2_ws/src/install/demo_cpp_pkg/share/demo_cpp_pkg/environment/path.dsv
[0.283s] -- Up-to-date: /home/zmy/Desktop/ros2_learn/chapt2_ws/src/install/demo_cpp_pkg/share/demo_cpp_pkg/local_setup.bash
[0.283s] -- Up-to-date: /home/zmy/Desktop/ros2_learn/chapt2_ws/src/install/demo_cpp_pkg/share/demo_cpp_pkg/local_setup.sh
[0.284s] -- Up-to-date: /home/zmy/Desktop/ros2_learn/chapt2_ws/src/install/demo_cpp_pkg/share/demo_cpp_pkg/local_setup.zsh
[0.284s] -- Up-to-date: /home/zmy/Desktop/ros2_learn/chapt2_ws/src/install/demo_cpp_pkg/share/demo_cpp_pkg/local_setup.dsv
[0.284s] -- Installing: /home/zmy/Desktop/ros2_learn/chapt2_ws/src/install/demo_cpp_pkg/share/demo_cpp_pkg/package.dsv
[0.284s] -- Up-to-date: /home/zmy/Desktop/ros2_learn/chapt2_ws/src/install/demo_cpp_pkg/share/ament_index/resource_index/packages/demo_cpp_pkg
[0.285s] -- Up-to-date: /home/zmy/Desktop/ros2_learn/chapt2_ws/src/install/demo_cpp_pkg/share/demo_cpp_pkg/cmake/demo_cpp_pkgConfig.cmake
[0.285s] -- Up-to-date: /home/zmy/Desktop/ros2_learn/chapt2_ws/src/install/demo_cpp_pkg/share/demo_cpp_pkg/cmake/demo_cpp_pkgConfig-version.cmake
[0.285s] -- Up-to-date: /home/zmy/Desktop/ros2_learn/chapt2_ws/src/install/demo_cpp_pkg/share/demo_cpp_pkg/package.xml
[0.287s] Invoked command in '/home/zmy/Desktop/ros2_learn/chapt2_ws/src/build/demo_cpp_pkg' returned '0': CMAKE_PREFIX_PATH=${CMAKE_PREFIX_PATH}:/home/zmy/Desktop/ros2_learn/chapt2_ws/install/demo_python_pkg:/opt/ros/humble /usr/bin/cmake --install /home/zmy/Desktop/ros2_learn/chapt2_ws/src/build/demo_cpp_pkg
