[0.680s] Invoking command in '/home/zmy/Desktop/ros2_learn/chapt2_ws/demo_python_pkg': PYTHONPATH=/home/zmy/Desktop/ros2_learn/chapt2_ws/build/demo_python_pkg/prefix_override:/usr/lib/python3/dist-packages/colcon_core/task/python/colcon_distutils_commands:/home/zmy/Desktop/ros2_learn/chapt2_ws/install/demo_python_pkg/lib/python3.10/site-packages:${PYTHONPATH} /usr/bin/python3 -W ignore:setup.py install is deprecated -W ignore:easy_install command is deprecated setup.py egg_info --egg-base ../build/demo_python_pkg build --build-base /home/zmy/Desktop/ros2_learn/chapt2_ws/build/demo_python_pkg/build install --record /home/zmy/Desktop/ros2_learn/chapt2_ws/build/demo_python_pkg/install.log --single-version-externally-managed install_data
[0.958s] running egg_info
[0.958s] writing ../build/demo_python_pkg/demo_python_pkg.egg-info/PKG-INFO
[0.959s] writing dependency_links to ../build/demo_python_pkg/demo_python_pkg.egg-info/dependency_links.txt
[0.959s] writing entry points to ../build/demo_python_pkg/demo_python_pkg.egg-info/entry_points.txt
[0.959s] writing requirements to ../build/demo_python_pkg/demo_python_pkg.egg-info/requires.txt
[0.959s] writing top-level names to ../build/demo_python_pkg/demo_python_pkg.egg-info/top_level.txt
[0.962s] reading manifest file '../build/demo_python_pkg/demo_python_pkg.egg-info/SOURCES.txt'
[0.962s] adding license file 'LICENSE'
[0.965s] writing manifest file '../build/demo_python_pkg/demo_python_pkg.egg-info/SOURCES.txt'
[0.966s] running build
[0.966s] running build_py
[0.966s] copying demo_python_pkg/writer_node.py -> /home/zmy/Desktop/ros2_learn/chapt2_ws/build/demo_python_pkg/build/lib/demo_python_pkg
[0.966s] running install
[0.967s] running install_lib
[0.967s] copying /home/zmy/Desktop/ros2_learn/chapt2_ws/build/demo_python_pkg/build/lib/demo_python_pkg/writer_node.py -> /home/zmy/Desktop/ros2_learn/chapt2_ws/install/demo_python_pkg/lib/python3.10/site-packages/demo_python_pkg
[0.967s] byte-compiling /home/zmy/Desktop/ros2_learn/chapt2_ws/install/demo_python_pkg/lib/python3.10/site-packages/demo_python_pkg/writer_node.py to writer_node.cpython-310.pyc
[0.967s] running install_data
[0.967s] running install_egg_info
[0.970s] removing '/home/zmy/Desktop/ros2_learn/chapt2_ws/install/demo_python_pkg/lib/python3.10/site-packages/demo_python_pkg-0.0.0-py3.10.egg-info' (and everything under it)
[0.970s] Copying ../build/demo_python_pkg/demo_python_pkg.egg-info to /home/zmy/Desktop/ros2_learn/chapt2_ws/install/demo_python_pkg/lib/python3.10/site-packages/demo_python_pkg-0.0.0-py3.10.egg-info
[0.972s] running install_scripts
[0.997s] Installing person_node script to /home/zmy/Desktop/ros2_learn/chapt2_ws/install/demo_python_pkg/lib/demo_python_pkg
[0.997s] Installing python_node script to /home/zmy/Desktop/ros2_learn/chapt2_ws/install/demo_python_pkg/lib/demo_python_pkg
[0.998s] Installing writer_node script to /home/zmy/Desktop/ros2_learn/chapt2_ws/install/demo_python_pkg/lib/demo_python_pkg
[0.998s] writing list of installed files to '/home/zmy/Desktop/ros2_learn/chapt2_ws/build/demo_python_pkg/install.log'
[1.017s] Invoked command in '/home/zmy/Desktop/ros2_learn/chapt2_ws/demo_python_pkg' returned '0': PYTHONPATH=/home/zmy/Desktop/ros2_learn/chapt2_ws/build/demo_python_pkg/prefix_override:/usr/lib/python3/dist-packages/colcon_core/task/python/colcon_distutils_commands:/home/zmy/Desktop/ros2_learn/chapt2_ws/install/demo_python_pkg/lib/python3.10/site-packages:${PYTHONPATH} /usr/bin/python3 -W ignore:setup.py install is deprecated -W ignore:easy_install command is deprecated setup.py egg_info --egg-base ../build/demo_python_pkg build --build-base /home/zmy/Desktop/ros2_learn/chapt2_ws/build/demo_python_pkg/build install --record /home/zmy/Desktop/ros2_learn/chapt2_ws/build/demo_python_pkg/install.log --single-version-externally-managed install_data
