[0.037s] Invoking command in '/home/zmy/Desktop/ros2_learn/lesson4/chapt4_ws/build/chapt4_interfaces': CMAKE_PREFIX_PATH=/opt/ros/humble /usr/bin/cmake /home/zmy/Desktop/ros2_learn/lesson4/chapt4_ws/src/chapt4_interfaces -DCMAKE_INSTALL_PREFIX=/home/zmy/Desktop/ros2_learn/lesson4/chapt4_ws/install/chapt4_interfaces
[0.065s] -- Found ament_cmake: 1.3.12 (/opt/ros/humble/share/ament_cmake/cmake)
[0.249s] -- Found sensor_msgs: 4.9.0 (/opt/ros/humble/share/sensor_msgs/cmake)
[0.301s] -- Found rosidl_generator_c: 3.1.7 (/opt/ros/humble/share/rosidl_generator_c/cmake)
[0.307s] -- Found rosidl_adapter: 3.1.7 (/opt/ros/humble/share/rosidl_adapter/cmake)
[0.319s] -- Found rosidl_generator_cpp: 3.1.7 (/opt/ros/humble/share/rosidl_generator_cpp/cmake)
[0.333s] -- Using all available rosidl_typesupport_c: rosidl_typesupport_fastrtps_c;rosidl_typesupport_introspection_c
[0.352s] -- Using all available rosidl_typesupport_cpp: rosidl_typesupport_fastrtps_cpp;rosidl_typesupport_introspection_cpp
[0.476s] -- Found rosidl_default_generators: 1.2.0 (/opt/ros/humble/share/rosidl_default_generators/cmake)
[0.921s] -- Found ament_cmake_ros: 0.10.0 (/opt/ros/humble/share/ament_cmake_ros/cmake)
[1.762s] -- Using all available rosidl_typesupport_c: rosidl_typesupport_fastrtps_c;rosidl_typesupport_introspection_c
[2.090s] -- Using all available rosidl_typesupport_cpp: rosidl_typesupport_fastrtps_cpp;rosidl_typesupport_introspection_cpp
[2.131s] -- Found PythonInterp: /usr/bin/python3 (found suitable version "3.10.12", minimum required is "3.6") 
[2.138s] -- Found python_cmake_module: 0.10.0 (/opt/ros/humble/share/python_cmake_module/cmake)
[2.185s] -- Found PythonLibs: /usr/lib/x86_64-linux-gnu/libpython3.10.so (found suitable version "3.10.12", minimum required is "3.5") 
[2.185s] -- Using PYTHON_EXECUTABLE: /usr/bin/python3
[2.185s] -- Using PYTHON_INCLUDE_DIRS: /usr/include/python3.10
[2.185s] -- Using PYTHON_LIBRARIES: /usr/lib/x86_64-linux-gnu/libpython3.10.so
[2.217s] -- Found PythonExtra: .so  
[2.353s] -- Found ament_lint_auto: 0.12.14 (/opt/ros/humble/share/ament_lint_auto/cmake)
[2.417s] -- Added test 'lint_cmake' to check CMake code style
[2.423s] -- Added test 'xmllint' to check XML markup files
[2.434s] -- Configuring done
[2.517s] -- Generating done
[2.534s] -- Build files have been written to: /home/zmy/Desktop/ros2_learn/lesson4/chapt4_ws/build/chapt4_interfaces
[2.547s] Invoked command in '/home/zmy/Desktop/ros2_learn/lesson4/chapt4_ws/build/chapt4_interfaces' returned '0': CMAKE_PREFIX_PATH=/opt/ros/humble /usr/bin/cmake /home/zmy/Desktop/ros2_learn/lesson4/chapt4_ws/src/chapt4_interfaces -DCMAKE_INSTALL_PREFIX=/home/zmy/Desktop/ros2_learn/lesson4/chapt4_ws/install/chapt4_interfaces
[2.548s] Invoking command in '/home/zmy/Desktop/ros2_learn/lesson4/chapt4_ws/build/chapt4_interfaces': CMAKE_PREFIX_PATH=/opt/ros/humble /usr/bin/cmake --build /home/zmy/Desktop/ros2_learn/lesson4/chapt4_ws/build/chapt4_interfaces -- -j8 -l8
[2.678s] [  3%] [34m[1mGenerating C code for ROS interfaces[0m
[2.715s] [  6%] [34m[1mGenerating C++ code for ROS interfaces[0m
[2.747s] [  6%] Built target ament_cmake_python_copy_chapt4_interfaces
[3.000s] [  9%] [32mBuilding C object CMakeFiles/chapt4_interfaces__rosidl_generator_c.dir/rosidl_generator_c/chapt4_interfaces/srv/detail/face_detector__functions.c.o[0m
[3.008s] [  9%] Built target chapt4_interfaces__cpp
[3.043s] [ 12%] [34m[1mGenerating C++ type support for eProsima Fast-RTPS[0m
[3.046s] [ 16%] [34m[1mGenerating C++ introspection for ROS interfaces[0m
[3.053s] [ 19%] [34m[1mGenerating C++ type support dispatch for ROS interfaces[0m
[3.101s] running egg_info
[3.101s] creating chapt4_interfaces.egg-info
[3.101s] writing chapt4_interfaces.egg-info/PKG-INFO
[3.101s] writing dependency_links to chapt4_interfaces.egg-info/dependency_links.txt
[3.101s] writing top-level names to chapt4_interfaces.egg-info/top_level.txt
[3.102s] writing manifest file 'chapt4_interfaces.egg-info/SOURCES.txt'
[3.102s] reading manifest file 'chapt4_interfaces.egg-info/SOURCES.txt'
[3.102s] writing manifest file 'chapt4_interfaces.egg-info/SOURCES.txt'
[3.143s] [ 19%] Built target ament_cmake_python_build_chapt4_interfaces_egg
[3.160s] [ 22%] [32m[1mLinking C shared library libchapt4_interfaces__rosidl_generator_c.so[0m
[3.310s] [ 22%] Built target chapt4_interfaces__rosidl_generator_c
[3.349s] [ 25%] [32mBuilding CXX object CMakeFiles/chapt4_interfaces__rosidl_typesupport_cpp.dir/rosidl_typesupport_cpp/chapt4_interfaces/srv/face_detector__type_support.cpp.o[0m
[3.357s] [ 29%] [34m[1mGenerating C introspection for ROS interfaces[0m
[3.357s] [ 32%] [34m[1mGenerating C type support dispatch for ROS interfaces[0m
[3.368s] [ 35%] [34m[1mGenerating C type support for eProsima Fast-RTPS[0m
[3.410s] [ 38%] [32mBuilding CXX object CMakeFiles/chapt4_interfaces__rosidl_typesupport_introspection_cpp.dir/rosidl_typesupport_introspection_cpp/chapt4_interfaces/srv/detail/face_detector__type_support.cpp.o[0m
[3.418s] [ 41%] [32mBuilding CXX object CMakeFiles/chapt4_interfaces__rosidl_typesupport_fastrtps_cpp.dir/rosidl_typesupport_fastrtps_cpp/chapt4_interfaces/srv/detail/dds_fastrtps/face_detector__type_support.cpp.o[0m
[3.668s] [ 45%] [32mBuilding CXX object CMakeFiles/chapt4_interfaces__rosidl_typesupport_c.dir/rosidl_typesupport_c/chapt4_interfaces/srv/face_detector__type_support.cpp.o[0m
[3.776s] [ 48%] [32mBuilding CXX object CMakeFiles/chapt4_interfaces__rosidl_typesupport_fastrtps_c.dir/rosidl_typesupport_fastrtps_c/chapt4_interfaces/srv/detail/face_detector__type_support_c.cpp.o[0m
[3.784s] [ 51%] [32mBuilding C object CMakeFiles/chapt4_interfaces__rosidl_typesupport_introspection_c.dir/rosidl_typesupport_introspection_c/chapt4_interfaces/srv/detail/face_detector__type_support.c.o[0m
[3.795s] [ 54%] [32m[1mLinking CXX shared library libchapt4_interfaces__rosidl_typesupport_c.so[0m
[3.927s] [ 58%] [32m[1mLinking CXX shared library libchapt4_interfaces__rosidl_typesupport_cpp.so[0m
[3.960s] [ 61%] [32m[1mLinking C shared library libchapt4_interfaces__rosidl_typesupport_introspection_c.so[0m
[3.967s] [ 61%] Built target chapt4_interfaces__rosidl_typesupport_c
[4.112s] [ 61%] Built target chapt4_interfaces__rosidl_typesupport_cpp
[4.113s] [ 61%] Built target chapt4_interfaces__rosidl_typesupport_introspection_c
[4.199s] [ 64%] [32m[1mLinking CXX shared library libchapt4_interfaces__rosidl_typesupport_introspection_cpp.so[0m
[4.255s] [ 67%] [32m[1mLinking CXX shared library libchapt4_interfaces__rosidl_typesupport_fastrtps_cpp.so[0m
[4.377s] [ 67%] Built target chapt4_interfaces__rosidl_typesupport_introspection_cpp
[4.444s] [ 70%] [32m[1mLinking CXX shared library libchapt4_interfaces__rosidl_typesupport_fastrtps_c.so[0m
[4.452s] [ 70%] Built target chapt4_interfaces__rosidl_typesupport_fastrtps_cpp
[4.625s] [ 70%] Built target chapt4_interfaces__rosidl_typesupport_fastrtps_c
[4.689s] [ 70%] Built target chapt4_interfaces
[4.762s] [ 74%] [34m[1mGenerating Python code for ROS interfaces[0m
[5.120s] [ 74%] Built target chapt4_interfaces__py
[5.185s] [ 77%] [32mBuilding C object CMakeFiles/chapt4_interfaces__rosidl_generator_py.dir/rosidl_generator_py/chapt4_interfaces/srv/_face_detector_s.c.o[0m
[5.535s] [ 80%] [32m[1mLinking C shared library rosidl_generator_py/chapt4_interfaces/libchapt4_interfaces__rosidl_generator_py.so[0m
[5.669s] [ 80%] Built target chapt4_interfaces__rosidl_generator_py
[5.734s] [ 83%] [32mBuilding C object CMakeFiles/chapt4_interfaces__rosidl_typesupport_fastrtps_c__pyext.dir/rosidl_generator_py/chapt4_interfaces/_chapt4_interfaces_s.ep.rosidl_typesupport_fastrtps_c.c.o[0m
[5.738s] [ 87%] [32mBuilding C object CMakeFiles/chapt4_interfaces__rosidl_typesupport_introspection_c__pyext.dir/rosidl_generator_py/chapt4_interfaces/_chapt4_interfaces_s.ep.rosidl_typesupport_introspection_c.c.o[0m
[5.739s] [ 90%] [32mBuilding C object CMakeFiles/chapt4_interfaces__rosidl_typesupport_c__pyext.dir/rosidl_generator_py/chapt4_interfaces/_chapt4_interfaces_s.ep.rosidl_typesupport_c.c.o[0m
[5.994s] [ 93%] [32m[1mLinking C shared library rosidl_generator_py/chapt4_interfaces/chapt4_interfaces_s__rosidl_typesupport_fastrtps_c.cpython-310-x86_64-linux-gnu.so[0m
[5.994s] [ 96%] [32m[1mLinking C shared library rosidl_generator_py/chapt4_interfaces/chapt4_interfaces_s__rosidl_typesupport_introspection_c.cpython-310-x86_64-linux-gnu.so[0m
[6.007s] [100%] [32m[1mLinking C shared library rosidl_generator_py/chapt4_interfaces/chapt4_interfaces_s__rosidl_typesupport_c.cpython-310-x86_64-linux-gnu.so[0m
[6.118s] [100%] Built target chapt4_interfaces__rosidl_typesupport_introspection_c__pyext
[6.122s] [100%] Built target chapt4_interfaces__rosidl_typesupport_fastrtps_c__pyext
[6.124s] [100%] Built target chapt4_interfaces__rosidl_typesupport_c__pyext
[6.153s] Invoked command in '/home/zmy/Desktop/ros2_learn/lesson4/chapt4_ws/build/chapt4_interfaces' returned '0': CMAKE_PREFIX_PATH=/opt/ros/humble /usr/bin/cmake --build /home/zmy/Desktop/ros2_learn/lesson4/chapt4_ws/build/chapt4_interfaces -- -j8 -l8
[6.182s] Invoking command in '/home/zmy/Desktop/ros2_learn/lesson4/chapt4_ws/build/chapt4_interfaces': CMAKE_PREFIX_PATH=/opt/ros/humble /usr/bin/cmake --install /home/zmy/Desktop/ros2_learn/lesson4/chapt4_ws/build/chapt4_interfaces
[6.204s] -- Install configuration: ""
[6.204s] -- Installing: /home/zmy/Desktop/ros2_learn/lesson4/chapt4_ws/install/chapt4_interfaces/share/ament_index/resource_index/rosidl_interfaces/chapt4_interfaces
[6.204s] -- Installing: /home/zmy/Desktop/ros2_learn/lesson4/chapt4_ws/install/chapt4_interfaces/include/chapt4_interfaces/chapt4_interfaces
[6.204s] -- Installing: /home/zmy/Desktop/ros2_learn/lesson4/chapt4_ws/install/chapt4_interfaces/include/chapt4_interfaces/chapt4_interfaces/msg
[6.205s] -- Installing: /home/zmy/Desktop/ros2_learn/lesson4/chapt4_ws/install/chapt4_interfaces/include/chapt4_interfaces/chapt4_interfaces/msg/rosidl_generator_c__visibility_control.h
[6.206s] -- Installing: /home/zmy/Desktop/ros2_learn/lesson4/chapt4_ws/install/chapt4_interfaces/include/chapt4_interfaces/chapt4_interfaces/srv
[6.206s] -- Installing: /home/zmy/Desktop/ros2_learn/lesson4/chapt4_ws/install/chapt4_interfaces/include/chapt4_interfaces/chapt4_interfaces/srv/detail
[6.206s] -- Installing: /home/zmy/Desktop/ros2_learn/lesson4/chapt4_ws/install/chapt4_interfaces/include/chapt4_interfaces/chapt4_interfaces/srv/detail/face_detector__struct.h
[6.206s] -- Installing: /home/zmy/Desktop/ros2_learn/lesson4/chapt4_ws/install/chapt4_interfaces/include/chapt4_interfaces/chapt4_interfaces/srv/detail/face_detector__functions.h
[6.206s] -- Installing: /home/zmy/Desktop/ros2_learn/lesson4/chapt4_ws/install/chapt4_interfaces/include/chapt4_interfaces/chapt4_interfaces/srv/detail/face_detector__functions.c
[6.206s] -- Installing: /home/zmy/Desktop/ros2_learn/lesson4/chapt4_ws/install/chapt4_interfaces/include/chapt4_interfaces/chapt4_interfaces/srv/detail/face_detector__type_support.h
[6.207s] -- Installing: /home/zmy/Desktop/ros2_learn/lesson4/chapt4_ws/install/chapt4_interfaces/include/chapt4_interfaces/chapt4_interfaces/srv/face_detector.h
[6.207s] -- Installing: /home/zmy/Desktop/ros2_learn/lesson4/chapt4_ws/install/chapt4_interfaces/share/chapt4_interfaces/environment/library_path.sh
[6.207s] -- Installing: /home/zmy/Desktop/ros2_learn/lesson4/chapt4_ws/install/chapt4_interfaces/share/chapt4_interfaces/environment/library_path.dsv
[6.208s] -- Installing: /home/zmy/Desktop/ros2_learn/lesson4/chapt4_ws/install/chapt4_interfaces/lib/libchapt4_interfaces__rosidl_generator_c.so
[6.210s] -- Set runtime path of "/home/zmy/Desktop/ros2_learn/lesson4/chapt4_ws/install/chapt4_interfaces/lib/libchapt4_interfaces__rosidl_generator_c.so" to ""
[6.210s] -- Up-to-date: /home/zmy/Desktop/ros2_learn/lesson4/chapt4_ws/install/chapt4_interfaces/include/chapt4_interfaces/chapt4_interfaces
[6.210s] -- Up-to-date: /home/zmy/Desktop/ros2_learn/lesson4/chapt4_ws/install/chapt4_interfaces/include/chapt4_interfaces/chapt4_interfaces/msg
[6.210s] -- Installing: /home/zmy/Desktop/ros2_learn/lesson4/chapt4_ws/install/chapt4_interfaces/include/chapt4_interfaces/chapt4_interfaces/msg/rosidl_typesupport_fastrtps_c__visibility_control.h
[6.211s] -- Up-to-date: /home/zmy/Desktop/ros2_learn/lesson4/chapt4_ws/install/chapt4_interfaces/include/chapt4_interfaces/chapt4_interfaces/srv
[6.211s] -- Up-to-date: /home/zmy/Desktop/ros2_learn/lesson4/chapt4_ws/install/chapt4_interfaces/include/chapt4_interfaces/chapt4_interfaces/srv/detail
[6.211s] -- Installing: /home/zmy/Desktop/ros2_learn/lesson4/chapt4_ws/install/chapt4_interfaces/include/chapt4_interfaces/chapt4_interfaces/srv/detail/face_detector__rosidl_typesupport_fastrtps_c.h
[6.212s] -- Installing: /home/zmy/Desktop/ros2_learn/lesson4/chapt4_ws/install/chapt4_interfaces/lib/libchapt4_interfaces__rosidl_typesupport_fastrtps_c.so
[6.214s] -- Set runtime path of "/home/zmy/Desktop/ros2_learn/lesson4/chapt4_ws/install/chapt4_interfaces/lib/libchapt4_interfaces__rosidl_typesupport_fastrtps_c.so" to ""
[6.214s] -- Up-to-date: /home/zmy/Desktop/ros2_learn/lesson4/chapt4_ws/install/chapt4_interfaces/include/chapt4_interfaces/chapt4_interfaces
[6.214s] -- Up-to-date: /home/zmy/Desktop/ros2_learn/lesson4/chapt4_ws/install/chapt4_interfaces/include/chapt4_interfaces/chapt4_interfaces/msg
[6.215s] -- Installing: /home/zmy/Desktop/ros2_learn/lesson4/chapt4_ws/install/chapt4_interfaces/include/chapt4_interfaces/chapt4_interfaces/msg/rosidl_generator_cpp__visibility_control.hpp
[6.215s] -- Up-to-date: /home/zmy/Desktop/ros2_learn/lesson4/chapt4_ws/install/chapt4_interfaces/include/chapt4_interfaces/chapt4_interfaces/srv
[6.215s] -- Up-to-date: /home/zmy/Desktop/ros2_learn/lesson4/chapt4_ws/install/chapt4_interfaces/include/chapt4_interfaces/chapt4_interfaces/srv/detail
[6.215s] -- Installing: /home/zmy/Desktop/ros2_learn/lesson4/chapt4_ws/install/chapt4_interfaces/include/chapt4_interfaces/chapt4_interfaces/srv/detail/face_detector__traits.hpp
[6.216s] -- Installing: /home/zmy/Desktop/ros2_learn/lesson4/chapt4_ws/install/chapt4_interfaces/include/chapt4_interfaces/chapt4_interfaces/srv/detail/face_detector__type_support.hpp
[6.216s] -- Installing: /home/zmy/Desktop/ros2_learn/lesson4/chapt4_ws/install/chapt4_interfaces/include/chapt4_interfaces/chapt4_interfaces/srv/detail/face_detector__struct.hpp
[6.216s] -- Installing: /home/zmy/Desktop/ros2_learn/lesson4/chapt4_ws/install/chapt4_interfaces/include/chapt4_interfaces/chapt4_interfaces/srv/detail/face_detector__builder.hpp
[6.216s] -- Installing: /home/zmy/Desktop/ros2_learn/lesson4/chapt4_ws/install/chapt4_interfaces/include/chapt4_interfaces/chapt4_interfaces/srv/face_detector.hpp
[6.217s] -- Up-to-date: /home/zmy/Desktop/ros2_learn/lesson4/chapt4_ws/install/chapt4_interfaces/include/chapt4_interfaces/chapt4_interfaces
[6.217s] -- Up-to-date: /home/zmy/Desktop/ros2_learn/lesson4/chapt4_ws/install/chapt4_interfaces/include/chapt4_interfaces/chapt4_interfaces/msg
[6.217s] -- Installing: /home/zmy/Desktop/ros2_learn/lesson4/chapt4_ws/install/chapt4_interfaces/include/chapt4_interfaces/chapt4_interfaces/msg/rosidl_typesupport_fastrtps_cpp__visibility_control.h
[6.218s] -- Up-to-date: /home/zmy/Desktop/ros2_learn/lesson4/chapt4_ws/install/chapt4_interfaces/include/chapt4_interfaces/chapt4_interfaces/srv
[6.218s] -- Up-to-date: /home/zmy/Desktop/ros2_learn/lesson4/chapt4_ws/install/chapt4_interfaces/include/chapt4_interfaces/chapt4_interfaces/srv/detail
[6.218s] -- Installing: /home/zmy/Desktop/ros2_learn/lesson4/chapt4_ws/install/chapt4_interfaces/include/chapt4_interfaces/chapt4_interfaces/srv/detail/dds_fastrtps
[6.218s] -- Installing: /home/zmy/Desktop/ros2_learn/lesson4/chapt4_ws/install/chapt4_interfaces/include/chapt4_interfaces/chapt4_interfaces/srv/detail/face_detector__rosidl_typesupport_fastrtps_cpp.hpp
[6.219s] -- Installing: /home/zmy/Desktop/ros2_learn/lesson4/chapt4_ws/install/chapt4_interfaces/lib/libchapt4_interfaces__rosidl_typesupport_fastrtps_cpp.so
[6.221s] -- Set runtime path of "/home/zmy/Desktop/ros2_learn/lesson4/chapt4_ws/install/chapt4_interfaces/lib/libchapt4_interfaces__rosidl_typesupport_fastrtps_cpp.so" to ""
[6.221s] -- Up-to-date: /home/zmy/Desktop/ros2_learn/lesson4/chapt4_ws/install/chapt4_interfaces/include/chapt4_interfaces/chapt4_interfaces
[6.222s] -- Up-to-date: /home/zmy/Desktop/ros2_learn/lesson4/chapt4_ws/install/chapt4_interfaces/include/chapt4_interfaces/chapt4_interfaces/msg
[6.222s] -- Installing: /home/zmy/Desktop/ros2_learn/lesson4/chapt4_ws/install/chapt4_interfaces/include/chapt4_interfaces/chapt4_interfaces/msg/rosidl_typesupport_introspection_c__visibility_control.h
[6.222s] -- Up-to-date: /home/zmy/Desktop/ros2_learn/lesson4/chapt4_ws/install/chapt4_interfaces/include/chapt4_interfaces/chapt4_interfaces/srv
[6.222s] -- Up-to-date: /home/zmy/Desktop/ros2_learn/lesson4/chapt4_ws/install/chapt4_interfaces/include/chapt4_interfaces/chapt4_interfaces/srv/detail
[6.222s] -- Installing: /home/zmy/Desktop/ros2_learn/lesson4/chapt4_ws/install/chapt4_interfaces/include/chapt4_interfaces/chapt4_interfaces/srv/detail/face_detector__rosidl_typesupport_introspection_c.h
[6.222s] -- Installing: /home/zmy/Desktop/ros2_learn/lesson4/chapt4_ws/install/chapt4_interfaces/include/chapt4_interfaces/chapt4_interfaces/srv/detail/face_detector__type_support.c
[6.223s] -- Installing: /home/zmy/Desktop/ros2_learn/lesson4/chapt4_ws/install/chapt4_interfaces/lib/libchapt4_interfaces__rosidl_typesupport_introspection_c.so
[6.224s] -- Set runtime path of "/home/zmy/Desktop/ros2_learn/lesson4/chapt4_ws/install/chapt4_interfaces/lib/libchapt4_interfaces__rosidl_typesupport_introspection_c.so" to ""
[6.224s] -- Installing: /home/zmy/Desktop/ros2_learn/lesson4/chapt4_ws/install/chapt4_interfaces/lib/libchapt4_interfaces__rosidl_typesupport_c.so
[6.226s] -- Set runtime path of "/home/zmy/Desktop/ros2_learn/lesson4/chapt4_ws/install/chapt4_interfaces/lib/libchapt4_interfaces__rosidl_typesupport_c.so" to ""
[6.226s] -- Up-to-date: /home/zmy/Desktop/ros2_learn/lesson4/chapt4_ws/install/chapt4_interfaces/include/chapt4_interfaces/chapt4_interfaces
[6.227s] -- Up-to-date: /home/zmy/Desktop/ros2_learn/lesson4/chapt4_ws/install/chapt4_interfaces/include/chapt4_interfaces/chapt4_interfaces/srv
[6.227s] -- Up-to-date: /home/zmy/Desktop/ros2_learn/lesson4/chapt4_ws/install/chapt4_interfaces/include/chapt4_interfaces/chapt4_interfaces/srv/detail
[6.227s] -- Installing: /home/zmy/Desktop/ros2_learn/lesson4/chapt4_ws/install/chapt4_interfaces/include/chapt4_interfaces/chapt4_interfaces/srv/detail/face_detector__type_support.cpp
[6.227s] -- Installing: /home/zmy/Desktop/ros2_learn/lesson4/chapt4_ws/install/chapt4_interfaces/include/chapt4_interfaces/chapt4_interfaces/srv/detail/face_detector__rosidl_typesupport_introspection_cpp.hpp
[6.227s] -- Installing: /home/zmy/Desktop/ros2_learn/lesson4/chapt4_ws/install/chapt4_interfaces/lib/libchapt4_interfaces__rosidl_typesupport_introspection_cpp.so
[6.230s] -- Set runtime path of "/home/zmy/Desktop/ros2_learn/lesson4/chapt4_ws/install/chapt4_interfaces/lib/libchapt4_interfaces__rosidl_typesupport_introspection_cpp.so" to ""
[6.230s] -- Installing: /home/zmy/Desktop/ros2_learn/lesson4/chapt4_ws/install/chapt4_interfaces/lib/libchapt4_interfaces__rosidl_typesupport_cpp.so
[6.232s] -- Set runtime path of "/home/zmy/Desktop/ros2_learn/lesson4/chapt4_ws/install/chapt4_interfaces/lib/libchapt4_interfaces__rosidl_typesupport_cpp.so" to ""
[6.233s] -- Installing: /home/zmy/Desktop/ros2_learn/lesson4/chapt4_ws/install/chapt4_interfaces/share/chapt4_interfaces/environment/pythonpath.sh
[6.233s] -- Installing: /home/zmy/Desktop/ros2_learn/lesson4/chapt4_ws/install/chapt4_interfaces/share/chapt4_interfaces/environment/pythonpath.dsv
[6.233s] -- Installing: /home/zmy/Desktop/ros2_learn/lesson4/chapt4_ws/install/chapt4_interfaces/local/lib/python3.10/dist-packages/chapt4_interfaces-0.0.0-py3.10.egg-info
[6.233s] -- Installing: /home/zmy/Desktop/ros2_learn/lesson4/chapt4_ws/install/chapt4_interfaces/local/lib/python3.10/dist-packages/chapt4_interfaces-0.0.0-py3.10.egg-info/dependency_links.txt
[6.233s] -- Installing: /home/zmy/Desktop/ros2_learn/lesson4/chapt4_ws/install/chapt4_interfaces/local/lib/python3.10/dist-packages/chapt4_interfaces-0.0.0-py3.10.egg-info/PKG-INFO
[6.234s] -- Installing: /home/zmy/Desktop/ros2_learn/lesson4/chapt4_ws/install/chapt4_interfaces/local/lib/python3.10/dist-packages/chapt4_interfaces-0.0.0-py3.10.egg-info/SOURCES.txt
[6.234s] -- Installing: /home/zmy/Desktop/ros2_learn/lesson4/chapt4_ws/install/chapt4_interfaces/local/lib/python3.10/dist-packages/chapt4_interfaces-0.0.0-py3.10.egg-info/top_level.txt
[6.234s] -- Installing: /home/zmy/Desktop/ros2_learn/lesson4/chapt4_ws/install/chapt4_interfaces/local/lib/python3.10/dist-packages/chapt4_interfaces
[6.234s] -- Installing: /home/zmy/Desktop/ros2_learn/lesson4/chapt4_ws/install/chapt4_interfaces/local/lib/python3.10/dist-packages/chapt4_interfaces/_chapt4_interfaces_s.ep.rosidl_typesupport_c.c
[6.234s] -- Installing: /home/zmy/Desktop/ros2_learn/lesson4/chapt4_ws/install/chapt4_interfaces/local/lib/python3.10/dist-packages/chapt4_interfaces/chapt4_interfaces_s__rosidl_typesupport_fastrtps_c.cpython-310-x86_64-linux-gnu.so
[6.234s] -- Installing: /home/zmy/Desktop/ros2_learn/lesson4/chapt4_ws/install/chapt4_interfaces/local/lib/python3.10/dist-packages/chapt4_interfaces/_chapt4_interfaces_s.ep.rosidl_typesupport_introspection_c.c
[6.235s] -- Installing: /home/zmy/Desktop/ros2_learn/lesson4/chapt4_ws/install/chapt4_interfaces/local/lib/python3.10/dist-packages/chapt4_interfaces/__init__.py
[6.235s] -- Installing: /home/zmy/Desktop/ros2_learn/lesson4/chapt4_ws/install/chapt4_interfaces/local/lib/python3.10/dist-packages/chapt4_interfaces/_chapt4_interfaces_s.ep.rosidl_typesupport_fastrtps_c.c
[6.235s] -- Installing: /home/zmy/Desktop/ros2_learn/lesson4/chapt4_ws/install/chapt4_interfaces/local/lib/python3.10/dist-packages/chapt4_interfaces/libchapt4_interfaces__rosidl_generator_py.so
[6.236s] -- Installing: /home/zmy/Desktop/ros2_learn/lesson4/chapt4_ws/install/chapt4_interfaces/local/lib/python3.10/dist-packages/chapt4_interfaces/chapt4_interfaces_s__rosidl_typesupport_c.cpython-310-x86_64-linux-gnu.so
[6.236s] -- Installing: /home/zmy/Desktop/ros2_learn/lesson4/chapt4_ws/install/chapt4_interfaces/local/lib/python3.10/dist-packages/chapt4_interfaces/srv
[6.236s] -- Installing: /home/zmy/Desktop/ros2_learn/lesson4/chapt4_ws/install/chapt4_interfaces/local/lib/python3.10/dist-packages/chapt4_interfaces/srv/_face_detector_s.c
[6.237s] -- Installing: /home/zmy/Desktop/ros2_learn/lesson4/chapt4_ws/install/chapt4_interfaces/local/lib/python3.10/dist-packages/chapt4_interfaces/srv/__init__.py
[6.237s] -- Installing: /home/zmy/Desktop/ros2_learn/lesson4/chapt4_ws/install/chapt4_interfaces/local/lib/python3.10/dist-packages/chapt4_interfaces/srv/_face_detector.py
[6.238s] -- Installing: /home/zmy/Desktop/ros2_learn/lesson4/chapt4_ws/install/chapt4_interfaces/local/lib/python3.10/dist-packages/chapt4_interfaces/chapt4_interfaces_s__rosidl_typesupport_introspection_c.cpython-310-x86_64-linux-gnu.so
[6.294s] Listing '/home/zmy/Desktop/ros2_learn/lesson4/chapt4_ws/install/chapt4_interfaces/local/lib/python3.10/dist-packages/chapt4_interfaces'...
[6.294s] Compiling '/home/zmy/Desktop/ros2_learn/lesson4/chapt4_ws/install/chapt4_interfaces/local/lib/python3.10/dist-packages/chapt4_interfaces/__init__.py'...
[6.294s] Listing '/home/zmy/Desktop/ros2_learn/lesson4/chapt4_ws/install/chapt4_interfaces/local/lib/python3.10/dist-packages/chapt4_interfaces/srv'...
[6.294s] Compiling '/home/zmy/Desktop/ros2_learn/lesson4/chapt4_ws/install/chapt4_interfaces/local/lib/python3.10/dist-packages/chapt4_interfaces/srv/__init__.py'...
[6.294s] Compiling '/home/zmy/Desktop/ros2_learn/lesson4/chapt4_ws/install/chapt4_interfaces/local/lib/python3.10/dist-packages/chapt4_interfaces/srv/_face_detector.py'...
[6.299s] -- Installing: /home/zmy/Desktop/ros2_learn/lesson4/chapt4_ws/install/chapt4_interfaces/local/lib/python3.10/dist-packages/chapt4_interfaces/chapt4_interfaces_s__rosidl_typesupport_fastrtps_c.cpython-310-x86_64-linux-gnu.so
[6.301s] -- Set runtime path of "/home/zmy/Desktop/ros2_learn/lesson4/chapt4_ws/install/chapt4_interfaces/local/lib/python3.10/dist-packages/chapt4_interfaces/chapt4_interfaces_s__rosidl_typesupport_fastrtps_c.cpython-310-x86_64-linux-gnu.so" to ""
[6.302s] -- Installing: /home/zmy/Desktop/ros2_learn/lesson4/chapt4_ws/install/chapt4_interfaces/local/lib/python3.10/dist-packages/chapt4_interfaces/chapt4_interfaces_s__rosidl_typesupport_introspection_c.cpython-310-x86_64-linux-gnu.so
[6.304s] -- Set runtime path of "/home/zmy/Desktop/ros2_learn/lesson4/chapt4_ws/install/chapt4_interfaces/local/lib/python3.10/dist-packages/chapt4_interfaces/chapt4_interfaces_s__rosidl_typesupport_introspection_c.cpython-310-x86_64-linux-gnu.so" to ""
[6.305s] -- Installing: /home/zmy/Desktop/ros2_learn/lesson4/chapt4_ws/install/chapt4_interfaces/local/lib/python3.10/dist-packages/chapt4_interfaces/chapt4_interfaces_s__rosidl_typesupport_c.cpython-310-x86_64-linux-gnu.so
[6.307s] -- Set runtime path of "/home/zmy/Desktop/ros2_learn/lesson4/chapt4_ws/install/chapt4_interfaces/local/lib/python3.10/dist-packages/chapt4_interfaces/chapt4_interfaces_s__rosidl_typesupport_c.cpython-310-x86_64-linux-gnu.so" to ""
[6.307s] -- Installing: /home/zmy/Desktop/ros2_learn/lesson4/chapt4_ws/install/chapt4_interfaces/lib/libchapt4_interfaces__rosidl_generator_py.so
[6.309s] -- Set runtime path of "/home/zmy/Desktop/ros2_learn/lesson4/chapt4_ws/install/chapt4_interfaces/lib/libchapt4_interfaces__rosidl_generator_py.so" to ""
[6.309s] -- Installing: /home/zmy/Desktop/ros2_learn/lesson4/chapt4_ws/install/chapt4_interfaces/share/chapt4_interfaces/srv/FaceDetector.idl
[6.310s] -- Installing: /home/zmy/Desktop/ros2_learn/lesson4/chapt4_ws/install/chapt4_interfaces/share/chapt4_interfaces/srv/FaceDetector.srv
[6.310s] -- Installing: /home/zmy/Desktop/ros2_learn/lesson4/chapt4_ws/install/chapt4_interfaces/share/chapt4_interfaces/srv/FaceDetector_Request.msg
[6.310s] -- Installing: /home/zmy/Desktop/ros2_learn/lesson4/chapt4_ws/install/chapt4_interfaces/share/chapt4_interfaces/srv/FaceDetector_Response.msg
[6.311s] -- Installing: /home/zmy/Desktop/ros2_learn/lesson4/chapt4_ws/install/chapt4_interfaces/share/ament_index/resource_index/package_run_dependencies/chapt4_interfaces
[6.312s] -- Installing: /home/zmy/Desktop/ros2_learn/lesson4/chapt4_ws/install/chapt4_interfaces/share/ament_index/resource_index/parent_prefix_path/chapt4_interfaces
[6.312s] -- Installing: /home/zmy/Desktop/ros2_learn/lesson4/chapt4_ws/install/chapt4_interfaces/share/chapt4_interfaces/environment/ament_prefix_path.sh
[6.312s] -- Installing: /home/zmy/Desktop/ros2_learn/lesson4/chapt4_ws/install/chapt4_interfaces/share/chapt4_interfaces/environment/ament_prefix_path.dsv
[6.312s] -- Installing: /home/zmy/Desktop/ros2_learn/lesson4/chapt4_ws/install/chapt4_interfaces/share/chapt4_interfaces/environment/path.sh
[6.313s] -- Installing: /home/zmy/Desktop/ros2_learn/lesson4/chapt4_ws/install/chapt4_interfaces/share/chapt4_interfaces/environment/path.dsv
[6.313s] -- Installing: /home/zmy/Desktop/ros2_learn/lesson4/chapt4_ws/install/chapt4_interfaces/share/chapt4_interfaces/local_setup.bash
[6.314s] -- Installing: /home/zmy/Desktop/ros2_learn/lesson4/chapt4_ws/install/chapt4_interfaces/share/chapt4_interfaces/local_setup.sh
[6.314s] -- Installing: /home/zmy/Desktop/ros2_learn/lesson4/chapt4_ws/install/chapt4_interfaces/share/chapt4_interfaces/local_setup.zsh
[6.314s] -- Installing: /home/zmy/Desktop/ros2_learn/lesson4/chapt4_ws/install/chapt4_interfaces/share/chapt4_interfaces/local_setup.dsv
[6.314s] -- Installing: /home/zmy/Desktop/ros2_learn/lesson4/chapt4_ws/install/chapt4_interfaces/share/chapt4_interfaces/package.dsv
[6.315s] -- Installing: /home/zmy/Desktop/ros2_learn/lesson4/chapt4_ws/install/chapt4_interfaces/share/ament_index/resource_index/packages/chapt4_interfaces
[6.315s] -- Installing: /home/zmy/Desktop/ros2_learn/lesson4/chapt4_ws/install/chapt4_interfaces/share/chapt4_interfaces/cmake/export_chapt4_interfaces__rosidl_generator_cExport.cmake
[6.316s] -- Installing: /home/zmy/Desktop/ros2_learn/lesson4/chapt4_ws/install/chapt4_interfaces/share/chapt4_interfaces/cmake/export_chapt4_interfaces__rosidl_generator_cExport-noconfig.cmake
[6.316s] -- Installing: /home/zmy/Desktop/ros2_learn/lesson4/chapt4_ws/install/chapt4_interfaces/share/chapt4_interfaces/cmake/export_chapt4_interfaces__rosidl_typesupport_fastrtps_cExport.cmake
[6.317s] -- Installing: /home/zmy/Desktop/ros2_learn/lesson4/chapt4_ws/install/chapt4_interfaces/share/chapt4_interfaces/cmake/export_chapt4_interfaces__rosidl_typesupport_fastrtps_cExport-noconfig.cmake
[6.317s] -- Installing: /home/zmy/Desktop/ros2_learn/lesson4/chapt4_ws/install/chapt4_interfaces/share/chapt4_interfaces/cmake/export_chapt4_interfaces__rosidl_generator_cppExport.cmake
[6.317s] -- Installing: /home/zmy/Desktop/ros2_learn/lesson4/chapt4_ws/install/chapt4_interfaces/share/chapt4_interfaces/cmake/export_chapt4_interfaces__rosidl_typesupport_fastrtps_cppExport.cmake
[6.317s] -- Installing: /home/zmy/Desktop/ros2_learn/lesson4/chapt4_ws/install/chapt4_interfaces/share/chapt4_interfaces/cmake/export_chapt4_interfaces__rosidl_typesupport_fastrtps_cppExport-noconfig.cmake
[6.318s] -- Installing: /home/zmy/Desktop/ros2_learn/lesson4/chapt4_ws/install/chapt4_interfaces/share/chapt4_interfaces/cmake/chapt4_interfaces__rosidl_typesupport_introspection_cExport.cmake
[6.318s] -- Installing: /home/zmy/Desktop/ros2_learn/lesson4/chapt4_ws/install/chapt4_interfaces/share/chapt4_interfaces/cmake/chapt4_interfaces__rosidl_typesupport_introspection_cExport-noconfig.cmake
[6.319s] -- Installing: /home/zmy/Desktop/ros2_learn/lesson4/chapt4_ws/install/chapt4_interfaces/share/chapt4_interfaces/cmake/chapt4_interfaces__rosidl_typesupport_cExport.cmake
[6.319s] -- Installing: /home/zmy/Desktop/ros2_learn/lesson4/chapt4_ws/install/chapt4_interfaces/share/chapt4_interfaces/cmake/chapt4_interfaces__rosidl_typesupport_cExport-noconfig.cmake
[6.319s] -- Installing: /home/zmy/Desktop/ros2_learn/lesson4/chapt4_ws/install/chapt4_interfaces/share/chapt4_interfaces/cmake/chapt4_interfaces__rosidl_typesupport_introspection_cppExport.cmake
[6.320s] -- Installing: /home/zmy/Desktop/ros2_learn/lesson4/chapt4_ws/install/chapt4_interfaces/share/chapt4_interfaces/cmake/chapt4_interfaces__rosidl_typesupport_introspection_cppExport-noconfig.cmake
[6.320s] -- Installing: /home/zmy/Desktop/ros2_learn/lesson4/chapt4_ws/install/chapt4_interfaces/share/chapt4_interfaces/cmake/chapt4_interfaces__rosidl_typesupport_cppExport.cmake
[6.321s] -- Installing: /home/zmy/Desktop/ros2_learn/lesson4/chapt4_ws/install/chapt4_interfaces/share/chapt4_interfaces/cmake/chapt4_interfaces__rosidl_typesupport_cppExport-noconfig.cmake
[6.321s] -- Installing: /home/zmy/Desktop/ros2_learn/lesson4/chapt4_ws/install/chapt4_interfaces/share/chapt4_interfaces/cmake/export_chapt4_interfaces__rosidl_generator_pyExport.cmake
[6.321s] -- Installing: /home/zmy/Desktop/ros2_learn/lesson4/chapt4_ws/install/chapt4_interfaces/share/chapt4_interfaces/cmake/export_chapt4_interfaces__rosidl_generator_pyExport-noconfig.cmake
[6.322s] -- Installing: /home/zmy/Desktop/ros2_learn/lesson4/chapt4_ws/install/chapt4_interfaces/share/chapt4_interfaces/cmake/rosidl_cmake-extras.cmake
[6.322s] -- Installing: /home/zmy/Desktop/ros2_learn/lesson4/chapt4_ws/install/chapt4_interfaces/share/chapt4_interfaces/cmake/ament_cmake_export_dependencies-extras.cmake
[6.322s] -- Installing: /home/zmy/Desktop/ros2_learn/lesson4/chapt4_ws/install/chapt4_interfaces/share/chapt4_interfaces/cmake/ament_cmake_export_include_directories-extras.cmake
[6.323s] -- Installing: /home/zmy/Desktop/ros2_learn/lesson4/chapt4_ws/install/chapt4_interfaces/share/chapt4_interfaces/cmake/ament_cmake_export_libraries-extras.cmake
[6.323s] -- Installing: /home/zmy/Desktop/ros2_learn/lesson4/chapt4_ws/install/chapt4_interfaces/share/chapt4_interfaces/cmake/ament_cmake_export_targets-extras.cmake
[6.323s] -- Installing: /home/zmy/Desktop/ros2_learn/lesson4/chapt4_ws/install/chapt4_interfaces/share/chapt4_interfaces/cmake/rosidl_cmake_export_typesupport_targets-extras.cmake
[6.324s] -- Installing: /home/zmy/Desktop/ros2_learn/lesson4/chapt4_ws/install/chapt4_interfaces/share/chapt4_interfaces/cmake/rosidl_cmake_export_typesupport_libraries-extras.cmake
[6.324s] -- Installing: /home/zmy/Desktop/ros2_learn/lesson4/chapt4_ws/install/chapt4_interfaces/share/chapt4_interfaces/cmake/chapt4_interfacesConfig.cmake
[6.324s] -- Installing: /home/zmy/Desktop/ros2_learn/lesson4/chapt4_ws/install/chapt4_interfaces/share/chapt4_interfaces/cmake/chapt4_interfacesConfig-version.cmake
[6.325s] -- Installing: /home/zmy/Desktop/ros2_learn/lesson4/chapt4_ws/install/chapt4_interfaces/share/chapt4_interfaces/package.xml
[6.330s] Invoked command in '/home/zmy/Desktop/ros2_learn/lesson4/chapt4_ws/build/chapt4_interfaces' returned '0': CMAKE_PREFIX_PATH=/opt/ros/humble /usr/bin/cmake --install /home/zmy/Desktop/ros2_learn/lesson4/chapt4_ws/build/chapt4_interfaces
