[0.014s] Invoking command in '/home/zmy/Desktop/ros2_learn/demo_cpp_pkg/build/demo_cpp_pkg': CMAKE_PREFIX_PATH=${CMAKE_PREFIX_PATH}:/home/zmy/Desktop/ros2_learn/install/demo_python_pkg:/opt/ros/humble /usr/bin/cmake /home/zmy/Desktop/ros2_learn/demo_cpp_pkg -DCMAKE_INSTALL_PREFIX=/home/zmy/Desktop/ros2_learn/demo_cpp_pkg/install/demo_cpp_pkg
[0.043s] -- Found ament_cmake: 1.3.12 (/opt/ros/humble/share/ament_cmake/cmake)
[0.231s] -- Found rclcpp: 16.0.15 (/opt/ros/humble/share/rclcpp/cmake)
[0.265s] -- Found rosidl_generator_c: 3.1.7 (/opt/ros/humble/share/rosidl_generator_c/cmake)
[0.267s] -- Found rosidl_adapter: 3.1.7 (/opt/ros/humble/share/rosidl_adapter/cmake)
[0.276s] -- Found rosidl_generator_cpp: 3.1.7 (/opt/ros/humble/share/rosidl_generator_cpp/cmake)
[0.288s] -- Using all available rosidl_typesupport_c: rosidl_typesupport_fastrtps_c;rosidl_typesupport_introspection_c
[0.305s] -- Using all available rosidl_typesupport_cpp: rosidl_typesupport_fastrtps_cpp;rosidl_typesupport_introspection_cpp
[0.360s] -- Found rmw_implementation_cmake: 6.1.2 (/opt/ros/humble/share/rmw_implementation_cmake/cmake)
[0.361s] -- Found rmw_fastrtps_cpp: 6.2.8 (/opt/ros/humble/share/rmw_fastrtps_cpp/cmake)
[0.507s] -- Using RMW implementation 'rmw_fastrtps_cpp' as default
[0.570s] [31mCMake Error at CMakeLists.txt:19 (install):
[0.570s]   install does not recognize sub-command TARGET
[0.571s] 
[0.571s] [0m
[0.571s] -- Found ament_lint_auto: 0.12.14 (/opt/ros/humble/share/ament_lint_auto/cmake)
[0.690s] -- Added test 'cppcheck' to perform static code analysis on C / C++ code
[0.691s] -- Configured cppcheck include dirs: 
[0.691s] -- Configured cppcheck exclude dirs and/or files: 
[0.692s] -- Added test 'flake8' to check Python code syntax and style conventions
[0.695s] -- Added test 'lint_cmake' to check CMake code style
[0.697s] -- Added test 'pep257' to check Python code against some of the docstring style conventions in PEP 257
[0.709s] -- Added test 'uncrustify' to check C / C++ code style
[0.709s] -- Configured uncrustify additional arguments: 
[0.710s] -- Added test 'xmllint' to check XML markup files
[0.713s] -- Configuring incomplete, errors occurred!
[0.713s] See also "/home/zmy/Desktop/ros2_learn/demo_cpp_pkg/build/demo_cpp_pkg/CMakeFiles/CMakeOutput.log".
[0.724s] Invoked command in '/home/zmy/Desktop/ros2_learn/demo_cpp_pkg/build/demo_cpp_pkg' returned '1': CMAKE_PREFIX_PATH=${CMAKE_PREFIX_PATH}:/home/zmy/Desktop/ros2_learn/install/demo_python_pkg:/opt/ros/humble /usr/bin/cmake /home/zmy/Desktop/ros2_learn/demo_cpp_pkg -DCMAKE_INSTALL_PREFIX=/home/zmy/Desktop/ros2_learn/demo_cpp_pkg/install/demo_cpp_pkg
