[0.695s] Invoking command in '/home/zmy/Desktop/ros2_learn/chapt2_ws/src/demo_python_pkg': PYTHONPATH=/home/zmy/Desktop/ros2_learn/chapt2_ws/src/build/demo_python_pkg/prefix_override:/usr/lib/python3/dist-packages/colcon_core/task/python/colcon_distutils_commands:/home/zmy/Desktop/ros2_learn/chapt2_ws/src/install/demo_python_pkg/lib/python3.10/site-packages:${PYTHONPATH} /usr/bin/python3 -W ignore:setup.py install is deprecated -W ignore:easy_install command is deprecated setup.py egg_info --egg-base ../build/demo_python_pkg build --build-base /home/zmy/Desktop/ros2_learn/chapt2_ws/src/build/demo_python_pkg/build install --record /home/zmy/Desktop/ros2_learn/chapt2_ws/src/build/demo_python_pkg/install.log --single-version-externally-managed install_data
[0.971s] running egg_info
[0.972s] writing ../build/demo_python_pkg/demo_python_pkg.egg-info/PKG-INFO
[0.972s] writing dependency_links to ../build/demo_python_pkg/demo_python_pkg.egg-info/dependency_links.txt
[0.972s] writing entry points to ../build/demo_python_pkg/demo_python_pkg.egg-info/entry_points.txt
[0.973s] writing requirements to ../build/demo_python_pkg/demo_python_pkg.egg-info/requires.txt
[0.973s] writing top-level names to ../build/demo_python_pkg/demo_python_pkg.egg-info/top_level.txt
[0.975s] reading manifest file '../build/demo_python_pkg/demo_python_pkg.egg-info/SOURCES.txt'
[0.975s] adding license file 'LICENSE'
[0.976s] writing manifest file '../build/demo_python_pkg/demo_python_pkg.egg-info/SOURCES.txt'
[0.976s] running build
[0.976s] running build_py
[0.977s] running install
[0.977s] running install_lib
[0.978s] running install_data
[0.979s] running install_egg_info
[0.980s] removing '/home/zmy/Desktop/ros2_learn/chapt2_ws/src/install/demo_python_pkg/lib/python3.10/site-packages/demo_python_pkg-0.0.0-py3.10.egg-info' (and everything under it)
[0.981s] Copying ../build/demo_python_pkg/demo_python_pkg.egg-info to /home/zmy/Desktop/ros2_learn/chapt2_ws/src/install/demo_python_pkg/lib/python3.10/site-packages/demo_python_pkg-0.0.0-py3.10.egg-info
[0.982s] running install_scripts
[1.006s] Installing person_node script to /home/zmy/Desktop/ros2_learn/chapt2_ws/src/install/demo_python_pkg/lib/demo_python_pkg
[1.007s] Installing python_node script to /home/zmy/Desktop/ros2_learn/chapt2_ws/src/install/demo_python_pkg/lib/demo_python_pkg
[1.007s] Installing writer_node script to /home/zmy/Desktop/ros2_learn/chapt2_ws/src/install/demo_python_pkg/lib/demo_python_pkg
[1.008s] writing list of installed files to '/home/zmy/Desktop/ros2_learn/chapt2_ws/src/build/demo_python_pkg/install.log'
[1.025s] Invoked command in '/home/zmy/Desktop/ros2_learn/chapt2_ws/src/demo_python_pkg' returned '0': PYTHONPATH=/home/zmy/Desktop/ros2_learn/chapt2_ws/src/build/demo_python_pkg/prefix_override:/usr/lib/python3/dist-packages/colcon_core/task/python/colcon_distutils_commands:/home/zmy/Desktop/ros2_learn/chapt2_ws/src/install/demo_python_pkg/lib/python3.10/site-packages:${PYTHONPATH} /usr/bin/python3 -W ignore:setup.py install is deprecated -W ignore:easy_install command is deprecated setup.py egg_info --egg-base ../build/demo_python_pkg build --build-base /home/zmy/Desktop/ros2_learn/chapt2_ws/src/build/demo_python_pkg/build install --record /home/zmy/Desktop/ros2_learn/chapt2_ws/src/build/demo_python_pkg/install.log --single-version-externally-managed install_data
