[1.334s] Invoking command in '/home/zmy/Desktop/ros2_learn/lesson3/src/demo_python_topic': PYTHONPATH=/home/zmy/Desktop/ros2_learn/lesson3/build/demo_python_topic/prefix_override:/usr/lib/python3/dist-packages/colcon_core/task/python/colcon_distutils_commands:/home/zmy/Desktop/ros2_learn/lesson3/install/demo_python_topic/lib/python3.10/site-packages:${PYTHONPATH} /usr/bin/python3 -W ignore:setup.py install is deprecated -W ignore:easy_install command is deprecated setup.py egg_info --egg-base ../../build/demo_python_topic build --build-base /home/zmy/Desktop/ros2_learn/lesson3/build/demo_python_topic/build install --record /home/zmy/Desktop/ros2_learn/lesson3/build/demo_python_topic/install.log --single-version-externally-managed install_data
[1.785s] running egg_info
[1.786s] writing ../../build/demo_python_topic/demo_python_topic.egg-info/PKG-INFO
[1.787s] writing dependency_links to ../../build/demo_python_topic/demo_python_topic.egg-info/dependency_links.txt
[1.788s] writing entry points to ../../build/demo_python_topic/demo_python_topic.egg-info/entry_points.txt
[1.788s] writing requirements to ../../build/demo_python_topic/demo_python_topic.egg-info/requires.txt
[1.788s] writing top-level names to ../../build/demo_python_topic/demo_python_topic.egg-info/top_level.txt
[1.792s] reading manifest file '../../build/demo_python_topic/demo_python_topic.egg-info/SOURCES.txt'
[1.794s] adding license file 'LICENSE'
[1.794s] writing manifest file '../../build/demo_python_topic/demo_python_topic.egg-info/SOURCES.txt'
[1.796s] running build
[1.796s] running build_py
[1.797s] running install
[1.799s] running install_lib
[1.800s] running install_data
[1.801s] running install_egg_info
[1.804s] removing '/home/zmy/Desktop/ros2_learn/lesson3/install/demo_python_topic/lib/python3.10/site-packages/demo_python_topic-0.0.0-py3.10.egg-info' (and everything under it)
[1.804s] Copying ../../build/demo_python_topic/demo_python_topic.egg-info to /home/zmy/Desktop/ros2_learn/lesson3/install/demo_python_topic/lib/python3.10/site-packages/demo_python_topic-0.0.0-py3.10.egg-info
[1.808s] running install_scripts
[1.849s] Installing novel_pub_node script to /home/zmy/Desktop/ros2_learn/lesson3/install/demo_python_topic/lib/demo_python_topic
[1.850s] Installing novel_sub_node script to /home/zmy/Desktop/ros2_learn/lesson3/install/demo_python_topic/lib/demo_python_topic
[1.851s] writing list of installed files to '/home/zmy/Desktop/ros2_learn/lesson3/build/demo_python_topic/install.log'
[1.885s] Invoked command in '/home/zmy/Desktop/ros2_learn/lesson3/src/demo_python_topic' returned '0': PYTHONPATH=/home/zmy/Desktop/ros2_learn/lesson3/build/demo_python_topic/prefix_override:/usr/lib/python3/dist-packages/colcon_core/task/python/colcon_distutils_commands:/home/zmy/Desktop/ros2_learn/lesson3/install/demo_python_topic/lib/python3.10/site-packages:${PYTHONPATH} /usr/bin/python3 -W ignore:setup.py install is deprecated -W ignore:easy_install command is deprecated setup.py egg_info --egg-base ../../build/demo_python_topic build --build-base /home/zmy/Desktop/ros2_learn/lesson3/build/demo_python_topic/build install --record /home/zmy/Desktop/ros2_learn/lesson3/build/demo_python_topic/install.log --single-version-externally-managed install_data
